Reading package lists...
Building dependency tree...
Reading state information...
The following packages were automatically installed and are no longer required:
  g++-7 jq lib32gcc1 libarchive-cpio-perl libclang-6.0-dev
  libclang-common-6.0-dev libclang1-6.0 libdebhelper-perl
  libdevel-globaldestruction-perl libffi-dev libglib2.0-dev-bin
  libharfbuzz-gobject0 libicu-le-hb0 libiculx60 libjq1 libmail-sendmail-perl
  libonig5 librsync1 libselinux1-dev libsepol1-dev libstdc++-7-dev
  libsys-hostname-long-perl libtinfo-dev po-debconf python-dnspython
  python-lockfile python3-distutils python3-scour
  xserver-xorg-input-all-hwe-18.04 xserver-xorg-input-libinput-hwe-18.04
  xserver-xorg-legacy-hwe-18.04 xserver-xorg-video-intel-hwe-18.04
  xserver-xorg-video-nouveau-hwe-18.04 xserver-xorg-video-radeon-hwe-18.04
  xserver-xorg-video-vmware-hwe-18.04
Use 'sudo apt autoremove' to remove them.
The following additional packages will be installed:
  gyp javascript-common libc-ares2 libjs-inherits libjs-is-typedarray
  libjs-psl libjs-typedarray-to-buffer libnode-dev libnode64 libssl-dev
  libuv1-dev node-abbrev node-ajv node-ansi node-ansi-align node-ansi-regex
  node-ansi-styles node-ansistyles node-aproba node-archy
  node-are-we-there-yet node-asap node-asn1 node-assert-plus node-asynckit
  node-aws-sign2 node-aws4 node-balanced-match node-bcrypt-pbkdf node-bl
  node-bluebird node-boxen node-brace-expansion node-builtin-modules
  node-builtins node-cacache node-call-limit node-camelcase node-caseless
  node-chalk node-chownr node-ci-info node-cli-boxes node-cliui node-clone
  node-co node-color-convert node-color-name node-colors node-columnify
  node-combined-stream node-concat-map node-concat-stream node-config-chain
  node-configstore node-console-control-strings node-copy-concurrently
  node-core-util-is node-cross-spawn node-crypto-random-string node-cyclist
  node-dashdash node-debug node-decamelize node-decompress-response
  node-deep-extend node-defaults node-define-properties node-delayed-stream
  node-delegates node-detect-indent node-detect-newline node-dot-prop
  node-duplexer3 node-duplexify node-ecc-jsbn node-editor node-encoding
  node-end-of-stream node-err-code node-errno node-es6-promise
  node-escape-string-regexp node-execa node-extend node-extsprintf
  node-fast-deep-equal node-find-up node-flush-write-stream node-forever-agent
  node-form-data node-from2 node-fs-vacuum node-fs-write-stream-atomic
  node-fs.realpath node-function-bind node-gauge node-genfun
  node-get-caller-file node-get-stream node-getpass node-glob node-got
  node-graceful-fs node-gyp node-har-schema node-har-validator node-has-flag
  node-has-symbol-support-x node-has-to-string-tag-x node-has-unicode
  node-hosted-git-info node-http-signature node-iconv-lite node-iferr
  node-import-lazy node-imurmurhash node-inflight node-inherits node-ini
  node-invert-kv node-ip node-ip-regex node-is-npm node-is-obj node-is-object
  node-is-path-inside node-is-plain-obj node-is-retry-allowed node-is-stream
  node-is-typedarray node-isarray node-isexe node-isstream node-isurl
  node-jsbn node-json-parse-better-errors node-json-schema
  node-json-schema-traverse node-json-stable-stringify
  node-json-stringify-safe node-jsonify node-jsonparse node-jsonstream
  node-jsprim node-latest-version node-lazy-property node-lcid node-libnpx
  node-locate-path node-lockfile node-lodash node-lodash-packages
  node-lowercase-keys node-lru-cache node-make-dir node-mem node-mime
  node-mime-types node-mimic-fn node-mimic-response node-minimatch
  node-minimist node-mississippi node-mkdirp node-move-concurrently node-ms
  node-mute-stream node-nopt node-normalize-package-data node-npm-bundled
  node-npm-package-arg node-npm-run-path node-npmlog node-number-is-nan
  node-oauth-sign node-object-assign node-once node-opener node-os-locale
  node-os-tmpdir node-osenv node-p-cancelable node-p-finally node-p-is-promise
  node-p-limit node-p-locate node-p-timeout node-package-json
  node-parallel-transform node-path-exists node-path-is-absolute
  node-path-is-inside node-performance-now node-pify node-prepend-http
  node-process-nextick-args node-promise-inflight node-promise-retry
  node-promzard node-proto-list node-prr node-pseudomap node-psl node-pump
  node-pumpify node-punycode node-qs node-qw node-rc node-read
  node-read-package-json node-readable-stream node-registry-auth-token
  node-registry-url node-request node-require-directory
  node-require-main-filename node-resolve node-resolve-from node-retry
  node-rimraf node-run-queue node-safe-buffer node-semver node-semver-diff
  node-set-blocking node-sha node-shebang-command node-shebang-regex
  node-signal-exit node-slash node-slide node-sorted-object node-spdx-correct
  node-spdx-exceptions node-spdx-expression-parse node-spdx-license-ids
  node-sshpk node-ssri node-stream-each node-stream-iterate node-stream-shift
  node-strict-uri-encode node-string-decoder node-string-width node-strip-ansi
  node-strip-eof node-strip-json-comments node-supports-color node-tar
  node-term-size node-text-table node-through node-through2 node-timed-out
  node-tough-cookie node-tunnel-agent node-tweetnacl node-typedarray
  node-typedarray-to-buffer node-uid-number node-unique-filename
  node-unique-string node-unpipe node-uri-js node-url-parse-lax
  node-url-to-options node-util-deprecate node-uuid
  node-validate-npm-package-license node-validate-npm-package-name node-verror
  node-wcwidth.js node-which node-which-module node-wide-align
  node-widest-line node-wrap-ansi node-wrappy node-write-file-atomic
  node-xdg-basedir node-xtend node-y18n node-yallist node-yargs
  node-yargs-parser nodejs nodejs-doc python-pkg-resources
Suggested packages:
  apache2 | lighttpd | httpd libssl-doc python-setuptools
The following NEW packages will be installed:
  gyp javascript-common libc-ares2 libjs-inherits libjs-is-typedarray
  libjs-psl libjs-typedarray-to-buffer libnode-dev libnode64 libssl-dev
  libuv1-dev node-abbrev node-ajv node-ansi node-ansi-align node-ansi-regex
  node-ansi-styles node-ansistyles node-aproba node-archy
  node-are-we-there-yet node-asap node-asn1 node-assert-plus node-asynckit
  node-aws-sign2 node-aws4 node-balanced-match node-bcrypt-pbkdf node-bl
  node-bluebird node-boxen node-brace-expansion node-builtin-modules
  node-builtins node-cacache node-call-limit node-camelcase node-caseless
  node-chalk node-chownr node-ci-info node-cli-boxes node-cliui node-clone
  node-co node-color-convert node-color-name node-colors node-columnify
  node-combined-stream node-concat-map node-concat-stream node-config-chain
  node-configstore node-console-control-strings node-copy-concurrently
  node-core-util-is node-cross-spawn node-crypto-random-string node-cyclist
  node-dashdash node-debug node-decamelize node-decompress-response
  node-deep-extend node-defaults node-define-properties node-delayed-stream
  node-delegates node-detect-indent node-detect-newline node-dot-prop
  node-duplexer3 node-duplexify node-ecc-jsbn node-editor node-encoding
  node-end-of-stream node-err-code node-errno node-es6-promise
  node-escape-string-regexp node-execa node-extend node-extsprintf
  node-fast-deep-equal node-find-up node-flush-write-stream node-forever-agent
  node-form-data node-from2 node-fs-vacuum node-fs-write-stream-atomic
  node-fs.realpath node-function-bind node-gauge node-genfun
  node-get-caller-file node-get-stream node-getpass node-glob node-got
  node-graceful-fs node-gyp node-har-schema node-har-validator node-has-flag
  node-has-symbol-support-x node-has-to-string-tag-x node-has-unicode
  node-hosted-git-info node-http-signature node-iconv-lite node-iferr
  node-import-lazy node-imurmurhash node-inflight node-inherits node-ini
  node-invert-kv node-ip node-ip-regex node-is-npm node-is-obj node-is-object
  node-is-path-inside node-is-plain-obj node-is-retry-allowed node-is-stream
  node-is-typedarray node-isarray node-isexe node-isstream node-isurl
  node-jsbn node-json-parse-better-errors node-json-schema
  node-json-schema-traverse node-json-stable-stringify
  node-json-stringify-safe node-jsonify node-jsonparse node-jsonstream
  node-jsprim node-latest-version node-lazy-property node-lcid node-libnpx
  node-locate-path node-lockfile node-lodash node-lodash-packages
  node-lowercase-keys node-lru-cache node-make-dir node-mem node-mime
  node-mime-types node-mimic-fn node-mimic-response node-minimatch
  node-minimist node-mississippi node-mkdirp node-move-concurrently node-ms
  node-mute-stream node-nopt node-normalize-package-data node-npm-bundled
  node-npm-package-arg node-npm-run-path node-npmlog node-number-is-nan
  node-oauth-sign node-object-assign node-once node-opener node-os-locale
  node-os-tmpdir node-osenv node-p-cancelable node-p-finally node-p-is-promise
  node-p-limit node-p-locate node-p-timeout node-package-json
  node-parallel-transform node-path-exists node-path-is-absolute
  node-path-is-inside node-performance-now node-pify node-prepend-http
  node-process-nextick-args node-promise-inflight node-promise-retry
  node-promzard node-proto-list node-prr node-pseudomap node-psl node-pump
  node-pumpify node-punycode node-qs node-qw node-rc node-read
  node-read-package-json node-readable-stream node-registry-auth-token
  node-registry-url node-request node-require-directory
  node-require-main-filename node-resolve node-resolve-from node-retry
  node-rimraf node-run-queue node-safe-buffer node-semver node-semver-diff
  node-set-blocking node-sha node-shebang-command node-shebang-regex
  node-signal-exit node-slash node-slide node-sorted-object node-spdx-correct
  node-spdx-exceptions node-spdx-expression-parse node-spdx-license-ids
  node-sshpk node-ssri node-stream-each node-stream-iterate node-stream-shift
  node-strict-uri-encode node-string-decoder node-string-width node-strip-ansi
  node-strip-eof node-strip-json-comments node-supports-color node-tar
  node-term-size node-text-table node-through node-through2 node-timed-out
  node-tough-cookie node-tunnel-agent node-tweetnacl node-typedarray
  node-typedarray-to-buffer node-uid-number node-unique-filename
  node-unique-string node-unpipe node-uri-js node-url-parse-lax
  node-url-to-options node-util-deprecate node-uuid
  node-validate-npm-package-license node-validate-npm-package-name node-verror
  node-wcwidth.js node-which node-which-module node-wide-align
  node-widest-line node-wrap-ansi node-wrappy node-write-file-atomic
  node-xdg-basedir node-xtend node-y18n node-yallist node-yargs
  node-yargs-parser nodejs nodejs-doc npm python-pkg-resources
0 upgraded, 291 newly installed, 0 to remove and 40 not upgraded.
Need to get 12.7 MB of archives.
After this operation, 67.5 MB of additional disk space will be used.
Do you want to continue? [Y/n] Ign:1 http://us.archive.ubuntu.com/ubuntu focal/universe amd64 python-pkg-resources all 44.0.0-2
Ign:2 http://us.archive.ubuntu.com/ubuntu focal/universe amd64 gyp all 0.1+20180428git4d467626-3ubuntu1
Ign:3 http://us.archive.ubuntu.com/ubuntu focal/main amd64 javascript-common all 11
Ign:4 http://us.archive.ubuntu.com/ubuntu focal/universe amd64 libjs-is-typedarray all 1.0.0-2
Ign:5 http://us.archive.ubuntu.com/ubuntu focal/universe amd64 libjs-psl all 1.7.0+ds-1
Ign:6 http://us.archive.ubuntu.com/ubuntu focal/universe amd64 libjs-typedarray-to-buffer all 3.0.3-3
Err:7 http://us.archive.ubuntu.com/ubuntu focal/main amd64 libssl-dev amd64 1.1.1f-1ubuntu2
  Could not resolve 'us.archive.ubuntu.com'
Ign:8 http://us.archive.ubuntu.com/ubuntu focal-updates/main amd64 libuv1-dev amd64 1.34.2-1ubuntu1.1
Err:9 http://us.archive.ubuntu.com/ubuntu focal/main amd64 libc-ares2 amd64 1.15.0-1build1
  Could not resolve 'us.archive.ubuntu.com'
Err:10 http://us.archive.ubuntu.com/ubuntu focal/universe amd64 libnode64 amd64 10.19.0~dfsg-3ubuntu1
  Could not resolve 'us.archive.ubuntu.com'
Err:11 http://us.archive.ubuntu.com/ubuntu focal/universe amd64 libnode-dev amd64 10.19.0~dfsg-3ubuntu1
  Could not resolve 'us.archive.ubuntu.com'
Err:12 http://us.archive.ubuntu.com/ubuntu focal/universe amd64 nodejs amd64 10.19.0~dfsg-3ubuntu1
  Could not resolve 'us.archive.ubuntu.com'
Ign:13 http://us.archive.ubuntu.com/ubuntu focal/universe amd64 node-fast-deep-equal all 1.1.0-1
Err:8 http://security.ubuntu.com/ubuntu focal-updates/main amd64 libuv1-dev amd64 1.34.2-1ubuntu1.1
  Could not resolve 'us.archive.ubuntu.com'
Ign:14 http://us.archive.ubuntu.com/ubuntu focal/universe amd64 node-jsonify all 0.0.0-1
Ign:15 http://us.archive.ubuntu.com/ubuntu focal/universe amd64 node-json-stable-stringify all 1.0.1-1
Ign:16 http://us.archive.ubuntu.com/ubuntu focal/universe amd64 node-json-schema-traverse all 0.3.1-1
Ign:17 http://us.archive.ubuntu.com/ubuntu focal/universe amd64 node-punycode all 2.1.1-3
Ign:18 http://us.archive.ubuntu.com/ubuntu focal/universe amd64 node-uri-js all 4.2.2+dfsg-5
Ign:19 http://us.archive.ubuntu.com/ubuntu focal/universe amd64 node-ajv all 6.10.2-1
Ign:20 http://us.archive.ubuntu.com/ubuntu focal/universe amd64 node-clone all 2.1.2-1
Ign:21 http://us.archive.ubuntu.com/ubuntu focal/universe amd64 node-defaults all 1.0.3-1
Ign:22 http://us.archive.ubuntu.com/ubuntu focal/universe amd64 node-wcwidth.js all 1.0.0-1
Ign:23 http://us.archive.ubuntu.com/ubuntu focal/universe amd64 node-ansi-regex all 5.0.0-1
Ign:24 http://us.archive.ubuntu.com/ubuntu focal/universe amd64 node-strip-ansi all 6.0.0-2
Ign:25 http://us.archive.ubuntu.com/ubuntu focal/universe amd64 node-string-width all 2.1.1-1
Ign:26 http://us.archive.ubuntu.com/ubuntu focal/universe amd64 node-ansi-align all 3.0.0-1
Ign:27 http://us.archive.ubuntu.com/ubuntu focal/universe amd64 node-ansistyles all 0.1.3-2
Ign:28 http://us.archive.ubuntu.com/ubuntu focal/universe amd64 node-aproba all 2.0.0-1
Ign:29 http://us.archive.ubuntu.com/ubuntu focal/universe amd64 node-delegates all 1.0.0-1
Ign:30 http://us.archive.ubuntu.com/ubuntu focal/universe amd64 libjs-inherits all 2.0.4-1
Ign:31 http://us.archive.ubuntu.com/ubuntu focal/universe amd64 node-inherits all 2.0.4-1
Ign:32 http://us.archive.ubuntu.com/ubuntu focal/universe amd64 node-core-util-is all 1.0.2-1
Ign:33 http://us.archive.ubuntu.com/ubuntu focal/universe amd64 node-safe-buffer all 5.2.0-1
Ign:34 http://us.archive.ubuntu.com/ubuntu focal/universe amd64 node-string-decoder all 1.2.0-2
Ign:35 http://us.archive.ubuntu.com/ubuntu focal/universe amd64 node-process-nextick-args all 2.0.0-1
Ign:36 http://us.archive.ubuntu.com/ubuntu focal/universe amd64 node-util-deprecate all 1.0.2-1
Ign:37 http://us.archive.ubuntu.com/ubuntu focal/universe amd64 node-isarray all 2.0.5-1
Ign:38 http://us.archive.ubuntu.com/ubuntu focal/universe amd64 node-readable-stream all 3.4.0-2
Ign:39 http://us.archive.ubuntu.com/ubuntu focal/universe amd64 node-are-we-there-yet all 1.1.5-1
Ign:40 http://us.archive.ubuntu.com/ubuntu focal/universe amd64 node-asap all 2.0.6-2
Ign:41 http://us.archive.ubuntu.com/ubuntu focal/universe amd64 node-asn1 all 0.2.3-2
Ign:42 http://us.archive.ubuntu.com/ubuntu focal/universe amd64 node-assert-plus all 1.0.0-2
Ign:43 http://us.archive.ubuntu.com/ubuntu focal/universe amd64 node-asynckit all 0.4.0-3
Ign:44 http://us.archive.ubuntu.com/ubuntu focal/universe amd64 node-aws-sign2 all 0.7.1-2
Ign:45 http://us.archive.ubuntu.com/ubuntu focal/universe amd64 node-aws4 all 1.9.0-1
Ign:46 http://us.archive.ubuntu.com/ubuntu focal/universe amd64 node-tweetnacl all 1.0.1+dfsg-2
Ign:47 http://us.archive.ubuntu.com/ubuntu focal/universe amd64 node-bcrypt-pbkdf all 1.0.2-1
Ign:48 http://us.archive.ubuntu.com/ubuntu focal/universe amd64 node-bluebird all 3.5.1+dfsg2-2build1
Ign:49 http://us.archive.ubuntu.com/ubuntu focal/universe amd64 node-camelcase all 5.3.1-1
Ign:50 http://us.archive.ubuntu.com/ubuntu focal/universe amd64 node-color-name all 1.1.3-1
Ign:51 http://us.archive.ubuntu.com/ubuntu focal/universe amd64 node-color-convert all 1.9.3-1
Ign:52 http://us.archive.ubuntu.com/ubuntu focal/universe amd64 node-ansi-styles all 4.2.1-1
Ign:53 http://us.archive.ubuntu.com/ubuntu focal/universe amd64 node-escape-string-regexp all 1.0.5-1
Ign:54 http://us.archive.ubuntu.com/ubuntu focal/universe amd64 node-has-flag all 4.0.0-1
Ign:55 http://us.archive.ubuntu.com/ubuntu focal/universe amd64 node-supports-color all 6.1.0-2
Ign:56 http://us.archive.ubuntu.com/ubuntu focal/universe amd64 node-chalk all 2.4.2-1
Ign:57 http://us.archive.ubuntu.com/ubuntu focal/universe amd64 node-cli-boxes all 2.2.0-2
Ign:58 http://us.archive.ubuntu.com/ubuntu focal/universe amd64 node-yallist all 4.0.0-1
Ign:59 http://us.archive.ubuntu.com/ubuntu focal/universe amd64 node-lru-cache all 5.1.1-5
Ign:60 http://us.archive.ubuntu.com/ubuntu focal/universe amd64 node-isexe all 2.0.0-4
Ign:61 http://us.archive.ubuntu.com/ubuntu focal/universe amd64 node-which all 2.0.2-1
Ign:62 http://us.archive.ubuntu.com/ubuntu focal/universe amd64 node-shebang-regex all 2.0.0-1
Ign:63 http://us.archive.ubuntu.com/ubuntu focal/universe amd64 node-shebang-command all 1.2.0-1
Ign:64 http://us.archive.ubuntu.com/ubuntu focal/universe amd64 node-cross-spawn all 5.1.0-2
Ign:65 http://us.archive.ubuntu.com/ubuntu focal/universe amd64 node-wrappy all 1.0.2-1
Ign:66 http://us.archive.ubuntu.com/ubuntu focal/universe amd64 node-once all 1.4.0-3
Ign:67 http://us.archive.ubuntu.com/ubuntu focal/universe amd64 node-end-of-stream all 1.4.4-1
Ign:68 http://us.archive.ubuntu.com/ubuntu focal/universe amd64 node-pump all 3.0.0-2
Ign:69 http://us.archive.ubuntu.com/ubuntu focal/universe amd64 node-get-stream all 4.1.0-1
Ign:70 http://us.archive.ubuntu.com/ubuntu focal/universe amd64 node-is-stream all 1.1.0-1
Ign:71 http://us.archive.ubuntu.com/ubuntu focal/universe amd64 node-npm-run-path all 2.0.2-2
Ign:72 http://us.archive.ubuntu.com/ubuntu focal/universe amd64 node-p-finally all 1.0.0-2
Ign:73 http://us.archive.ubuntu.com/ubuntu focal/universe amd64 node-signal-exit all 3.0.2-1
Ign:74 http://us.archive.ubuntu.com/ubuntu focal/universe amd64 node-strip-eof all 1.0.0-2
Ign:75 http://us.archive.ubuntu.com/ubuntu focal/universe amd64 node-execa all 0.10.0+dfsg-1
Ign:76 http://us.archive.ubuntu.com/ubuntu focal/universe amd64 node-term-size all 1.2.0+dfsg-2
Ign:77 http://us.archive.ubuntu.com/ubuntu focal/universe amd64 node-widest-line all 3.1.0-1
Ign:78 http://us.archive.ubuntu.com/ubuntu focal/universe amd64 node-boxen all 4.2.0-2
Ign:79 http://us.archive.ubuntu.com/ubuntu focal/universe amd64 node-builtin-modules all 3.1.0-1
Ign:80 http://us.archive.ubuntu.com/ubuntu focal/universe amd64 node-builtins all 1.0.3-1
Ign:81 http://us.archive.ubuntu.com/ubuntu focal/universe amd64 node-chownr all 1.1.3-3
Ign:82 http://us.archive.ubuntu.com/ubuntu focal/universe amd64 node-balanced-match all 1.0.0-1
Ign:83 http://us.archive.ubuntu.com/ubuntu focal/universe amd64 node-concat-map all 0.0.1-2
Ign:84 http://us.archive.ubuntu.com/ubuntu focal/universe amd64 node-brace-expansion all 1.1.11-1
Ign:85 http://us.archive.ubuntu.com/ubuntu focal/universe amd64 node-minimatch all 3.0.4-4
Ign:86 http://us.archive.ubuntu.com/ubuntu focal/universe amd64 node-fs.realpath all 1.0.0-1
Ign:87 http://us.archive.ubuntu.com/ubuntu focal/universe amd64 node-inflight all 1.0.6-1
Ign:88 http://us.archive.ubuntu.com/ubuntu focal/universe amd64 node-path-is-absolute all 2.0.0-1
Ign:89 http://us.archive.ubuntu.com/ubuntu focal/universe amd64 node-glob all 7.1.6-1
Ign:90 http://us.archive.ubuntu.com/ubuntu focal/universe amd64 node-graceful-fs all 4.2.3-2
Ign:91 http://us.archive.ubuntu.com/ubuntu focal/universe amd64 node-typedarray all 0.0.6-1
Ign:92 http://us.archive.ubuntu.com/ubuntu focal/universe amd64 node-concat-stream all 1.6.2-1
Ign:93 http://us.archive.ubuntu.com/ubuntu focal/universe amd64 node-stream-shift all 1.0.0-1
Ign:94 http://us.archive.ubuntu.com/ubuntu focal/universe amd64 node-duplexify all 4.1.1-1
Ign:95 http://us.archive.ubuntu.com/ubuntu focal/universe amd64 node-flush-write-stream all 2.0.0-2
Ign:96 http://us.archive.ubuntu.com/ubuntu focal/universe amd64 node-from2 all 2.3.0-1
Ign:97 http://us.archive.ubuntu.com/ubuntu focal/universe amd64 node-cyclist all 1.0.1-2
Ign:98 http://us.archive.ubuntu.com/ubuntu focal/universe amd64 node-parallel-transform all 1.1.0-2
Ign:99 http://us.archive.ubuntu.com/ubuntu focal/universe amd64 node-pumpify all 2.0.1-1
Ign:100 http://us.archive.ubuntu.com/ubuntu focal/universe amd64 node-stream-each all 1.2.3-1
Ign:101 http://us.archive.ubuntu.com/ubuntu focal/universe amd64 node-through2 all 3.0.1-2
Ign:102 http://us.archive.ubuntu.com/ubuntu focal/universe amd64 node-mississippi all 3.0.0-1
Ign:103 http://us.archive.ubuntu.com/ubuntu focal/universe amd64 node-mkdirp all 0.5.1-2
Ign:104 http://us.archive.ubuntu.com/ubuntu focal/universe amd64 node-run-queue all 1.0.3-1
Ign:105 http://us.archive.ubuntu.com/ubuntu focal/universe amd64 node-rimraf all 2.6.3-1
Ign:106 http://us.archive.ubuntu.com/ubuntu focal/universe amd64 node-imurmurhash all 0.1.4-1
Ign:107 http://us.archive.ubuntu.com/ubuntu focal/universe amd64 node-iferr all 1.0.2-1
Ign:108 http://us.archive.ubuntu.com/ubuntu focal/universe amd64 node-fs-write-stream-atomic all 1.0.10-4
Ign:109 http://us.archive.ubuntu.com/ubuntu focal/universe amd64 node-copy-concurrently all 1.0.5-4
Ign:110 http://us.archive.ubuntu.com/ubuntu focal/universe amd64 node-move-concurrently all 1.0.1-2
Ign:111 http://us.archive.ubuntu.com/ubuntu focal/universe amd64 node-promise-inflight all 1.0.1-1
Ign:112 http://us.archive.ubuntu.com/ubuntu focal/universe amd64 node-ssri all 7.1.0-2
Ign:113 http://us.archive.ubuntu.com/ubuntu focal/universe amd64 node-unique-filename all 1.1.1+ds-1
Ign:114 http://us.archive.ubuntu.com/ubuntu focal/universe amd64 node-y18n all 4.0.0-2
Ign:115 http://us.archive.ubuntu.com/ubuntu focal/universe amd64 node-cacache all 11.3.3-2
Ign:116 http://us.archive.ubuntu.com/ubuntu focal/universe amd64 node-call-limit all 1.1.1-1
Ign:117 http://us.archive.ubuntu.com/ubuntu focal/universe amd64 node-caseless all 0.12.0-1
Ign:118 http://us.archive.ubuntu.com/ubuntu focal/universe amd64 node-ci-info all 2.0.0-1
Ign:119 http://us.archive.ubuntu.com/ubuntu focal/universe amd64 node-wrap-ansi all 4.0.0-2
Ign:120 http://us.archive.ubuntu.com/ubuntu focal/universe amd64 node-cliui all 4.1.0-2
Ign:121 http://us.archive.ubuntu.com/ubuntu focal/universe amd64 node-co all 4.6.0-1
Ign:122 http://us.archive.ubuntu.com/ubuntu focal/universe amd64 node-colors all 1.4.0-1
Ign:123 http://us.archive.ubuntu.com/ubuntu focal/universe amd64 node-columnify all 1.5.4-1
Ign:124 http://us.archive.ubuntu.com/ubuntu focal/universe amd64 node-proto-list all 1.2.4-1
Ign:125 http://us.archive.ubuntu.com/ubuntu focal/universe amd64 node-ini all 1.3.5-1
Ign:126 http://us.archive.ubuntu.com/ubuntu focal/universe amd64 node-config-chain all 1.1.12-1
Ign:127 http://us.archive.ubuntu.com/ubuntu focal/universe amd64 node-is-obj all 1.0.1-2
Ign:128 http://us.archive.ubuntu.com/ubuntu focal/universe amd64 node-dot-prop all 5.2.0-1
Ign:129 http://us.archive.ubuntu.com/ubuntu focal/universe amd64 node-semver all 7.1.3-1
Ign:130 http://us.archive.ubuntu.com/ubuntu focal/universe amd64 node-make-dir all 3.0.2-1
Ign:131 http://us.archive.ubuntu.com/ubuntu focal/universe amd64 node-crypto-random-string all 1.0.0-1
Ign:132 http://us.archive.ubuntu.com/ubuntu focal/universe amd64 node-unique-string all 1.0.0-1
Ign:133 http://us.archive.ubuntu.com/ubuntu focal/universe amd64 node-is-typedarray all 1.0.0-2
Ign:134 http://us.archive.ubuntu.com/ubuntu focal/universe amd64 node-typedarray-to-buffer all 3.0.3-3
Ign:135 http://us.archive.ubuntu.com/ubuntu focal/universe amd64 node-write-file-atomic all 3.0.3-1
Ign:136 http://us.archive.ubuntu.com/ubuntu focal/universe amd64 node-xdg-basedir all 3.0.0-1
Ign:137 http://us.archive.ubuntu.com/ubuntu focal/universe amd64 node-configstore all 5.0.1-1
Ign:138 http://us.archive.ubuntu.com/ubuntu focal/universe amd64 node-console-control-strings all 1.1.0-1
Ign:139 http://us.archive.ubuntu.com/ubuntu focal/universe amd64 node-dashdash all 1.14.1-2
Ign:140 http://us.archive.ubuntu.com/ubuntu focal/universe amd64 node-decamelize all 1.2.0-1
Ign:141 http://us.archive.ubuntu.com/ubuntu focal/universe amd64 node-mimic-response all 2.1.0-1
Ign:142 http://us.archive.ubuntu.com/ubuntu focal/universe amd64 node-decompress-response all 3.3.0-1
Ign:143 http://us.archive.ubuntu.com/ubuntu focal/universe amd64 node-deep-extend all 0.6.0-1
Ign:144 http://us.archive.ubuntu.com/ubuntu focal/universe amd64 node-lodash-packages all 4.17.15+dfsg-2
Ign:145 http://us.archive.ubuntu.com/ubuntu focal/universe amd64 node-define-properties all 1.1.3-1
Ign:146 http://us.archive.ubuntu.com/ubuntu focal/universe amd64 node-detect-indent all 5.0.0-1
Ign:147 http://us.archive.ubuntu.com/ubuntu focal/universe amd64 node-detect-newline all 2.1.0-1
Ign:148 http://us.archive.ubuntu.com/ubuntu focal/universe amd64 node-duplexer3 all 0.1.4-5
