Instance: uvm_test_top.ahbfab_env_i.mvc_ahb_mst_5_env_i.logger_handle_ahb
AHB Clk Cycle = 5026 ps; AHB Clk Frequency = 198.97 MHz; Data bus width = 32 bits
------------------------------------------------------------------------------------------------------------------------------------------
|NONSEQ/SEQ Assert Time |  HREADY Assert Time   |  DIR     |   ADDR   | BEAT  |  L |   DATA   |  RESP  | BURST| BURST   | H |    HSEL    |
|                       |                       |   -      |          |  NUM  |  E |          |        | Type | Size    | P |   (SLAVE   |
|                       |                       | PHASE    |          |       |  N |          |        |      |= 2^HSIZE| R |    INDEX)  |
|                       |                       |          |          |       |    |          |        |      | bytes   | O |            |
|                       |                       |          |          |       |    |          |        |      |         | T |            |
|                       |                       |          |          |       |    |          |        |      |         |   |            |
------------------------------------------------------------------------------------------------------------------------------------------
|             6081364 ps|             6086464 ps|WR-NONSEQ | 3FF17010 | ----- |  1 | -------- |  ----  |SINGLE|    4    | F |           0|
|             6086464 ps|             6601808 ps|WR-NONSEQ | 3FF17020 | ----- |  1 | -------- |  ----  |SINGLE|    4    | 2 |           0|
|             6086464 ps|             6601808 ps|WR-DATA   | 3FF17010 |  1/ 1 | -- | CE283AB2 |  OKAY  | ---- | ------- | - | ---------- |
|             6601808 ps|             6606884 ps|WR-NONSEQ | 3FF17030 | ----- |  1 | -------- |  ----  |SINGLE|    4    | E |           0|
|             6601808 ps|             6606884 ps|WR-DATA   | 3FF17020 |  1/ 1 | -- | 38EDBE9E |  OKAY  | ---- | ------- | - | ---------- |
|             6606884 ps|             6611960 ps|WR-NONSEQ | 3FF17040 | ----- |  1 | -------- |  ----  |SINGLE|    4    | A |           0|
|             6606884 ps|             6611960 ps|WR-DATA   | 3FF17030 |  1/ 1 | -- | 744A2AA2 |  OKAY  | ---- | ------- | - | ---------- |
|             6611960 ps|             6617060 ps|WR-NONSEQ | 3FF17050 | ----- |  1 | -------- |  ----  |SINGLE|    4    | C |           0|
|             6611960 ps|             6617060 ps|WR-DATA   | 3FF17040 |  1/ 1 | -- | 0182DE76 |  OKAY  | ---- | ------- | - | ---------- |
|             6617060 ps|             6621960 ps|WR-NONSEQ | 3FF17060 | ----- |  1 | -------- |  ----  |SINGLE|    4    | D |           0|
|             6617060 ps|             6621960 ps|WR-DATA   | 3FF17050 |  1/ 1 | -- | A2159D31 |  OKAY  | ---- | ------- | - | ---------- |
|             6621960 ps|             6627060 ps|WR-NONSEQ | 3FF17070 | ----- |  1 | -------- |  ----  |SINGLE|    4    | 2 |           0|
|             6621960 ps|             6627060 ps|WR-DATA   | 3FF17060 |  1/ 1 | -- | E7D7F7B1 |  OKAY  | ---- | ------- | - | ---------- |
|             6627060 ps|             6631986 ps|WR-NONSEQ | 3FF17080 | ----- |  1 | -------- |  ----  |SINGLE|    4    | E |           0|
|             6627060 ps|             6631986 ps|WR-DATA   | 3FF17070 |  1/ 1 | -- | 23AA6ACA |  OKAY  | ---- | ------- | - | ---------- |
|             6631986 ps|             6637036 ps|WR-NONSEQ | 3FF17090 | ----- |  1 | -------- |  ----  |SINGLE|    4    | 9 |           0|
|             6631986 ps|             6637036 ps|WR-DATA   | 3FF17080 |  1/ 1 | -- | 68A73310 |  OKAY  | ---- | ------- | - | ---------- |
|             6637036 ps|             6642136 ps|WR-NONSEQ | 3FF170A0 | ----- |  1 | -------- |  ----  |SINGLE|    4    | 1 |           0|
|             6637036 ps|             6642136 ps|WR-DATA   | 3FF17090 |  1/ 1 | -- | BC839A57 |  OKAY  | ---- | ------- | - | ---------- |
|             6642136 ps|             6647162 ps|WR-NONSEQ | 3FF170B0 | ----- |  1 | -------- |  ----  |SINGLE|    4    | 9 |           0|
|             6642136 ps|             6647162 ps|WR-DATA   | 3FF170A0 |  1/ 1 | -- | 0EF75BFD |  OKAY  | ---- | ------- | - | ---------- |
|             6647162 ps|             6652138 ps|WR-NONSEQ | 3FF170C0 | ----- |  1 | -------- |  ----  |SINGLE|    4    | 8 |           0|
|             6647162 ps|             6652138 ps|WR-DATA   | 3FF170B0 |  1/ 1 | -- | D5F5CC0D |  OKAY  | ---- | ------- | - | ---------- |
|             6652138 ps|             6657188 ps|WR-NONSEQ | 3FF170D0 | ----- |  1 | -------- |  ----  |SINGLE|    4    | A |           0|
|             6652138 ps|             6657188 ps|WR-DATA   | 3FF170C0 |  1/ 1 | -- | 71A82EC1 |  OKAY  | ---- | ------- | - | ---------- |
|             6657188 ps|             6662088 ps|WR-NONSEQ | 3FF170E0 | ----- |  1 | -------- |  ----  |SINGLE|    4    | 8 |           0|
|             6657188 ps|             6662088 ps|WR-DATA   | 3FF170D0 |  1/ 1 | -- | DB046B83 |  OKAY  | ---- | ------- | - | ---------- |
|             6662088 ps|             6667014 ps|WR-NONSEQ | 3FF170F0 | ----- |  1 | -------- |  ----  |SINGLE|    4    | 0 |           0|
|             6662088 ps|             6667014 ps|WR-DATA   | 3FF170E0 |  1/ 1 | -- | A1B5DEDD |  OKAY  | ---- | ------- | - | ---------- |
|             6667014 ps|             6671940 ps|WR-NONSEQ | 3FF17100 | ----- |  1 | -------- |  ----  |SINGLE|    4    | 8 |           0|
|             6667014 ps|             6671940 ps|WR-DATA   | 3FF170F0 |  1/ 1 | -- | 6FFA12CA |  OKAY  | ---- | ------- | - | ---------- |
|             6671940 ps|             6676990 ps|WR-NONSEQ | 3FF17110 | ----- |  1 | -------- |  ----  |SINGLE|    4    | 8 |           0|
|             6671940 ps|             6676990 ps|WR-DATA   | 3FF17100 |  1/ 1 | -- | 1F4A0F1F |  OKAY  | ---- | ------- | - | ---------- |
|             6676990 ps|             6681940 ps|WR-NONSEQ | 3FF17120 | ----- |  1 | -------- |  ----  |SINGLE|    4    | 8 |           0|
|             6676990 ps|             6681940 ps|WR-DATA   | 3FF17110 |  1/ 1 | -- | A8FC59BB |  OKAY  | ---- | ------- | - | ---------- |
|             6681940 ps|             6686890 ps|WR-NONSEQ | 3FF17130 | ----- |  1 | -------- |  ----  |SINGLE|    4    | C |           0|
|             6681940 ps|             6686890 ps|WR-DATA   | 3FF17120 |  1/ 1 | -- | 6315DF32 |  OKAY  | ---- | ------- | - | ---------- |
|             6686890 ps|             6691866 ps|WR-NONSEQ | 3FF17140 | ----- |  1 | -------- |  ----  |SINGLE|    4    | A |           0|
|             6686890 ps|             6691866 ps|WR-DATA   | 3FF17130 |  1/ 1 | -- | AB402596 |  OKAY  | ---- | ------- | - | ---------- |
|             6691866 ps|             6696866 ps|WR-NONSEQ | 3FF17150 | ----- |  1 | -------- |  ----  |SINGLE|    4    | B |           0|
|             6691866 ps|             6696866 ps|WR-DATA   | 3FF17140 |  1/ 1 | -- | 7A27409B |  OKAY  | ---- | ------- | - | ---------- |
|             6696866 ps|             6701892 ps|WR-NONSEQ | 3FF17160 | ----- |  1 | -------- |  ----  |SINGLE|    4    | 6 |           0|
|             6696866 ps|             6701892 ps|WR-DATA   | 3FF17150 |  1/ 1 | -- | B686EF60 |  OKAY  | ---- | ------- | - | ---------- |
|             6701892 ps|             6706868 ps|WR-NONSEQ | 3FF17170 | ----- |  1 | -------- |  ----  |SINGLE|    4    | 9 |           0|
|             6701892 ps|             6706868 ps|WR-DATA   | 3FF17160 |  1/ 1 | -- | 54596187 |  OKAY  | ---- | ------- | - | ---------- |
|             6706868 ps|             6711894 ps|WR-NONSEQ | 3FF17180 | ----- |  1 | -------- |  ----  |SINGLE|    4    | 6 |           0|
|             6706868 ps|             6711894 ps|WR-DATA   | 3FF17170 |  1/ 1 | -- | 2C711AFB |  OKAY  | ---- | ------- | - | ---------- |
|             6711894 ps|             6716994 ps|WR-NONSEQ | 3FF17190 | ----- |  1 | -------- |  ----  |SINGLE|    4    | 8 |           0|
|             6711894 ps|             6716994 ps|WR-DATA   | 3FF17180 |  1/ 1 | -- | C92C6F01 |  OKAY  | ---- | ------- | - | ---------- |
|             6716994 ps|             6721920 ps|WR-NONSEQ | 3FF171A0 | ----- |  1 | -------- |  ----  |SINGLE|    4    | A |           0|
|             6716994 ps|             6721920 ps|WR-DATA   | 3FF17190 |  1/ 1 | -- | F8612F30 |  OKAY  | ---- | ------- | - | ---------- |
|             6721920 ps|             6727020 ps|WR-NONSEQ | 3FF171B0 | ----- |  1 | -------- |  ----  |SINGLE|    4    | 5 |           0|
|             6721920 ps|             6727020 ps|WR-DATA   | 3FF171A0 |  1/ 1 | -- | 05C56C63 |  OKAY  | ---- | ------- | - | ---------- |
|             6727020 ps|             6732070 ps|WR-NONSEQ | 3FF171C0 | ----- |  1 | -------- |  ----  |SINGLE|    4    | D |           0|
|             6727020 ps|             6732070 ps|WR-DATA   | 3FF171B0 |  1/ 1 | -- | 87E757D0 |  OKAY  | ---- | ------- | - | ---------- |
|             6732070 ps|             6737070 ps|WR-NONSEQ | 3FF171D0 | ----- |  1 | -------- |  ----  |SINGLE|    4    | 0 |           0|
|             6732070 ps|             6737070 ps|WR-DATA   | 3FF171C0 |  1/ 1 | -- | DC5EE94B |  OKAY  | ---- | ------- | - | ---------- |
|             6737070 ps|             6741970 ps|WR-NONSEQ | 3FF171E0 | ----- |  1 | -------- |  ----  |SINGLE|    4    | 4 |           0|
|             6737070 ps|             6741970 ps|WR-DATA   | 3FF171D0 |  1/ 1 | -- | F1BD6CD1 |  OKAY  | ---- | ------- | - | ---------- |
|             6741970 ps|             6747020 ps|WR-NONSEQ | 3FF171F0 | ----- |  1 | -------- |  ----  |SINGLE|    4    | F |           0|
|             6741970 ps|             6747020 ps|WR-DATA   | 3FF171E0 |  1/ 1 | -- | CD04E720 |  OKAY  | ---- | ------- | - | ---------- |
|             6747020 ps|             6751946 ps|WR-NONSEQ | 3FF17200 | ----- |  1 | -------- |  ----  |SINGLE|    4    | C |           0|
|             6747020 ps|             6751946 ps|WR-DATA   | 3FF171F0 |  1/ 1 | -- | 34F688BD |  OKAY  | ---- | ------- | - | ---------- |
|             6751946 ps|             6757022 ps|WR-NONSEQ | 3FF17210 | ----- |  1 | -------- |  ----  |SINGLE|    4    | 8 |           0|
|             6751946 ps|             6757022 ps|WR-DATA   | 3FF17200 |  1/ 1 | -- | B0A21B3D |  OKAY  | ---- | ------- | - | ---------- |
|             6757022 ps|             6762022 ps|WR-NONSEQ | 3FF17220 | ----- |  1 | -------- |  ----  |SINGLE|    4    | 5 |           0|
|             6757022 ps|             6762022 ps|WR-DATA   | 3FF17210 |  1/ 1 | -- | 44822CFF |  OKAY  | ---- | ------- | - | ---------- |
|             6762022 ps|             6767122 ps|WR-NONSEQ | 3FF17230 | ----- |  1 | -------- |  ----  |SINGLE|    4    | 9 |           0|
|             6762022 ps|             6767122 ps|WR-DATA   | 3FF17220 |  1/ 1 | -- | AB88C120 |  OKAY  | ---- | ------- | - | ---------- |
|             6767122 ps|             6772222 ps|WR-NONSEQ | 3FF17240 | ----- |  1 | -------- |  ----  |SINGLE|    4    | F |           0|
|             6767122 ps|             6772222 ps|WR-DATA   | 3FF17230 |  1/ 1 | -- | 7E031BFB |  OKAY  | ---- | ------- | - | ---------- |
|             6772222 ps|             6777298 ps|WR-NONSEQ | 3FF17250 | ----- |  1 | -------- |  ----  |SINGLE|    4    | B |           0|
|             6772222 ps|             6777298 ps|WR-DATA   | 3FF17240 |  1/ 1 | -- | 59033408 |  OKAY  | ---- | ------- | - | ---------- |
|             6777298 ps|             6782224 ps|WR-NONSEQ | 3FF17260 | ----- |  1 | -------- |  ----  |SINGLE|    4    | B |           0|
|             6777298 ps|             6782224 ps|WR-DATA   | 3FF17250 |  1/ 1 | -- | 937CD57B |  OKAY  | ---- | ------- | - | ---------- |
|             6782224 ps|             6787324 ps|WR-NONSEQ | 3FF17270 | ----- |  1 | -------- |  ----  |SINGLE|    4    | 6 |           0|
|             6782224 ps|             6787324 ps|WR-DATA   | 3FF17260 |  1/ 1 | -- | 9DEE23F4 |  OKAY  | ---- | ------- | - | ---------- |
|             6787324 ps|             6792324 ps|WR-NONSEQ | 3FF17280 | ----- |  1 | -------- |  ----  |SINGLE|    4    | 5 |           0|
|             6787324 ps|             6792324 ps|WR-DATA   | 3FF17270 |  1/ 1 | -- | 715C2B5F |  OKAY  | ---- | ------- | - | ---------- |
|             6792324 ps|             6797350 ps|WR-NONSEQ | 3FF17290 | ----- |  1 | -------- |  ----  |SINGLE|    4    | 5 |           0|
|             6792324 ps|             6797350 ps|WR-DATA   | 3FF17280 |  1/ 1 | -- | 4790D4DA |  OKAY  | ---- | ------- | - | ---------- |
|             6797350 ps|             6802426 ps|WR-NONSEQ | 3FF172A0 | ----- |  1 | -------- |  ----  |SINGLE|    4    | 4 |           0|
|             6797350 ps|             6802426 ps|WR-DATA   | 3FF17290 |  1/ 1 | -- | 8AEC2ABA |  OKAY  | ---- | ------- | - | ---------- |
|             6802426 ps|             6807502 ps|WR-NONSEQ | 3FF172B0 | ----- |  1 | -------- |  ----  |SINGLE|    4    | B |           0|
|             6802426 ps|             6807502 ps|WR-DATA   | 3FF172A0 |  1/ 1 | -- | 02B9FC17 |  OKAY  | ---- | ------- | - | ---------- |
|             6807502 ps|             6812602 ps|WR-NONSEQ | 3FF172C0 | ----- |  1 | -------- |  ----  |SINGLE|    4    | E |           0|
|             6807502 ps|             6812602 ps|WR-DATA   | 3FF172B0 |  1/ 1 | -- | 6A14C4FC |  OKAY  | ---- | ------- | - | ---------- |
|             6812602 ps|             6817552 ps|WR-NONSEQ | 3FF172D0 | ----- |  1 | -------- |  ----  |SINGLE|    4    | 9 |           0|
|             6812602 ps|             6817552 ps|WR-DATA   | 3FF172C0 |  1/ 1 | -- | 886F06B4 |  OKAY  | ---- | ------- | - | ---------- |
|             6817552 ps|             6822528 ps|WR-NONSEQ | 3FF172E0 | ----- |  1 | -------- |  ----  |SINGLE|    4    | 8 |           0|
|             6817552 ps|             6822528 ps|WR-DATA   | 3FF172D0 |  1/ 1 | -- | BEF3404D |  OKAY  | ---- | ------- | - | ---------- |
|             6822528 ps|             6827428 ps|WR-NONSEQ | 3FF172F0 | ----- |  1 | -------- |  ----  |SINGLE|    4    | B |           0|
|             6822528 ps|             6827428 ps|WR-DATA   | 3FF172E0 |  1/ 1 | -- | B73D08F9 |  OKAY  | ---- | ------- | - | ---------- |
|             6827428 ps|             6832504 ps|WR-NONSEQ | 3FF17300 | ----- |  1 | -------- |  ----  |SINGLE|    4    | 9 |           0|
|             6827428 ps|             6832504 ps|WR-DATA   | 3FF172F0 |  1/ 1 | -- | 823BC783 |  OKAY  | ---- | ------- | - | ---------- |
|             6832504 ps|             6837404 ps|WR-NONSEQ | 3FF17310 | ----- |  1 | -------- |  ----  |SINGLE|    4    | B |           0|
|             6832504 ps|             6837404 ps|WR-DATA   | 3FF17300 |  1/ 1 | -- | 64D7599E |  OKAY  | ---- | ------- | - | ---------- |
|             6837404 ps|             6842404 ps|WR-NONSEQ | 3FF17320 | ----- |  1 | -------- |  ----  |SINGLE|    4    | 9 |           0|
|             6837404 ps|             6842404 ps|WR-DATA   | 3FF17310 |  1/ 1 | -- | FD949A49 |  OKAY  | ---- | ------- | - | ---------- |
|             6842404 ps|             6847454 ps|WR-NONSEQ | 3FF17330 | ----- |  1 | -------- |  ----  |SINGLE|    4    | A |           0|
|             6842404 ps|             6847454 ps|WR-DATA   | 3FF17320 |  1/ 1 | -- | FD8F7612 |  OKAY  | ---- | ------- | - | ---------- |
|             6847454 ps|             6852430 ps|WR-NONSEQ | 3FF17340 | ----- |  1 | -------- |  ----  |SINGLE|    4    | D |           0|
|             6847454 ps|             6852430 ps|WR-DATA   | 3FF17330 |  1/ 1 | -- | D9A2145F |  OKAY  | ---- | ------- | - | ---------- |
|             6852430 ps|             6857506 ps|WR-NONSEQ | 3FF17350 | ----- |  1 | -------- |  ----  |SINGLE|    4    | 9 |           0|
|             6852430 ps|             6857506 ps|WR-DATA   | 3FF17340 |  1/ 1 | -- | 0963C6E7 |  OKAY  | ---- | ------- | - | ---------- |
|             6857506 ps|             6862506 ps|WR-NONSEQ | 3FF17360 | ----- |  1 | -------- |  ----  |SINGLE|    4    | 1 |           0|
|             6857506 ps|             6862506 ps|WR-DATA   | 3FF17350 |  1/ 1 | -- | ECC230BB |  OKAY  | ---- | ------- | - | ---------- |
|             6862506 ps|             6867456 ps|WR-NONSEQ | 3FF17370 | ----- |  1 | -------- |  ----  |SINGLE|    4    | 7 |           0|
|             6862506 ps|             6867456 ps|WR-DATA   | 3FF17360 |  1/ 1 | -- | 4FEF04F7 |  OKAY  | ---- | ------- | - | ---------- |
|             6867456 ps|             6872382 ps|WR-NONSEQ | 3FF17380 | ----- |  1 | -------- |  ----  |SINGLE|    4    | D |           0|
|             6867456 ps|             6872382 ps|WR-DATA   | 3FF17370 |  1/ 1 | -- | 79C39A86 |  OKAY  | ---- | ------- | - | ---------- |
|             6872382 ps|             6877282 ps|WR-NONSEQ | 3FF17390 | ----- |  1 | -------- |  ----  |SINGLE|    4    | A |           0|
|             6872382 ps|             6877282 ps|WR-DATA   | 3FF17380 |  1/ 1 | -- | B7FDF7B0 |  OKAY  | ---- | ------- | - | ---------- |
|             6877282 ps|             6882232 ps|WR-NONSEQ | 3FF173A0 | ----- |  1 | -------- |  ----  |SINGLE|    4    | 9 |           0|
|             6877282 ps|             6882232 ps|WR-DATA   | 3FF17390 |  1/ 1 | -- | 88EA437A |  OKAY  | ---- | ------- | - | ---------- |
|             6882232 ps|             6887258 ps|WR-NONSEQ | 3FF173B0 | ----- |  1 | -------- |  ----  |SINGLE|    4    | 8 |           0|
|             6882232 ps|             6887258 ps|WR-DATA   | 3FF173A0 |  1/ 1 | -- | 9C956BAE |  OKAY  | ---- | ------- | - | ---------- |
|             6887258 ps|             6892308 ps|WR-NONSEQ | 3FF173C0 | ----- |  1 | -------- |  ----  |SINGLE|    4    | 8 |           0|
|             6887258 ps|             6892308 ps|WR-DATA   | 3FF173B0 |  1/ 1 | -- | D2680E34 |  OKAY  | ---- | ------- | - | ---------- |
|             6892308 ps|             6897308 ps|WR-NONSEQ | 3FF173D0 | ----- |  1 | -------- |  ----  |SINGLE|    4    | 8 |           0|
|             6892308 ps|             6897308 ps|WR-DATA   | 3FF173C0 |  1/ 1 | -- | E8117561 |  OKAY  | ---- | ------- | - | ---------- |
|             6897308 ps|             6902334 ps|WR-NONSEQ | 3FF173E0 | ----- |  1 | -------- |  ----  |SINGLE|    4    | D |           0|
|             6897308 ps|             6902334 ps|WR-DATA   | 3FF173D0 |  1/ 1 | -- | 56BC65BF |  OKAY  | ---- | ------- | - | ---------- |
|             6902334 ps|             6907260 ps|WR-NONSEQ | 3FF173F0 | ----- |  1 | -------- |  ----  |SINGLE|    4    | 1 |           0|
|             6902334 ps|             6907260 ps|WR-DATA   | 3FF173E0 |  1/ 1 | -- | E2798BDB |  OKAY  | ---- | ------- | - | ---------- |
|             6907260 ps|             6912336 ps|WR-NONSEQ | 3FF17400 | ----- |  1 | -------- |  ----  |SINGLE|    4    | 9 |           0|
|             6907260 ps|             6912336 ps|WR-DATA   | 3FF173F0 |  1/ 1 | -- | 7CD14DB8 |  OKAY  | ---- | ------- | - | ---------- |
|             6912336 ps|             6917336 ps|WR-NONSEQ | 3FF17410 | ----- |  1 | -------- |  ----  |SINGLE|    4    | 4 |           0|
|             6912336 ps|             6917336 ps|WR-DATA   | 3FF17400 |  1/ 1 | -- | 5FB1DE2E |  OKAY  | ---- | ------- | - | ---------- |
|             6917336 ps|             6922236 ps|WR-NONSEQ | 3FF17420 | ----- |  1 | -------- |  ----  |SINGLE|    4    | B |           0|
|             6917336 ps|             6922236 ps|WR-DATA   | 3FF17410 |  1/ 1 | -- | F5CC0B9D |  OKAY  | ---- | ------- | - | ---------- |
|             6922236 ps|             6927336 ps|WR-NONSEQ | 3FF17430 | ----- |  1 | -------- |  ----  |SINGLE|    4    | E |           0|
|             6922236 ps|             6927336 ps|WR-DATA   | 3FF17420 |  1/ 1 | -- | 28884B63 |  OKAY  | ---- | ------- | - | ---------- |
|             6927336 ps|             6932312 ps|WR-NONSEQ | 3FF17440 | ----- |  1 | -------- |  ----  |SINGLE|    4    | B |           0|
|             6927336 ps|             6932312 ps|WR-DATA   | 3FF17430 |  1/ 1 | -- | FD863A09 |  OKAY  | ---- | ------- | - | ---------- |
|             6932312 ps|             6937362 ps|WR-NONSEQ | 3FF17450 | ----- |  1 | -------- |  ----  |SINGLE|    4    | 5 |           0|
|             6932312 ps|             6937362 ps|WR-DATA   | 3FF17440 |  1/ 1 | -- | 63022661 |  OKAY  | ---- | ------- | - | ---------- |
|             6937362 ps|             6942388 ps|WR-NONSEQ | 3FF17460 | ----- |  1 | -------- |  ----  |SINGLE|    4    | A |           0|
|             6937362 ps|             6942388 ps|WR-DATA   | 3FF17450 |  1/ 1 | -- | 59DA209C |  OKAY  | ---- | ------- | - | ---------- |
|             6942388 ps|             6947288 ps|WR-NONSEQ | 3FF17470 | ----- |  1 | -------- |  ----  |SINGLE|    4    | B |           0|
|             6942388 ps|             6947288 ps|WR-DATA   | 3FF17460 |  1/ 1 | -- | 3C90F3A0 |  OKAY  | ---- | ------- | - | ---------- |
|             6947288 ps|             6952264 ps|WR-NONSEQ | 3FF17480 | ----- |  1 | -------- |  ----  |SINGLE|    4    | 8 |           0|
|             6947288 ps|             6952264 ps|WR-DATA   | 3FF17470 |  1/ 1 | -- | 3DDD2DE6 |  OKAY  | ---- | ------- | - | ---------- |
|             6952264 ps|             6957264 ps|WR-NONSEQ | 3FF17490 | ----- |  1 | -------- |  ----  |SINGLE|    4    | 9 |           0|
|             6952264 ps|             6957264 ps|WR-DATA   | 3FF17480 |  1/ 1 | -- | BD3F7938 |  OKAY  | ---- | ------- | - | ---------- |
|             6957264 ps|             6962264 ps|WR-NONSEQ | 3FF174A0 | ----- |  1 | -------- |  ----  |SINGLE|    4    | 6 |           0|
|             6957264 ps|             6962264 ps|WR-DATA   | 3FF17490 |  1/ 1 | -- | 45B22640 |  OKAY  | ---- | ------- | - | ---------- |
|             6962264 ps|             6967290 ps|WR-NONSEQ | 3FF174B0 | ----- |  1 | -------- |  ----  |SINGLE|    4    | 8 |           0|
|             6962264 ps|             6967290 ps|WR-DATA   | 3FF174A0 |  1/ 1 | -- | 136148AD |  OKAY  | ---- | ------- | - | ---------- |
|             6967290 ps|             6972290 ps|WR-NONSEQ | 3FF174C0 | ----- |  1 | -------- |  ----  |SINGLE|    4    | 9 |           0|
|             6967290 ps|             6972290 ps|WR-DATA   | 3FF174B0 |  1/ 1 | -- | C90BCC72 |  OKAY  | ---- | ------- | - | ---------- |
|             6972290 ps|             6977216 ps|WR-NONSEQ | 3FF174D0 | ----- |  1 | -------- |  ----  |SINGLE|    4    | B |           0|
|             6972290 ps|             6977216 ps|WR-DATA   | 3FF174C0 |  1/ 1 | -- | 5D216157 |  OKAY  | ---- | ------- | - | ---------- |
|             6977216 ps|             6982192 ps|WR-NONSEQ | 3FF174E0 | ----- |  1 | -------- |  ----  |SINGLE|    4    | 3 |           0|
|             6977216 ps|             6982192 ps|WR-DATA   | 3FF174D0 |  1/ 1 | -- | 824B2B63 |  OKAY  | ---- | ------- | - | ---------- |
|             6982192 ps|             6987218 ps|WR-NONSEQ | 3FF174F0 | ----- |  1 | -------- |  ----  |SINGLE|    4    | D |           0|
|             6982192 ps|             6987218 ps|WR-DATA   | 3FF174E0 |  1/ 1 | -- | 21D9DCE1 |  OKAY  | ---- | ------- | - | ---------- |
|             6987218 ps|             6992118 ps|WR-NONSEQ | 3FF17500 | ----- |  1 | -------- |  ----  |SINGLE|    4    | A |           0|
|             6987218 ps|             6992118 ps|WR-DATA   | 3FF174F0 |  1/ 1 | -- | 72B346EE |  OKAY  | ---- | ------- | - | ---------- |
|             6992118 ps|             6997068 ps|WR-NONSEQ | 3FF17510 | ----- |  1 | -------- |  ----  |SINGLE|    4    | B |           0|
|             6992118 ps|             6997068 ps|WR-DATA   | 3FF17500 |  1/ 1 | -- | 6F23E132 |  OKAY  | ---- | ------- | - | ---------- |
|             6997068 ps|             7001994 ps|WR-NONSEQ | 3FF17520 | ----- |  1 | -------- |  ----  |SINGLE|    4    | 0 |           0|
|             6997068 ps|             7001994 ps|WR-DATA   | 3FF17510 |  1/ 1 | -- | 2FB7A995 |  OKAY  | ---- | ------- | - | ---------- |
|             7001994 ps|             7006994 ps|WR-NONSEQ | 3FF17530 | ----- |  1 | -------- |  ----  |SINGLE|    4    | 2 |           0|
|             7001994 ps|             7006994 ps|WR-DATA   | 3FF17520 |  1/ 1 | -- | E3B77C46 |  OKAY  | ---- | ------- | - | ---------- |
|             7006994 ps|             7011994 ps|WR-NONSEQ | 3FF17540 | ----- |  1 | -------- |  ----  |SINGLE|    4    | E |           0|
|             7006994 ps|             7011994 ps|WR-DATA   | 3FF17530 |  1/ 1 | -- | 009943D0 |  OKAY  | ---- | ------- | - | ---------- |
|             7011994 ps|             7016944 ps|WR-NONSEQ | 3FF17550 | ----- |  1 | -------- |  ----  |SINGLE|    4    | 8 |           0|
|             7011994 ps|             7016944 ps|WR-DATA   | 3FF17540 |  1/ 1 | -- | BC1FF755 |  OKAY  | ---- | ------- | - | ---------- |
|             7016944 ps|             7021994 ps|WR-NONSEQ | 3FF17560 | ----- |  1 | -------- |  ----  |SINGLE|    4    | 8 |           0|
|             7016944 ps|             7021994 ps|WR-DATA   | 3FF17550 |  1/ 1 | -- | 5CAF66C7 |  OKAY  | ---- | ------- | - | ---------- |
|             7021994 ps|             7026894 ps|WR-NONSEQ | 3FF17570 | ----- |  1 | -------- |  ----  |SINGLE|    4    | 7 |           0|
|             7021994 ps|             7026894 ps|WR-DATA   | 3FF17560 |  1/ 1 | -- | 64C258D4 |  OKAY  | ---- | ------- | - | ---------- |
|             7026894 ps|             7031920 ps|WR-NONSEQ | 3FF17580 | ----- |  1 | -------- |  ----  |SINGLE|    4    | A |           0|
|             7026894 ps|             7031920 ps|WR-DATA   | 3FF17570 |  1/ 1 | -- | 56C2EC6A |  OKAY  | ---- | ------- | - | ---------- |
|             7031920 ps|             7036920 ps|WR-NONSEQ | 3FF17590 | ----- |  1 | -------- |  ----  |SINGLE|    4    | 8 |           0|
|             7031920 ps|             7036920 ps|WR-DATA   | 3FF17580 |  1/ 1 | -- | 17DC07D5 |  OKAY  | ---- | ------- | - | ---------- |
|             7036920 ps|             7041870 ps|WR-NONSEQ | 3FF175A0 | ----- |  1 | -------- |  ----  |SINGLE|    4    | 9 |           0|
|             7036920 ps|             7041870 ps|WR-DATA   | 3FF17590 |  1/ 1 | -- | A74681BE |  OKAY  | ---- | ------- | - | ---------- |
|             7041870 ps|             7046970 ps|WR-NONSEQ | 3FF175B0 | ----- |  1 | -------- |  ----  |SINGLE|    4    | A |           0|
|             7041870 ps|             7046970 ps|WR-DATA   | 3FF175A0 |  1/ 1 | -- | 5475F59B |  OKAY  | ---- | ------- | - | ---------- |
|             7046970 ps|             7051870 ps|WR-NONSEQ | 3FF175C0 | ----- |  1 | -------- |  ----  |SINGLE|    4    | D |           0|
|             7046970 ps|             7051870 ps|WR-DATA   | 3FF175B0 |  1/ 1 | -- | 870AECCB |  OKAY  | ---- | ------- | - | ---------- |
|             7051870 ps|             7056870 ps|WR-NONSEQ | 3FF175D0 | ----- |  1 | -------- |  ----  |SINGLE|    4    | 9 |           0|
|             7051870 ps|             7056870 ps|WR-DATA   | 3FF175C0 |  1/ 1 | -- | B47DCFF6 |  OKAY  | ---- | ------- | - | ---------- |
|             7056870 ps|             7061820 ps|WR-NONSEQ | 3FF175E0 | ----- |  1 | -------- |  ----  |SINGLE|    4    | 9 |           0|
|             7056870 ps|             7061820 ps|WR-DATA   | 3FF175D0 |  1/ 1 | -- | 3189F778 |  OKAY  | ---- | ------- | - | ---------- |
|             7061820 ps|             7066920 ps|WR-NONSEQ | 3FF175F0 | ----- |  1 | -------- |  ----  |SINGLE|    4    | A |           0|
|             7061820 ps|             7066920 ps|WR-DATA   | 3FF175E0 |  1/ 1 | -- | 039A354D |  OKAY  | ---- | ------- | - | ---------- |
|             7066920 ps|             7071970 ps|WR-NONSEQ | 3FF17600 | ----- |  1 | -------- |  ----  |SINGLE|    4    | 4 |           0|
|             7066920 ps|             7071970 ps|WR-DATA   | 3FF175F0 |  1/ 1 | -- | D6ED0D3B |  OKAY  | ---- | ------- | - | ---------- |
|             7071970 ps|             7076970 ps|WR-NONSEQ | 3FF17610 | ----- |  1 | -------- |  ----  |SINGLE|    4    | 3 |           0|
|             7071970 ps|             7076970 ps|WR-DATA   | 3FF17600 |  1/ 1 | -- | 1A65A444 |  OKAY  | ---- | ------- | - | ---------- |
|             7076970 ps|             7081896 ps|WR-NONSEQ | 3FF17620 | ----- |  1 | -------- |  ----  |SINGLE|    4    | 0 |           0|
|             7076970 ps|             7081896 ps|WR-DATA   | 3FF17610 |  1/ 1 | -- | A478197F |  OKAY  | ---- | ------- | - | ---------- |
|             7081896 ps|             7086946 ps|WR-NONSEQ | 3FF17630 | ----- |  1 | -------- |  ----  |SINGLE|    4    | 3 |           0|
|             7081896 ps|             7086946 ps|WR-DATA   | 3FF17620 |  1/ 1 | -- | 8F39691D |  OKAY  | ---- | ------- | - | ---------- |
|             7086946 ps|             7091896 ps|WR-NONSEQ | 3FF17640 | ----- |  1 | -------- |  ----  |SINGLE|    4    | D |           0|
|             7086946 ps|             7091896 ps|WR-DATA   | 3FF17630 |  1/ 1 | -- | 2AE4B086 |  OKAY  | ---- | ------- | - | ---------- |
|             7091896 ps|             7096872 ps|WR-DATA   | 3FF17640 |  1/ 1 | -- | C226CFA3 |  OKAY  | ---- | ------- | - | ---------- |
