 ================================================================================
 Tracefile   : uvm_test_top.top_env_i.ahbfab_env_i.mvc_ahb_mst_4_env_i.logger_handle_ahb
               /mnt/ussjf-asic2/workarea1/lkamired/niue1z1_tmp/lkamired/wa_performance/SIM/top/ahbfab_cov.m33i_ram0/uvm_test_top.top_env_i.ahbfab_env_i.mvc_ahb_mst_4_env_i_ahb_beat.log
 Synopsis    : TransactionAnalysis windowed
 Script      : parse_ahb_tracker.pl 1.04.01
 Date        : 2018-09-22
 Time        :   17:23:56
 Cycle       :          5 ns
 Frequency   :     200.00 MHz
 Start       :     609046 ns
 Stop        :    1323961 ns
 ================================================================================

START pointer HASH(0x451f670)
Transaction#  4
Start time    609046

STOP  pointer HASH(0x63e1a40)
Transaction#  2451
Stop time     1323961

     4 #       609046  ns 1
     5 #       609136  ns 2
     6 #       609231  ns 3
     7 #       609326  ns 4
     8 #       609421  ns 5
     9 #       609511  ns 6
    10 #       609601  ns 7
    11 #       609691  ns 8
    12 #       609786  ns 9
    13 #       609876  ns 10
    14 #       609971  ns 11
    15 #       610066  ns 12
    16 #       610381  ns 13
    17 #       610951  ns 14
    18 #       611521  ns 15
    19 #       612061  ns 16
    20 #       612601  ns 17
    21 #       613171  ns 18
    22 #       613711  ns 19
    23 #       614251  ns 20
    24 #       614791  ns 21
    25 #       615331  ns 22
    26 #       615901  ns 23
    27 #       616441  ns 24
    28 #       617011  ns 25
    29 #       617581  ns 26
    30 #       618151  ns 27
    31 #       618721  ns 28
    32 #       619261  ns 29
    33 #       619831  ns 30
    34 #       620371  ns 31
    35 #       620586  ns 32
    36 #       620681  ns 33
    37 #       620776  ns 34
    38 #       620871  ns 35
    39 #       620966  ns 36
    40 #       621061  ns 37
    41 #       621151  ns 38
    42 #       621236  ns 39
    43 #       621326  ns 40
    44 #       621371  ns 41
    45 #       621416  ns 42
    46 #       621466  ns 43
    47 #       621496  ns 44
    48 #       621561  ns 45
    49 #       621606  ns 46
    50 #       621731  ns 47
    51 #       621906  ns 48
    52 #       621946  ns 49
    53 #       622191  ns 50
    54 #       622271  ns 51
    55 #       622351  ns 52
    56 #       622516  ns 53
    57 #       622646  ns 54
    58 #       622741  ns 55
    59 #       622836  ns 56
    60 #       622926  ns 57
    61 #       623031  ns 58
    62 #       623226  ns 59
    63 #       623301  ns 60
    64 #       623471  ns 61
    65 #       623601  ns 62
    66 #       623791  ns 63
    67 #       623996  ns 64
    68 #       624161  ns 65
    69 #       624381  ns 66
    70 #       624586  ns 67
    71 #       624736  ns 68
    72 #       624841  ns 69
    73 #       625001  ns 70
    74 #       625091  ns 71
    75 #       625231  ns 72
    76 #       625346  ns 73
    77 #       625581  ns 74
    78 #       625741  ns 75
    79 #       625821  ns 76
    80 #       625981  ns 77
    81 #       626036  ns 78
    82 #       626126  ns 79
    83 #       626336  ns 80
    84 #       626551  ns 81
    85 #       626701  ns 82
    86 #       626886  ns 83
    87 #       627026  ns 84
    88 #       627131  ns 85
    89 #       627146  ns 86
    90 #       627256  ns 87
    91 #       627361  ns 88
    92 #       627501  ns 89
    93 #       627561  ns 90
    94 #       627701  ns 91
    95 #       627746  ns 92
    96 #       627936  ns 93
    97 #       627986  ns 94
    98 #       628081  ns 95
    99 #       628171  ns 96
   100 #       628221  ns 97
   101 #       628236  ns 98
   102 #       628251  ns 99
   103 #       628271  ns 100
   104 #       628321  ns 101
   105 #       628366  ns 102
   106 #       628381  ns 103
   107 #       628411  ns 104
   108 #       628441  ns 105
   109 #       628471  ns 106
   110 #       628501  ns 107
   111 #       628591  ns 108
   112 #       628921  ns 109
   113 #       629041  ns 110
   114 #       629611  ns 111
   115 #       630151  ns 112
   116 #       630241  ns 113
   117 #       630301  ns 114
   118 #       630361  ns 115
   119 #       630421  ns 116
   120 #       630511  ns 117
   121 #       630721  ns 118
   122 #       630931  ns 119
   123 #       631051  ns 120
   124 #       631141  ns 121
   125 #       631231  ns 122
   126 #       631321  ns 123
   127 #       631861  ns 124
   128 #       632401  ns 125
   129 #       632941  ns 126
   130 #       633511  ns 127
   131 #       633841  ns 128
   132 #       634141  ns 129
   133 #       634261  ns 130
   134 #       634831  ns 131
   135 #       635401  ns 132
   136 #       635491  ns 133
   137 #       636031  ns 134
   138 #       636571  ns 135
   139 #       637111  ns 136
   140 #       637681  ns 137
   141 #       637891  ns 138
   142 #       638101  ns 139
   143 #       638221  ns 140
   144 #       638971  ns 141
   145 #       639721  ns 142
   146 #       639811  ns 143
   147 #       640351  ns 144
   148 #       640891  ns 145
   149 #       641431  ns 146
   150 #       641971  ns 147
   151 #       642031  ns 148
   152 #       642091  ns 149
   153 #       642211  ns 150
   154 #       642421  ns 151
   155 #       642631  ns 152
   156 #       642721  ns 153
   157 #       642871  ns 154
   158 #       643021  ns 155
   159 #       643171  ns 156
   160 #       643321  ns 157
   161 #       643381  ns 158
   162 #       643441  ns 159
   163 #       643531  ns 160
   164 #       644071  ns 161
   165 #       644611  ns 162
   166 #       644701  ns 163
   167 #       645241  ns 164
   168 #       645781  ns 165
   169 #       646321  ns 166
   170 #       646861  ns 167
   171 #       647461  ns 168
   172 #       648061  ns 169
   173 #       648151  ns 170
   174 #       648691  ns 171
   175 #       649231  ns 172
   176 #       649351  ns 173
   177 #       650281  ns 174
   178 #       651211  ns 175
   179 #       652141  ns 176
   180 #       653071  ns 177
   181 #       653281  ns 178
   182 #       653491  ns 179
   183 #       653581  ns 180
   184 #       654121  ns 181
   185 #       654691  ns 182
   186 #       654781  ns 183
   187 #       654841  ns 184
   188 #       654901  ns 185
   189 #       654961  ns 186
   190 #       655021  ns 187
   191 #       655561  ns 188
   192 #       656101  ns 189
   193 #       656191  ns 190
   194 #       656341  ns 191
   195 #       656521  ns 192
   196 #       656611  ns 193
   197 #       656761  ns 194
   198 #       656911  ns 195
   199 #       657061  ns 196
   200 #       657211  ns 197
   201 #       657361  ns 198
   202 #       657511  ns 199
   203 #       657631  ns 200
   204 #       658141  ns 201
   205 #       658621  ns 202
   206 #       658741  ns 203
   207 #       659311  ns 204
   208 #       659881  ns 205
   209 #       660451  ns 206
   210 #       660991  ns 207
   211 #       661291  ns 208
   212 #       661591  ns 209
   213 #       661681  ns 210
   214 #       661741  ns 211
   215 #       661801  ns 212
   216 #       661921  ns 213
   217 #       662971  ns 214
   218 #       664021  ns 215
   219 #       665071  ns 216
   220 #       666121  ns 217
   221 #       666211  ns 218
   222 #       666301  ns 219
   223 #       666421  ns 220
   224 #       667261  ns 221
   225 #       668071  ns 222
   226 #       668191  ns 223
   227 #       668281  ns 224
   228 #       668371  ns 225
   229 #       668461  ns 226
   230 #       668551  ns 227
   231 #       668881  ns 228
   232 #       669181  ns 229
   233 #       669301  ns 230
   234 #       669631  ns 231
   235 #       669931  ns 232
   236 #       670021  ns 233
   237 #       670891  ns 234
   238 #       671761  ns 235
   239 #       672631  ns 236
   240 #       673531  ns 237
   241 #       673861  ns 238
   242 #       674161  ns 239
   243 #       674281  ns 240
   244 #       674611  ns 241
   245 #       674911  ns 242
   246 #       675001  ns 243
   247 #       675181  ns 244
   248 #       675361  ns 245
   249 #       675541  ns 246
   250 #       675721  ns 247
   251 #       675871  ns 248
   252 #       676021  ns 249
   253 #       676141  ns 250
   254 #       676711  ns 251
   255 #       677281  ns 252
   256 #       677401  ns 253
   257 #       677971  ns 254
   258 #       678541  ns 255
   259 #       679111  ns 256
   260 #       679651  ns 257
   261 #       679711  ns 258
   262 #       679771  ns 259
   263 #       679891  ns 260
   264 #       680461  ns 261
   265 #       681031  ns 262
   266 #       681151  ns 263
   267 #       681241  ns 264
   268 #       681331  ns 265
   269 #       681421  ns 266
   270 #       681511  ns 267
   271 #       681691  ns 268
   272 #       681841  ns 269
   273 #       681961  ns 270
   274 #       682291  ns 271
   275 #       682591  ns 272
   276 #       682681  ns 273
   277 #       682861  ns 274
   278 #       683041  ns 275
   279 #       683221  ns 276
   280 #       683431  ns 277
   281 #       683641  ns 278
   282 #       683851  ns 279
   283 #       683971  ns 280
   284 #       684181  ns 281
   285 #       684361  ns 282
   286 #       684451  ns 283
   287 #       684991  ns 284
   288 #       685531  ns 285
   289 #       686071  ns 286
   290 #       686641  ns 287
   291 #       686851  ns 288
   292 #       687061  ns 289
   293 #       687151  ns 290
   294 #       688171  ns 291
   295 #       689191  ns 292
   296 #       689311  ns 293
   297 #       689671  ns 294
   298 #       690031  ns 295
   299 #       690391  ns 296
   300 #       690751  ns 297
   301 #       691081  ns 298
   302 #       691381  ns 299
   303 #       691501  ns 300
   304 #       691831  ns 301
   305 #       692131  ns 302
   306 #       692251  ns 303
   307 #       692431  ns 304
   308 #       692611  ns 305
   309 #       692791  ns 306
   310 #       692941  ns 307
   311 #       693121  ns 308
   312 #       693331  ns 309
   313 #       693451  ns 310
   314 #       693661  ns 311
   315 #       693841  ns 312
   316 #       693931  ns 313
   317 #       694441  ns 314
   318 #       694951  ns 315
   319 #       695461  ns 316
   320 #       696001  ns 317
   321 #       696181  ns 318
   322 #       696361  ns 319
   323 #       696481  ns 320
   324 #       696811  ns 321
   325 #       697141  ns 322
   326 #       697231  ns 323
   327 #       697771  ns 324
   328 #       698311  ns 325
   329 #       698851  ns 326
   330 #       699391  ns 327
   331 #       699931  ns 328
   332 #       700471  ns 329
   333 #       700561  ns 330
   334 #       700621  ns 331
   335 #       700681  ns 332
   336 #       700801  ns 333
   337 #       701131  ns 334
   338 #       701461  ns 335
   339 #       701791  ns 336
   340 #       702121  ns 337
   341 #       702211  ns 338
   342 #       702271  ns 339
   343 #       702391  ns 340
   344 #       702721  ns 341
   345 #       703021  ns 342
   346 #       703141  ns 343
   347 #       703471  ns 344
   348 #       703801  ns 345
   349 #       704131  ns 346
   350 #       704461  ns 347
   351 #       704671  ns 348
   352 #       704851  ns 349
   353 #       704941  ns 350
   354 #       705001  ns 351
   355 #       705091  ns 352
   356 #       705181  ns 353
   357 #       705991  ns 354
   358 #       706801  ns 355
   359 #       707611  ns 356
   360 #       708451  ns 357
   361 #       708541  ns 358
   362 #       708601  ns 359
   363 #       708691  ns 360
   364 #       708991  ns 361
   365 #       709291  ns 362
   366 #       709411  ns 363
   367 #       709621  ns 364
   368 #       709831  ns 365
   369 #       710041  ns 366
   370 #       710221  ns 367
   371 #       710401  ns 368
   372 #       710581  ns 369
   373 #       710701  ns 370
   374 #       711271  ns 371
   375 #       711811  ns 372
   376 #       711901  ns 373
   377 #       712081  ns 374
   378 #       712261  ns 375
   379 #       712441  ns 376
   380 #       712651  ns 377
   381 #       712861  ns 378
   382 #       713041  ns 379
   383 #       713131  ns 380
   384 #       713191  ns 381
   385 #       713251  ns 382
   386 #       713341  ns 383
   387 #       713881  ns 384
   388 #       714421  ns 385
   389 #       714961  ns 386
   390 #       715531  ns 387
   391 #       716101  ns 388
   392 #       716641  ns 389
   393 #       716731  ns 390
   394 #       716911  ns 391
   395 #       717091  ns 392
   396 #       717211  ns 393
   397 #       717391  ns 394
   398 #       717571  ns 395
   399 #       717751  ns 396
   400 #       717931  ns 397
   401 #       718111  ns 398
   402 #       718291  ns 399
   403 #       718381  ns 400
   404 #       718741  ns 401
   405 #       719101  ns 402
   406 #       719221  ns 403
   407 #       719791  ns 404
   408 #       720361  ns 405
   409 #       720931  ns 406
   410 #       721501  ns 407
   411 #       721741  ns 408
   412 #       721951  ns 409
   413 #       722041  ns 410
   414 #       722341  ns 411
   415 #       722671  ns 412
   416 #       722791  ns 413
   417 #       722971  ns 414
   418 #       723151  ns 415
   419 #       723331  ns 416
   420 #       723481  ns 417
   421 #       723781  ns 418
   422 #       724081  ns 419
   423 #       724171  ns 420
   424 #       724711  ns 421
   425 #       725281  ns 422
   426 #       725371  ns 423
   427 #       726241  ns 424
   428 #       727111  ns 425
   429 #       727981  ns 426
   430 #       728851  ns 427
   431 #       729391  ns 428
   432 #       729961  ns 429
   433 #       730081  ns 430
   434 #       730411  ns 431
   435 #       730711  ns 432
   436 #       730831  ns 433
   437 #       731401  ns 434
   438 #       731971  ns 435
   439 #       732541  ns 436
   440 #       733111  ns 437
   441 #       733441  ns 438
   442 #       733741  ns 439
   443 #       733831  ns 440
   444 #       734131  ns 441
   445 #       734431  ns 442
   446 #       734521  ns 443
   447 #       734701  ns 444
   448 #       734881  ns 445
   449 #       735061  ns 446
   450 #       735241  ns 447
   451 #       735301  ns 448
   452 #       735361  ns 449
   453 #       735481  ns 450
   454 #       735691  ns 451
   455 #       735901  ns 452
   456 #       736021  ns 453
   457 #       736231  ns 454
   458 #       736441  ns 455
   459 #       736651  ns 456
   460 #       736861  ns 457
   461 #       737431  ns 458
   462 #       737971  ns 459
   463 #       738061  ns 460
   464 #       738241  ns 461
   465 #       738451  ns 462
   466 #       738541  ns 463
   467 #       738841  ns 464
   468 #       739141  ns 465
   469 #       739441  ns 466
   470 #       739771  ns 467
   471 #       740071  ns 468
   472 #       740341  ns 469
   473 #       740431  ns 470
   474 #       741301  ns 471
   475 #       742201  ns 472
   476 #       742321  ns 473
   477 #       742531  ns 474
   478 #       742741  ns 475
   479 #       742951  ns 476
   480 #       743161  ns 477
   481 #       743371  ns 478
   482 #       743581  ns 479
   483 #       743701  ns 480
   484 #       744271  ns 481
   485 #       744841  ns 482
   486 #       744961  ns 483
   487 #       745051  ns 484
   488 #       745141  ns 485
   489 #       745231  ns 486
   490 #       745291  ns 487
   491 #       745951  ns 488
   492 #       746611  ns 489
   493 #       746701  ns 490
   494 #       746881  ns 491
   495 #       747061  ns 492
   496 #       747181  ns 493
   497 #       747361  ns 494
   498 #       747541  ns 495
   499 #       747721  ns 496
   500 #       747901  ns 497
   501 #       748441  ns 498
   502 #       748951  ns 499
   503 #       749071  ns 500
   504 #       749401  ns 501
   505 #       749731  ns 502
   506 #       749851  ns 503
   507 #       749941  ns 504
   508 #       750031  ns 505
   509 #       750121  ns 506
   510 #       750181  ns 507
   511 #       750721  ns 508
   512 #       751291  ns 509
   513 #       751381  ns 510
   514 #       751681  ns 511
   515 #       752011  ns 512
   516 #       752131  ns 513
   517 #       752341  ns 514
   518 #       752551  ns 515
   519 #       752761  ns 516
   520 #       752971  ns 517
   521 #       753541  ns 518
   522 #       754081  ns 519
   523 #       754171  ns 520
   524 #       754711  ns 521
   525 #       755251  ns 522
   526 #       755341  ns 523
   527 #       755881  ns 524
   528 #       756421  ns 525
   529 #       756961  ns 526
   530 #       757501  ns 527
   531 #       757561  ns 528
   532 #       757621  ns 529
   533 #       757741  ns 530
   534 #       757831  ns 531
   535 #       757891  ns 532
   536 #       757981  ns 533
   537 #       758521  ns 534
   538 #       759061  ns 535
   539 #       759601  ns 536
   540 #       760141  ns 537
   541 #       760441  ns 538
   542 #       760771  ns 539
   543 #       760891  ns 540
   544 #       761101  ns 541
   545 #       761311  ns 542
   546 #       761431  ns 543
   547 #       761761  ns 544
   548 #       762091  ns 545
   549 #       762421  ns 546
   550 #       762721  ns 547
   551 #       763021  ns 548
   552 #       763351  ns 549
   553 #       763441  ns 550
   554 #       763621  ns 551
   555 #       763801  ns 552
   556 #       763921  ns 553
   557 #       764221  ns 554
   558 #       764521  ns 555
   559 #       764821  ns 556
   560 #       765091  ns 557
   561 #       765391  ns 558
   562 #       765721  ns 559
   563 #       765841  ns 560
   564 #       766171  ns 561
   565 #       766471  ns 562
   566 #       766561  ns 563
   567 #       766741  ns 564
   568 #       766921  ns 565
   569 #       767101  ns 566
   570 #       767281  ns 567
   571 #       767341  ns 568
   572 #       767401  ns 569
   573 #       767521  ns 570
   574 #       767851  ns 571
   575 #       768181  ns 572
   576 #       768271  ns 573
   577 #       768571  ns 574
   578 #       768871  ns 575
   579 #       769171  ns 576
   580 #       769501  ns 577
   581 #       769861  ns 578
   582 #       770191  ns 579
   583 #       770281  ns 580
   584 #       770581  ns 581
   585 #       770911  ns 582
   586 #       771031  ns 583
   587 #       771421  ns 584
   588 #       771811  ns 585
   589 #       772201  ns 586
   590 #       772561  ns 587
   591 #       773101  ns 588
   592 #       773671  ns 589
   593 #       773761  ns 590
   594 #       774301  ns 591
   595 #       774871  ns 592
   596 #       774991  ns 593
   597 #       775171  ns 594
   598 #       775351  ns 595
   599 #       775531  ns 596
   600 #       775681  ns 597
   601 #       776221  ns 598
   602 #       776791  ns 599
   603 #       776911  ns 600
   604 #       777001  ns 601
   605 #       777061  ns 602
   606 #       777151  ns 603
   607 #       777451  ns 604
   608 #       777751  ns 605
   609 #       778051  ns 606
   610 #       778351  ns 607
   611 #       778891  ns 608
   612 #       779431  ns 609
   613 #       779551  ns 610
   614 #       779641  ns 611
   615 #       779701  ns 612
   616 #       779791  ns 613
   617 #       779941  ns 614
   618 #       780091  ns 615
   619 #       780241  ns 616
   620 #       780421  ns 617
   621 #       780511  ns 618
   622 #       780571  ns 619
   623 #       780691  ns 620
   624 #       781261  ns 621
   625 #       781801  ns 622
   626 #       781891  ns 623
   627 #       781951  ns 624
   628 #       782011  ns 625
   629 #       782071  ns 626
   630 #       782131  ns 627
   631 #       782221  ns 628
   632 #       782341  ns 629
   633 #       782461  ns 630
   634 #       782791  ns 631
   635 #       783121  ns 632
   636 #       783211  ns 633
   637 #       783511  ns 634
   638 #       783811  ns 635
   639 #       784111  ns 636
   640 #       784441  ns 637
   641 #       784531  ns 638
   642 #       784591  ns 639
   643 #       784681  ns 640
   644 #       785221  ns 641
   645 #       785791  ns 642
   646 #       785881  ns 643
   647 #       786421  ns 644
   648 #       786961  ns 645
   649 #       787501  ns 646
   650 #       788041  ns 647
   651 #       788221  ns 648
   652 #       788401  ns 649
   653 #       788491  ns 650
   654 #       789031  ns 651
   655 #       789601  ns 652
   656 #       789691  ns 653
   657 #       789991  ns 654
   658 #       790291  ns 655
   659 #       790591  ns 656
   660 #       790921  ns 657
   661 #       791131  ns 658
   662 #       791341  ns 659
   663 #       791431  ns 660
   664 #       791731  ns 661
   665 #       792031  ns 662
   666 #       792151  ns 663
   667 #       792901  ns 664
   668 #       793651  ns 665
   669 #       794401  ns 666
   670 #       795121  ns 667
   671 #       795301  ns 668
   672 #       795481  ns 669
   673 #       795571  ns 670
   674 #       795871  ns 671
   675 #       796201  ns 672
   676 #       796291  ns 673
   677 #       797281  ns 674
   678 #       798271  ns 675
   679 #       799261  ns 676
   680 #       800251  ns 677
   681 #       800311  ns 678
   682 #       800401  ns 679
   683 #       800491  ns 680
   684 #       800641  ns 681
   685 #       800791  ns 682
   686 #       800911  ns 683
   687 #       801241  ns 684
   688 #       801571  ns 685
   689 #       801901  ns 686
   690 #       802201  ns 687
   691 #       802261  ns 688
   692 #       802321  ns 689
   693 #       802441  ns 690
   694 #       802771  ns 691
   695 #       803101  ns 692
   696 #       803191  ns 693
   697 #       803491  ns 694
   698 #       803791  ns 695
   699 #       804091  ns 696
   700 #       804421  ns 697
   701 #       804631  ns 698
   702 #       804841  ns 699
   703 #       804931  ns 700
   704 #       804991  ns 701
   705 #       805081  ns 702
   706 #       805171  ns 703
   707 #       805711  ns 704
   708 #       806251  ns 705
   709 #       806791  ns 706
   710 #       807331  ns 707
   711 #       807511  ns 708
   712 #       807721  ns 709
   713 #       807841  ns 710
   714 #       808411  ns 711
   715 #       808951  ns 712
   716 #       809071  ns 713
   717 #       809161  ns 714
   718 #       809251  ns 715
   719 #       809341  ns 716
   720 #       809401  ns 717
   721 #       809941  ns 718
   722 #       810511  ns 719
   723 #       810631  ns 720
   724 #       810841  ns 721
   725 #       811051  ns 722
   726 #       811171  ns 723
   727 #       811501  ns 724
   728 #       811831  ns 725
   729 #       812161  ns 726
   730 #       812461  ns 727
   731 #       812761  ns 728
   732 #       813061  ns 729
   733 #       813181  ns 730
   734 #       813751  ns 731
   735 #       814291  ns 732
   736 #       814381  ns 733
   737 #       814561  ns 734
   738 #       814741  ns 735
   739 #       814921  ns 736
   740 #       815101  ns 737
   741 #       815161  ns 738
   742 #       815251  ns 739
   743 #       815341  ns 740
   744 #       815881  ns 741
   745 #       816421  ns 742
   746 #       816541  ns 743
   747 #       816631  ns 744
   748 #       816721  ns 745
   749 #       816811  ns 746
   750 #       816901  ns 747
   751 #       817411  ns 748
   752 #       817891  ns 749
   753 #       817981  ns 750
   754 #       818041  ns 751
   755 #       818101  ns 752
   756 #       818191  ns 753
   757 #       818341  ns 754
   758 #       818491  ns 755
   759 #       818641  ns 756
   760 #       818821  ns 757
   761 #       819151  ns 758
   762 #       819451  ns 759
   763 #       819541  ns 760
   764 #       819721  ns 761
   765 #       819901  ns 762
   766 #       819991  ns 763
   767 #       820171  ns 764
   768 #       820351  ns 765
   769 #       820531  ns 766
   770 #       820741  ns 767
   771 #       821071  ns 768
   772 #       821371  ns 769
   773 #       821491  ns 770
   774 #       821701  ns 771
   775 #       821881  ns 772
   776 #       821971  ns 773
   777 #       822931  ns 774
   778 #       823891  ns 775
   779 #       824851  ns 776
   780 #       825841  ns 777
   781 #       826171  ns 778
   782 #       826471  ns 779
   783 #       826591  ns 780
   784 #       826921  ns 781
   785 #       827221  ns 782
   786 #       827311  ns 783
   787 #       827851  ns 784
   788 #       828391  ns 785
   789 #       828931  ns 786
   790 #       829471  ns 787
   791 #       830401  ns 788
   792 #       831361  ns 789
   793 #       831481  ns 790
   794 #       831661  ns 791
   795 #       831811  ns 792
   796 #       831901  ns 793
   797 #       832201  ns 794
   798 #       832501  ns 795
   799 #       832801  ns 796
   800 #       833101  ns 797
   801 #       833641  ns 798
   802 #       834211  ns 799
   803 #       834331  ns 800
   804 #       834901  ns 801
   805 #       835471  ns 802
   806 #       835561  ns 803
   807 #       835771  ns 804
   808 #       835981  ns 805
   809 #       836191  ns 806
   810 #       836401  ns 807
   811 #       836551  ns 808
   812 #       836701  ns 809
   813 #       836821  ns 810
   814 #       837391  ns 811
   815 #       837931  ns 812
   816 #       838051  ns 813
   817 #       838381  ns 814
   818 #       838711  ns 815
   819 #       839041  ns 816
   820 #       839341  ns 817
   821 #       839401  ns 818
   822 #       839461  ns 819
   823 #       839581  ns 820
   824 #       839791  ns 821
   825 #       840001  ns 822
   826 #       840091  ns 823
   827 #       840391  ns 824
   828 #       840691  ns 825
   829 #       840991  ns 826
   830 #       841291  ns 827
   831 #       841351  ns 828
   832 #       841441  ns 829
   833 #       841561  ns 830
   834 #       841651  ns 831
   835 #       841711  ns 832
   836 #       841831  ns 833
   837 #       842401  ns 834
   838 #       842971  ns 835
   839 #       843541  ns 836
   840 #       844111  ns 837
   841 #       844681  ns 838
   842 #       845221  ns 839
   843 #       845341  ns 840
   844 #       845551  ns 841
   845 #       845731  ns 842
   846 #       845821  ns 843
   847 #       845881  ns 844
   848 #       845941  ns 845
   849 #       846001  ns 846
   850 #       846061  ns 847
   851 #       846361  ns 848
   852 #       846661  ns 849
   853 #       846751  ns 850
   854 #       847351  ns 851
   855 #       847951  ns 852
   856 #       848041  ns 853
   857 #       848101  ns 854
   858 #       848161  ns 855
   859 #       848221  ns 856
   860 #       848281  ns 857
   861 #       848551  ns 858
   862 #       848851  ns 859
   863 #       848971  ns 860
   864 #       849241  ns 861
   865 #       849511  ns 862
   866 #       849601  ns 863
   867 #       849871  ns 864
   868 #       850141  ns 865
   869 #       850411  ns 866
   870 #       850711  ns 867
   871 #       851281  ns 868
   872 #       851851  ns 869
   873 #       851971  ns 870
   874 #       852181  ns 871
   875 #       852391  ns 872
   876 #       852511  ns 873
   877 #       852601  ns 874
   878 #       852691  ns 875
   879 #       852781  ns 876
   880 #       852841  ns 877
   881 #       853021  ns 878
   882 #       853231  ns 879
   883 #       853321  ns 880
   884 #       853861  ns 881
   885 #       854431  ns 882
   886 #       854521  ns 883
   887 #       854701  ns 884
   888 #       854881  ns 885
   889 #       855061  ns 886
   890 #       855271  ns 887
   891 #       855841  ns 888
   892 #       856381  ns 889
   893 #       856501  ns 890
   894 #       857191  ns 891
   895 #       857851  ns 892
   896 #       857971  ns 893
   897 #       858781  ns 894
   898 #       859591  ns 895
   899 #       860401  ns 896
   900 #       861211  ns 897
   901 #       861391  ns 898
   902 #       861541  ns 899
   903 #       861631  ns 900
   904 #       862171  ns 901
   905 #       862711  ns 902
   906 #       862801  ns 903
   907 #       863311  ns 904
   908 #       863821  ns 905
   909 #       864331  ns 906
   910 #       864871  ns 907
   911 #       865201  ns 908
   912 #       865531  ns 909
   913 #       865621  ns 910
   914 #       865801  ns 911
   915 #       866011  ns 912
   916 #       866101  ns 913
   917 #       866401  ns 914
   918 #       866701  ns 915
   919 #       867001  ns 916
   920 #       867331  ns 917
   921 #       868351  ns 918
   922 #       869371  ns 919
   923 #       869491  ns 920
   924 #       869581  ns 921
   925 #       869671  ns 922
   926 #       869761  ns 923
   927 #       869821  ns 924
   928 #       869881  ns 925
   929 #       869941  ns 926
   930 #       870031  ns 927
   931 #       870211  ns 928
   932 #       870361  ns 929
   933 #       870481  ns 930
   934 #       870571  ns 931
   935 #       870661  ns 932
   936 #       870781  ns 933
   937 #       871771  ns 934
   938 #       872761  ns 935
   939 #       873751  ns 936
   940 #       874741  ns 937
   941 #       875311  ns 938
   942 #       875851  ns 939
   943 #       875941  ns 940
   944 #       876481  ns 941
   945 #       877051  ns 942
   946 #       877171  ns 943
   947 #       877471  ns 944
   948 #       877771  ns 945
   949 #       878071  ns 946
   950 #       878341  ns 947
   951 #       878641  ns 948
   952 #       878971  ns 949
   953 #       879061  ns 950
   954 #       879361  ns 951
   955 #       879661  ns 952
   956 #       879781  ns 953
   957 #       880831  ns 954
   958 #       881881  ns 955
   959 #       882931  ns 956
   960 #       883981  ns 957
   961 #       884551  ns 958
   962 #       885091  ns 959
   963 #       885211  ns 960
   964 #       885391  ns 961
   965 #       885541  ns 962
   966 #       885631  ns 963
   967 #       886141  ns 964
   968 #       886651  ns 965
   969 #       887161  ns 966
   970 #       887671  ns 967
   971 #       888211  ns 968
   972 #       888751  ns 969
   973 #       888871  ns 970
   974 #       888961  ns 971
   975 #       889021  ns 972
   976 #       889141  ns 973
   977 #       889711  ns 974
   978 #       890281  ns 975
   979 #       890851  ns 976
   980 #       891391  ns 977
   981 #       891691  ns 978
   982 #       891991  ns 979
   983 #       892081  ns 980
   984 #       892141  ns 981
   985 #       892201  ns 982
   986 #       892291  ns 983
   987 #       892351  ns 984
   988 #       892411  ns 985
   989 #       892471  ns 986
   990 #       892561  ns 987
   991 #       892861  ns 988
   992 #       893131  ns 989
   993 #       893221  ns 990
   994 #       893521  ns 991
   995 #       893851  ns 992
   996 #       893971  ns 993
   997 #       894541  ns 994
   998 #       895111  ns 995
   999 #       895681  ns 996
  1000 #       896251  ns 997
  1001 #       896581  ns 998
  1002 #       896911  ns 999
  1003 #       897031  ns 1000
  1004 #       897601  ns 1001
  1005 #       898141  ns 1002
  1006 #       898231  ns 1003
  1007 #       898381  ns 1004
  1008 #       898531  ns 1005
  1009 #       898681  ns 1006
  1010 #       898861  ns 1007
  1011 #       899041  ns 1008
  1012 #       899221  ns 1009
  1013 #       899311  ns 1010
  1014 #       899581  ns 1011
  1015 #       899851  ns 1012
  1016 #       899971  ns 1013
  1017 #       900301  ns 1014
  1018 #       900631  ns 1015
  1019 #       900961  ns 1016
  1020 #       901261  ns 1017
  1021 #       901561  ns 1018
  1022 #       901861  ns 1019
  1023 #       901981  ns 1020
  1024 #       902551  ns 1021
  1025 #       903121  ns 1022
  1026 #       903241  ns 1023
  1027 #       903331  ns 1024
  1028 #       903421  ns 1025
  1029 #       903511  ns 1026
  1030 #       903571  ns 1027
  1031 #       903871  ns 1028
  1032 #       904171  ns 1029
  1033 #       904261  ns 1030
  1034 #       904561  ns 1031
  1035 #       904861  ns 1032
  1036 #       904951  ns 1033
  1037 #       905491  ns 1034
  1038 #       906031  ns 1035
  1039 #       906571  ns 1036
  1040 #       907111  ns 1037
  1041 #       907291  ns 1038
  1042 #       907471  ns 1039
  1043 #       907591  ns 1040
  1044 #       908161  ns 1041
  1045 #       908701  ns 1042
  1046 #       908791  ns 1043
  1047 #       909241  ns 1044
  1048 #       909691  ns 1045
  1049 #       910141  ns 1046
  1050 #       910621  ns 1047
  1051 #       910951  ns 1048
  1052 #       911251  ns 1049
  1053 #       911341  ns 1050
  1054 #       911401  ns 1051
  1055 #       911491  ns 1052
  1056 #       911581  ns 1053
  1057 #       911641  ns 1054
  1058 #       911701  ns 1055
  1059 #       911761  ns 1056
  1060 #       911851  ns 1057
  1061 #       912181  ns 1058
  1062 #       912511  ns 1059
  1063 #       912601  ns 1060
  1064 #       913141  ns 1061
  1065 #       913681  ns 1062
  1066 #       913771  ns 1063
  1067 #       913831  ns 1064
  1068 #       913891  ns 1065
  1069 #       913951  ns 1066
  1070 #       914011  ns 1067
  1071 #       914281  ns 1068
  1072 #       914581  ns 1069
  1073 #       914701  ns 1070
  1074 #       914911  ns 1071
  1075 #       915121  ns 1072
  1076 #       915211  ns 1073
  1077 #       915391  ns 1074
  1078 #       915571  ns 1075
  1079 #       915751  ns 1076
  1080 #       915961  ns 1077
  1081 #       916861  ns 1078
  1082 #       917731  ns 1079
  1083 #       917851  ns 1080
  1084 #       918421  ns 1081
  1085 #       918991  ns 1082
  1086 #       919081  ns 1083
  1087 #       919951  ns 1084
  1088 #       920821  ns 1085
  1089 #       921691  ns 1086
  1090 #       922561  ns 1087
  1091 #       923101  ns 1088
  1092 #       923641  ns 1089
  1093 #       923761  ns 1090
  1094 #       924061  ns 1091
  1095 #       924361  ns 1092
  1096 #       924451  ns 1093
  1097 #       924631  ns 1094
  1098 #       924811  ns 1095
  1099 #       924991  ns 1096
  1100 #       925201  ns 1097
  1101 #       925561  ns 1098
  1102 #       925891  ns 1099
  1103 #       925981  ns 1100
  1104 #       926161  ns 1101
  1105 #       926371  ns 1102
  1106 #       926461  ns 1103
  1107 #       927001  ns 1104
  1108 #       927541  ns 1105
  1109 #       928081  ns 1106
  1110 #       928621  ns 1107
  1111 #       928891  ns 1108
  1112 #       929191  ns 1109
  1113 #       929311  ns 1110
  1114 #       929641  ns 1111
  1115 #       929941  ns 1112
  1116 #       930031  ns 1113
  1117 #       930571  ns 1114
  1118 #       931111  ns 1115
  1119 #       931651  ns 1116
  1120 #       932221  ns 1117
  1121 #       932311  ns 1118
  1122 #       932401  ns 1119
  1123 #       932521  ns 1120
  1124 #       932851  ns 1121
  1125 #       933181  ns 1122
  1126 #       933301  ns 1123
  1127 #       933391  ns 1124
  1128 #       933481  ns 1125
  1129 #       933571  ns 1126
  1130 #       933631  ns 1127
  1131 #       933931  ns 1128
  1132 #       934261  ns 1129
  1133 #       934351  ns 1130
  1134 #       934651  ns 1131
  1135 #       934951  ns 1132
  1136 #       935041  ns 1133
  1137 #       935101  ns 1134
  1138 #       935161  ns 1135
  1139 #       935221  ns 1136
  1140 #       935311  ns 1137
  1141 #       935641  ns 1138
  1142 #       935971  ns 1139
  1143 #       936091  ns 1140
  1144 #       936301  ns 1141
  1145 #       936511  ns 1142
  1146 #       936631  ns 1143
  1147 #       937201  ns 1144
  1148 #       937771  ns 1145
  1149 #       938341  ns 1146
  1150 #       938881  ns 1147
  1151 #       939001  ns 1148
  1152 #       939151  ns 1149
  1153 #       939241  ns 1150
  1154 #       939421  ns 1151
  1155 #       939601  ns 1152
  1156 #       939691  ns 1153
  1157 #       939841  ns 1154
  1158 #       939991  ns 1155
  1159 #       940141  ns 1156
  1160 #       940321  ns 1157
  1161 #       940531  ns 1158
  1162 #       940711  ns 1159
  1163 #       940831  ns 1160
  1164 #       940921  ns 1161
  1165 #       941011  ns 1162
  1166 #       941101  ns 1163
  1167 #       941401  ns 1164
  1168 #       941701  ns 1165
  1169 #       942001  ns 1166
  1170 #       942331  ns 1167
  1171 #       942541  ns 1168
  1172 #       942721  ns 1169
  1173 #       942841  ns 1170
  1174 #       943051  ns 1171
  1175 #       943231  ns 1172
  1176 #       943351  ns 1173
  1177 #       943681  ns 1174
  1178 #       944011  ns 1175
  1179 #       944341  ns 1176
  1180 #       944641  ns 1177
  1181 #       945181  ns 1178
  1182 #       945721  ns 1179
  1183 #       945811  ns 1180
  1184 #       946111  ns 1181
  1185 #       946441  ns 1182
  1186 #       946531  ns 1183
  1187 #       947371  ns 1184
  1188 #       948211  ns 1185
  1189 #       949051  ns 1186
  1190 #       949891  ns 1187
  1191 #       950191  ns 1188
  1192 #       950491  ns 1189
  1193 #       950611  ns 1190
  1194 #       950821  ns 1191
  1195 #       951001  ns 1192
  1196 #       951091  ns 1193
  1197 #       951631  ns 1194
  1198 #       952171  ns 1195
  1199 #       952711  ns 1196
  1200 #       953251  ns 1197
  1201 #       953581  ns 1198
  1202 #       953911  ns 1199
  1203 #       954031  ns 1200
  1204 #       954451  ns 1201
  1205 #       954871  ns 1202
  1206 #       954991  ns 1203
  1207 #       955561  ns 1204
  1208 #       956131  ns 1205
  1209 #       956701  ns 1206
  1210 #       957271  ns 1207
  1211 #       957841  ns 1208
  1212 #       958381  ns 1209
  1213 #       958501  ns 1210
  1214 #       958831  ns 1211
  1215 #       959161  ns 1212
  1216 #       959251  ns 1213
  1217 #       959311  ns 1214
  1218 #       959371  ns 1215
  1219 #       959431  ns 1216
  1220 #       959491  ns 1217
  1221 #       960031  ns 1218
  1222 #       960601  ns 1219
  1223 #       960691  ns 1220
  1224 #       960991  ns 1221
  1225 #       961291  ns 1222
  1226 #       961411  ns 1223
  1227 #       961981  ns 1224
  1228 #       962551  ns 1225
  1229 #       963121  ns 1226
  1230 #       963691  ns 1227
  1231 #       963781  ns 1228
  1232 #       963871  ns 1229
  1233 #       963961  ns 1230
  1234 #       964141  ns 1231
  1235 #       964351  ns 1232
  1236 #       964471  ns 1233
  1237 #       964681  ns 1234
  1238 #       964891  ns 1235
  1239 #       965101  ns 1236
  1240 #       965281  ns 1237
  1241 #       965461  ns 1238
  1242 #       965641  ns 1239
  1243 #       965731  ns 1240
  1244 #       965851  ns 1241
  1245 #       966001  ns 1242
  1246 #       966121  ns 1243
  1247 #       966451  ns 1244
  1248 #       966781  ns 1245
  1249 #       967111  ns 1246
  1250 #       967411  ns 1247
  1251 #       967471  ns 1248
  1252 #       967531  ns 1249
  1253 #       967651  ns 1250
  1254 #       967861  ns 1251
  1255 #       968041  ns 1252
  1256 #       968131  ns 1253
  1257 #       968431  ns 1254
  1258 #       968731  ns 1255
  1259 #       969031  ns 1256
  1260 #       969331  ns 1257
  1261 #       969811  ns 1258
  1262 #       970291  ns 1259
  1263 #       970381  ns 1260
  1264 #       970681  ns 1261
  1265 #       971011  ns 1262
  1266 #       971131  ns 1263
  1267 #       971701  ns 1264
  1268 #       972271  ns 1265
  1269 #       972841  ns 1266
  1270 #       973411  ns 1267
  1271 #       973621  ns 1268
  1272 #       973801  ns 1269
  1273 #       973891  ns 1270
  1274 #       974191  ns 1271
  1275 #       974521  ns 1272
  1276 #       974641  ns 1273
  1277 #       974971  ns 1274
  1278 #       975301  ns 1275
  1279 #       975631  ns 1276
  1280 #       975931  ns 1277
  1281 #       976231  ns 1278
  1282 #       976561  ns 1279
  1283 #       976651  ns 1280
  1284 #       976921  ns 1281
  1285 #       977221  ns 1282
  1286 #       977341  ns 1283
  1287 #       977551  ns 1284
  1288 #       977761  ns 1285
  1289 #       977971  ns 1286
  1290 #       978181  ns 1287
  1291 #       978391  ns 1288
  1292 #       978571  ns 1289
  1293 #       978661  ns 1290
  1294 #       978721  ns 1291
  1295 #       978811  ns 1292
  1296 #       978931  ns 1293
  1297 #       979261  ns 1294
  1298 #       979591  ns 1295
  1299 #       979921  ns 1296
  1300 #       980221  ns 1297
  1301 #       980761  ns 1298
  1302 #       981301  ns 1299
  1303 #       981421  ns 1300
  1304 #       981991  ns 1301
  1305 #       982561  ns 1302
  1306 #       982681  ns 1303
  1307 #       982891  ns 1304
  1308 #       983101  ns 1305
  1309 #       983311  ns 1306
  1310 #       983521  ns 1307
  1311 #       983731  ns 1308
  1312 #       983911  ns 1309
  1313 #       984001  ns 1310
  1314 #       984181  ns 1311
  1315 #       984391  ns 1312
  1316 #       984481  ns 1313
  1317 #       984781  ns 1314
  1318 #       985081  ns 1315
  1319 #       985381  ns 1316
  1320 #       985711  ns 1317
  1321 #       986041  ns 1318
  1322 #       986341  ns 1319
  1323 #       986461  ns 1320
  1324 #       986551  ns 1321
  1325 #       986641  ns 1322
  1326 #       986761  ns 1323
  1327 #       987331  ns 1324
  1328 #       987901  ns 1325
  1329 #       988471  ns 1326
  1330 #       989041  ns 1327
  1331 #       989221  ns 1328
  1332 #       989371  ns 1329
  1333 #       989491  ns 1330
  1334 #       989701  ns 1331
  1335 #       989911  ns 1332
  1336 #       990001  ns 1333
  1337 #       990181  ns 1334
  1338 #       990361  ns 1335
  1339 #       990541  ns 1336
  1340 #       990751  ns 1337
  1341 #       990961  ns 1338
  1342 #       991141  ns 1339
  1343 #       991231  ns 1340
  1344 #       992131  ns 1341
  1345 #       993061  ns 1342
  1346 #       993151  ns 1343
  1347 #       993451  ns 1344
  1348 #       993751  ns 1345
  1349 #       994051  ns 1346
  1350 #       994381  ns 1347
  1351 #       994891  ns 1348
  1352 #       995401  ns 1349
  1353 #       995521  ns 1350
  1354 #       995731  ns 1351
  1355 #       995911  ns 1352
  1356 #       996001  ns 1353
  1357 #       996301  ns 1354
  1358 #       996601  ns 1355
  1359 #       996901  ns 1356
  1360 #       997231  ns 1357
  1361 #       997531  ns 1358
  1362 #       997801  ns 1359
  1363 #       997921  ns 1360
  1364 #       998491  ns 1361
  1365 #       999061  ns 1362
  1366 #       999151  ns 1363
  1367 #       999451  ns 1364
  1368 #       999751  ns 1365
  1369 #      1000051  ns 1366
  1370 #      1000351  ns 1367
  1371 #      1000471  ns 1368
  1372 #      1000621  ns 1369
  1373 #      1000741  ns 1370
  1374 #      1001251  ns 1371
  1375 #      1001731  ns 1372
  1376 #      1001851  ns 1373
  1377 #      1002421  ns 1374
  1378 #      1002991  ns 1375
  1379 #      1003561  ns 1376
  1380 #      1004101  ns 1377
  1381 #      1004371  ns 1378
  1382 #      1004641  ns 1379
  1383 #      1004731  ns 1380
  1384 #      1004881  ns 1381
  1385 #      1005061  ns 1382
  1386 #      1005151  ns 1383
  1387 #      1005451  ns 1384
  1388 #      1005751  ns 1385
  1389 #      1006051  ns 1386
  1390 #      1006351  ns 1387
  1391 #      1006891  ns 1388
  1392 #      1007431  ns 1389
  1393 #      1007551  ns 1390
  1394 #      1008061  ns 1391
  1395 #      1008571  ns 1392
  1396 #      1008691  ns 1393
  1397 #      1008871  ns 1394
  1398 #      1009051  ns 1395
  1399 #      1009231  ns 1396
  1400 #      1009381  ns 1397
  1401 #      1009531  ns 1398
  1402 #      1009681  ns 1399
  1403 #      1009801  ns 1400
  1404 #      1010641  ns 1401
  1405 #      1011451  ns 1402
  1406 #      1011571  ns 1403
  1407 #      1011781  ns 1404
  1408 #      1011991  ns 1405
  1409 #      1012201  ns 1406
  1410 #      1012411  ns 1407
  1411 #      1012501  ns 1408
  1412 #      1012591  ns 1409
  1413 #      1012711  ns 1410
  1414 #      1012921  ns 1411
  1415 #      1013131  ns 1412
  1416 #      1013221  ns 1413
  1417 #      1013371  ns 1414
  1418 #      1013521  ns 1415
  1419 #      1013671  ns 1416
  1420 #      1013821  ns 1417
  1421 #      1014121  ns 1418
  1422 #      1014421  ns 1419
  1423 #      1014541  ns 1420
  1424 #      1014721  ns 1421
  1425 #      1014901  ns 1422
  1426 #      1015021  ns 1423
  1427 #      1016071  ns 1424
  1428 #      1017121  ns 1425
  1429 #      1018171  ns 1426
  1430 #      1019191  ns 1427
  1431 #      1019251  ns 1428
  1432 #      1019341  ns 1429
  1433 #      1019431  ns 1430
  1434 #      1019971  ns 1431
  1435 #      1020541  ns 1432
  1436 #      1020661  ns 1433
  1437 #      1020751  ns 1434
  1438 #      1020841  ns 1435
  1439 #      1020931  ns 1436
  1440 #      1020991  ns 1437
  1441 #      1021531  ns 1438
  1442 #      1022071  ns 1439
  1443 #      1022161  ns 1440
  1444 #      1022461  ns 1441
  1445 #      1022761  ns 1442
  1446 #      1022851  ns 1443
  1447 #      1023151  ns 1444
  1448 #      1023451  ns 1445
  1449 #      1023751  ns 1446
  1450 #      1024081  ns 1447
  1451 #      1024171  ns 1448
  1452 #      1024231  ns 1449
  1453 #      1024321  ns 1450
  1454 #      1024621  ns 1451
  1455 #      1024921  ns 1452
  1456 #      1025041  ns 1453
  1457 #      1025611  ns 1454
  1458 #      1026181  ns 1455
  1459 #      1026751  ns 1456
  1460 #      1027321  ns 1457
  1461 #      1027921  ns 1458
  1462 #      1028491  ns 1459
  1463 #      1028611  ns 1460
  1464 #      1029451  ns 1461
  1465 #      1030291  ns 1462
  1466 #      1030381  ns 1463
  1467 #      1030921  ns 1464
  1468 #      1031461  ns 1465
  1469 #      1032001  ns 1466
  1470 #      1032541  ns 1467
  1471 #      1032601  ns 1468
  1472 #      1032661  ns 1469
  1473 #      1032751  ns 1470
  1474 #      1032901  ns 1471
  1475 #      1033081  ns 1472
  1476 #      1033201  ns 1473
  1477 #      1033591  ns 1474
  1478 #      1033981  ns 1475
  1479 #      1034371  ns 1476
  1480 #      1034761  ns 1477
  1481 #      1035601  ns 1478
  1482 #      1036411  ns 1479
  1483 #      1036501  ns 1480
  1484 #      1036561  ns 1481
  1485 #      1036651  ns 1482
  1486 #      1036771  ns 1483
  1487 #      1037101  ns 1484
  1488 #      1037431  ns 1485
  1489 #      1037761  ns 1486
  1490 #      1038061  ns 1487
  1491 #      1038361  ns 1488
  1492 #      1038661  ns 1489
  1493 #      1038781  ns 1490
  1494 #      1039351  ns 1491
  1495 #      1039921  ns 1492
  1496 #      1040041  ns 1493
  1497 #      1040611  ns 1494
  1498 #      1041181  ns 1495
  1499 #      1041751  ns 1496
  1500 #      1042291  ns 1497
  1501 #      1042831  ns 1498
  1502 #      1043371  ns 1499
  1503 #      1043491  ns 1500
  1504 #      1043671  ns 1501
  1505 #      1043851  ns 1502
  1506 #      1043941  ns 1503
  1507 #      1044241  ns 1504
  1508 #      1044541  ns 1505
  1509 #      1044841  ns 1506
  1510 #      1045141  ns 1507
  1511 #      1045681  ns 1508
  1512 #      1046251  ns 1509
  1513 #      1046341  ns 1510
  1514 #      1046491  ns 1511
  1515 #      1046671  ns 1512
  1516 #      1046761  ns 1513
  1517 #      1047751  ns 1514
  1518 #      1048741  ns 1515
  1519 #      1049731  ns 1516
  1520 #      1050721  ns 1517
  1521 #      1051261  ns 1518
  1522 #      1051831  ns 1519
  1523 #      1051921  ns 1520
  1524 #      1052461  ns 1521
  1525 #      1053001  ns 1522
  1526 #      1053121  ns 1523
  1527 #      1053211  ns 1524
  1528 #      1053301  ns 1525
  1529 #      1053391  ns 1526
  1530 #      1053481  ns 1527
  1531 #      1053811  ns 1528
  1532 #      1054111  ns 1529
  1533 #      1054201  ns 1530
  1534 #      1054351  ns 1531
  1535 #      1054501  ns 1532
  1536 #      1054621  ns 1533
  1537 #      1054831  ns 1534
  1538 #      1055041  ns 1535
  1539 #      1055251  ns 1536
  1540 #      1055461  ns 1537
  1541 #      1055671  ns 1538
  1542 #      1055851  ns 1539
  1543 #      1055941  ns 1540
  1544 #      1056001  ns 1541
  1545 #      1056091  ns 1542
  1546 #      1056181  ns 1543
  1547 #      1056721  ns 1544
  1548 #      1057261  ns 1545
  1549 #      1057801  ns 1546
  1550 #      1058341  ns 1547
  1551 #      1058641  ns 1548
  1552 #      1058971  ns 1549
  1553 #      1059061  ns 1550
  1554 #      1059361  ns 1551
  1555 #      1059691  ns 1552
  1556 #      1059781  ns 1553
  1557 #      1060621  ns 1554
  1558 #      1061461  ns 1555
  1559 #      1062301  ns 1556
  1560 #      1063171  ns 1557
  1561 #      1063381  ns 1558
  1562 #      1063591  ns 1559
  1563 #      1063711  ns 1560
  1564 #      1064701  ns 1561
  1565 #      1065691  ns 1562
  1566 #      1065811  ns 1563
  1567 #      1066021  ns 1564
  1568 #      1066231  ns 1565
  1569 #      1066441  ns 1566
  1570 #      1066651  ns 1567
  1571 #      1066741  ns 1568
  1572 #      1066801  ns 1569
  1573 #      1066891  ns 1570
  1574 #      1067041  ns 1571
  1575 #      1067221  ns 1572
  1576 #      1067341  ns 1573
  1577 #      1067671  ns 1574
  1578 #      1068001  ns 1575
  1579 #      1068331  ns 1576
  1580 #      1068661  ns 1577
  1581 #      1069231  ns 1578
  1582 #      1069771  ns 1579
  1583 #      1069861  ns 1580
  1584 #      1070041  ns 1581
  1585 #      1070221  ns 1582
  1586 #      1070341  ns 1583
  1587 #      1070551  ns 1584
  1588 #      1070761  ns 1585
  1589 #      1070971  ns 1586
  1590 #      1071151  ns 1587
  1591 #      1071211  ns 1588
  1592 #      1071271  ns 1589
  1593 #      1071361  ns 1590
  1594 #      1071541  ns 1591
  1595 #      1071751  ns 1592
  1596 #      1071871  ns 1593
  1597 #      1072201  ns 1594
  1598 #      1072531  ns 1595
  1599 #      1072861  ns 1596
  1600 #      1073161  ns 1597
  1601 #      1073221  ns 1598
  1602 #      1073281  ns 1599
  1603 #      1073371  ns 1600
  1604 #      1073521  ns 1601
  1605 #      1073671  ns 1602
  1606 #      1073791  ns 1603
  1607 #      1074361  ns 1604
  1608 #      1074931  ns 1605
  1609 #      1075501  ns 1606
  1610 #      1076041  ns 1607
  1611 #      1076341  ns 1608
  1612 #      1076671  ns 1609
  1613 #      1076761  ns 1610
  1614 #      1077301  ns 1611
  1615 #      1077871  ns 1612
  1616 #      1077961  ns 1613
  1617 #      1078861  ns 1614
  1618 #      1079761  ns 1615
  1619 #      1080661  ns 1616
  1620 #      1081591  ns 1617
  1621 #      1081921  ns 1618
  1622 #      1082221  ns 1619
  1623 #      1082311  ns 1620
  1624 #      1082851  ns 1621
  1625 #      1083421  ns 1622
  1626 #      1083541  ns 1623
  1627 #      1084111  ns 1624
  1628 #      1084681  ns 1625
  1629 #      1085251  ns 1626
  1630 #      1085791  ns 1627
  1631 #      1086331  ns 1628
  1632 #      1086901  ns 1629
  1633 #      1086991  ns 1630
  1634 #      1087291  ns 1631
  1635 #      1087621  ns 1632
  1636 #      1087741  ns 1633
  1637 #      1088311  ns 1634
  1638 #      1088881  ns 1635
  1639 #      1089451  ns 1636
  1640 #      1090021  ns 1637
  1641 #      1090591  ns 1638
  1642 #      1091161  ns 1639
  1643 #      1091251  ns 1640
  1644 #      1092091  ns 1641
  1645 #      1092931  ns 1642
  1646 #      1093021  ns 1643
  1647 #      1093201  ns 1644
  1648 #      1093381  ns 1645
  1649 #      1093561  ns 1646
  1650 #      1093771  ns 1647
  1651 #      1094311  ns 1648
  1652 #      1094821  ns 1649
  1653 #      1094911  ns 1650
  1654 #      1095091  ns 1651
  1655 #      1095271  ns 1652
  1656 #      1095391  ns 1653
  1657 #      1095721  ns 1654
  1658 #      1096051  ns 1655
  1659 #      1096381  ns 1656
  1660 #      1096711  ns 1657
  1661 #      1097731  ns 1658
  1662 #      1098721  ns 1659
  1663 #      1098811  ns 1660
  1664 #      1099351  ns 1661
  1665 #      1099891  ns 1662
  1666 #      1099981  ns 1663
  1667 #      1100491  ns 1664
  1668 #      1101001  ns 1665
  1669 #      1101511  ns 1666
  1670 #      1102021  ns 1667
  1671 #      1102561  ns 1668
  1672 #      1103101  ns 1669
  1673 #      1103221  ns 1670
  1674 #      1104121  ns 1671
  1675 #      1105021  ns 1672
  1676 #      1105141  ns 1673
  1677 #      1105711  ns 1674
  1678 #      1106281  ns 1675
  1679 #      1106851  ns 1676
  1680 #      1107391  ns 1677
  1681 #      1107571  ns 1678
  1682 #      1107781  ns 1679
  1683 #      1107871  ns 1680
  1684 #      1108141  ns 1681
  1685 #      1108411  ns 1682
  1686 #      1108501  ns 1683
  1687 #      1108681  ns 1684
  1688 #      1108861  ns 1685
  1689 #      1109041  ns 1686
  1690 #      1109221  ns 1687
  1691 #      1109311  ns 1688
  1692 #      1109401  ns 1689
  1693 #      1109491  ns 1690
  1694 #      1109641  ns 1691
  1695 #      1109821  ns 1692
  1696 #      1109941  ns 1693
  1697 #      1110271  ns 1694
  1698 #      1110601  ns 1695
  1699 #      1110931  ns 1696
  1700 #      1111261  ns 1697
  1701 #      1111471  ns 1698
  1702 #      1111681  ns 1699
  1703 #      1111801  ns 1700
  1704 #      1112131  ns 1701
  1705 #      1112461  ns 1702
  1706 #      1112581  ns 1703
  1707 #      1112671  ns 1704
  1708 #      1112761  ns 1705
  1709 #      1112851  ns 1706
  1710 #      1112911  ns 1707
  1711 #      1113061  ns 1708
  1712 #      1113241  ns 1709
  1713 #      1113331  ns 1710
  1714 #      1113601  ns 1711
  1715 #      1113871  ns 1712
  1716 #      1113991  ns 1713
  1717 #      1114201  ns 1714
  1718 #      1114411  ns 1715
  1719 #      1114621  ns 1716
  1720 #      1114801  ns 1717
  1721 #      1115101  ns 1718
  1722 #      1115401  ns 1719
  1723 #      1115521  ns 1720
  1724 #      1115611  ns 1721
  1725 #      1115701  ns 1722
  1726 #      1115821  ns 1723
  1727 #      1116151  ns 1724
  1728 #      1116481  ns 1725
  1729 #      1116811  ns 1726
  1730 #      1117111  ns 1727
  1731 #      1117261  ns 1728
  1732 #      1117441  ns 1729
  1733 #      1117561  ns 1730
  1734 #      1118131  ns 1731
  1735 #      1118671  ns 1732
  1736 #      1118761  ns 1733
  1737 #      1118821  ns 1734
  1738 #      1118881  ns 1735
  1739 #      1118941  ns 1736
  1740 #      1119001  ns 1737
  1741 #      1119541  ns 1738
  1742 #      1120111  ns 1739
  1743 #      1120231  ns 1740
  1744 #      1120561  ns 1741
  1745 #      1120861  ns 1742
  1746 #      1120981  ns 1743
  1747 #      1121071  ns 1744
  1748 #      1121161  ns 1745
  1749 #      1121251  ns 1746
  1750 #      1121341  ns 1747
  1751 #      1121671  ns 1748
  1752 #      1121971  ns 1749
  1753 #      1122061  ns 1750
  1754 #      1122301  ns 1751
  1755 #      1122571  ns 1752
  1756 #      1122691  ns 1753
  1757 #      1123021  ns 1754
  1758 #      1123351  ns 1755
  1759 #      1123681  ns 1756
  1760 #      1123981  ns 1757
  1761 #      1124281  ns 1758
  1762 #      1124611  ns 1759
  1763 #      1124701  ns 1760
  1764 #      1124881  ns 1761
  1765 #      1125061  ns 1762
  1766 #      1125181  ns 1763
  1767 #      1125571  ns 1764
  1768 #      1125961  ns 1765
  1769 #      1126351  ns 1766
  1770 #      1126711  ns 1767
  1771 #      1126981  ns 1768
  1772 #      1127281  ns 1769
  1773 #      1127371  ns 1770
  1774 #      1127431  ns 1771
  1775 #      1127521  ns 1772
  1776 #      1127611  ns 1773
  1777 #      1127911  ns 1774
  1778 #      1128211  ns 1775
  1779 #      1128511  ns 1776
  1780 #      1128841  ns 1777
  1781 #      1129171  ns 1778
  1782 #      1129471  ns 1779
  1783 #      1129561  ns 1780
  1784 #      1129621  ns 1781
  1785 #      1129711  ns 1782
  1786 #      1129801  ns 1783
  1787 #      1129861  ns 1784
  1788 #      1129921  ns 1785
  1789 #      1129981  ns 1786
  1790 #      1130071  ns 1787
  1791 #      1130161  ns 1788
  1792 #      1130221  ns 1789
  1793 #      1130341  ns 1790
  1794 #      1130671  ns 1791
  1795 #      1130971  ns 1792
  1796 #      1131061  ns 1793
  1797 #      1131241  ns 1794
  1798 #      1131421  ns 1795
  1799 #      1131601  ns 1796
  1800 #      1131781  ns 1797
  1801 #      1132081  ns 1798
  1802 #      1132381  ns 1799
  1803 #      1132501  ns 1800
  1804 #      1132681  ns 1801
  1805 #      1132831  ns 1802
  1806 #      1132951  ns 1803
  1807 #      1133041  ns 1804
  1808 #      1133131  ns 1805
  1809 #      1133221  ns 1806
  1810 #      1133281  ns 1807
  1811 #      1133821  ns 1808
  1812 #      1134391  ns 1809
  1813 #      1134481  ns 1810
  1814 #      1135081  ns 1811
  1815 #      1135681  ns 1812
  1816 #      1135801  ns 1813
  1817 #      1136131  ns 1814
  1818 #      1136461  ns 1815
  1819 #      1136791  ns 1816
  1820 #      1137121  ns 1817
  1821 #      1137541  ns 1818
  1822 #      1137961  ns 1819
  1823 #      1138051  ns 1820
  1824 #      1138591  ns 1821
  1825 #      1139161  ns 1822
  1826 #      1139281  ns 1823
  1827 #      1139491  ns 1824
  1828 #      1139701  ns 1825
  1829 #      1139911  ns 1826
  1830 #      1140091  ns 1827
  1831 #      1140961  ns 1828
  1832 #      1141861  ns 1829
  1833 #      1141981  ns 1830
  1834 #      1142431  ns 1831
  1835 #      1142851  ns 1832
  1836 #      1142971  ns 1833
  1837 #      1143301  ns 1834
  1838 #      1143631  ns 1835
  1839 #      1143961  ns 1836
  1840 #      1144291  ns 1837
  1841 #      1144621  ns 1838
  1842 #      1144921  ns 1839
  1843 #      1145041  ns 1840
  1844 #      1145371  ns 1841
  1845 #      1145701  ns 1842
  1846 #      1145791  ns 1843
  1847 #      1146331  ns 1844
  1848 #      1146871  ns 1845
  1849 #      1147411  ns 1846
  1850 #      1147951  ns 1847
  1851 #      1148101  ns 1848
  1852 #      1148281  ns 1849
  1853 #      1148401  ns 1850
  1854 #      1148701  ns 1851
  1855 #      1149001  ns 1852
  1856 #      1149121  ns 1853
  1857 #      1149331  ns 1854
  1858 #      1149541  ns 1855
  1859 #      1149751  ns 1856
  1860 #      1149961  ns 1857
  1861 #      1150171  ns 1858
  1862 #      1150351  ns 1859
  1863 #      1150471  ns 1860
  1864 #      1150681  ns 1861
  1865 #      1150861  ns 1862
  1866 #      1150981  ns 1863
  1867 #      1151311  ns 1864
  1868 #      1151641  ns 1865
  1869 #      1151971  ns 1866
  1870 #      1152271  ns 1867
  1871 #      1152811  ns 1868
  1872 #      1153381  ns 1869
  1873 #      1153501  ns 1870
  1874 #      1153591  ns 1871
  1875 #      1153651  ns 1872
  1876 #      1153771  ns 1873
  1877 #      1154101  ns 1874
  1878 #      1154431  ns 1875
  1879 #      1154761  ns 1876
  1880 #      1155061  ns 1877
  1881 #      1155601  ns 1878
  1882 #      1156171  ns 1879
  1883 #      1156291  ns 1880
  1884 #      1156501  ns 1881
  1885 #      1156681  ns 1882
  1886 #      1156801  ns 1883
  1887 #      1157011  ns 1884
  1888 #      1157221  ns 1885
  1889 #      1157431  ns 1886
  1890 #      1157641  ns 1887
  1891 #      1158211  ns 1888
  1892 #      1158751  ns 1889
  1893 #      1158871  ns 1890
  1894 #      1159081  ns 1891
  1895 #      1159261  ns 1892
  1896 #      1159381  ns 1893
  1897 #      1159711  ns 1894
  1898 #      1160041  ns 1895
  1899 #      1160371  ns 1896
  1900 #      1160671  ns 1897
  1901 #      1161211  ns 1898
  1902 #      1161751  ns 1899
  1903 #      1161871  ns 1900
  1904 #      1162201  ns 1901
  1905 #      1162501  ns 1902
  1906 #      1162621  ns 1903
  1907 #      1163161  ns 1904
  1908 #      1163701  ns 1905
  1909 #      1164241  ns 1906
  1910 #      1164781  ns 1907
  1911 #      1164961  ns 1908
  1912 #      1165111  ns 1909
  1913 #      1165231  ns 1910
  1914 #      1165411  ns 1911
  1915 #      1165591  ns 1912
  1916 #      1165711  ns 1913
  1917 #      1166041  ns 1914
  1918 #      1166371  ns 1915
  1919 #      1166701  ns 1916
  1920 #      1167001  ns 1917
  1921 #      1167541  ns 1918
  1922 #      1168111  ns 1919
  1923 #      1168231  ns 1920
  1924 #      1168411  ns 1921
  1925 #      1168561  ns 1922
  1926 #      1168651  ns 1923
  1927 #      1168711  ns 1924
  1928 #      1168771  ns 1925
  1929 #      1168831  ns 1926
  1930 #      1168891  ns 1927
  1931 #      1168951  ns 1928
  1932 #      1169041  ns 1929
  1933 #      1169161  ns 1930
  1934 #      1169371  ns 1931
  1935 #      1169581  ns 1932
  1936 #      1169701  ns 1933
  1937 #      1169911  ns 1934
  1938 #      1170121  ns 1935
  1939 #      1170331  ns 1936
  1940 #      1170541  ns 1937
  1941 #      1171111  ns 1938
  1942 #      1171681  ns 1939
  1943 #      1171801  ns 1940
  1944 #      1172371  ns 1941
  1945 #      1172941  ns 1942
  1946 #      1173061  ns 1943
  1947 #      1173151  ns 1944
  1948 #      1173241  ns 1945
  1949 #      1173331  ns 1946
  1950 #      1173391  ns 1947
  1951 #      1173691  ns 1948
  1952 #      1174021  ns 1949
  1953 #      1174141  ns 1950
  1954 #      1174681  ns 1951
  1955 #      1175221  ns 1952
  1956 #      1175341  ns 1953
  1957 #      1175911  ns 1954
  1958 #      1176481  ns 1955
  1959 #      1177051  ns 1956
  1960 #      1177621  ns 1957
  1961 #      1178611  ns 1958
  1962 #      1179571  ns 1959
  1963 #      1179661  ns 1960
  1964 #      1179961  ns 1961
  1965 #      1180261  ns 1962
  1966 #      1180351  ns 1963
  1967 #      1180861  ns 1964
  1968 #      1181371  ns 1965
  1969 #      1181881  ns 1966
  1970 #      1182391  ns 1967
  1971 #      1182541  ns 1968
  1972 #      1182721  ns 1969
  1973 #      1182811  ns 1970
  1974 #      1183111  ns 1971
  1975 #      1183441  ns 1972
  1976 #      1183531  ns 1973
  1977 #      1183591  ns 1974
  1978 #      1183651  ns 1975
  1979 #      1183711  ns 1976
  1980 #      1183771  ns 1977
  1981 #      1184281  ns 1978
  1982 #      1184821  ns 1979
  1983 #      1184911  ns 1980
  1984 #      1185211  ns 1981
  1985 #      1185541  ns 1982
  1986 #      1185631  ns 1983
  1987 #      1186261  ns 1984
  1988 #      1186891  ns 1985
  1989 #      1187521  ns 1986
  1990 #      1188181  ns 1987
  1991 #      1188391  ns 1988
  1992 #      1188601  ns 1989
  1993 #      1188691  ns 1990
  1994 #      1189231  ns 1991
  1995 #      1189771  ns 1992
  1996 #      1189861  ns 1993
  1997 #      1190041  ns 1994
  1998 #      1190221  ns 1995
  1999 #      1190401  ns 1996
  2000 #      1190581  ns 1997
  2001 #      1190731  ns 1998
  2002 #      1190911  ns 1999
  2003 #      1191031  ns 2000
  2004 #      1191121  ns 2001
  2005 #      1191181  ns 2002
  2006 #      1191271  ns 2003
  2007 #      1191451  ns 2004
  2008 #      1191631  ns 2005
  2009 #      1191811  ns 2006
  2010 #      1191991  ns 2007
  2011 #      1192171  ns 2008
  2012 #      1192381  ns 2009
  2013 #      1192501  ns 2010
  2014 #      1192831  ns 2011
  2015 #      1193161  ns 2012
  2016 #      1193251  ns 2013
  2017 #      1193791  ns 2014
  2018 #      1194331  ns 2015
  2019 #      1194871  ns 2016
  2020 #      1195441  ns 2017
  2021 #      1195531  ns 2018
  2022 #      1195621  ns 2019
  2023 #      1195711  ns 2020
  2024 #      1195861  ns 2021
  2025 #      1196041  ns 2022
  2026 #      1196131  ns 2023
  2027 #      1196431  ns 2024
  2028 #      1196731  ns 2025
  2029 #      1197031  ns 2026
  2030 #      1197361  ns 2027
  2031 #      1197451  ns 2028
  2032 #      1197541  ns 2029
  2033 #      1197661  ns 2030
  2034 #      1197991  ns 2031
  2035 #      1198291  ns 2032
  2036 #      1198381  ns 2033
  2037 #      1198681  ns 2034
  2038 #      1198981  ns 2035
  2039 #      1199281  ns 2036
  2040 #      1199581  ns 2037
  2041 #      1199641  ns 2038
  2042 #      1199701  ns 2039
  2043 #      1199821  ns 2040
  2044 #      1200331  ns 2041
  2045 #      1200841  ns 2042
  2046 #      1200931  ns 2043
  2047 #      1201111  ns 2044
  2048 #      1201291  ns 2045
  2049 #      1201471  ns 2046
  2050 #      1201651  ns 2047
  2051 #      1202191  ns 2048
  2052 #      1202761  ns 2049
  2053 #      1202851  ns 2050
  2054 #      1203031  ns 2051
  2055 #      1203241  ns 2052
  2056 #      1203331  ns 2053
  2057 #      1203871  ns 2054
  2058 #      1204411  ns 2055
  2059 #      1204951  ns 2056
  2060 #      1205491  ns 2057
  2061 #      1205791  ns 2058
  2062 #      1206091  ns 2059
  2063 #      1206211  ns 2060
  2064 #      1207201  ns 2061
  2065 #      1208161  ns 2062
  2066 #      1208281  ns 2063
  2067 #      1208491  ns 2064
  2068 #      1208701  ns 2065
  2069 #      1208911  ns 2066
  2070 #      1209091  ns 2067
  2071 #      1209631  ns 2068
  2072 #      1210171  ns 2069
  2073 #      1210261  ns 2070
  2074 #      1210411  ns 2071
  2075 #      1210591  ns 2072
  2076 #      1210681  ns 2073
  2077 #      1211221  ns 2074
  2078 #      1211761  ns 2075
  2079 #      1212301  ns 2076
  2080 #      1212871  ns 2077
  2081 #      1212961  ns 2078
  2082 #      1213051  ns 2079
  2083 #      1213141  ns 2080
  2084 #      1213441  ns 2081
  2085 #      1213741  ns 2082
  2086 #      1213831  ns 2083
  2087 #      1214011  ns 2084
  2088 #      1214191  ns 2085
  2089 #      1214371  ns 2086
  2090 #      1214551  ns 2087
  2091 #      1214611  ns 2088
  2092 #      1214701  ns 2089
  2093 #      1214791  ns 2090
  2094 #      1214971  ns 2091
  2095 #      1215151  ns 2092
  2096 #      1215271  ns 2093
  2097 #      1215601  ns 2094
  2098 #      1215931  ns 2095
  2099 #      1216261  ns 2096
  2100 #      1216561  ns 2097
  2101 #      1217431  ns 2098
  2102 #      1218301  ns 2099
  2103 #      1218391  ns 2100
  2104 #      1218931  ns 2101
  2105 #      1219471  ns 2102
  2106 #      1219591  ns 2103
  2107 #      1219801  ns 2104
  2108 #      1220011  ns 2105
  2109 #      1220221  ns 2106
  2110 #      1220401  ns 2107
  2111 #      1220461  ns 2108
  2112 #      1220551  ns 2109
  2113 #      1220671  ns 2110
  2114 #      1221241  ns 2111
  2115 #      1221781  ns 2112
  2116 #      1221871  ns 2113
  2117 #      1222051  ns 2114
  2118 #      1222231  ns 2115
  2119 #      1222411  ns 2116
  2120 #      1222591  ns 2117
  2121 #      1223101  ns 2118
  2122 #      1223641  ns 2119
  2123 #      1223761  ns 2120
  2124 #      1223971  ns 2121
  2125 #      1224151  ns 2122
  2126 #      1224271  ns 2123
  2127 #      1224361  ns 2124
  2128 #      1224451  ns 2125
  2129 #      1224541  ns 2126
  2130 #      1224631  ns 2127
  2131 #      1224961  ns 2128
  2132 #      1225261  ns 2129
  2133 #      1225381  ns 2130
  2134 #      1225951  ns 2131
  2135 #      1226521  ns 2132
  2136 #      1226641  ns 2133
  2137 #      1226971  ns 2134
  2138 #      1227301  ns 2135
  2139 #      1227631  ns 2136
  2140 #      1227961  ns 2137
  2141 #      1228171  ns 2138
  2142 #      1228381  ns 2139
  2143 #      1228471  ns 2140
  2144 #      1228771  ns 2141
  2145 #      1229071  ns 2142
  2146 #      1229161  ns 2143
  2147 #      1229461  ns 2144
  2148 #      1229761  ns 2145
  2149 #      1230061  ns 2146
  2150 #      1230391  ns 2147
  2151 #      1230481  ns 2148
  2152 #      1230571  ns 2149
  2153 #      1230691  ns 2150
  2154 #      1231321  ns 2151
  2155 #      1231951  ns 2152
  2156 #      1232071  ns 2153
  2157 #      1232281  ns 2154
  2158 #      1232491  ns 2155
  2159 #      1232701  ns 2156
  2160 #      1232911  ns 2157
  2161 #      1233841  ns 2158
  2162 #      1234771  ns 2159
  2163 #      1234861  ns 2160
  2164 #      1235041  ns 2161
  2165 #      1235221  ns 2162
  2166 #      1235341  ns 2163
  2167 #      1235521  ns 2164
  2168 #      1235701  ns 2165
  2169 #      1235881  ns 2166
  2170 #      1236031  ns 2167
  2171 #      1236121  ns 2168
  2172 #      1236211  ns 2169
  2173 #      1236301  ns 2170
  2174 #      1236361  ns 2171
  2175 #      1236421  ns 2172
  2176 #      1236511  ns 2173
  2177 #      1236661  ns 2174
  2178 #      1236811  ns 2175
  2179 #      1236961  ns 2176
  2180 #      1237141  ns 2177
  2181 #      1237711  ns 2178
  2182 #      1238281  ns 2179
  2183 #      1238371  ns 2180
  2184 #      1238911  ns 2181
  2185 #      1239451  ns 2182
  2186 #      1239571  ns 2183
  2187 #      1239781  ns 2184
  2188 #      1239991  ns 2185
  2189 #      1240201  ns 2186
  2190 #      1240411  ns 2187
  2191 #      1240981  ns 2188
  2192 #      1241551  ns 2189
  2193 #      1241671  ns 2190
  2194 #      1242121  ns 2191
  2195 #      1242571  ns 2192
  2196 #      1242691  ns 2193
  2197 #      1243261  ns 2194
  2198 #      1243831  ns 2195
  2199 #      1244401  ns 2196
  2200 #      1244941  ns 2197
  2201 #      1245241  ns 2198
  2202 #      1245571  ns 2199
  2203 #      1245691  ns 2200
  2204 #      1246261  ns 2201
  2205 #      1246831  ns 2202
  2206 #      1246921  ns 2203
  2207 #      1246981  ns 2204
  2208 #      1247041  ns 2205
  2209 #      1247101  ns 2206
  2210 #      1247161  ns 2207
  2211 #      1247701  ns 2208
  2212 #      1248241  ns 2209
  2213 #      1248331  ns 2210
  2214 #      1248631  ns 2211
  2215 #      1248961  ns 2212
  2216 #      1249051  ns 2213
  2217 #      1249321  ns 2214
  2218 #      1249591  ns 2215
  2219 #      1249861  ns 2216
  2220 #      1250161  ns 2217
  2221 #      1250341  ns 2218
  2222 #      1250521  ns 2219
  2223 #      1250641  ns 2220
  2224 #      1251211  ns 2221
  2225 #      1251781  ns 2222
  2226 #      1251901  ns 2223
  2227 #      1252111  ns 2224
  2228 #      1252321  ns 2225
  2229 #      1252531  ns 2226
  2230 #      1252711  ns 2227
  2231 #      1253251  ns 2228
  2232 #      1253791  ns 2229
  2233 #      1253881  ns 2230
  2234 #      1253941  ns 2231
  2235 #      1254001  ns 2232
  2236 #      1254091  ns 2233
  2237 #      1254631  ns 2234
  2238 #      1255171  ns 2235
  2239 #      1255711  ns 2236
  2240 #      1256281  ns 2237
  2241 #      1256491  ns 2238
  2242 #      1256671  ns 2239
  2243 #      1256761  ns 2240
  2244 #      1257361  ns 2241
  2245 #      1257961  ns 2242
  2246 #      1258051  ns 2243
  2247 #      1258351  ns 2244
  2248 #      1258651  ns 2245
  2249 #      1258951  ns 2246
  2250 #      1259281  ns 2247
  2251 #      1259611  ns 2248
  2252 #      1259911  ns 2249
  2253 #      1260001  ns 2250
  2254 #      1260301  ns 2251
  2255 #      1260601  ns 2252
  2256 #      1260691  ns 2253
  2257 #      1260751  ns 2254
  2258 #      1260811  ns 2255
  2259 #      1260871  ns 2256
  2260 #      1260931  ns 2257
  2261 #      1261111  ns 2258
  2262 #      1261291  ns 2259
  2263 #      1261411  ns 2260
  2264 #      1261741  ns 2261
  2265 #      1262071  ns 2262
  2266 #      1262161  ns 2263
  2267 #      1262671  ns 2264
  2268 #      1263181  ns 2265
  2269 #      1263691  ns 2266
  2270 #      1264201  ns 2267
  2271 #      1265251  ns 2268
  2272 #      1266331  ns 2269
  2273 #      1266451  ns 2270
  2274 #      1266541  ns 2271
  2275 #      1266631  ns 2272
  2276 #      1266751  ns 2273
  2277 #      1266961  ns 2274
  2278 #      1267171  ns 2275
  2279 #      1267381  ns 2276
  2280 #      1267561  ns 2277
  2281 #      1267711  ns 2278
  2282 #      1267891  ns 2279
  2283 #      1267981  ns 2280
  2284 #      1268581  ns 2281
  2285 #      1269181  ns 2282
  2286 #      1269301  ns 2283
  2287 #      1269871  ns 2284
  2288 #      1270441  ns 2285
  2289 #      1271011  ns 2286
  2290 #      1271551  ns 2287
  2291 #      1271611  ns 2288
  2292 #      1271701  ns 2289
  2293 #      1271791  ns 2290
  2294 #      1271941  ns 2291
  2295 #      1272091  ns 2292
  2296 #      1272181  ns 2293
  2297 #      1272721  ns 2294
  2298 #      1273261  ns 2295
  2299 #      1273801  ns 2296
  2300 #      1274371  ns 2297
  2301 #      1274701  ns 2298
  2302 #      1275031  ns 2299
  2303 #      1275151  ns 2300
  2304 #      1276201  ns 2301
  2305 #      1277221  ns 2302
  2306 #      1277341  ns 2303
  2307 #      1277671  ns 2304
  2308 #      1278001  ns 2305
  2309 #      1278331  ns 2306
  2310 #      1278661  ns 2307
  2311 #      1279201  ns 2308
  2312 #      1279711  ns 2309
  2313 #      1279801  ns 2310
  2314 #      1280341  ns 2311
  2315 #      1280881  ns 2312
  2316 #      1280971  ns 2313
  2317 #      1281511  ns 2314
  2318 #      1282051  ns 2315
  2319 #      1282591  ns 2316
  2320 #      1283131  ns 2317
  2321 #      1283191  ns 2318
  2322 #      1283281  ns 2319
  2323 #      1283401  ns 2320
  2324 #      1283731  ns 2321
  2325 #      1284061  ns 2322
  2326 #      1284181  ns 2323
  2327 #      1284751  ns 2324
  2328 #      1285321  ns 2325
  2329 #      1285891  ns 2326
  2330 #      1286431  ns 2327
  2331 #      1286611  ns 2328
  2332 #      1286791  ns 2329
  2333 #      1286911  ns 2330
  2334 #      1287211  ns 2331
  2335 #      1287481  ns 2332
  2336 #      1287601  ns 2333
  2337 #      1287691  ns 2334
  2338 #      1287781  ns 2335
  2339 #      1287871  ns 2336
  2340 #      1287931  ns 2337
  2341 #      1288471  ns 2338
  2342 #      1289011  ns 2339
  2343 #      1289131  ns 2340
  2344 #      1289701  ns 2341
  2345 #      1290271  ns 2342
  2346 #      1290391  ns 2343
  2347 #      1290961  ns 2344
  2348 #      1291531  ns 2345
  2349 #      1292101  ns 2346
  2350 #      1292671  ns 2347
  2351 #      1293451  ns 2348
  2352 #      1294201  ns 2349
  2353 #      1294321  ns 2350
  2354 #      1294411  ns 2351
  2355 #      1294471  ns 2352
  2356 #      1294561  ns 2353
  2357 #      1294861  ns 2354
  2358 #      1295161  ns 2355
  2359 #      1295461  ns 2356
  2360 #      1295761  ns 2357
  2361 #      1296301  ns 2358
  2362 #      1296871  ns 2359
  2363 #      1296961  ns 2360
  2364 #      1297261  ns 2361
  2365 #      1297591  ns 2362
  2366 #      1297711  ns 2363
  2367 #      1298041  ns 2364
  2368 #      1298371  ns 2365
  2369 #      1298701  ns 2366
  2370 #      1299001  ns 2367
  2371 #      1299391  ns 2368
  2372 #      1299811  ns 2369
  2373 #      1299931  ns 2370
  2374 #      1300021  ns 2371
  2375 #      1300081  ns 2372
  2376 #      1300171  ns 2373
  2377 #      1300621  ns 2374
  2378 #      1301071  ns 2375
  2379 #      1301521  ns 2376
  2380 #      1301971  ns 2377
  2381 #      1302511  ns 2378
  2382 #      1303081  ns 2379
  2383 #      1303201  ns 2380
  2384 #      1303501  ns 2381
  2385 #      1303801  ns 2382
  2386 #      1303921  ns 2383
  2387 #      1304251  ns 2384
  2388 #      1304581  ns 2385
  2389 #      1304911  ns 2386
  2390 #      1305211  ns 2387
  2391 #      1305391  ns 2388
  2392 #      1305601  ns 2389
  2393 #      1305691  ns 2390
  2394 #      1305991  ns 2391
  2395 #      1306321  ns 2392
  2396 #      1306411  ns 2393
  2397 #      1306711  ns 2394
  2398 #      1307011  ns 2395
  2399 #      1307311  ns 2396
  2400 #      1307641  ns 2397
  2401 #      1307731  ns 2398
  2402 #      1307791  ns 2399
  2403 #      1307911  ns 2400
  2404 #      1308091  ns 2401
  2405 #      1308271  ns 2402
  2406 #      1308361  ns 2403
  2407 #      1308901  ns 2404
  2408 #      1309441  ns 2405
  2409 #      1309981  ns 2406
  2410 #      1310551  ns 2407
  2411 #      1310731  ns 2408
  2412 #      1310911  ns 2409
  2413 #      1311031  ns 2410
  2414 #      1311361  ns 2411
  2415 #      1311661  ns 2412
  2416 #      1311751  ns 2413
  2417 #      1312291  ns 2414
  2418 #      1312831  ns 2415
  2419 #      1313371  ns 2416
  2420 #      1313941  ns 2417
  2421 #      1314121  ns 2418
  2422 #      1314301  ns 2419
  2423 #      1314391  ns 2420
  2424 #      1314931  ns 2421
  2425 #      1315501  ns 2422
  2426 #      1315591  ns 2423
  2427 #      1316131  ns 2424
  2428 #      1316671  ns 2425
  2429 #      1317211  ns 2426
  2430 #      1317781  ns 2427
  2431 #      1317991  ns 2428
  2432 #      1318201  ns 2429
  2433 #      1318291  ns 2430
  2434 #      1319341  ns 2431
  2435 #      1320391  ns 2432
  2436 #      1320511  ns 2433
  2437 #      1320721  ns 2434
  2438 #      1320931  ns 2435
  2439 #      1321141  ns 2436
  2440 #      1321321  ns 2437
  2441 #      1321831  ns 2438
  2442 #      1322341  ns 2439
  2443 #      1322431  ns 2440
  2444 #      1322731  ns 2441
  2445 #      1323031  ns 2442
  2446 #      1323121  ns 2443
  2447 #      1323181  ns 2444
  2448 #      1323241  ns 2445
  2449 #      1323301  ns 2446
  2450 #      1323391  ns 2447
  2451 #      1323961  ns 2448
===========================================================================================
 Transaction Overview
===========================================================================================

   TOTAL transactions :: (by type)
     SINGLE :  286 transactions
       INCR :  732 transactions
      INCR4 :  241 transactions
      INCR8 :  222 transactions
     INCR16 :  259 transactions
      WRAP4 :  225 transactions
      WRAP8 :  247 transactions
     WRAP16 :  236 transactions
      total : 2448 transactions
-------------------------------------------------------------------------------------------
   WRITE transactions :: (by type)
     SINGLE :  138 transactions
       INCR :  368 transactions
      INCR4 :  116 transactions
      INCR8 :  127 transactions
     INCR16 :  126 transactions
      WRAP4 :  120 transactions
      WRAP8 :  119 transactions
     WRAP16 :  115 transactions
      total : 1229 transactions
-------------------------------------------------------------------------------------------
   READ  transactions :: (by type)
     SINGLE :  148 transactions
       INCR :  364 transactions
      INCR4 :  125 transactions
      INCR8 :   95 transactions
     INCR16 :  133 transactions
      WRAP4 :  105 transactions
      WRAP8 :  128 transactions
     WRAP16 :  121 transactions
      total : 1219 transactions

===========================================================================================
   WRITE transactions :: (by size, type)
   1 byte wide burst
     SINGLE :   42 transactions
       INCR :  121 transactions
      INCR4 :   45 transactions
      INCR8 :   52 transactions
     INCR16 :   42 transactions
      WRAP4 :   38 transactions
      WRAP8 :   34 transactions
     WRAP16 :   34 transactions
      total :  408 transactions
-------------------------------------------------------------------------------------------
   2 byte wide burst
     SINGLE :   47 transactions
       INCR :  115 transactions
      INCR4 :   26 transactions
      INCR8 :   39 transactions
     INCR16 :   46 transactions
      WRAP4 :   47 transactions
      WRAP8 :   51 transactions
     WRAP16 :   43 transactions
      total :  414 transactions
-------------------------------------------------------------------------------------------
   4 byte wide burst
     SINGLE :   49 transactions
       INCR :  132 transactions
      INCR4 :   45 transactions
      INCR8 :   36 transactions
     INCR16 :   38 transactions
      WRAP4 :   35 transactions
      WRAP8 :   34 transactions
     WRAP16 :   38 transactions
      total :  407 transactions
-------------------------------------------------------------------------------------------
Total WRITE : 1229 transactions

===========================================================================================
   READ  transactions :: (by size, type)
   1 byte wide burst
     SINGLE :   39 transactions
       INCR :  116 transactions
      INCR4 :   38 transactions
      INCR8 :   34 transactions
     INCR16 :   36 transactions
      WRAP4 :   36 transactions
      WRAP8 :   49 transactions
     WRAP16 :   38 transactions
      total :  386 transactions
-------------------------------------------------------------------------------------------
   2 byte wide burst
     SINGLE :   46 transactions
       INCR :  106 transactions
      INCR4 :   46 transactions
      INCR8 :   32 transactions
     INCR16 :   37 transactions
      WRAP4 :   34 transactions
      WRAP8 :   45 transactions
     WRAP16 :   43 transactions
      total :  389 transactions
-------------------------------------------------------------------------------------------
   4 byte wide burst
     SINGLE :   63 transactions
       INCR :  142 transactions
      INCR4 :   41 transactions
      INCR8 :   29 transactions
     INCR16 :   60 transactions
      WRAP4 :   35 transactions
      WRAP8 :   34 transactions
     WRAP16 :   40 transactions
      total :  444 transactions
-------------------------------------------------------------------------------------------
Total READ  : 1219 transactions
===========================================================================================
