Revision history of the custom Perl namespace ~/ws/perl/lib

NOTE    See README_lib, this document is only handling changes

# DATE          VERSION     Description
# ================================================================================================
# 05-06-2019                Created perl/lib/lib.changes tracking Namespace  
#               v1.01.01    CLI::       Existing namespace 
#                           Create::    Existing namespace
#                           File::      Existing namespace
#                           Logging::   Existing namespace
#                           PPCOV::     Existing namespace, Application
#                           Test::      Existing namespace, Experimental
#                           ARM::       Existing namespace, Technology
#                           Dbg.pm      Existing module
#                           Find.pm     Existing module
#                           UTF8.pm     Existing module,    Moved File::IO::UTF8::
#                           XLSX.pm     Existing module
#                           XLM.pm      Existing module
#               v1.01.02    Removed     UTF8.pm, deprecated
#                           Refactor    Application:: namespace
#                           Create      App::   for Application::   namespace
# 07-04-2020    v1.01.03    Add         Terminal.pm module          Terminal colored formated output
# 09-20-2020    v1.01.04    Add         ./lib/EXP
# 09-20-2020    v1.01.05    Refactor    ./lib/README.md
#                           To          ./lib/README_lib
# 09-20-2020    v1.01.06    Create      KPI::   for KeyPerformanceIndicator::   namespace
#               v1.01.07    Refactor    ./lib/KPI.pm                empty module
#                           To          ./lib/KPI/Messen.pm
