 ================================================================================
 Tracefile   : uvm_test_top.top_env_i.ahbfab_env_i.mvc_ahb_mon_6_env_i.logger_handle_ahb
               /mnt/ussjf-asic2/workarea1/lkamired/niue1z1_tmp/lkamired/wa_performance/SIM/top/ahbfab_cov.m33i_ram0/uvm_test_top.top_env_i.ahbfab_env_i.mvc_ahb_mon_6_env_i_ahb_beat.log
 Synopsis    : Transaction Analysis, spanning multiple Transfers
 Logfile     : reports/ahbfab_cov.m33i_ram0/mvc_ahb_mon_6/transaction.log
 Script      : parse_ahb_tracker.pl 1.04.01
 Date        : 2018-09-22
 Time        :   17:23:56
 Cycle       :         40 ns
 Frequency   :      25.00 MHz
 ================================================================================
     1 #       606261
     2 #       606441
     3 #       606611
     4 #       606781
     5 #       606941
     6 #       607116
     7 #       607271
     8 #       607446
     9 #       607601
    10 #       607781
    11 #       607941
    12 #       608111
    13 #       608281
    14 #       608681
    15 #       608761
    16 #       608856
    17 #       608951
    18 #       609046
    19 #       609071
    20 #       609136
    21 #       609231
    22 #       609326
    23 #       609421
    24 #       609491
    25 #       609511
    26 #       609601
    27 #       609691
    28 #       609786
    29 #       609876
    30 #       609926
    31 #       609971
    32 #       610066
    33 #       610301
    34 #       610381
    35 #       610761
    36 #       610951
    37 #       611231
    38 #       611521
    39 #       611651
    40 #       612061
    41 #       612101
    42 #       612556
    43 #       612601
    44 #       613031
    45 #       613171
    46 #       613421
    47 #       613711
    48 #       613841
    49 #       614231
    50 #       614251
    51 #       614681
    52 #       614791
    53 #       615111
    54 #       615331
    55 #       615521
    56 #       615901
    57 #       615921
    58 #       616361
    59 #       616441
    60 #       617011
    61 #       617581
    62 #       618151
    63 #       618721
    64 #       619246
    65 #       619261
    66 #       619521
    67 #       619761
    68 #       619831
    69 #       620046
    70 #       620331
    71 #       620371
    72 #       620586
    73 #       620606
    74 #       620681
    75 #       620776
    76 #       620851
    77 #       620871
    78 #       620966
    79 #       621061
    80 #       621121
    81 #       621151
    82 #       621236
    83 #       621326
    84 #       621366
    85 #       621371
    86 #       621416
    87 #       621466
    88 #       621496
    89 #       621561
    90 #       621601
    91 #       621606
    92 #       621731
    93 #       621861
    94 #       621906
    95 #       621946
    96 #       622126
    97 #       622191
    98 #       622271
    99 #       622351
   100 #       622401
   101 #       622516
   102 #       622641
   103 #       622646
   104 #       622741
   105 #       622836
   106 #       622921
   107 #       622926
   108 #       623031
   109 #       623161
   110 #       623226
   111 #       623301
   112 #       623441
   113 #       623471
   114 #       623601
   115 #       623681
   116 #       623791
   117 #       623936
   118 #       623996
   119 #       624161
   120 #       624201
   121 #       624381
   122 #       624586
   123 #       624736
   124 #       624841
   125 #       625001
   126 #       625091
   127 #       625231
   128 #       625346
   129 #       625581
   130 #       625741
   131 #       625821
   132 #       625981
   133 #       626036
   134 #       626126
   135 #       626336
   136 #       626551
   137 #       626701
   138 #       626741
   139 #       626886
   140 #       627026
   141 #       627101
   142 #       627131
   143 #       627146
   144 #       627256
   145 #       627361
   146 #       627501
   147 #       627536
   148 #       627561
   149 #       627701
   150 #       627746
   151 #       627936
   152 #       627971
   153 #       627986
   154 #       628081
   155 #       628171
   156 #       628221
   157 #       628236
   158 #       628251
   159 #       628271
   160 #       628321
   161 #       628366
   162 #       628381
   163 #       628401
   164 #       628411
   165 #       628441
   166 #       628471
   167 #       628501
   168 #       628591
   169 #       628841
   170 #       628921
   171 #       629041
   172 #       629266
   173 #       629611
   174 #       629681
   175 #       630081
   176 #       630151
   177 #       630241
   178 #       630301
   179 #       630361
   180 #       630421
   181 #       630461
   182 #       630511
   183 #       630721
   184 #       630886
   185 #       630931
   186 #       631051
   187 #       631141
   188 #       631231
   189 #       631301
   190 #       631321
   191 #       631761
   192 #       631861
   193 #       632141
   194 #       632401
   195 #       632606
   196 #       632941
   197 #       632981
   198 #       633436
   199 #       633511
   200 #       633841
   201 #       633851
   202 #       634141
   203 #       634261
   204 #       634311
   205 #       634751
   206 #       634831
   207 #       635401
   208 #       635491
   209 #       636031
   210 #       636571
   211 #       637111
   212 #       637681
   213 #       637891
   214 #       638101
   215 #       638221
   216 #       638971
   217 #       639721
   218 #       639811
   219 #       640351
   220 #       640891
   221 #       641431
   222 #       641971
   223 #       642031
   224 #       642091
   225 #       642211
   226 #       642421
   227 #       642631
   228 #       642721
   229 #       642871
   230 #       643021
   231 #       643171
   232 #       643321
   233 #       643381
   234 #       643441
   235 #       643531
   236 #       644071
   237 #       644611
   238 #       644701
   239 #       645241
   240 #       645781
   241 #       646321
   242 #       646861
   243 #       647461
   244 #       648061
   245 #       648151
   246 #       648691
   247 #       649231
   248 #       649351
   249 #       650281
   250 #       651211
   251 #       652141
   252 #       653071
   253 #       653281
   254 #       653491
   255 #       653581
   256 #       654121
   257 #       654691
   258 #       654781
   259 #       654841
   260 #       654901
   261 #       654961
   262 #       655021
   263 #       655561
   264 #       656101
   265 #       656191
   266 #       656341
   267 #       656521
   268 #       656611
   269 #       656761
   270 #       656911
   271 #       657061
   272 #       657211
   273 #       657361
   274 #       657511
   275 #       657631
   276 #       658141
   277 #       658621
   278 #       658741
   279 #       659311
   280 #       659881
   281 #       660451
   282 #       660991
   283 #       661291
   284 #       661591
   285 #       661681
   286 #       661741
   287 #       661801
   288 #       661921
   289 #       662971
   290 #       664021
   291 #       665071
   292 #       666121
   293 #       666211
   294 #       666301
   295 #       666421
   296 #       667261
   297 #       668071
   298 #       668191
   299 #       668281
   300 #       668371
   301 #       668461
   302 #       668551
   303 #       668881
   304 #       669181
   305 #       669301
   306 #       669631
   307 #       669931
   308 #       670021
   309 #       670891
   310 #       671761
   311 #       672631
   312 #       673531
   313 #       673861
   314 #       674161
   315 #       674281
   316 #       674611
   317 #       674911
   318 #       675001
   319 #       675181
   320 #       675361
   321 #       675541
   322 #       675721
   323 #       675871
   324 #       676021
   325 #       676141
   326 #       676711
   327 #       677281
   328 #       677401
   329 #       677971
   330 #       678541
   331 #       679111
   332 #       679651
   333 #       679711
   334 #       679771
   335 #       679891
   336 #       680461
   337 #       681031
   338 #       681151
   339 #       681241
   340 #       681331
   341 #       681421
   342 #       681511
   343 #       681691
   344 #       681841
   345 #       681961
   346 #       682291
   347 #       682591
   348 #       682681
   349 #       682861
   350 #       683041
   351 #       683221
   352 #       683431
   353 #       683641
   354 #       683851
   355 #       683971
   356 #       684181
   357 #       684361
   358 #       684451
   359 #       684991
   360 #       685531
   361 #       686071
   362 #       686641
   363 #       686851
   364 #       687061
   365 #       687151
   366 #       688171
   367 #       689191
   368 #       689311
   369 #       689671
   370 #       690031
   371 #       690391
   372 #       690751
   373 #       691081
   374 #       691381
   375 #       691501
   376 #       691831
   377 #       692131
   378 #       692251
   379 #       692431
   380 #       692611
   381 #       692791
   382 #       692941
   383 #       693121
   384 #       693331
   385 #       693451
   386 #       693661
   387 #       693841
   388 #       693931
   389 #       694441
   390 #       694951
   391 #       695461
   392 #       696001
   393 #       696181
   394 #       696361
   395 #       696481
   396 #       696811
   397 #       697141
   398 #       697231
   399 #       697771
   400 #       698311
   401 #       698851
   402 #       699391
   403 #       699931
   404 #       700471
   405 #       700561
   406 #       700621
   407 #       700681
   408 #       700801
   409 #       701131
   410 #       701461
   411 #       701791
   412 #       702121
   413 #       702211
   414 #       702271
   415 #       702391
   416 #       702721
   417 #       703021
   418 #       703141
   419 #       703471
   420 #       703801
   421 #       704131
   422 #       704461
   423 #       704671
   424 #       704851
   425 #       704941
   426 #       705001
   427 #       705091
   428 #       705181
   429 #       705991
   430 #       706801
   431 #       707611
   432 #       708451
   433 #       708541
   434 #       708601
   435 #       708691
   436 #       708991
   437 #       709291
   438 #       709411
   439 #       709621
   440 #       709831
   441 #       710041
   442 #       710221
   443 #       710401
   444 #       710581
   445 #       710701
   446 #       711271
   447 #       711811
   448 #       711901
   449 #       712081
   450 #       712261
   451 #       712441
   452 #       712651
   453 #       712861
   454 #       713041
   455 #       713131
   456 #       713191
   457 #       713251
   458 #       713341
   459 #       713881
   460 #       714421
   461 #       714961
   462 #       715531
   463 #       716101
   464 #       716641
   465 #       716731
   466 #       716911
   467 #       717091
   468 #       717211
   469 #       717391
   470 #       717571
   471 #       717751
   472 #       717931
   473 #       718111
   474 #       718291
   475 #       718381
   476 #       718741
   477 #       719101
   478 #       719221
   479 #       719791
   480 #       720361
   481 #       720931
   482 #       721501
   483 #       721741
   484 #       721951
   485 #       722041
   486 #       722341
   487 #       722671
   488 #       722791
   489 #       722971
   490 #       723151
   491 #       723331
   492 #       723481
   493 #       723781
   494 #       724081
   495 #       724171
   496 #       724711
   497 #       725281
   498 #       725371
   499 #       726241
   500 #       727111
   501 #       727981
   502 #       728851
   503 #       729391
   504 #       729961
   505 #       730081
   506 #       730411
   507 #       730711
   508 #       730831
   509 #       731401
   510 #       731971
   511 #       732541
   512 #       733111
   513 #       733441
   514 #       733741
   515 #       733831
   516 #       734131
   517 #       734431
   518 #       734521
   519 #       734701
   520 #       734881
   521 #       735061
   522 #       735241
   523 #       735301
   524 #       735361
   525 #       735481
   526 #       735691
   527 #       735901
   528 #       736021
   529 #       736231
   530 #       736441
   531 #       736651
   532 #       736861
   533 #       737431
   534 #       737971
   535 #       738061
   536 #       738241
   537 #       738451
   538 #       738541
   539 #       738841
   540 #       739141
   541 #       739441
   542 #       739771
   543 #       740071
   544 #       740341
   545 #       740431
   546 #       741301
   547 #       742201
   548 #       742321
   549 #       742531
   550 #       742741
   551 #       742951
   552 #       743161
   553 #       743371
   554 #       743581
   555 #       743701
   556 #       744271
   557 #       744841
   558 #       744961
   559 #       745051
   560 #       745141
   561 #       745231
   562 #       745291
   563 #       745951
   564 #       746611
   565 #       746701
   566 #       746881
   567 #       747061
   568 #       747181
   569 #       747361
   570 #       747541
   571 #       747721
   572 #       747901
   573 #       748441
   574 #       748951
   575 #       749071
   576 #       749401
   577 #       749731
   578 #       749851
   579 #       749941
   580 #       750031
   581 #       750121
   582 #       750181
   583 #       750721
   584 #       751291
   585 #       751381
   586 #       751681
   587 #       752011
   588 #       752131
   589 #       752341
   590 #       752551
   591 #       752761
   592 #       752971
   593 #       753541
   594 #       754081
   595 #       754171
   596 #       754711
   597 #       755251
   598 #       755341
   599 #       755881
   600 #       756421
   601 #       756961
   602 #       757501
   603 #       757561
   604 #       757621
   605 #       757741
   606 #       757831
   607 #       757891
   608 #       757981
   609 #       758521
   610 #       759061
   611 #       759601
   612 #       760141
   613 #       760441
   614 #       760771
   615 #       760891
   616 #       761101
   617 #       761311
   618 #       761431
   619 #       761761
   620 #       762091
   621 #       762421
   622 #       762721
   623 #       763021
   624 #       763351
   625 #       763441
   626 #       763621
   627 #       763801
   628 #       763921
   629 #       764221
   630 #       764521
   631 #       764821
   632 #       765091
   633 #       765391
   634 #       765721
   635 #       765841
   636 #       766171
   637 #       766471
   638 #       766561
   639 #       766741
   640 #       766921
   641 #       767101
   642 #       767281
   643 #       767341
   644 #       767401
   645 #       767521
   646 #       767851
   647 #       768181
   648 #       768271
   649 #       768571
   650 #       768871
   651 #       769171
   652 #       769501
   653 #       769861
   654 #       770191
   655 #       770281
   656 #       770581
   657 #       770911
   658 #       771031
   659 #       771421
   660 #       771811
   661 #       772201
   662 #       772561
   663 #       773101
   664 #       773671
   665 #       773761
   666 #       774301
   667 #       774871
   668 #       774991
   669 #       775171
   670 #       775351
   671 #       775531
   672 #       775681
   673 #       776221
   674 #       776791
   675 #       776911
   676 #       777001
   677 #       777061
   678 #       777151
   679 #       777451
   680 #       777751
   681 #       778051
   682 #       778351
   683 #       778891
   684 #       779431
   685 #       779551
   686 #       779641
   687 #       779701
   688 #       779791
   689 #       779941
   690 #       780091
   691 #       780241
   692 #       780421
   693 #       780511
   694 #       780571
   695 #       780691
   696 #       781261
   697 #       781801
   698 #       781891
   699 #       781951
   700 #       782011
   701 #       782071
   702 #       782131
   703 #       782221
   704 #       782341
   705 #       782461
   706 #       782791
   707 #       783121
   708 #       783211
   709 #       783511
   710 #       783811
   711 #       784111
   712 #       784441
   713 #       784531
   714 #       784591
   715 #       784681
   716 #       785221
   717 #       785791
   718 #       785881
   719 #       786421
   720 #       786961
   721 #       787501
   722 #       788041
   723 #       788221
   724 #       788401
   725 #       788491
   726 #       789031
   727 #       789601
   728 #       789691
   729 #       789991
   730 #       790291
   731 #       790591
   732 #       790921
   733 #       791131
   734 #       791341
   735 #       791431
   736 #       791731
   737 #       792031
   738 #       792151
   739 #       792901
   740 #       793651
   741 #       794401
   742 #       795121
   743 #       795301
   744 #       795481
   745 #       795571
   746 #       795871
   747 #       796201
   748 #       796291
   749 #       797281
   750 #       798271
   751 #       799261
   752 #       800251
   753 #       800311
   754 #       800401
   755 #       800491
   756 #       800641
   757 #       800791
   758 #       800911
   759 #       801241
   760 #       801571
   761 #       801901
   762 #       802201
   763 #       802261
   764 #       802321
   765 #       802441
   766 #       802771
   767 #       803101
   768 #       803191
   769 #       803491
   770 #       803791
   771 #       804091
   772 #       804421
   773 #       804631
   774 #       804841
   775 #       804931
   776 #       804991
   777 #       805081
   778 #       805171
   779 #       805711
   780 #       806251
   781 #       806791
   782 #       807331
   783 #       807511
   784 #       807721
   785 #       807841
   786 #       808411
   787 #       808951
   788 #       809071
   789 #       809161
   790 #       809251
   791 #       809341
   792 #       809401
   793 #       809941
   794 #       810511
   795 #       810631
   796 #       810841
   797 #       811051
   798 #       811171
   799 #       811501
   800 #       811831
   801 #       812161
   802 #       812461
   803 #       812761
   804 #       813061
   805 #       813181
   806 #       813751
   807 #       814291
   808 #       814381
   809 #       814561
   810 #       814741
   811 #       814921
   812 #       815101
   813 #       815161
   814 #       815251
   815 #       815341
   816 #       815881
   817 #       816421
   818 #       816541
   819 #       816631
   820 #       816721
   821 #       816811
   822 #       816901
   823 #       817411
   824 #       817891
   825 #       817981
   826 #       818041
   827 #       818101
   828 #       818191
   829 #       818341
   830 #       818491
   831 #       818641
   832 #       818821
   833 #       819151
   834 #       819451
   835 #       819541
   836 #       819721
   837 #       819901
   838 #       819991
   839 #       820171
   840 #       820351
   841 #       820531
   842 #       820741
   843 #       821071
   844 #       821371
   845 #       821491
   846 #       821701
   847 #       821881
   848 #       821971
   849 #       822931
   850 #       823891
   851 #       824851
   852 #       825841
   853 #       826171
   854 #       826471
   855 #       826591
   856 #       826921
   857 #       827221
   858 #       827311
   859 #       827851
   860 #       828391
   861 #       828931
   862 #       829471
   863 #       830401
   864 #       831361
   865 #       831481
   866 #       831661
   867 #       831811
   868 #       831901
   869 #       832201
   870 #       832501
   871 #       832801
   872 #       833101
   873 #       833641
   874 #       834211
   875 #       834331
   876 #       834901
   877 #       835471
   878 #       835561
   879 #       835771
   880 #       835981
   881 #       836191
   882 #       836401
   883 #       836551
   884 #       836701
   885 #       836821
   886 #       837391
   887 #       837931
   888 #       838051
   889 #       838381
   890 #       838711
   891 #       839041
   892 #       839341
   893 #       839401
   894 #       839461
   895 #       839581
   896 #       839791
   897 #       840001
   898 #       840091
   899 #       840391
   900 #       840691
   901 #       840991
   902 #       841291
   903 #       841351
   904 #       841441
   905 #       841561
   906 #       841651
   907 #       841711
   908 #       841831
   909 #       842401
   910 #       842971
   911 #       843541
   912 #       844111
   913 #       844681
   914 #       845221
   915 #       845341
   916 #       845551
   917 #       845731
   918 #       845821
   919 #       845881
   920 #       845941
   921 #       846001
   922 #       846061
   923 #       846361
   924 #       846661
   925 #       846751
   926 #       847351
   927 #       847951
   928 #       848041
   929 #       848101
   930 #       848161
   931 #       848221
   932 #       848281
   933 #       848551
   934 #       848851
   935 #       848971
   936 #       849241
   937 #       849511
   938 #       849601
   939 #       849871
   940 #       850141
   941 #       850411
   942 #       850711
   943 #       851281
   944 #       851851
   945 #       851971
   946 #       852181
   947 #       852391
   948 #       852511
   949 #       852601
   950 #       852691
   951 #       852781
   952 #       852841
   953 #       853021
   954 #       853231
   955 #       853321
   956 #       853861
   957 #       854431
   958 #       854521
   959 #       854701
   960 #       854881
   961 #       855061
   962 #       855271
   963 #       855841
   964 #       856381
   965 #       856501
   966 #       857191
   967 #       857851
   968 #       857971
   969 #       858781
   970 #       859591
   971 #       860401
   972 #       861211
   973 #       861391
   974 #       861541
   975 #       861631
   976 #       862171
   977 #       862711
   978 #       862801
   979 #       863311
   980 #       863821
   981 #       864331
   982 #       864871
   983 #       865201
   984 #       865531
   985 #       865621
   986 #       865801
   987 #       866011
   988 #       866101
   989 #       866401
   990 #       866701
   991 #       867001
   992 #       867331
   993 #       868351
   994 #       869371
   995 #       869491
   996 #       869581
   997 #       869671
   998 #       869761
   999 #       869821
  1000 #       869881
  1001 #       869941
  1002 #       870031
  1003 #       870211
  1004 #       870361
  1005 #       870481
  1006 #       870571
  1007 #       870661
  1008 #       870781
  1009 #       871771
  1010 #       872761
  1011 #       873751
  1012 #       874741
  1013 #       875311
  1014 #       875851
  1015 #       875941
  1016 #       876481
  1017 #       877051
  1018 #       877171
  1019 #       877471
  1020 #       877771
  1021 #       878071
  1022 #       878341
  1023 #       878641
  1024 #       878971
  1025 #       879061
  1026 #       879361
  1027 #       879661
  1028 #       879781
  1029 #       880831
  1030 #       881881
  1031 #       882931
  1032 #       883981
  1033 #       884551
  1034 #       885091
  1035 #       885211
  1036 #       885391
  1037 #       885541
  1038 #       885631
  1039 #       886141
  1040 #       886651
  1041 #       887161
  1042 #       887671
  1043 #       888211
  1044 #       888751
  1045 #       888871
  1046 #       888961
  1047 #       889021
  1048 #       889141
  1049 #       889711
  1050 #       890281
  1051 #       890851
  1052 #       891391
  1053 #       891691
  1054 #       891991
  1055 #       892081
  1056 #       892141
  1057 #       892201
  1058 #       892291
  1059 #       892351
  1060 #       892411
  1061 #       892471
  1062 #       892561
  1063 #       892861
  1064 #       893131
  1065 #       893221
  1066 #       893521
  1067 #       893851
  1068 #       893971
  1069 #       894541
  1070 #       895111
  1071 #       895681
  1072 #       896251
  1073 #       896581
  1074 #       896911
  1075 #       897031
  1076 #       897601
  1077 #       898141
  1078 #       898231
  1079 #       898381
  1080 #       898531
  1081 #       898681
  1082 #       898861
  1083 #       899041
  1084 #       899221
  1085 #       899311
  1086 #       899581
  1087 #       899851
  1088 #       899971
  1089 #       900301
  1090 #       900631
  1091 #       900961
  1092 #       901261
  1093 #       901561
  1094 #       901861
  1095 #       901981
  1096 #       902551
  1097 #       903121
  1098 #       903241
  1099 #       903331
  1100 #       903421
  1101 #       903511
  1102 #       903571
  1103 #       903871
  1104 #       904171
  1105 #       904261
  1106 #       904561
  1107 #       904861
  1108 #       904951
  1109 #       905491
  1110 #       906031
  1111 #       906571
  1112 #       907111
  1113 #       907291
  1114 #       907471
  1115 #       907591
  1116 #       908161
  1117 #       908701
  1118 #       908791
  1119 #       909241
  1120 #       909691
  1121 #       910141
  1122 #       910621
  1123 #       910951
  1124 #       911251
  1125 #       911341
  1126 #       911401
  1127 #       911491
  1128 #       911581
  1129 #       911641
  1130 #       911701
  1131 #       911761
  1132 #       911851
  1133 #       912181
  1134 #       912511
  1135 #       912601
  1136 #       913141
  1137 #       913681
  1138 #       913771
  1139 #       913831
  1140 #       913891
  1141 #       913951
  1142 #       914011
  1143 #       914281
  1144 #       914581
  1145 #       914701
  1146 #       914911
  1147 #       915121
  1148 #       915211
  1149 #       915391
  1150 #       915571
  1151 #       915751
  1152 #       915961
  1153 #       916861
  1154 #       917731
  1155 #       917851
  1156 #       918421
  1157 #       918991
  1158 #       919081
  1159 #       919951
  1160 #       920821
  1161 #       921691
  1162 #       922561
  1163 #       923101
  1164 #       923641
  1165 #       923761
  1166 #       924061
  1167 #       924361
  1168 #       924451
  1169 #       924631
  1170 #       924811
  1171 #       924991
  1172 #       925201
  1173 #       925561
  1174 #       925891
  1175 #       925981
  1176 #       926161
  1177 #       926371
  1178 #       926461
  1179 #       927001
  1180 #       927541
  1181 #       928081
  1182 #       928621
  1183 #       928891
  1184 #       929191
  1185 #       929311
  1186 #       929641
  1187 #       929941
  1188 #       930031
  1189 #       930571
  1190 #       931111
  1191 #       931651
  1192 #       932221
  1193 #       932311
  1194 #       932401
  1195 #       932521
  1196 #       932851
  1197 #       933181
  1198 #       933301
  1199 #       933391
  1200 #       933481
  1201 #       933571
  1202 #       933631
  1203 #       933931
  1204 #       934261
  1205 #       934351
  1206 #       934651
  1207 #       934951
  1208 #       935041
  1209 #       935101
  1210 #       935161
  1211 #       935221
  1212 #       935311
  1213 #       935641
  1214 #       935971
  1215 #       936091
  1216 #       936301
  1217 #       936511
  1218 #       936631
  1219 #       937201
  1220 #       937771
  1221 #       938341
  1222 #       938881
  1223 #       939001
  1224 #       939151
  1225 #       939241
  1226 #       939421
  1227 #       939601
  1228 #       939691
  1229 #       939841
  1230 #       939991
  1231 #       940141
  1232 #       940321
  1233 #       940531
  1234 #       940711
  1235 #       940831
  1236 #       940921
  1237 #       941011
  1238 #       941101
  1239 #       941401
  1240 #       941701
  1241 #       942001
  1242 #       942331
  1243 #       942541
  1244 #       942721
  1245 #       942841
  1246 #       943051
  1247 #       943231
  1248 #       943351
  1249 #       943681
  1250 #       944011
  1251 #       944341
  1252 #       944641
  1253 #       945181
  1254 #       945721
  1255 #       945811
  1256 #       946111
  1257 #       946441
  1258 #       946531
  1259 #       947371
  1260 #       948211
  1261 #       949051
  1262 #       949891
  1263 #       950191
  1264 #       950491
  1265 #       950611
  1266 #       950821
  1267 #       951001
  1268 #       951091
  1269 #       951631
  1270 #       952171
  1271 #       952711
  1272 #       953251
  1273 #       953581
  1274 #       953911
  1275 #       954031
  1276 #       954451
  1277 #       954871
  1278 #       954991
  1279 #       955561
  1280 #       956131
  1281 #       956701
  1282 #       957271
  1283 #       957841
  1284 #       958381
  1285 #       958501
  1286 #       958831
  1287 #       959161
  1288 #       959251
  1289 #       959311
  1290 #       959371
  1291 #       959431
  1292 #       959491
  1293 #       960031
  1294 #       960601
  1295 #       960691
  1296 #       960991
  1297 #       961291
  1298 #       961411
  1299 #       961981
  1300 #       962551
  1301 #       963121
  1302 #       963691
  1303 #       963781
  1304 #       963871
  1305 #       963961
  1306 #       964141
  1307 #       964351
  1308 #       964471
  1309 #       964681
  1310 #       964891
  1311 #       965101
  1312 #       965281
  1313 #       965461
  1314 #       965641
  1315 #       965731
  1316 #       965851
  1317 #       966001
  1318 #       966121
  1319 #       966451
  1320 #       966781
  1321 #       967111
  1322 #       967411
  1323 #       967471
  1324 #       967531
  1325 #       967651
  1326 #       967861
  1327 #       968041
  1328 #       968131
  1329 #       968431
  1330 #       968731
  1331 #       969031
  1332 #       969331
  1333 #       969811
  1334 #       970291
  1335 #       970381
  1336 #       970681
  1337 #       971011
  1338 #       971131
  1339 #       971701
  1340 #       972271
  1341 #       972841
  1342 #       973411
  1343 #       973621
  1344 #       973801
  1345 #       973891
  1346 #       974191
  1347 #       974521
  1348 #       974641
  1349 #       974971
  1350 #       975301
  1351 #       975631
  1352 #       975931
  1353 #       976231
  1354 #       976561
  1355 #       976651
  1356 #       976921
  1357 #       977221
  1358 #       977341
  1359 #       977551
  1360 #       977761
  1361 #       977971
  1362 #       978181
  1363 #       978391
  1364 #       978571
  1365 #       978661
  1366 #       978721
  1367 #       978811
  1368 #       978931
  1369 #       979261
  1370 #       979591
  1371 #       979921
  1372 #       980221
  1373 #       980761
  1374 #       981301
  1375 #       981421
  1376 #       981991
  1377 #       982561
  1378 #       982681
  1379 #       982891
  1380 #       983101
  1381 #       983311
  1382 #       983521
  1383 #       983731
  1384 #       983911
  1385 #       984001
  1386 #       984181
  1387 #       984391
  1388 #       984481
  1389 #       984781
  1390 #       985081
  1391 #       985381
  1392 #       985711
  1393 #       986041
  1394 #       986341
  1395 #       986461
  1396 #       986551
  1397 #       986641
  1398 #       986761
  1399 #       987331
  1400 #       987901
  1401 #       988471
  1402 #       989041
  1403 #       989221
  1404 #       989371
  1405 #       989491
  1406 #       989701
  1407 #       989911
  1408 #       990001
  1409 #       990181
  1410 #       990361
  1411 #       990541
  1412 #       990751
  1413 #       990961
  1414 #       991141
  1415 #       991231
  1416 #       992131
  1417 #       993061
  1418 #       993151
  1419 #       993451
  1420 #       993751
  1421 #       994051
  1422 #       994381
  1423 #       994891
  1424 #       995401
  1425 #       995521
  1426 #       995731
  1427 #       995911
  1428 #       996001
  1429 #       996301
  1430 #       996601
  1431 #       996901
  1432 #       997231
  1433 #       997531
  1434 #       997801
  1435 #       997921
  1436 #       998491
  1437 #       999061
  1438 #       999151
  1439 #       999451
  1440 #       999751
  1441 #      1000051
  1442 #      1000351
  1443 #      1000471
  1444 #      1000621
  1445 #      1000741
  1446 #      1001251
  1447 #      1001731
  1448 #      1001851
  1449 #      1002421
  1450 #      1002991
  1451 #      1003561
  1452 #      1004101
  1453 #      1004371
  1454 #      1004641
  1455 #      1004731
  1456 #      1004881
  1457 #      1005061
  1458 #      1005151
  1459 #      1005451
  1460 #      1005751
  1461 #      1006051
  1462 #      1006351
  1463 #      1006891
  1464 #      1007431
  1465 #      1007551
  1466 #      1008061
  1467 #      1008571
  1468 #      1008691
  1469 #      1008871
  1470 #      1009051
  1471 #      1009231
  1472 #      1009381
  1473 #      1009531
  1474 #      1009681
  1475 #      1009801
  1476 #      1010641
  1477 #      1011451
  1478 #      1011571
  1479 #      1011781
  1480 #      1011991
  1481 #      1012201
  1482 #      1012411
  1483 #      1012501
  1484 #      1012591
  1485 #      1012711
  1486 #      1012921
  1487 #      1013131
  1488 #      1013221
  1489 #      1013371
  1490 #      1013521
  1491 #      1013671
  1492 #      1013821
  1493 #      1014121
  1494 #      1014421
  1495 #      1014541
  1496 #      1014721
  1497 #      1014901
  1498 #      1015021
  1499 #      1016071
  1500 #      1017121
  1501 #      1018171
  1502 #      1019191
  1503 #      1019251
  1504 #      1019341
  1505 #      1019431
  1506 #      1019971
  1507 #      1020541
  1508 #      1020661
  1509 #      1020751
  1510 #      1020841
  1511 #      1020931
  1512 #      1020991
  1513 #      1021531
  1514 #      1022071
  1515 #      1022161
  1516 #      1022461
  1517 #      1022761
  1518 #      1022851
  1519 #      1023151
  1520 #      1023451
  1521 #      1023751
  1522 #      1024081
  1523 #      1024171
  1524 #      1024231
  1525 #      1024321
  1526 #      1024621
  1527 #      1024921
  1528 #      1025041
  1529 #      1025611
  1530 #      1026181
  1531 #      1026751
  1532 #      1027321
  1533 #      1027921
  1534 #      1028491
  1535 #      1028611
  1536 #      1029451
  1537 #      1030291
  1538 #      1030381
  1539 #      1030921
  1540 #      1031461
  1541 #      1032001
  1542 #      1032541
  1543 #      1032601
  1544 #      1032661
  1545 #      1032751
  1546 #      1032901
  1547 #      1033081
  1548 #      1033201
  1549 #      1033591
  1550 #      1033981
  1551 #      1034371
  1552 #      1034761
  1553 #      1035601
  1554 #      1036411
  1555 #      1036501
  1556 #      1036561
  1557 #      1036651
  1558 #      1036771
  1559 #      1037101
  1560 #      1037431
  1561 #      1037761
  1562 #      1038061
  1563 #      1038361
  1564 #      1038661
  1565 #      1038781
  1566 #      1039351
  1567 #      1039921
  1568 #      1040041
  1569 #      1040611
  1570 #      1041181
  1571 #      1041751
  1572 #      1042291
  1573 #      1042831
  1574 #      1043371
  1575 #      1043491
  1576 #      1043671
  1577 #      1043851
  1578 #      1043941
  1579 #      1044241
  1580 #      1044541
  1581 #      1044841
  1582 #      1045141
  1583 #      1045681
  1584 #      1046251
  1585 #      1046341
  1586 #      1046491
  1587 #      1046671
  1588 #      1046761
  1589 #      1047751
  1590 #      1048741
  1591 #      1049731
  1592 #      1050721
  1593 #      1051261
  1594 #      1051831
  1595 #      1051921
  1596 #      1052461
  1597 #      1053001
  1598 #      1053121
  1599 #      1053211
  1600 #      1053301
  1601 #      1053391
  1602 #      1053481
  1603 #      1053811
  1604 #      1054111
  1605 #      1054201
  1606 #      1054351
  1607 #      1054501
  1608 #      1054621
  1609 #      1054831
  1610 #      1055041
  1611 #      1055251
  1612 #      1055461
  1613 #      1055671
  1614 #      1055851
  1615 #      1055941
  1616 #      1056001
  1617 #      1056091
  1618 #      1056181
  1619 #      1056721
  1620 #      1057261
  1621 #      1057801
  1622 #      1058341
  1623 #      1058641
  1624 #      1058971
  1625 #      1059061
  1626 #      1059361
  1627 #      1059691
  1628 #      1059781
  1629 #      1060621
  1630 #      1061461
  1631 #      1062301
  1632 #      1063171
  1633 #      1063381
  1634 #      1063591
  1635 #      1063711
  1636 #      1064701
  1637 #      1065691
  1638 #      1065811
  1639 #      1066021
  1640 #      1066231
  1641 #      1066441
  1642 #      1066651
  1643 #      1066741
  1644 #      1066801
  1645 #      1066891
  1646 #      1067041
  1647 #      1067221
  1648 #      1067341
  1649 #      1067671
  1650 #      1068001
  1651 #      1068331
  1652 #      1068661
  1653 #      1069231
  1654 #      1069771
  1655 #      1069861
  1656 #      1070041
  1657 #      1070221
  1658 #      1070341
  1659 #      1070551
  1660 #      1070761
  1661 #      1070971
  1662 #      1071151
  1663 #      1071211
  1664 #      1071271
  1665 #      1071361
  1666 #      1071541
  1667 #      1071751
  1668 #      1071871
  1669 #      1072201
  1670 #      1072531
  1671 #      1072861
  1672 #      1073161
  1673 #      1073221
  1674 #      1073281
  1675 #      1073371
  1676 #      1073521
  1677 #      1073671
  1678 #      1073791
  1679 #      1074361
  1680 #      1074931
  1681 #      1075501
  1682 #      1076041
  1683 #      1076341
  1684 #      1076671
  1685 #      1076761
  1686 #      1077301
  1687 #      1077871
  1688 #      1077961
  1689 #      1078861
  1690 #      1079761
  1691 #      1080661
  1692 #      1081591
  1693 #      1081921
  1694 #      1082221
  1695 #      1082311
  1696 #      1082851
  1697 #      1083421
  1698 #      1083541
  1699 #      1084111
  1700 #      1084681
  1701 #      1085251
  1702 #      1085791
  1703 #      1086331
  1704 #      1086901
  1705 #      1086991
  1706 #      1087291
  1707 #      1087621
  1708 #      1087741
  1709 #      1088311
  1710 #      1088881
  1711 #      1089451
  1712 #      1090021
  1713 #      1090591
  1714 #      1091161
  1715 #      1091251
  1716 #      1092091
  1717 #      1092931
  1718 #      1093021
  1719 #      1093201
  1720 #      1093381
  1721 #      1093561
  1722 #      1093771
  1723 #      1094311
  1724 #      1094821
  1725 #      1094911
  1726 #      1095091
  1727 #      1095271
  1728 #      1095391
  1729 #      1095721
  1730 #      1096051
  1731 #      1096381
  1732 #      1096711
  1733 #      1097731
  1734 #      1098721
  1735 #      1098811
  1736 #      1099351
  1737 #      1099891
  1738 #      1099981
  1739 #      1100491
  1740 #      1101001
  1741 #      1101511
  1742 #      1102021
  1743 #      1102561
  1744 #      1103101
  1745 #      1103221
  1746 #      1104121
  1747 #      1105021
  1748 #      1105141
  1749 #      1105711
  1750 #      1106281
  1751 #      1106851
  1752 #      1107391
  1753 #      1107571
  1754 #      1107781
  1755 #      1107871
  1756 #      1108141
  1757 #      1108411
  1758 #      1108501
  1759 #      1108681
  1760 #      1108861
  1761 #      1109041
  1762 #      1109221
  1763 #      1109311
  1764 #      1109401
  1765 #      1109491
  1766 #      1109641
  1767 #      1109821
  1768 #      1109941
  1769 #      1110271
  1770 #      1110601
  1771 #      1110931
  1772 #      1111261
  1773 #      1111471
  1774 #      1111681
  1775 #      1111801
  1776 #      1112131
  1777 #      1112461
  1778 #      1112581
  1779 #      1112671
  1780 #      1112761
  1781 #      1112851
  1782 #      1112911
  1783 #      1113061
  1784 #      1113241
  1785 #      1113331
  1786 #      1113601
  1787 #      1113871
  1788 #      1113991
  1789 #      1114201
  1790 #      1114411
  1791 #      1114621
  1792 #      1114801
  1793 #      1115101
  1794 #      1115401
  1795 #      1115521
  1796 #      1115611
  1797 #      1115701
  1798 #      1115821
  1799 #      1116151
  1800 #      1116481
  1801 #      1116811
  1802 #      1117111
  1803 #      1117261
  1804 #      1117441
  1805 #      1117561
  1806 #      1118131
  1807 #      1118671
  1808 #      1118761
  1809 #      1118821
  1810 #      1118881
  1811 #      1118941
  1812 #      1119001
  1813 #      1119541
  1814 #      1120111
  1815 #      1120231
  1816 #      1120561
  1817 #      1120861
  1818 #      1120981
  1819 #      1121071
  1820 #      1121161
  1821 #      1121251
  1822 #      1121341
  1823 #      1121671
  1824 #      1121971
  1825 #      1122061
  1826 #      1122301
  1827 #      1122571
  1828 #      1122691
  1829 #      1123021
  1830 #      1123351
  1831 #      1123681
  1832 #      1123981
  1833 #      1124281
  1834 #      1124611
  1835 #      1124701
  1836 #      1124881
  1837 #      1125061
  1838 #      1125181
  1839 #      1125571
  1840 #      1125961
  1841 #      1126351
  1842 #      1126711
  1843 #      1126981
  1844 #      1127281
  1845 #      1127371
  1846 #      1127431
  1847 #      1127521
  1848 #      1127611
  1849 #      1127911
  1850 #      1128211
  1851 #      1128511
  1852 #      1128841
  1853 #      1129171
  1854 #      1129471
  1855 #      1129561
  1856 #      1129621
  1857 #      1129711
  1858 #      1129801
  1859 #      1129861
  1860 #      1129921
  1861 #      1129981
  1862 #      1130071
  1863 #      1130161
  1864 #      1130221
  1865 #      1130341
  1866 #      1130671
  1867 #      1130971
  1868 #      1131061
  1869 #      1131241
  1870 #      1131421
  1871 #      1131601
  1872 #      1131781
  1873 #      1132081
  1874 #      1132381
  1875 #      1132501
  1876 #      1132681
  1877 #      1132831
  1878 #      1132951
  1879 #      1133041
  1880 #      1133131
  1881 #      1133221
  1882 #      1133281
  1883 #      1133821
  1884 #      1134391
  1885 #      1134481
  1886 #      1135081
  1887 #      1135681
  1888 #      1135801
  1889 #      1136131
  1890 #      1136461
  1891 #      1136791
  1892 #      1137121
  1893 #      1137541
  1894 #      1137961
  1895 #      1138051
  1896 #      1138591
  1897 #      1139161
  1898 #      1139281
  1899 #      1139491
  1900 #      1139701
  1901 #      1139911
  1902 #      1140091
  1903 #      1140961
  1904 #      1141861
  1905 #      1141981
  1906 #      1142431
  1907 #      1142851
  1908 #      1142971
  1909 #      1143301
  1910 #      1143631
  1911 #      1143961
  1912 #      1144291
  1913 #      1144621
  1914 #      1144921
  1915 #      1145041
  1916 #      1145371
  1917 #      1145701
  1918 #      1145791
  1919 #      1146331
  1920 #      1146871
  1921 #      1147411
  1922 #      1147951
  1923 #      1148101
  1924 #      1148281
  1925 #      1148401
  1926 #      1148701
  1927 #      1149001
  1928 #      1149121
  1929 #      1149331
  1930 #      1149541
  1931 #      1149751
  1932 #      1149961
  1933 #      1150171
  1934 #      1150351
  1935 #      1150471
  1936 #      1150681
  1937 #      1150861
  1938 #      1150981
  1939 #      1151311
  1940 #      1151641
  1941 #      1151971
  1942 #      1152271
  1943 #      1152811
  1944 #      1153381
  1945 #      1153501
  1946 #      1153591
  1947 #      1153651
  1948 #      1153771
  1949 #      1154101
  1950 #      1154431
  1951 #      1154761
  1952 #      1155061
  1953 #      1155601
  1954 #      1156171
  1955 #      1156291
  1956 #      1156501
  1957 #      1156681
  1958 #      1156801
  1959 #      1157011
  1960 #      1157221
  1961 #      1157431
  1962 #      1157641
  1963 #      1158211
  1964 #      1158751
  1965 #      1158871
  1966 #      1159081
  1967 #      1159261
  1968 #      1159381
  1969 #      1159711
  1970 #      1160041
  1971 #      1160371
  1972 #      1160671
  1973 #      1161211
  1974 #      1161751
  1975 #      1161871
  1976 #      1162201
  1977 #      1162501
  1978 #      1162621
  1979 #      1163161
  1980 #      1163701
  1981 #      1164241
  1982 #      1164781
  1983 #      1164961
  1984 #      1165111
  1985 #      1165231
  1986 #      1165411
  1987 #      1165591
  1988 #      1165711
  1989 #      1166041
  1990 #      1166371
  1991 #      1166701
  1992 #      1167001
  1993 #      1167541
  1994 #      1168111
  1995 #      1168231
  1996 #      1168411
  1997 #      1168561
  1998 #      1168651
  1999 #      1168711
  2000 #      1168771
  2001 #      1168831
  2002 #      1168891
  2003 #      1168951
  2004 #      1169041
  2005 #      1169161
  2006 #      1169371
  2007 #      1169581
  2008 #      1169701
  2009 #      1169911
  2010 #      1170121
  2011 #      1170331
  2012 #      1170541
  2013 #      1171111
  2014 #      1171681
  2015 #      1171801
  2016 #      1172371
  2017 #      1172941
  2018 #      1173061
  2019 #      1173151
  2020 #      1173241
  2021 #      1173331
  2022 #      1173391
  2023 #      1173691
  2024 #      1174021
  2025 #      1174141
  2026 #      1174681
  2027 #      1175221
  2028 #      1175341
  2029 #      1175911
  2030 #      1176481
  2031 #      1177051
  2032 #      1177621
  2033 #      1178611
  2034 #      1179571
  2035 #      1179661
  2036 #      1179961
  2037 #      1180261
  2038 #      1180351
  2039 #      1180861
  2040 #      1181371
  2041 #      1181881
  2042 #      1182391
  2043 #      1182541
  2044 #      1182721
  2045 #      1182811
  2046 #      1183111
  2047 #      1183441
  2048 #      1183531
  2049 #      1183591
  2050 #      1183651
  2051 #      1183711
  2052 #      1183771
  2053 #      1184281
  2054 #      1184821
  2055 #      1184911
  2056 #      1185211
  2057 #      1185541
  2058 #      1185631
  2059 #      1186261
  2060 #      1186891
  2061 #      1187521
  2062 #      1188181
  2063 #      1188391
  2064 #      1188601
  2065 #      1188691
  2066 #      1189231
  2067 #      1189771
  2068 #      1189861
  2069 #      1190041
  2070 #      1190221
  2071 #      1190401
  2072 #      1190581
  2073 #      1190731
  2074 #      1190911
  2075 #      1191031
  2076 #      1191121
  2077 #      1191181
  2078 #      1191271
  2079 #      1191451
  2080 #      1191631
  2081 #      1191811
  2082 #      1191991
  2083 #      1192171
  2084 #      1192381
  2085 #      1192501
  2086 #      1192831
  2087 #      1193161
  2088 #      1193251
  2089 #      1193791
  2090 #      1194331
  2091 #      1194871
  2092 #      1195441
  2093 #      1195531
  2094 #      1195621
  2095 #      1195711
  2096 #      1195861
  2097 #      1196041
  2098 #      1196131
  2099 #      1196431
  2100 #      1196731
  2101 #      1197031
  2102 #      1197361
  2103 #      1197451
  2104 #      1197541
  2105 #      1197661
  2106 #      1197991
  2107 #      1198291
  2108 #      1198381
  2109 #      1198681
  2110 #      1198981
  2111 #      1199281
  2112 #      1199581
  2113 #      1199641
  2114 #      1199701
  2115 #      1199821
  2116 #      1200331
  2117 #      1200841
  2118 #      1200931
  2119 #      1201111
  2120 #      1201291
  2121 #      1201471
  2122 #      1201651
  2123 #      1202191
  2124 #      1202761
  2125 #      1202851
  2126 #      1203031
  2127 #      1203241
  2128 #      1203331
  2129 #      1203871
  2130 #      1204411
  2131 #      1204951
  2132 #      1205491
  2133 #      1205791
  2134 #      1206091
  2135 #      1206211
  2136 #      1207201
  2137 #      1208161
  2138 #      1208281
  2139 #      1208491
  2140 #      1208701
  2141 #      1208911
  2142 #      1209091
  2143 #      1209631
  2144 #      1210171
  2145 #      1210261
  2146 #      1210411
  2147 #      1210591
  2148 #      1210681
  2149 #      1211221
  2150 #      1211761
  2151 #      1212301
  2152 #      1212871
  2153 #      1212961
  2154 #      1213051
  2155 #      1213141
  2156 #      1213441
  2157 #      1213741
  2158 #      1213831
  2159 #      1214011
  2160 #      1214191
  2161 #      1214371
  2162 #      1214551
  2163 #      1214611
  2164 #      1214701
  2165 #      1214791
  2166 #      1214971
  2167 #      1215151
  2168 #      1215271
  2169 #      1215601
  2170 #      1215931
  2171 #      1216261
  2172 #      1216561
  2173 #      1217431
  2174 #      1218301
  2175 #      1218391
  2176 #      1218931
  2177 #      1219471
  2178 #      1219591
  2179 #      1219801
  2180 #      1220011
  2181 #      1220221
  2182 #      1220401
  2183 #      1220461
  2184 #      1220551
  2185 #      1220671
  2186 #      1221241
  2187 #      1221781
  2188 #      1221871
  2189 #      1222051
  2190 #      1222231
  2191 #      1222411
  2192 #      1222591
  2193 #      1223101
  2194 #      1223641
  2195 #      1223761
  2196 #      1223971
  2197 #      1224151
  2198 #      1224271
  2199 #      1224361
  2200 #      1224451
  2201 #      1224541
  2202 #      1224631
  2203 #      1224961
  2204 #      1225261
  2205 #      1225381
  2206 #      1225951
  2207 #      1226521
  2208 #      1226641
  2209 #      1226971
  2210 #      1227301
  2211 #      1227631
  2212 #      1227961
  2213 #      1228171
  2214 #      1228381
  2215 #      1228471
  2216 #      1228771
  2217 #      1229071
  2218 #      1229161
  2219 #      1229461
  2220 #      1229761
  2221 #      1230061
  2222 #      1230391
  2223 #      1230481
  2224 #      1230571
  2225 #      1230691
  2226 #      1231321
  2227 #      1231951
  2228 #      1232071
  2229 #      1232281
  2230 #      1232491
  2231 #      1232701
  2232 #      1232911
  2233 #      1233841
  2234 #      1234771
  2235 #      1234861
  2236 #      1235041
  2237 #      1235221
  2238 #      1235341
  2239 #      1235521
  2240 #      1235701
  2241 #      1235881
  2242 #      1236031
  2243 #      1236121
  2244 #      1236211
  2245 #      1236301
  2246 #      1236361
  2247 #      1236421
  2248 #      1236511
  2249 #      1236661
  2250 #      1236811
  2251 #      1236961
  2252 #      1237141
  2253 #      1237711
  2254 #      1238281
  2255 #      1238371
  2256 #      1238911
  2257 #      1239451
  2258 #      1239571
  2259 #      1239781
  2260 #      1239991
  2261 #      1240201
  2262 #      1240411
  2263 #      1240981
  2264 #      1241551
  2265 #      1241671
  2266 #      1242121
  2267 #      1242571
  2268 #      1242691
  2269 #      1243261
  2270 #      1243831
  2271 #      1244401
  2272 #      1244941
  2273 #      1245241
  2274 #      1245571
  2275 #      1245691
  2276 #      1246261
  2277 #      1246831
  2278 #      1246921
  2279 #      1246981
  2280 #      1247041
  2281 #      1247101
  2282 #      1247161
  2283 #      1247701
  2284 #      1248241
  2285 #      1248331
  2286 #      1248631
  2287 #      1248961
  2288 #      1249051
  2289 #      1249321
  2290 #      1249591
  2291 #      1249861
  2292 #      1250161
  2293 #      1250341
  2294 #      1250521
  2295 #      1250641
  2296 #      1251211
  2297 #      1251781
  2298 #      1251901
  2299 #      1252111
  2300 #      1252321
  2301 #      1252531
  2302 #      1252711
  2303 #      1253251
  2304 #      1253791
  2305 #      1253881
  2306 #      1253941
  2307 #      1254001
  2308 #      1254091
  2309 #      1254631
  2310 #      1255171
  2311 #      1255711
  2312 #      1256281
  2313 #      1256491
  2314 #      1256671
  2315 #      1256761
  2316 #      1257361
  2317 #      1257961
  2318 #      1258051
  2319 #      1258351
  2320 #      1258651
  2321 #      1258951
  2322 #      1259281
  2323 #      1259611
  2324 #      1259911
  2325 #      1260001
  2326 #      1260301
  2327 #      1260601
  2328 #      1260691
  2329 #      1260751
  2330 #      1260811
  2331 #      1260871
  2332 #      1260931
  2333 #      1261111
  2334 #      1261291
  2335 #      1261411
  2336 #      1261741
  2337 #      1262071
  2338 #      1262161
  2339 #      1262671
  2340 #      1263181
  2341 #      1263691
  2342 #      1264201
  2343 #      1265251
  2344 #      1266331
  2345 #      1266451
  2346 #      1266541
  2347 #      1266631
  2348 #      1266751
  2349 #      1266961
  2350 #      1267171
  2351 #      1267381
  2352 #      1267561
  2353 #      1267711
  2354 #      1267891
  2355 #      1267981
  2356 #      1268581
  2357 #      1269181
  2358 #      1269301
  2359 #      1269871
  2360 #      1270441
  2361 #      1271011
  2362 #      1271551
  2363 #      1271611
  2364 #      1271701
  2365 #      1271791
  2366 #      1271941
  2367 #      1272091
  2368 #      1272181
  2369 #      1272721
  2370 #      1273261
  2371 #      1273801
  2372 #      1274371
  2373 #      1274701
  2374 #      1275031
  2375 #      1275151
  2376 #      1276201
  2377 #      1277221
  2378 #      1277341
  2379 #      1277671
  2380 #      1278001
  2381 #      1278331
  2382 #      1278661
  2383 #      1279201
  2384 #      1279711
  2385 #      1279801
  2386 #      1280341
  2387 #      1280881
  2388 #      1280971
  2389 #      1281511
  2390 #      1282051
  2391 #      1282591
  2392 #      1283131
  2393 #      1283191
  2394 #      1283281
  2395 #      1283401
  2396 #      1283731
  2397 #      1284061
  2398 #      1284181
  2399 #      1284751
  2400 #      1285321
  2401 #      1285891
  2402 #      1286431
  2403 #      1286611
  2404 #      1286791
  2405 #      1286911
  2406 #      1287211
  2407 #      1287481
  2408 #      1287601
  2409 #      1287691
  2410 #      1287781
  2411 #      1287871
  2412 #      1287931
  2413 #      1288471
  2414 #      1289011
  2415 #      1289131
  2416 #      1289701
  2417 #      1290271
  2418 #      1290391
  2419 #      1290961
  2420 #      1291531
  2421 #      1292101
  2422 #      1292671
  2423 #      1293451
  2424 #      1294201
  2425 #      1294321
  2426 #      1294411
  2427 #      1294471
  2428 #      1294561
  2429 #      1294861
  2430 #      1295161
  2431 #      1295461
  2432 #      1295761
  2433 #      1296301
  2434 #      1296871
  2435 #      1296961
  2436 #      1297261
  2437 #      1297591
  2438 #      1297711
  2439 #      1298041
  2440 #      1298371
  2441 #      1298701
  2442 #      1299001
  2443 #      1299391
  2444 #      1299811
  2445 #      1299931
  2446 #      1300021
  2447 #      1300081
  2448 #      1300171
  2449 #      1300621
  2450 #      1301071
  2451 #      1301521
  2452 #      1301971
  2453 #      1302511
  2454 #      1303081
  2455 #      1303201
  2456 #      1303501
  2457 #      1303801
  2458 #      1303921
  2459 #      1304251
  2460 #      1304581
  2461 #      1304911
  2462 #      1305211
  2463 #      1305391
  2464 #      1305601
  2465 #      1305691
  2466 #      1305991
  2467 #      1306321
  2468 #      1306411
  2469 #      1306711
  2470 #      1307011
  2471 #      1307311
  2472 #      1307641
  2473 #      1307731
  2474 #      1307791
  2475 #      1307911
  2476 #      1308091
  2477 #      1308271
  2478 #      1308361
  2479 #      1308901
  2480 #      1309441
  2481 #      1309981
  2482 #      1310551
  2483 #      1310731
  2484 #      1310911
  2485 #      1311031
  2486 #      1311361
  2487 #      1311661
  2488 #      1311751
  2489 #      1312291
  2490 #      1312831
  2491 #      1313371
  2492 #      1313941
  2493 #      1314121
  2494 #      1314301
  2495 #      1314391
  2496 #      1314931
  2497 #      1315501
  2498 #      1315591
  2499 #      1316131
  2500 #      1316671
  2501 #      1317211
  2502 #      1317781
  2503 #      1317991
  2504 #      1318201
  2505 #      1318291
  2506 #      1319341
  2507 #      1320391
  2508 #      1320511
  2509 #      1320721
  2510 #      1320931
  2511 #      1321141
  2512 #      1321321
  2513 #      1321831
  2514 #      1322341
  2515 #      1322431
  2516 #      1322731
  2517 #      1323031
  2518 #      1323121
  2519 #      1323181
  2520 #      1323241
  2521 #      1323301
  2522 #      1323391
  2523 #      1323961
  2524 #      1324531
  2525 #      1324641
  2526 #      1324866
  2527 #      1325106
  2528 #      1325346
  2529 #      1325616
  2530 #      1325856
  2531 #      1326096
  2532 #      1326366
  2533 #      1326636
  2534 #      1326876
  2535 #      1327116
  2536 #      1327386
  2537 #      1327656
  2538 #      1327926
  2539 #      1328166
  2540 #      1328466
  2541 #      1328706
  2542 #      1328976
  2543 #      1329216
  2544 #      1329456
  2545 #      1329696
  2546 #      1329936
  2547 #      1330176
  2548 #      1330416
  2549 #      1330686
  2550 #      1330956
  2551 #      1331196
  2552 #      1331466
  2553 #      1331706
  2554 #      1331946
  2555 #      1332246
  2556 #      1332486
  2557 #      1332726
  2558 #      1332966
  2559 #      1333236
  2560 #      1333476
  2561 #      1333746
  2562 #      1333986
  2563 #      1334226
  2564 #      1334466
  2565 #      1334766
  2566 #      1335036
  2567 #      1335276
  2568 #      1335516
  2569 #      1335756
  2570 #      1336026
  2571 #      1336266
  2572 #      1336566
  2573 #      1336836
  2574 #      1337076
  2575 #      1337346
  2576 #      1337586
===========================================================================================
 Transaction Overview
===========================================================================================

   TOTAL transactions :: (by type)
     SINGLE :  374 transactions
       INCR :  769 transactions
      INCR4 :  241 transactions
      INCR8 :  222 transactions
     INCR16 :  259 transactions
      WRAP4 :  225 transactions
      WRAP8 :  247 transactions
     WRAP16 :  239 transactions
      total : 2576 transactions
-------------------------------------------------------------------------------------------
   WRITE transactions :: (by type)
     SINGLE :  138 transactions
       INCR :  404 transactions
      INCR4 :  116 transactions
      INCR8 :  127 transactions
     INCR16 :  126 transactions
      WRAP4 :  120 transactions
      WRAP8 :  119 transactions
     WRAP16 :  117 transactions
      total : 1267 transactions
-------------------------------------------------------------------------------------------
   READ  transactions :: (by type)
     SINGLE :  236 transactions
       INCR :  365 transactions
      INCR4 :  125 transactions
      INCR8 :   95 transactions
     INCR16 :  133 transactions
      WRAP4 :  105 transactions
      WRAP8 :  128 transactions
     WRAP16 :  122 transactions
      total : 1309 transactions

===========================================================================================
   WRITE transactions :: (by size, type)
   1 byte wide burst
     SINGLE :   42 transactions
       INCR :  121 transactions
      INCR4 :   45 transactions
      INCR8 :   52 transactions
     INCR16 :   42 transactions
      WRAP4 :   38 transactions
      WRAP8 :   34 transactions
     WRAP16 :   35 transactions
      total :  409 transactions
-------------------------------------------------------------------------------------------
   2 byte wide burst
     SINGLE :   47 transactions
       INCR :  115 transactions
      INCR4 :   26 transactions
      INCR8 :   39 transactions
     INCR16 :   46 transactions
      WRAP4 :   47 transactions
      WRAP8 :   51 transactions
     WRAP16 :   43 transactions
      total :  414 transactions
-------------------------------------------------------------------------------------------
   4 byte wide burst
     SINGLE :   49 transactions
       INCR :  168 transactions
      INCR4 :   45 transactions
      INCR8 :   36 transactions
     INCR16 :   38 transactions
      WRAP4 :   35 transactions
      WRAP8 :   34 transactions
     WRAP16 :   39 transactions
      total :  444 transactions
-------------------------------------------------------------------------------------------
Total WRITE : 1267 transactions

===========================================================================================
   READ  transactions :: (by size, type)
   1 byte wide burst
     SINGLE :   39 transactions
       INCR :  116 transactions
      INCR4 :   38 transactions
      INCR8 :   34 transactions
     INCR16 :   36 transactions
      WRAP4 :   36 transactions
      WRAP8 :   49 transactions
     WRAP16 :   39 transactions
      total :  387 transactions
-------------------------------------------------------------------------------------------
   2 byte wide burst
     SINGLE :   46 transactions
       INCR :  106 transactions
      INCR4 :   46 transactions
      INCR8 :   32 transactions
     INCR16 :   37 transactions
      WRAP4 :   34 transactions
      WRAP8 :   45 transactions
     WRAP16 :   43 transactions
      total :  389 transactions
-------------------------------------------------------------------------------------------
   4 byte wide burst
     SINGLE :  151 transactions
       INCR :  143 transactions
      INCR4 :   41 transactions
      INCR8 :   29 transactions
     INCR16 :   60 transactions
      WRAP4 :   35 transactions
      WRAP8 :   34 transactions
     WRAP16 :   40 transactions
      total :  533 transactions
-------------------------------------------------------------------------------------------
Total READ  : 1309 transactions
===========================================================================================
