 ================================================================================
 Tracefile   : uvm_test_top.top_env_i.ahbfab_env_i.mvc_ahb_mon_8_env_i.logger_handle_ahb
               /mnt/ussjf-asic2/workarea1/lkamired/niue1z1_tmp/lkamired/wa_performance/SIM/top/ahbfab_cov.m33i_ram0/uvm_test_top.top_env_i.ahbfab_env_i.mvc_ahb_mon_8_env_i_ahb_beat.log
 Synopsis    : Transaction Analysis, spanning multiple Transfers
 Logfile     : reports/ahbfab_cov.m33i_ram0/mvc_ahb_mon_8/transaction.log
 Script      : parse_ahb_tracker.pl 1.03.04
 Date        : 2018-09-12
 Time        :   16:15:54
 Cycle       :         40 ns
 Frequency   :      25.00 MHz
 ================================================================================
     1 #       213940
     2 #       215220
     3 #       216700
     4 #       217940
     5 #       219220
     6 #       220340
     7 #       221420
     8 #       222660
     9 #       223820
    10 #       225060
    11 #       226140
    12 #       227380
    13 #       238460
    14 #       239700
    15 #       290860
    16 #       292100
    17 #       293380
    18 #       294580
    19 #       295860
    20 #       297060
    21 #       297916
    22 #       298191
    23 #       298511
    24 #       298796
    25 #       299086
    26 #       299396
    27 #       300401
    28 #       301326
    29 #       302681
    30 #       303606
    31 #       304761
    32 #       305686
    33 #       307186
    34 #       308166
    35 #       309166
    36 #       320126
    37 #       321581
    38 #       323061
    39 #       324501
    40 #       325981
    41 #       327461
    42 #       328901
    43 #       330341
    44 #       331781
    45 #       333221
    46 #       334701
    47 #       335641
    48 #       336606
    49 #       337641
    50 #       338566
    51 #       339726
    52 #       341121
    53 #       342046
    54 #       342886
    55 #       343651
    56 #       344226
    57 #       344626
    58 #       345031
    59 #       345391
    60 #       345786
    61 #       346186
    62 #       346551
    63 #       346911
    64 #       347306
    65 #       347706
    66 #       348111
    67 #       348511
    68 #       349011
    69 #       349431
    70 #       349801
    71 #       350191
    72 #       350591
    73 #       350991
    74 #       360991
    75 #       361351
    76 #       361846
    77 #       362226
    78 #       362726
    79 #       363126
    80 #       363606
    81 #       364016
    82 #       364496
    83 #       364906
    84 #       365406
    85 #       365826
    86 #       366326
    87 #       366716
    88 #       367216
    89 #       367586
    90 #       368086
    91 #       368466
    92 #       368966
    93 #       369346
    94 #       369846
    95 #       370236
    96 #       370736
    97 #       371106
    98 #       371606
    99 #       371986
   100 #       372486
   101 #       372866
   102 #       373366
   103 #       373746
   104 #       374246
   105 #       374626
   106 #       375126
   107 #       375506
   108 #       375866
   109 #       376226
   110 #       376591
   111 #       376951
   112 #       377306
   113 #       377666
   114 #       378041
   115 #       378441
   116 #       378831
   117 #       379231
   118 #       379986
   119 #       380401
   120 #       380801
   121 #       381191
   122 #       381546
   123 #       381921
   124 #       382311
   125 #       382666
   126 #       383116
   127 #       383511
   128 #       383871
   129 #       384236
   130 #       384636
   131 #       384991
   132 #       385361
   133 #       385756
   134 #       386156
   135 #       386511
   136 #       386871
   137 #       387236
   138 #       387636
   139 #       387926
   140 #       388631
   141 #       388966
   142 #       389481
   143 #       389796
   144 #       390081
   145 #       390396
   146 #       390721
   147 #       391036
   148 #       391351
   149 #       391636
   150 #       401911
   151 #       402206
   152 #       452551
   153 #       452876
   154 #       453391
   155 #       453716
   156 #       454191
   157 #       454486
   158 #       455196
   159 #       455591
   160 #       455961
   161 #       456271
   162 #       456566
   163 #       457871
   164 #       458201
   165 #       458526
   166 #       459831
   167 #       460161
   168 #       460476
   169 #       461761
   170 #       462131
   171 #       462486
   172 #       463791
   173 #       464131
   174 #       464446
   175 #       465791
   176 #       466121
   177 #       466476
   178 #       467801
   179 #       468211
   180 #       468516
   181 #       468831
   182 #       469211
   183 #       469516
   184 #       469791
   185 #       470121
   186 #       470436
   187 #       470711
   188 #       471081
   189 #       471446
   190 #       471791
   191 #       472121
   192 #       472436
   193 #       472711
   194 #       473041
   195 #       473356
   196 #       473641
   197 #       474001
   198 #       474356
   199 #       474681
   200 #       475081
   201 #       475511
   202 #       475881
   203 #       476266
   204 #       476726
   205 #       477036
   206 #       487316
   207 #       497596
   208 #       497871
   209 #       498166
   210 #       498486
   211 #       498791
   212 #       499151
   213 #       499511
   214 #       499916
   215 #       500316
   216 #       500671
   217 #       501031
   218 #       501386
   219 #       501796
   220 #       502151
   221 #       502511
   222 #       502866
   223 #       503276
   224 #       503596
   225 #       503911
   226 #       504241
   227 #       504556
   228 #       504831
   229 #       505211
   230 #       505516
   231 #       506291
   232 #       506606
   233 #       516911
   234 #       517236
   235 #       518051
   236 #       518356
   237 #       528631
   238 #       528916
   239 #       529231
   240 #       529561
   241 #       529916
   242 #       530241
   243 #       530651
   244 #       530966
   245 #       531271
   246 #       531641
   247 #       531956
   248 #       532276
   249 #       532551
   250 #       532881
   251 #       533196
   252 #       533476
   253 #       533801
   254 #       534161
   255 #       534526
   256 #       534836
   257 #       535151
   258 #       535521
   259 #       535846
   260 #       536156
   261 #       536431
   262 #       536726
   263 #       537036
   264 #       537311
   265 #       537596
   266 #       537876
   267 #       538151
   268 #       538436
   269 #       539726
   270 #       541031
   271 #       541361
   272 #       541686
   273 #       541996
   274 #       542271
   275 #       542556
   276 #       542836
   277 #       543111
   278 #       543396
   279 #       543676
   280 #       543951
   281 #       544236
   282 #       545516
   283 #       546801
   284 #       547171
   285 #       547486
   286 #       547806
   287 #       548151
   288 #       548436
   289 #       548726
   290 #       549031
   291 #       549326
   292 #       549636
   293 #       549911
   294 #       550236
   295 #       551516
   296 #       552841
   297 #       553201
   298 #       553566
   299 #       553876
   300 #       554151
   301 #       554476
   302 #       554756
   303 #       555031
   304 #       555316
   305 #       555606
   306 #       555911
   307 #       556206
   308 #       557526
   309 #       558841
   310 #       559241
   311 #       559556
   312 #       559836
   313 #       560111
   314 #       560406
   315 #       560726
   316 #       561031
   317 #       561316
   318 #       561596
   319 #       561881
   320 #       562246
   321 #       563556
   322 #       564831
   323 #       565201
   324 #       565556
   325 #       565886
   326 #       566201
   327 #       566556
   328 #       566836
   329 #       567111
   330 #       567436
   331 #       567756
   332 #       568031
   333 #       568356
   334 #       569646
   335 #       570991
   336 #       571321
   337 #       571676
   338 #       571961
   339 #       572321
   340 #       572636
   341 #       572916
   342 #       573191
   343 #       573531
   344 #       573876
   345 #       574151
   346 #       574521
   347 #       574836
   348 #       575116
   349 #       575391
   350 #       575721
   351 #       576076
   352 #       576361
   353 #       576731
   354 #       577086
   355 #       577396
   356 #       577681
   357 #       578041
   358 #       578356
   359 #       578676
   360 #       578951
   361 #       579281
   362 #       579596
   363 #       579876
   364 #       580161
   365 #       580571
   366 #       580886
   367 #       581206
   368 #       581511
   369 #       581881
   370 #       582236
   371 #       582511
   372 #       582841
   373 #       583206
   374 #       583516
   375 #       583841
   376 #       584251
   377 #       584556
   378 #       584831
   379 #       585161
   380 #       585476
   381 #       585756
   382 #       586071
   383 #       586441
   384 #       586796
   385 #       587076
   386 #       587391
   387 #       587721
   388 #       588036
   389 #       588356
   390 #       588671
   391 #       589001
   392 #       589326
   393 #       589676
   394 #       589951
   395 #       590291
   396 #       590636
   397 #       590926
   398 #       591281
   399 #       591641
   400 #       591956
   401 #       592236
   402 #       592521
   403 #       592891
   404 #       593206
   405 #       593516
   406 #       593831
   407 #       594171
   408 #       594476
   409 #       594766
   410 #       595081
   411 #       595441
   412 #       595756
   413 #       596046
   414 #       596361
   415 #       596721
   416 #       597076
   417 #       597356
   418 #       597631
   419 #       597971
   420 #       598276
   421 #       598556
   422 #       598871
   423 #       599241
   424 #       599566
   425 #       599876
   426 #       600151
   427 #       600481
   428 #       600796
   429 #       601076
   430 #       601351
   431 #       601681
   432 #       602036
   433 #       602316
   434 #       602641
   435 #       603361
   436 #       603751
   437 #       604076
   438 #       604356
   439 #       604761
   440 #       604936
   441 #       606261
   442 #       606441
   443 #       606611
   444 #       606781
   445 #       606941
   446 #       607116
   447 #       607271
   448 #       607446
   449 #       607601
   450 #       607781
   451 #       607941
   452 #       608111
   453 #       608281
   454 #       608681
   455 #       608761
   456 #       608856
   457 #       608951
   458 #       609046
   459 #       609071
   460 #       609136
   461 #       609231
   462 #       609326
   463 #       609421
   464 #       609491
   465 #       609511
   466 #       609601
   467 #       609691
   468 #       609786
   469 #       609876
   470 #       609926
   471 #       609971
   472 #       610066
   473 #       610301
   474 #       610381
   475 #       610761
   476 #       610951
   477 #       611231
   478 #       611521
   479 #       611651
   480 #       612061
   481 #       612101
   482 #       612556
   483 #       612601
   484 #       613031
   485 #       613171
   486 #       613421
   487 #       613711
   488 #       613841
   489 #       614231
   490 #       614251
   491 #       614681
   492 #       614791
   493 #       615111
   494 #       615331
   495 #       615521
   496 #       615901
   497 #       615921
   498 #       616361
   499 #       616441
   500 #       617011
   501 #       617581
   502 #       618151
   503 #       618721
   504 #       619246
   505 #       619261
   506 #       619521
   507 #       619761
   508 #       619831
   509 #       620046
   510 #       620331
   511 #       620371
   512 #       620586
   513 #       620606
   514 #       620681
   515 #       620776
   516 #       620851
   517 #       620871
   518 #       620966
   519 #       621061
   520 #       621121
   521 #       621151
   522 #       621236
   523 #       621326
   524 #       621366
   525 #       621371
   526 #       621416
   527 #       621466
   528 #       621496
   529 #       621561
   530 #       621601
   531 #       621606
   532 #       621731
   533 #       621861
   534 #       621906
   535 #       621946
   536 #       622126
   537 #       622191
   538 #       622271
   539 #       622351
   540 #       622401
   541 #       622516
   542 #       622641
   543 #       622646
   544 #       622741
   545 #       622836
   546 #       622921
   547 #       622926
   548 #       623031
   549 #       623161
   550 #       623226
   551 #       623301
   552 #       623441
   553 #       623471
   554 #       623601
   555 #       623681
   556 #       623791
   557 #       623936
   558 #       623996
   559 #       624161
   560 #       624201
   561 #       624381
   562 #       624586
   563 #       624736
   564 #       624841
   565 #       625001
   566 #       625091
   567 #       625231
   568 #       625346
   569 #       625581
   570 #       625741
   571 #       625821
   572 #       625981
   573 #       626036
   574 #       626126
   575 #       626336
   576 #       626551
   577 #       626701
   578 #       626741
   579 #       626886
   580 #       627026
   581 #       627101
   582 #       627131
   583 #       627146
   584 #       627256
   585 #       627361
   586 #       627501
   587 #       627536
   588 #       627561
   589 #       627701
   590 #       627746
   591 #       627936
   592 #       627971
   593 #       627986
   594 #       628081
   595 #       628171
   596 #       628221
   597 #       628236
   598 #       628251
   599 #       628271
   600 #       628321
   601 #       628366
   602 #       628381
   603 #       628401
   604 #       628411
   605 #       628441
   606 #       628471
   607 #       628501
   608 #       628591
   609 #       628841
   610 #       628921
   611 #       629041
   612 #       629266
   613 #       629611
   614 #       629681
   615 #       630081
   616 #       630151
   617 #       630241
   618 #       630301
   619 #       630361
   620 #       630421
   621 #       630461
   622 #       630511
   623 #       630721
   624 #       630886
   625 #       630931
   626 #       631051
   627 #       631141
   628 #       631231
   629 #       631301
   630 #       631321
   631 #       631761
   632 #       631861
   633 #       632141
   634 #       632401
   635 #       632606
   636 #       632941
   637 #       632981
   638 #       633436
   639 #       633511
   640 #       633841
   641 #       633851
   642 #       634141
   643 #       634261
   644 #       634311
   645 #       634751
   646 #       634831
   647 #       635401
   648 #       635491
   649 #       636031
   650 #       636571
   651 #       637111
   652 #       637681
   653 #       637891
   654 #       638101
   655 #       638221
   656 #       638971
   657 #       639721
   658 #       639811
   659 #       640351
   660 #       640891
   661 #       641431
   662 #       641971
   663 #       642031
   664 #       642091
   665 #       642211
   666 #       642421
   667 #       642631
   668 #       642721
   669 #       642871
   670 #       643021
   671 #       643171
   672 #       643321
   673 #       643381
   674 #       643441
   675 #       643531
   676 #       644071
   677 #       644611
   678 #       644701
   679 #       645241
   680 #       645781
   681 #       646321
   682 #       646861
   683 #       647461
   684 #       648061
   685 #       648151
   686 #       648691
   687 #       649231
   688 #       649351
   689 #       650281
   690 #       651211
   691 #       652141
   692 #       653071
   693 #       653281
   694 #       653491
   695 #       653581
   696 #       654121
   697 #       654691
   698 #       654781
   699 #       654841
   700 #       654901
   701 #       654961
   702 #       655021
   703 #       655561
   704 #       656101
   705 #       656191
   706 #       656341
   707 #       656521
   708 #       656611
   709 #       656761
   710 #       656911
   711 #       657061
   712 #       657211
   713 #       657361
   714 #       657511
   715 #       657631
   716 #       658141
   717 #       658621
   718 #       658741
   719 #       659311
   720 #       659881
   721 #       660451
   722 #       660991
   723 #       661291
   724 #       661591
   725 #       661681
   726 #       661741
   727 #       661801
   728 #       661921
   729 #       662971
   730 #       664021
   731 #       665071
   732 #       666121
   733 #       666211
   734 #       666301
   735 #       666421
   736 #       667261
   737 #       668071
   738 #       668191
   739 #       668281
   740 #       668371
   741 #       668461
   742 #       668551
   743 #       668881
   744 #       669181
   745 #       669301
   746 #       669631
   747 #       669931
   748 #       670021
   749 #       670891
   750 #       671761
   751 #       672631
   752 #       673531
   753 #       673861
   754 #       674161
   755 #       674281
   756 #       674611
   757 #       674911
   758 #       675001
   759 #       675181
   760 #       675361
   761 #       675541
   762 #       675721
   763 #       675871
   764 #       676021
   765 #       676141
   766 #       676711
   767 #       677281
   768 #       677401
   769 #       677971
   770 #       678541
   771 #       679111
   772 #       679651
   773 #       679711
   774 #       679771
   775 #       679891
   776 #       680461
   777 #       681031
   778 #       681151
   779 #       681241
   780 #       681331
   781 #       681421
   782 #       681511
   783 #       681691
   784 #       681841
   785 #       681961
   786 #       682291
   787 #       682591
   788 #       682681
   789 #       682861
   790 #       683041
   791 #       683221
   792 #       683431
   793 #       683641
   794 #       683851
   795 #       683971
   796 #       684181
   797 #       684361
   798 #       684451
   799 #       684991
   800 #       685531
   801 #       686071
   802 #       686641
   803 #       686851
   804 #       687061
   805 #       687151
   806 #       688171
   807 #       689191
   808 #       689311
   809 #       689671
   810 #       690031
   811 #       690391
   812 #       690751
   813 #       691081
   814 #       691381
   815 #       691501
   816 #       691831
   817 #       692131
   818 #       692251
   819 #       692431
   820 #       692611
   821 #       692791
   822 #       692941
   823 #       693121
   824 #       693331
   825 #       693451
   826 #       693661
   827 #       693841
   828 #       693931
   829 #       694441
   830 #       694951
   831 #       695461
   832 #       696001
   833 #       696181
   834 #       696361
   835 #       696481
   836 #       696811
   837 #       697141
   838 #       697231
   839 #       697771
   840 #       698311
   841 #       698851
   842 #       699391
   843 #       699931
   844 #       700471
   845 #       700561
   846 #       700621
   847 #       700681
   848 #       700801
   849 #       701131
   850 #       701461
   851 #       701791
   852 #       702121
   853 #       702211
   854 #       702271
   855 #       702391
   856 #       702721
   857 #       703021
   858 #       703141
   859 #       703471
   860 #       703801
   861 #       704131
   862 #       704461
   863 #       704671
   864 #       704851
   865 #       704941
   866 #       705001
   867 #       705091
   868 #       705181
   869 #       705991
   870 #       706801
   871 #       707611
   872 #       708451
   873 #       708541
   874 #       708601
   875 #       708691
   876 #       708991
   877 #       709291
   878 #       709411
   879 #       709621
   880 #       709831
   881 #       710041
   882 #       710221
   883 #       710401
   884 #       710581
   885 #       710701
   886 #       711271
   887 #       711811
   888 #       711901
   889 #       712081
   890 #       712261
   891 #       712441
   892 #       712651
   893 #       712861
   894 #       713041
   895 #       713131
   896 #       713191
   897 #       713251
   898 #       713341
   899 #       713881
   900 #       714421
   901 #       714961
   902 #       715531
   903 #       716101
   904 #       716641
   905 #       716731
   906 #       716911
   907 #       717091
   908 #       717211
   909 #       717391
   910 #       717571
   911 #       717751
   912 #       717931
   913 #       718111
   914 #       718291
   915 #       718381
   916 #       718741
   917 #       719101
   918 #       719221
   919 #       719791
   920 #       720361
   921 #       720931
   922 #       721501
   923 #       721741
   924 #       721951
   925 #       722041
   926 #       722341
   927 #       722671
   928 #       722791
   929 #       722971
   930 #       723151
   931 #       723331
   932 #       723481
   933 #       723781
   934 #       724081
   935 #       724171
   936 #       724711
   937 #       725281
   938 #       725371
   939 #       726241
   940 #       727111
   941 #       727981
   942 #       728851
   943 #       729391
   944 #       729961
   945 #       730081
   946 #       730411
   947 #       730711
   948 #       730831
   949 #       731401
   950 #       731971
   951 #       732541
   952 #       733111
   953 #       733441
   954 #       733741
   955 #       733831
   956 #       734131
   957 #       734431
   958 #       734521
   959 #       734701
   960 #       734881
   961 #       735061
   962 #       735241
   963 #       735301
   964 #       735361
   965 #       735481
   966 #       735691
   967 #       735901
   968 #       736021
   969 #       736231
   970 #       736441
   971 #       736651
   972 #       736861
   973 #       737431
   974 #       737971
   975 #       738061
   976 #       738241
   977 #       738451
   978 #       738541
   979 #       738841
   980 #       739141
   981 #       739441
   982 #       739771
   983 #       740071
   984 #       740341
   985 #       740431
   986 #       741301
   987 #       742201
   988 #       742321
   989 #       742531
   990 #       742741
   991 #       742951
   992 #       743161
   993 #       743371
   994 #       743581
   995 #       743701
   996 #       744271
   997 #       744841
   998 #       744961
   999 #       745051
  1000 #       745141
  1001 #       745231
  1002 #       745291
  1003 #       745951
  1004 #       746611
  1005 #       746701
  1006 #       746881
  1007 #       747061
  1008 #       747181
  1009 #       747361
  1010 #       747541
  1011 #       747721
  1012 #       747901
  1013 #       748441
  1014 #       748951
  1015 #       749071
  1016 #       749401
  1017 #       749731
  1018 #       749851
  1019 #       749941
  1020 #       750031
  1021 #       750121
  1022 #       750181
  1023 #       750721
  1024 #       751291
  1025 #       751381
  1026 #       751681
  1027 #       752011
  1028 #       752131
  1029 #       752341
  1030 #       752551
  1031 #       752761
  1032 #       752971
  1033 #       753541
  1034 #       754081
  1035 #       754171
  1036 #       754711
  1037 #       755251
  1038 #       755341
  1039 #       755881
  1040 #       756421
  1041 #       756961
  1042 #       757501
  1043 #       757561
  1044 #       757621
  1045 #       757741
  1046 #       757831
  1047 #       757891
  1048 #       757981
  1049 #       758521
  1050 #       759061
  1051 #       759601
  1052 #       760141
  1053 #       760441
  1054 #       760771
  1055 #       760891
  1056 #       761101
  1057 #       761311
  1058 #       761431
  1059 #       761761
  1060 #       762091
  1061 #       762421
  1062 #       762721
  1063 #       763021
  1064 #       763351
  1065 #       763441
  1066 #       763621
  1067 #       763801
  1068 #       763921
  1069 #       764221
  1070 #       764521
  1071 #       764821
  1072 #       765091
  1073 #       765391
  1074 #       765721
  1075 #       765841
  1076 #       766171
  1077 #       766471
  1078 #       766561
  1079 #       766741
  1080 #       766921
  1081 #       767101
  1082 #       767281
  1083 #       767341
  1084 #       767401
  1085 #       767521
  1086 #       767851
  1087 #       768181
  1088 #       768271
  1089 #       768571
  1090 #       768871
  1091 #       769171
  1092 #       769501
  1093 #       769861
  1094 #       770191
  1095 #       770281
  1096 #       770581
  1097 #       770911
  1098 #       771031
  1099 #       771421
  1100 #       771811
  1101 #       772201
  1102 #       772561
  1103 #       773101
  1104 #       773671
  1105 #       773761
  1106 #       774301
  1107 #       774871
  1108 #       774991
  1109 #       775171
  1110 #       775351
  1111 #       775531
  1112 #       775681
  1113 #       776221
  1114 #       776791
  1115 #       776911
  1116 #       777001
  1117 #       777061
  1118 #       777151
  1119 #       777451
  1120 #       777751
  1121 #       778051
  1122 #       778351
  1123 #       778891
  1124 #       779431
  1125 #       779551
  1126 #       779641
  1127 #       779701
  1128 #       779791
  1129 #       779941
  1130 #       780091
  1131 #       780241
  1132 #       780421
  1133 #       780511
  1134 #       780571
  1135 #       780691
  1136 #       781261
  1137 #       781801
  1138 #       781891
  1139 #       781951
  1140 #       782011
  1141 #       782071
  1142 #       782131
  1143 #       782221
  1144 #       782341
  1145 #       782461
  1146 #       782791
  1147 #       783121
  1148 #       783211
  1149 #       783511
  1150 #       783811
  1151 #       784111
  1152 #       784441
  1153 #       784531
  1154 #       784591
  1155 #       784681
  1156 #       785221
  1157 #       785791
  1158 #       785881
  1159 #       786421
  1160 #       786961
  1161 #       787501
  1162 #       788041
  1163 #       788221
  1164 #       788401
  1165 #       788491
  1166 #       789031
  1167 #       789601
  1168 #       789691
  1169 #       789991
  1170 #       790291
  1171 #       790591
  1172 #       790921
  1173 #       791131
  1174 #       791341
  1175 #       791431
  1176 #       791731
  1177 #       792031
  1178 #       792151
  1179 #       792901
  1180 #       793651
  1181 #       794401
  1182 #       795121
  1183 #       795301
  1184 #       795481
  1185 #       795571
  1186 #       795871
  1187 #       796201
  1188 #       796291
  1189 #       797281
  1190 #       798271
  1191 #       799261
  1192 #       800251
  1193 #       800311
  1194 #       800401
  1195 #       800491
  1196 #       800641
  1197 #       800791
  1198 #       800911
  1199 #       801241
  1200 #       801571
  1201 #       801901
  1202 #       802201
  1203 #       802261
  1204 #       802321
  1205 #       802441
  1206 #       802771
  1207 #       803101
  1208 #       803191
  1209 #       803491
  1210 #       803791
  1211 #       804091
  1212 #       804421
  1213 #       804631
  1214 #       804841
  1215 #       804931
  1216 #       804991
  1217 #       805081
  1218 #       805171
  1219 #       805711
  1220 #       806251
  1221 #       806791
  1222 #       807331
  1223 #       807511
  1224 #       807721
  1225 #       807841
  1226 #       808411
  1227 #       808951
  1228 #       809071
  1229 #       809161
  1230 #       809251
  1231 #       809341
  1232 #       809401
  1233 #       809941
  1234 #       810511
  1235 #       810631
  1236 #       810841
  1237 #       811051
  1238 #       811171
  1239 #       811501
  1240 #       811831
  1241 #       812161
  1242 #       812461
  1243 #       812761
  1244 #       813061
  1245 #       813181
  1246 #       813751
  1247 #       814291
  1248 #       814381
  1249 #       814561
  1250 #       814741
  1251 #       814921
  1252 #       815101
  1253 #       815161
  1254 #       815251
  1255 #       815341
  1256 #       815881
  1257 #       816421
  1258 #       816541
  1259 #       816631
  1260 #       816721
  1261 #       816811
  1262 #       816901
  1263 #       817411
  1264 #       817891
  1265 #       817981
  1266 #       818041
  1267 #       818101
  1268 #       818191
  1269 #       818341
  1270 #       818491
  1271 #       818641
  1272 #       818821
  1273 #       819151
  1274 #       819451
  1275 #       819541
  1276 #       819721
  1277 #       819901
  1278 #       819991
  1279 #       820171
  1280 #       820351
  1281 #       820531
  1282 #       820741
  1283 #       821071
  1284 #       821371
  1285 #       821491
  1286 #       821701
  1287 #       821881
  1288 #       821971
  1289 #       822931
  1290 #       823891
  1291 #       824851
  1292 #       825841
  1293 #       826171
  1294 #       826471
  1295 #       826591
  1296 #       826921
  1297 #       827221
  1298 #       827311
  1299 #       827851
  1300 #       828391
  1301 #       828931
  1302 #       829471
  1303 #       830401
  1304 #       831361
  1305 #       831481
  1306 #       831661
  1307 #       831811
  1308 #       831901
  1309 #       832201
  1310 #       832501
  1311 #       832801
  1312 #       833101
  1313 #       833641
  1314 #       834211
  1315 #       834331
  1316 #       834901
  1317 #       835471
  1318 #       835561
  1319 #       835771
  1320 #       835981
  1321 #       836191
  1322 #       836401
  1323 #       836551
  1324 #       836701
  1325 #       836821
  1326 #       837391
  1327 #       837931
  1328 #       838051
  1329 #       838381
  1330 #       838711
  1331 #       839041
  1332 #       839341
  1333 #       839401
  1334 #       839461
  1335 #       839581
  1336 #       839791
  1337 #       840001
  1338 #       840091
  1339 #       840391
  1340 #       840691
  1341 #       840991
  1342 #       841291
  1343 #       841351
  1344 #       841441
  1345 #       841561
  1346 #       841651
  1347 #       841711
  1348 #       841831
  1349 #       842401
  1350 #       842971
  1351 #       843541
  1352 #       844111
  1353 #       844681
  1354 #       845221
  1355 #       845341
  1356 #       845551
  1357 #       845731
  1358 #       845821
  1359 #       845881
  1360 #       845941
  1361 #       846001
  1362 #       846061
  1363 #       846361
  1364 #       846661
  1365 #       846751
  1366 #       847351
  1367 #       847951
  1368 #       848041
  1369 #       848101
  1370 #       848161
  1371 #       848221
  1372 #       848281
  1373 #       848551
  1374 #       848851
  1375 #       848971
  1376 #       849241
  1377 #       849511
  1378 #       849601
  1379 #       849871
  1380 #       850141
  1381 #       850411
  1382 #       850711
  1383 #       851281
  1384 #       851851
  1385 #       851971
  1386 #       852181
  1387 #       852391
  1388 #       852511
  1389 #       852601
  1390 #       852691
  1391 #       852781
  1392 #       852841
  1393 #       853021
  1394 #       853231
  1395 #       853321
  1396 #       853861
  1397 #       854431
  1398 #       854521
  1399 #       854701
  1400 #       854881
  1401 #       855061
  1402 #       855271
  1403 #       855841
  1404 #       856381
  1405 #       856501
  1406 #       857191
  1407 #       857851
  1408 #       857971
  1409 #       858781
  1410 #       859591
  1411 #       860401
  1412 #       861211
  1413 #       861391
  1414 #       861541
  1415 #       861631
  1416 #       862171
  1417 #       862711
  1418 #       862801
  1419 #       863311
  1420 #       863821
  1421 #       864331
  1422 #       864871
  1423 #       865201
  1424 #       865531
  1425 #       865621
  1426 #       865801
  1427 #       866011
  1428 #       866101
  1429 #       866401
  1430 #       866701
  1431 #       867001
  1432 #       867331
  1433 #       868351
  1434 #       869371
  1435 #       869491
  1436 #       869581
  1437 #       869671
  1438 #       869761
  1439 #       869821
  1440 #       869881
  1441 #       869941
  1442 #       870031
  1443 #       870211
  1444 #       870361
  1445 #       870481
  1446 #       870571
  1447 #       870661
  1448 #       870781
  1449 #       871771
  1450 #       872761
  1451 #       873751
  1452 #       874741
  1453 #       875311
  1454 #       875851
  1455 #       875941
  1456 #       876481
  1457 #       877051
  1458 #       877171
  1459 #       877471
  1460 #       877771
  1461 #       878071
  1462 #       878341
  1463 #       878641
  1464 #       878971
  1465 #       879061
  1466 #       879361
  1467 #       879661
  1468 #       879781
  1469 #       880831
  1470 #       881881
  1471 #       882931
  1472 #       883981
  1473 #       884551
  1474 #       885091
  1475 #       885211
  1476 #       885391
  1477 #       885541
  1478 #       885631
  1479 #       886141
  1480 #       886651
  1481 #       887161
  1482 #       887671
  1483 #       888211
  1484 #       888751
  1485 #       888871
  1486 #       888961
  1487 #       889021
  1488 #       889141
  1489 #       889711
  1490 #       890281
  1491 #       890851
  1492 #       891391
  1493 #       891691
  1494 #       891991
  1495 #       892081
  1496 #       892141
  1497 #       892201
  1498 #       892291
  1499 #       892351
  1500 #       892411
  1501 #       892471
  1502 #       892561
  1503 #       892861
  1504 #       893131
  1505 #       893221
  1506 #       893521
  1507 #       893851
  1508 #       893971
  1509 #       894541
  1510 #       895111
  1511 #       895681
  1512 #       896251
  1513 #       896581
  1514 #       896911
  1515 #       897031
  1516 #       897601
  1517 #       898141
  1518 #       898231
  1519 #       898381
  1520 #       898531
  1521 #       898681
  1522 #       898861
  1523 #       899041
  1524 #       899221
  1525 #       899311
  1526 #       899581
  1527 #       899851
  1528 #       899971
  1529 #       900301
  1530 #       900631
  1531 #       900961
  1532 #       901261
  1533 #       901561
  1534 #       901861
  1535 #       901981
  1536 #       902551
  1537 #       903121
  1538 #       903241
  1539 #       903331
  1540 #       903421
  1541 #       903511
  1542 #       903571
  1543 #       903871
  1544 #       904171
  1545 #       904261
  1546 #       904561
  1547 #       904861
  1548 #       904951
  1549 #       905491
  1550 #       906031
  1551 #       906571
  1552 #       907111
  1553 #       907291
  1554 #       907471
  1555 #       907591
  1556 #       908161
  1557 #       908701
  1558 #       908791
  1559 #       909241
  1560 #       909691
  1561 #       910141
  1562 #       910621
  1563 #       910951
  1564 #       911251
  1565 #       911341
  1566 #       911401
  1567 #       911491
  1568 #       911581
  1569 #       911641
  1570 #       911701
  1571 #       911761
  1572 #       911851
  1573 #       912181
  1574 #       912511
  1575 #       912601
  1576 #       913141
  1577 #       913681
  1578 #       913771
  1579 #       913831
  1580 #       913891
  1581 #       913951
  1582 #       914011
  1583 #       914281
  1584 #       914581
  1585 #       914701
  1586 #       914911
  1587 #       915121
  1588 #       915211
  1589 #       915391
  1590 #       915571
  1591 #       915751
  1592 #       915961
  1593 #       916861
  1594 #       917731
  1595 #       917851
  1596 #       918421
  1597 #       918991
  1598 #       919081
  1599 #       919951
  1600 #       920821
  1601 #       921691
  1602 #       922561
  1603 #       923101
  1604 #       923641
  1605 #       923761
  1606 #       924061
  1607 #       924361
  1608 #       924451
  1609 #       924631
  1610 #       924811
  1611 #       924991
  1612 #       925201
  1613 #       925561
  1614 #       925891
  1615 #       925981
  1616 #       926161
  1617 #       926371
  1618 #       926461
  1619 #       927001
  1620 #       927541
  1621 #       928081
  1622 #       928621
  1623 #       928891
  1624 #       929191
  1625 #       929311
  1626 #       929641
  1627 #       929941
  1628 #       930031
  1629 #       930571
  1630 #       931111
  1631 #       931651
  1632 #       932221
  1633 #       932311
  1634 #       932401
  1635 #       932521
  1636 #       932851
  1637 #       933181
  1638 #       933301
  1639 #       933391
  1640 #       933481
  1641 #       933571
  1642 #       933631
  1643 #       933931
  1644 #       934261
  1645 #       934351
  1646 #       934651
  1647 #       934951
  1648 #       935041
  1649 #       935101
  1650 #       935161
  1651 #       935221
  1652 #       935311
  1653 #       935641
  1654 #       935971
  1655 #       936091
  1656 #       936301
  1657 #       936511
  1658 #       936631
  1659 #       937201
  1660 #       937771
  1661 #       938341
  1662 #       938881
  1663 #       939001
  1664 #       939151
  1665 #       939241
  1666 #       939421
  1667 #       939601
  1668 #       939691
  1669 #       939841
  1670 #       939991
  1671 #       940141
  1672 #       940321
  1673 #       940531
  1674 #       940711
  1675 #       940831
  1676 #       940921
  1677 #       941011
  1678 #       941101
  1679 #       941401
  1680 #       941701
  1681 #       942001
  1682 #       942331
  1683 #       942541
  1684 #       942721
  1685 #       942841
  1686 #       943051
  1687 #       943231
  1688 #       943351
  1689 #       943681
  1690 #       944011
  1691 #       944341
  1692 #       944641
  1693 #       945181
  1694 #       945721
  1695 #       945811
  1696 #       946111
  1697 #       946441
  1698 #       946531
  1699 #       947371
  1700 #       948211
  1701 #       949051
  1702 #       949891
  1703 #       950191
  1704 #       950491
  1705 #       950611
  1706 #       950821
  1707 #       951001
  1708 #       951091
  1709 #       951631
  1710 #       952171
  1711 #       952711
  1712 #       953251
  1713 #       953581
  1714 #       953911
  1715 #       954031
  1716 #       954451
  1717 #       954871
  1718 #       954991
  1719 #       955561
  1720 #       956131
  1721 #       956701
  1722 #       957271
  1723 #       957841
  1724 #       958381
  1725 #       958501
  1726 #       958831
  1727 #       959161
  1728 #       959251
  1729 #       959311
  1730 #       959371
  1731 #       959431
  1732 #       959491
  1733 #       960031
  1734 #       960601
  1735 #       960691
  1736 #       960991
  1737 #       961291
  1738 #       961411
  1739 #       961981
  1740 #       962551
  1741 #       963121
  1742 #       963691
  1743 #       963781
  1744 #       963871
  1745 #       963961
  1746 #       964141
  1747 #       964351
  1748 #       964471
  1749 #       964681
  1750 #       964891
  1751 #       965101
  1752 #       965281
  1753 #       965461
  1754 #       965641
  1755 #       965731
  1756 #       965851
  1757 #       966001
  1758 #       966121
  1759 #       966451
  1760 #       966781
  1761 #       967111
  1762 #       967411
  1763 #       967471
  1764 #       967531
  1765 #       967651
  1766 #       967861
  1767 #       968041
  1768 #       968131
  1769 #       968431
  1770 #       968731
  1771 #       969031
  1772 #       969331
  1773 #       969811
  1774 #       970291
  1775 #       970381
  1776 #       970681
  1777 #       971011
  1778 #       971131
  1779 #       971701
  1780 #       972271
  1781 #       972841
  1782 #       973411
  1783 #       973621
  1784 #       973801
  1785 #       973891
  1786 #       974191
  1787 #       974521
  1788 #       974641
  1789 #       974971
  1790 #       975301
  1791 #       975631
  1792 #       975931
  1793 #       976231
  1794 #       976561
  1795 #       976651
  1796 #       976921
  1797 #       977221
  1798 #       977341
  1799 #       977551
  1800 #       977761
  1801 #       977971
  1802 #       978181
  1803 #       978391
  1804 #       978571
  1805 #       978661
  1806 #       978721
  1807 #       978811
  1808 #       978931
  1809 #       979261
  1810 #       979591
  1811 #       979921
  1812 #       980221
  1813 #       980761
  1814 #       981301
  1815 #       981421
  1816 #       981991
  1817 #       982561
  1818 #       982681
  1819 #       982891
  1820 #       983101
  1821 #       983311
  1822 #       983521
  1823 #       983731
  1824 #       983911
  1825 #       984001
  1826 #       984181
  1827 #       984391
  1828 #       984481
  1829 #       984781
  1830 #       985081
  1831 #       985381
  1832 #       985711
  1833 #       986041
  1834 #       986341
  1835 #       986461
  1836 #       986551
  1837 #       986641
  1838 #       986761
  1839 #       987331
  1840 #       987901
  1841 #       988471
  1842 #       989041
  1843 #       989221
  1844 #       989371
  1845 #       989491
  1846 #       989701
  1847 #       989911
  1848 #       990001
  1849 #       990181
  1850 #       990361
  1851 #       990541
  1852 #       990751
  1853 #       990961
  1854 #       991141
  1855 #       991231
  1856 #       992131
  1857 #       993061
  1858 #       993151
  1859 #       993451
  1860 #       993751
  1861 #       994051
  1862 #       994381
  1863 #       994891
  1864 #       995401
  1865 #       995521
  1866 #       995731
  1867 #       995911
  1868 #       996001
  1869 #       996301
  1870 #       996601
  1871 #       996901
  1872 #       997231
  1873 #       997531
  1874 #       997801
  1875 #       997921
  1876 #       998491
  1877 #       999061
  1878 #       999151
  1879 #       999451
  1880 #       999751
  1881 #      1000051
  1882 #      1000351
  1883 #      1000471
  1884 #      1000621
  1885 #      1000741
  1886 #      1001251
  1887 #      1001731
  1888 #      1001851
  1889 #      1002421
  1890 #      1002991
  1891 #      1003561
  1892 #      1004101
  1893 #      1004371
  1894 #      1004641
  1895 #      1004731
  1896 #      1004881
  1897 #      1005061
  1898 #      1005151
  1899 #      1005451
  1900 #      1005751
  1901 #      1006051
  1902 #      1006351
  1903 #      1006891
  1904 #      1007431
  1905 #      1007551
  1906 #      1008061
  1907 #      1008571
  1908 #      1008691
  1909 #      1008871
  1910 #      1009051
  1911 #      1009231
  1912 #      1009381
  1913 #      1009531
  1914 #      1009681
  1915 #      1009801
  1916 #      1010641
  1917 #      1011451
  1918 #      1011571
  1919 #      1011781
  1920 #      1011991
  1921 #      1012201
  1922 #      1012411
  1923 #      1012501
  1924 #      1012591
  1925 #      1012711
  1926 #      1012921
  1927 #      1013131
  1928 #      1013221
  1929 #      1013371
  1930 #      1013521
  1931 #      1013671
  1932 #      1013821
  1933 #      1014121
  1934 #      1014421
  1935 #      1014541
  1936 #      1014721
  1937 #      1014901
  1938 #      1015021
  1939 #      1016071
  1940 #      1017121
  1941 #      1018171
  1942 #      1019191
  1943 #      1019251
  1944 #      1019341
  1945 #      1019431
  1946 #      1019971
  1947 #      1020541
  1948 #      1020661
  1949 #      1020751
  1950 #      1020841
  1951 #      1020931
  1952 #      1020991
  1953 #      1021531
  1954 #      1022071
  1955 #      1022161
  1956 #      1022461
  1957 #      1022761
  1958 #      1022851
  1959 #      1023151
  1960 #      1023451
  1961 #      1023751
  1962 #      1024081
  1963 #      1024171
  1964 #      1024231
  1965 #      1024321
  1966 #      1024621
  1967 #      1024921
  1968 #      1025041
  1969 #      1025611
  1970 #      1026181
  1971 #      1026751
  1972 #      1027321
  1973 #      1027921
  1974 #      1028491
  1975 #      1028611
  1976 #      1029451
  1977 #      1030291
  1978 #      1030381
  1979 #      1030921
  1980 #      1031461
  1981 #      1032001
  1982 #      1032541
  1983 #      1032601
  1984 #      1032661
  1985 #      1032751
  1986 #      1032901
  1987 #      1033081
  1988 #      1033201
  1989 #      1033591
  1990 #      1033981
  1991 #      1034371
  1992 #      1034761
  1993 #      1035601
  1994 #      1036411
  1995 #      1036501
  1996 #      1036561
  1997 #      1036651
  1998 #      1036771
  1999 #      1037101
  2000 #      1037431
  2001 #      1037761
  2002 #      1038061
  2003 #      1038361
  2004 #      1038661
  2005 #      1038781
  2006 #      1039351
  2007 #      1039921
  2008 #      1040041
  2009 #      1040611
  2010 #      1041181
  2011 #      1041751
  2012 #      1042291
  2013 #      1042831
  2014 #      1043371
  2015 #      1043491
  2016 #      1043671
  2017 #      1043851
  2018 #      1043941
  2019 #      1044241
  2020 #      1044541
  2021 #      1044841
  2022 #      1045141
  2023 #      1045681
  2024 #      1046251
  2025 #      1046341
  2026 #      1046491
  2027 #      1046671
  2028 #      1046761
  2029 #      1047751
  2030 #      1048741
  2031 #      1049731
  2032 #      1050721
  2033 #      1051261
  2034 #      1051831
  2035 #      1051921
  2036 #      1052461
  2037 #      1053001
  2038 #      1053121
  2039 #      1053211
  2040 #      1053301
  2041 #      1053391
  2042 #      1053481
  2043 #      1053811
  2044 #      1054111
  2045 #      1054201
  2046 #      1054351
  2047 #      1054501
  2048 #      1054621
  2049 #      1054831
  2050 #      1055041
  2051 #      1055251
  2052 #      1055461
  2053 #      1055671
  2054 #      1055851
  2055 #      1055941
  2056 #      1056001
  2057 #      1056091
  2058 #      1056181
  2059 #      1056721
  2060 #      1057261
  2061 #      1057801
  2062 #      1058341
  2063 #      1058641
  2064 #      1058971
  2065 #      1059061
  2066 #      1059361
  2067 #      1059691
  2068 #      1059781
  2069 #      1060621
  2070 #      1061461
  2071 #      1062301
  2072 #      1063171
  2073 #      1063381
  2074 #      1063591
  2075 #      1063711
  2076 #      1064701
  2077 #      1065691
  2078 #      1065811
  2079 #      1066021
  2080 #      1066231
  2081 #      1066441
  2082 #      1066651
  2083 #      1066741
  2084 #      1066801
  2085 #      1066891
  2086 #      1067041
  2087 #      1067221
  2088 #      1067341
  2089 #      1067671
  2090 #      1068001
  2091 #      1068331
  2092 #      1068661
  2093 #      1069231
  2094 #      1069771
  2095 #      1069861
  2096 #      1070041
  2097 #      1070221
  2098 #      1070341
  2099 #      1070551
  2100 #      1070761
  2101 #      1070971
  2102 #      1071151
  2103 #      1071211
  2104 #      1071271
  2105 #      1071361
  2106 #      1071541
  2107 #      1071751
  2108 #      1071871
  2109 #      1072201
  2110 #      1072531
  2111 #      1072861
  2112 #      1073161
  2113 #      1073221
  2114 #      1073281
  2115 #      1073371
  2116 #      1073521
  2117 #      1073671
  2118 #      1073791
  2119 #      1074361
  2120 #      1074931
  2121 #      1075501
  2122 #      1076041
  2123 #      1076341
  2124 #      1076671
  2125 #      1076761
  2126 #      1077301
  2127 #      1077871
  2128 #      1077961
  2129 #      1078861
  2130 #      1079761
  2131 #      1080661
  2132 #      1081591
  2133 #      1081921
  2134 #      1082221
  2135 #      1082311
  2136 #      1082851
  2137 #      1083421
  2138 #      1083541
  2139 #      1084111
  2140 #      1084681
  2141 #      1085251
  2142 #      1085791
  2143 #      1086331
  2144 #      1086901
  2145 #      1086991
  2146 #      1087291
  2147 #      1087621
  2148 #      1087741
  2149 #      1088311
  2150 #      1088881
  2151 #      1089451
  2152 #      1090021
  2153 #      1090591
  2154 #      1091161
  2155 #      1091251
  2156 #      1092091
  2157 #      1092931
  2158 #      1093021
  2159 #      1093201
  2160 #      1093381
  2161 #      1093561
  2162 #      1093771
  2163 #      1094311
  2164 #      1094821
  2165 #      1094911
  2166 #      1095091
  2167 #      1095271
  2168 #      1095391
  2169 #      1095721
  2170 #      1096051
  2171 #      1096381
  2172 #      1096711
  2173 #      1097731
  2174 #      1098721
  2175 #      1098811
  2176 #      1099351
  2177 #      1099891
  2178 #      1099981
  2179 #      1100491
  2180 #      1101001
  2181 #      1101511
  2182 #      1102021
  2183 #      1102561
  2184 #      1103101
  2185 #      1103221
  2186 #      1104121
  2187 #      1105021
  2188 #      1105141
  2189 #      1105711
  2190 #      1106281
  2191 #      1106851
  2192 #      1107391
  2193 #      1107571
  2194 #      1107781
  2195 #      1107871
  2196 #      1108141
  2197 #      1108411
  2198 #      1108501
  2199 #      1108681
  2200 #      1108861
  2201 #      1109041
  2202 #      1109221
  2203 #      1109311
  2204 #      1109401
  2205 #      1109491
  2206 #      1109641
  2207 #      1109821
  2208 #      1109941
  2209 #      1110271
  2210 #      1110601
  2211 #      1110931
  2212 #      1111261
  2213 #      1111471
  2214 #      1111681
  2215 #      1111801
  2216 #      1112131
  2217 #      1112461
  2218 #      1112581
  2219 #      1112671
  2220 #      1112761
  2221 #      1112851
  2222 #      1112911
  2223 #      1113061
  2224 #      1113241
  2225 #      1113331
  2226 #      1113601
  2227 #      1113871
  2228 #      1113991
  2229 #      1114201
  2230 #      1114411
  2231 #      1114621
  2232 #      1114801
  2233 #      1115101
  2234 #      1115401
  2235 #      1115521
  2236 #      1115611
  2237 #      1115701
  2238 #      1115821
  2239 #      1116151
  2240 #      1116481
  2241 #      1116811
  2242 #      1117111
  2243 #      1117261
  2244 #      1117441
  2245 #      1117561
  2246 #      1118131
  2247 #      1118671
  2248 #      1118761
  2249 #      1118821
  2250 #      1118881
  2251 #      1118941
  2252 #      1119001
  2253 #      1119541
  2254 #      1120111
  2255 #      1120231
  2256 #      1120561
  2257 #      1120861
  2258 #      1120981
  2259 #      1121071
  2260 #      1121161
  2261 #      1121251
  2262 #      1121341
  2263 #      1121671
  2264 #      1121971
  2265 #      1122061
  2266 #      1122301
  2267 #      1122571
  2268 #      1122691
  2269 #      1123021
  2270 #      1123351
  2271 #      1123681
  2272 #      1123981
  2273 #      1124281
  2274 #      1124611
  2275 #      1124701
  2276 #      1124881
  2277 #      1125061
  2278 #      1125181
  2279 #      1125571
  2280 #      1125961
  2281 #      1126351
  2282 #      1126711
  2283 #      1126981
  2284 #      1127281
  2285 #      1127371
  2286 #      1127431
  2287 #      1127521
  2288 #      1127611
  2289 #      1127911
  2290 #      1128211
  2291 #      1128511
  2292 #      1128841
  2293 #      1129171
  2294 #      1129471
  2295 #      1129561
  2296 #      1129621
  2297 #      1129711
  2298 #      1129801
  2299 #      1129861
  2300 #      1129921
  2301 #      1129981
  2302 #      1130071
  2303 #      1130161
  2304 #      1130221
  2305 #      1130341
  2306 #      1130671
  2307 #      1130971
  2308 #      1131061
  2309 #      1131241
  2310 #      1131421
  2311 #      1131601
  2312 #      1131781
  2313 #      1132081
  2314 #      1132381
  2315 #      1132501
  2316 #      1132681
  2317 #      1132831
  2318 #      1132951
  2319 #      1133041
  2320 #      1133131
  2321 #      1133221
  2322 #      1133281
  2323 #      1133821
  2324 #      1134391
  2325 #      1134481
  2326 #      1135081
  2327 #      1135681
  2328 #      1135801
  2329 #      1136131
  2330 #      1136461
  2331 #      1136791
  2332 #      1137121
  2333 #      1137541
  2334 #      1137961
  2335 #      1138051
  2336 #      1138591
  2337 #      1139161
  2338 #      1139281
  2339 #      1139491
  2340 #      1139701
  2341 #      1139911
  2342 #      1140091
  2343 #      1140961
  2344 #      1141861
  2345 #      1141981
  2346 #      1142431
  2347 #      1142851
  2348 #      1142971
  2349 #      1143301
  2350 #      1143631
  2351 #      1143961
  2352 #      1144291
  2353 #      1144621
  2354 #      1144921
  2355 #      1145041
  2356 #      1145371
  2357 #      1145701
  2358 #      1145791
  2359 #      1146331
  2360 #      1146871
  2361 #      1147411
  2362 #      1147951
  2363 #      1148101
  2364 #      1148281
  2365 #      1148401
  2366 #      1148701
  2367 #      1149001
  2368 #      1149121
  2369 #      1149331
  2370 #      1149541
  2371 #      1149751
  2372 #      1149961
  2373 #      1150171
  2374 #      1150351
  2375 #      1150471
  2376 #      1150681
  2377 #      1150861
  2378 #      1150981
  2379 #      1151311
  2380 #      1151641
  2381 #      1151971
  2382 #      1152271
  2383 #      1152811
  2384 #      1153381
  2385 #      1153501
  2386 #      1153591
  2387 #      1153651
  2388 #      1153771
  2389 #      1154101
  2390 #      1154431
  2391 #      1154761
  2392 #      1155061
  2393 #      1155601
  2394 #      1156171
  2395 #      1156291
  2396 #      1156501
  2397 #      1156681
  2398 #      1156801
  2399 #      1157011
  2400 #      1157221
  2401 #      1157431
  2402 #      1157641
  2403 #      1158211
  2404 #      1158751
  2405 #      1158871
  2406 #      1159081
  2407 #      1159261
  2408 #      1159381
  2409 #      1159711
  2410 #      1160041
  2411 #      1160371
  2412 #      1160671
  2413 #      1161211
  2414 #      1161751
  2415 #      1161871
  2416 #      1162201
  2417 #      1162501
  2418 #      1162621
  2419 #      1163161
  2420 #      1163701
  2421 #      1164241
  2422 #      1164781
  2423 #      1164961
  2424 #      1165111
  2425 #      1165231
  2426 #      1165411
  2427 #      1165591
  2428 #      1165711
  2429 #      1166041
  2430 #      1166371
  2431 #      1166701
  2432 #      1167001
  2433 #      1167541
  2434 #      1168111
  2435 #      1168231
  2436 #      1168411
  2437 #      1168561
  2438 #      1168651
  2439 #      1168711
  2440 #      1168771
  2441 #      1168831
  2442 #      1168891
  2443 #      1168951
  2444 #      1169041
  2445 #      1169161
  2446 #      1169371
  2447 #      1169581
  2448 #      1169701
  2449 #      1169911
  2450 #      1170121
  2451 #      1170331
  2452 #      1170541
  2453 #      1171111
  2454 #      1171681
  2455 #      1171801
  2456 #      1172371
  2457 #      1172941
  2458 #      1173061
  2459 #      1173151
  2460 #      1173241
  2461 #      1173331
  2462 #      1173391
  2463 #      1173691
  2464 #      1174021
  2465 #      1174141
  2466 #      1174681
  2467 #      1175221
  2468 #      1175341
  2469 #      1175911
  2470 #      1176481
  2471 #      1177051
  2472 #      1177621
  2473 #      1178611
  2474 #      1179571
  2475 #      1179661
  2476 #      1179961
  2477 #      1180261
  2478 #      1180351
  2479 #      1180861
  2480 #      1181371
  2481 #      1181881
  2482 #      1182391
  2483 #      1182541
  2484 #      1182721
  2485 #      1182811
  2486 #      1183111
  2487 #      1183441
  2488 #      1183531
  2489 #      1183591
  2490 #      1183651
  2491 #      1183711
  2492 #      1183771
  2493 #      1184281
  2494 #      1184821
  2495 #      1184911
  2496 #      1185211
  2497 #      1185541
  2498 #      1185631
  2499 #      1186261
  2500 #      1186891
  2501 #      1187521
  2502 #      1188181
  2503 #      1188391
  2504 #      1188601
  2505 #      1188691
  2506 #      1189231
  2507 #      1189771
  2508 #      1189861
  2509 #      1190041
  2510 #      1190221
  2511 #      1190401
  2512 #      1190581
  2513 #      1190731
  2514 #      1190911
  2515 #      1191031
  2516 #      1191121
  2517 #      1191181
  2518 #      1191271
  2519 #      1191451
  2520 #      1191631
  2521 #      1191811
  2522 #      1191991
  2523 #      1192171
  2524 #      1192381
  2525 #      1192501
  2526 #      1192831
  2527 #      1193161
  2528 #      1193251
  2529 #      1193791
  2530 #      1194331
  2531 #      1194871
  2532 #      1195441
  2533 #      1195531
  2534 #      1195621
  2535 #      1195711
  2536 #      1195861
  2537 #      1196041
  2538 #      1196131
  2539 #      1196431
  2540 #      1196731
  2541 #      1197031
  2542 #      1197361
  2543 #      1197451
  2544 #      1197541
  2545 #      1197661
  2546 #      1197991
  2547 #      1198291
  2548 #      1198381
  2549 #      1198681
  2550 #      1198981
  2551 #      1199281
  2552 #      1199581
  2553 #      1199641
  2554 #      1199701
  2555 #      1199821
  2556 #      1200331
  2557 #      1200841
  2558 #      1200931
  2559 #      1201111
  2560 #      1201291
  2561 #      1201471
  2562 #      1201651
  2563 #      1202191
  2564 #      1202761
  2565 #      1202851
  2566 #      1203031
  2567 #      1203241
  2568 #      1203331
  2569 #      1203871
  2570 #      1204411
  2571 #      1204951
  2572 #      1205491
  2573 #      1205791
  2574 #      1206091
  2575 #      1206211
  2576 #      1207201
  2577 #      1208161
  2578 #      1208281
  2579 #      1208491
  2580 #      1208701
  2581 #      1208911
  2582 #      1209091
  2583 #      1209631
  2584 #      1210171
  2585 #      1210261
  2586 #      1210411
  2587 #      1210591
  2588 #      1210681
  2589 #      1211221
  2590 #      1211761
  2591 #      1212301
  2592 #      1212871
  2593 #      1212961
  2594 #      1213051
  2595 #      1213141
  2596 #      1213441
  2597 #      1213741
  2598 #      1213831
  2599 #      1214011
  2600 #      1214191
  2601 #      1214371
  2602 #      1214551
  2603 #      1214611
  2604 #      1214701
  2605 #      1214791
  2606 #      1214971
  2607 #      1215151
  2608 #      1215271
  2609 #      1215601
  2610 #      1215931
  2611 #      1216261
  2612 #      1216561
  2613 #      1217431
  2614 #      1218301
  2615 #      1218391
  2616 #      1218931
  2617 #      1219471
  2618 #      1219591
  2619 #      1219801
  2620 #      1220011
  2621 #      1220221
  2622 #      1220401
  2623 #      1220461
  2624 #      1220551
  2625 #      1220671
  2626 #      1221241
  2627 #      1221781
  2628 #      1221871
  2629 #      1222051
  2630 #      1222231
  2631 #      1222411
  2632 #      1222591
  2633 #      1223101
  2634 #      1223641
  2635 #      1223761
  2636 #      1223971
  2637 #      1224151
  2638 #      1224271
  2639 #      1224361
  2640 #      1224451
  2641 #      1224541
  2642 #      1224631
  2643 #      1224961
  2644 #      1225261
  2645 #      1225381
  2646 #      1225951
  2647 #      1226521
  2648 #      1226641
  2649 #      1226971
  2650 #      1227301
  2651 #      1227631
  2652 #      1227961
  2653 #      1228171
  2654 #      1228381
  2655 #      1228471
  2656 #      1228771
  2657 #      1229071
  2658 #      1229161
  2659 #      1229461
  2660 #      1229761
  2661 #      1230061
  2662 #      1230391
  2663 #      1230481
  2664 #      1230571
  2665 #      1230691
  2666 #      1231321
  2667 #      1231951
  2668 #      1232071
  2669 #      1232281
  2670 #      1232491
  2671 #      1232701
  2672 #      1232911
  2673 #      1233841
  2674 #      1234771
  2675 #      1234861
  2676 #      1235041
  2677 #      1235221
  2678 #      1235341
  2679 #      1235521
  2680 #      1235701
  2681 #      1235881
  2682 #      1236031
  2683 #      1236121
  2684 #      1236211
  2685 #      1236301
  2686 #      1236361
  2687 #      1236421
  2688 #      1236511
  2689 #      1236661
  2690 #      1236811
  2691 #      1236961
  2692 #      1237141
  2693 #      1237711
  2694 #      1238281
  2695 #      1238371
  2696 #      1238911
  2697 #      1239451
  2698 #      1239571
  2699 #      1239781
  2700 #      1239991
  2701 #      1240201
  2702 #      1240411
  2703 #      1240981
  2704 #      1241551
  2705 #      1241671
  2706 #      1242121
  2707 #      1242571
  2708 #      1242691
  2709 #      1243261
  2710 #      1243831
  2711 #      1244401
  2712 #      1244941
  2713 #      1245241
  2714 #      1245571
  2715 #      1245691
  2716 #      1246261
  2717 #      1246831
  2718 #      1246921
  2719 #      1246981
  2720 #      1247041
  2721 #      1247101
  2722 #      1247161
  2723 #      1247701
  2724 #      1248241
  2725 #      1248331
  2726 #      1248631
  2727 #      1248961
  2728 #      1249051
  2729 #      1249321
  2730 #      1249591
  2731 #      1249861
  2732 #      1250161
  2733 #      1250341
  2734 #      1250521
  2735 #      1250641
  2736 #      1251211
  2737 #      1251781
  2738 #      1251901
  2739 #      1252111
  2740 #      1252321
  2741 #      1252531
  2742 #      1252711
  2743 #      1253251
  2744 #      1253791
  2745 #      1253881
  2746 #      1253941
  2747 #      1254001
  2748 #      1254091
  2749 #      1254631
  2750 #      1255171
  2751 #      1255711
  2752 #      1256281
  2753 #      1256491
  2754 #      1256671
  2755 #      1256761
  2756 #      1257361
  2757 #      1257961
  2758 #      1258051
  2759 #      1258351
  2760 #      1258651
  2761 #      1258951
  2762 #      1259281
  2763 #      1259611
  2764 #      1259911
  2765 #      1260001
  2766 #      1260301
  2767 #      1260601
  2768 #      1260691
  2769 #      1260751
  2770 #      1260811
  2771 #      1260871
  2772 #      1260931
  2773 #      1261111
  2774 #      1261291
  2775 #      1261411
  2776 #      1261741
  2777 #      1262071
  2778 #      1262161
  2779 #      1262671
  2780 #      1263181
  2781 #      1263691
  2782 #      1264201
  2783 #      1265251
  2784 #      1266331
  2785 #      1266451
  2786 #      1266541
  2787 #      1266631
  2788 #      1266751
  2789 #      1266961
  2790 #      1267171
  2791 #      1267381
  2792 #      1267561
  2793 #      1267711
  2794 #      1267891
  2795 #      1267981
  2796 #      1268581
  2797 #      1269181
  2798 #      1269301
  2799 #      1269871
  2800 #      1270441
  2801 #      1271011
  2802 #      1271551
  2803 #      1271611
  2804 #      1271701
  2805 #      1271791
  2806 #      1271941
  2807 #      1272091
  2808 #      1272181
  2809 #      1272721
  2810 #      1273261
  2811 #      1273801
  2812 #      1274371
  2813 #      1274701
  2814 #      1275031
  2815 #      1275151
  2816 #      1276201
  2817 #      1277221
  2818 #      1277341
  2819 #      1277671
  2820 #      1278001
  2821 #      1278331
  2822 #      1278661
  2823 #      1279201
  2824 #      1279711
  2825 #      1279801
  2826 #      1280341
  2827 #      1280881
  2828 #      1280971
  2829 #      1281511
  2830 #      1282051
  2831 #      1282591
  2832 #      1283131
  2833 #      1283191
  2834 #      1283281
  2835 #      1283401
  2836 #      1283731
  2837 #      1284061
  2838 #      1284181
  2839 #      1284751
  2840 #      1285321
  2841 #      1285891
  2842 #      1286431
  2843 #      1286611
  2844 #      1286791
  2845 #      1286911
  2846 #      1287211
  2847 #      1287481
  2848 #      1287601
  2849 #      1287691
  2850 #      1287781
  2851 #      1287871
  2852 #      1287931
  2853 #      1288471
  2854 #      1289011
  2855 #      1289131
  2856 #      1289701
  2857 #      1290271
  2858 #      1290391
  2859 #      1290961
  2860 #      1291531
  2861 #      1292101
  2862 #      1292671
  2863 #      1293451
  2864 #      1294201
  2865 #      1294321
  2866 #      1294411
  2867 #      1294471
  2868 #      1294561
  2869 #      1294861
  2870 #      1295161
  2871 #      1295461
  2872 #      1295761
  2873 #      1296301
  2874 #      1296871
  2875 #      1296961
  2876 #      1297261
  2877 #      1297591
  2878 #      1297711
  2879 #      1298041
  2880 #      1298371
  2881 #      1298701
  2882 #      1299001
  2883 #      1299391
  2884 #      1299811
  2885 #      1299931
  2886 #      1300021
  2887 #      1300081
  2888 #      1300171
  2889 #      1300621
  2890 #      1301071
  2891 #      1301521
  2892 #      1301971
  2893 #      1302511
  2894 #      1303081
  2895 #      1303201
  2896 #      1303501
  2897 #      1303801
  2898 #      1303921
  2899 #      1304251
  2900 #      1304581
  2901 #      1304911
  2902 #      1305211
  2903 #      1305391
  2904 #      1305601
  2905 #      1305691
  2906 #      1305991
  2907 #      1306321
  2908 #      1306411
  2909 #      1306711
  2910 #      1307011
  2911 #      1307311
  2912 #      1307641
  2913 #      1307731
  2914 #      1307791
  2915 #      1307911
  2916 #      1308091
  2917 #      1308271
  2918 #      1308361
  2919 #      1308901
  2920 #      1309441
  2921 #      1309981
  2922 #      1310551
  2923 #      1310731
  2924 #      1310911
  2925 #      1311031
  2926 #      1311361
  2927 #      1311661
  2928 #      1311751
  2929 #      1312291
  2930 #      1312831
  2931 #      1313371
  2932 #      1313941
  2933 #      1314121
  2934 #      1314301
  2935 #      1314391
  2936 #      1314931
  2937 #      1315501
  2938 #      1315591
  2939 #      1316131
  2940 #      1316671
  2941 #      1317211
  2942 #      1317781
  2943 #      1317991
  2944 #      1318201
  2945 #      1318291
  2946 #      1319341
  2947 #      1320391
  2948 #      1320511
  2949 #      1320721
  2950 #      1320931
  2951 #      1321141
  2952 #      1321321
  2953 #      1321831
  2954 #      1322341
  2955 #      1322431
  2956 #      1322731
  2957 #      1323031
  2958 #      1323121
  2959 #      1323181
  2960 #      1323241
  2961 #      1323301
  2962 #      1323391
  2963 #      1323961
  2964 #      1324531
  2965 #      1324641
  2966 #      1324866
  2967 #      1325106
  2968 #      1325346
  2969 #      1325616
  2970 #      1325856
  2971 #      1326096
  2972 #      1326366
  2973 #      1326636
  2974 #      1326876
  2975 #      1327116
  2976 #      1327386
  2977 #      1327656
  2978 #      1327926
  2979 #      1328166
  2980 #      1328466
  2981 #      1328706
  2982 #      1328976
  2983 #      1329216
  2984 #      1329456
  2985 #      1329696
  2986 #      1329936
  2987 #      1330176
  2988 #      1330416
  2989 #      1330686
  2990 #      1330956
  2991 #      1331196
  2992 #      1331466
  2993 #      1331706
  2994 #      1331946
  2995 #      1332246
  2996 #      1332486
  2997 #      1332726
  2998 #      1332966
  2999 #      1333236
  3000 #      1333476
  3001 #      1333746
  3002 #      1333986
  3003 #      1334226
  3004 #      1334466
  3005 #      1334766
  3006 #      1335036
  3007 #      1335276
  3008 #      1335516
  3009 #      1335756
  3010 #      1336026
  3011 #      1336266
  3012 #      1336566
  3013 #      1336836
  3014 #      1337076
  3015 #      1337346
  3016 #      1337586
===========================================================================================
 Transaction Overview
===========================================================================================

   TOTAL transactions :: (by type)
     SINGLE :  814 transactions
       INCR :  769 transactions
      INCR4 :  241 transactions
      INCR8 :  222 transactions
     INCR16 :  259 transactions
      WRAP4 :  225 transactions
      WRAP8 :  247 transactions
     WRAP16 :  239 transactions
      total : 3016 transactions
-------------------------------------------------------------------------------------------
   WRITE transactions :: (by type)
     SINGLE :  350 transactions
       INCR :  404 transactions
      INCR4 :  116 transactions
      INCR8 :  127 transactions
     INCR16 :  126 transactions
      WRAP4 :  120 transactions
      WRAP8 :  119 transactions
     WRAP16 :  117 transactions
      total : 1479 transactions
-------------------------------------------------------------------------------------------
   READ  transactions :: (by type)
     SINGLE :  464 transactions
       INCR :  365 transactions
      INCR4 :  125 transactions
      INCR8 :   95 transactions
     INCR16 :  133 transactions
      WRAP4 :  105 transactions
      WRAP8 :  128 transactions
     WRAP16 :  122 transactions
      total : 1537 transactions

===========================================================================================
   WRITE transactions :: (by size, type)
   1 byte wide burst
     SINGLE :   42 transactions
       INCR :  121 transactions
      INCR4 :   45 transactions
      INCR8 :   52 transactions
     INCR16 :   42 transactions
      WRAP4 :   38 transactions
      WRAP8 :   34 transactions
     WRAP16 :   35 transactions
      total :  409 transactions
-------------------------------------------------------------------------------------------
   2 byte wide burst
     SINGLE :   47 transactions
       INCR :  115 transactions
      INCR4 :   26 transactions
      INCR8 :   39 transactions
     INCR16 :   46 transactions
      WRAP4 :   47 transactions
      WRAP8 :   51 transactions
     WRAP16 :   43 transactions
      total :  414 transactions
-------------------------------------------------------------------------------------------
   4 byte wide burst
     SINGLE :  261 transactions
       INCR :  168 transactions
      INCR4 :   45 transactions
      INCR8 :   36 transactions
     INCR16 :   38 transactions
      WRAP4 :   35 transactions
      WRAP8 :   34 transactions
     WRAP16 :   39 transactions
      total :  656 transactions
-------------------------------------------------------------------------------------------
Total WRITE : 1479 transactions

===========================================================================================
   READ  transactions :: (by size, type)
   1 byte wide burst
     SINGLE :   39 transactions
       INCR :  116 transactions
      INCR4 :   38 transactions
      INCR8 :   34 transactions
     INCR16 :   36 transactions
      WRAP4 :   36 transactions
      WRAP8 :   49 transactions
     WRAP16 :   39 transactions
      total :  387 transactions
-------------------------------------------------------------------------------------------
   2 byte wide burst
     SINGLE :   46 transactions
       INCR :  106 transactions
      INCR4 :   46 transactions
      INCR8 :   32 transactions
     INCR16 :   37 transactions
      WRAP4 :   34 transactions
      WRAP8 :   45 transactions
     WRAP16 :   43 transactions
      total :  389 transactions
-------------------------------------------------------------------------------------------
   4 byte wide burst
     SINGLE :  379 transactions
       INCR :  143 transactions
      INCR4 :   41 transactions
      INCR8 :   29 transactions
     INCR16 :   60 transactions
      WRAP4 :   35 transactions
      WRAP8 :   34 transactions
     WRAP16 :   40 transactions
      total :  761 transactions
-------------------------------------------------------------------------------------------
Total READ  : 1537 transactions
===========================================================================================
