Revision history for Perl extension     IP_XACT/App.pm

#   DATE        VERSION  DESCRIPTION                                                        COMMENT
# ==================================================================================================================================
#   2020/10/04  1.01.01  Create		    IP_XACT::App                                        #   Filepath project/IP_XACT/App.pm
#                        Clone          module from App.pm
#               1.01.02  Import         IP_XACT::API::get_config()
#                        Import         IP_XACT::API::get_api()                             #   option description
#               1.01.02  Remove         all subroutines
#               1.01.03  Add            p3::API::get()
#   2020/07/26  1.01.04  Refactor       p3::API             p3/API.pm
#   2020/10/03  1.01.05  Refactor       IP_XACT::API        IP_XACT/API.pm
#                                       the path to the namespace must be added to @INC
#                        Debug          use lib             "$ENV{PERLPROJ}"."/IP_XACT";    #   Include path to @INC, specific
#                                       use lib             "$ENV{PERLPROJ}";               #   Include path to @INC, specific
#   2020/10/03  1.01.06  Add feature    IP_XACT::API::get_config()                          #   returns %config application specific
#   2020/10/03  1.01.07  Debug          IP_XACT::API::get_api()    
#                                       return  %{$opts};                                   #   returns %opts from command line
#   2020/10/04  1.01.08  Create         IP_XACT::App::new()                                 #   Create a new application
#                        From           IP_XACT::API::get_config()
#                                       IP_XACT::API::get_api()
#   2020/10/10  1.01.09  Import         App::elaborate  (   $self   );
#                        Add            IP_XACT::App::new()
#                                       elaborate( $self ); # unpack datastructure
#   2020/10/11  1.01.10  Add feature    naming convention   $$dbg --> [$dbg_up]
#
