# Revision history for Perl applicatition namespace File::IO::UTF8

# Synopsis      FileIO has fundamentally changed and this change of encoding files in UTF8 should
#               mark the end of supporting LATIN1(extended ASCII) or ASCII encoded file formats
#               sadly for backward compatibility ASCII and LATIN will be supported for ever, but
#               to end the discussion, this library should end this debate
#
#               ASCII       binary  format  fixed length  7 bit
#               LATIN       text    format  fixed length  8 bit
#               UTF8        text    format  variable length
#               UTF16       text    format
#               UTF32       text    format  fixed length 32 bit
#               Binart      binary  format  packetize format to, use pack/unpack for data access 

# DATE          VERSION     Description
# ================================================================================================
# 01-21-2019                Created     perl/lib/UTF8.pm for tracking File related features 
#               v1.01.01    Create      File::IO::UTF8::UTF8.pm
#                           Layout      <project><_FileName>.xlsx Header worksheets
#                           Add         File::Header::Add::add_header           ( $options );
# 04-02-2019    v1.01.02    Create      File::IO::UTF8 namespace for UTF8 file handling
#                           Refactor    lib/UTF8.pm
#                           Add         File::IO::UTF8::UTF8.pm
# 04-04-2019    v1.01.03    Add         Revision vString
#               v1.01.04    Change      use lib             qw  (   ../lib );
#                           To          use lib             qw  (   ~/ws/perl/lib   );
#                                       avoid relative library path specifications
# 04-12-2019    v1.01.05    Remove      use Excel::Writer::XLSX;        # Spreadsheet::WriteExcel
#                           Remove      use Spreadsheet::ParseXLSX;
#                           Remove      use Excel::CloneXLSX::Format;
#                           Remove      use Safe::Isa;
#                           Remove      use Logging::Record qw  (   log_msg
#                                                                   log_lmsg    );
# 05-07-2019
# 07-10-2020    v1.01.06    Remove      use lib qw  (   ~/ws/perl/lib );        # Relative UserModulePath
# 08-13-2020    v1.01.07    Debug       File::IO::UTF8::UTF8.pm
#                                       File::IO::UTF8.pm
# 08-14-2020    v1.01.08    Remove      unneccessary modules for module, ZERO dependency !!
#               v1.01.09    Add         UTF8::write_utf8()
#                           Debug       return;     # add default return; statement - good practice
# 09-14-2020    v1.01.10    Debug       File::IO::UTF8::write_utf8() a termination for 
#                                       unsuccessful opening of file - protect against broken file path
#                                       open(my $fh,'>:encoding(UTF-8)',$f)
#                                       || die "     Cannot open file $f";              #   Part of the document
#               v1.01.11    Renaming    File/IO/UTF8/Changes
#                           To          File/IO/UTF8/UTF8_change.log
# 09-24-2020    v1.01.12    Add         UTF8::append_utf8()
#                                       open(my $fh,'>>:encoding(UTF-8)',$f)            #   Allowing to add to the end of the file
#                           
