read_specification( bg7_mon.xlsx )


     extract_array( Monitor::Standard )

     Sheet: Monitor found
            Column: Standard found
                     0 Standard
                     1 AXI4
                     2 AXI4
                     3 AXI4
                     4 AXI4
                     5 AXI4
                     6 AXI4
                     7 AXI4
                     8 AXI3
                     9 AXI4
                    10 AXI4
                    11 AXI4
                    12 AXI4
                    13 AXI3
                    14 AXI4
                    15 AXI3
                    16 AXI3
                    17 AXI3
                    18 AXI3
                    19 AXI3
                    20 AXI3
                    21 AXI3
                    22 AXI3
                    23 AXI3
                    24 AXI3
                    25 AXI3
                    26 AXI3
                    27 AXI4
            Column: I/F-Type 
            Column: I/F-Name 
            Column: Hierachy 
            Column: Wrap-Type 
            Column: Wrap-Name 
            Column: Switch 
            Column: GATE_SIM 
            Column: Directive 
            Column: Device 
            Column: Dwidth 
            Column: Idwidth 
            Column: Clock 
            Column: Reset 
            Column: LogRoot 
            Column: TRANSNAME 
            Column: PHASENAME 
            Column: CHECKERNAME 
     Sheet: Signal 
     Sheet: XBAR 
     Sheet: Header 
     Sheet: Protocoll 
     Sheet: Cratch Space 
     Sheet: Cratch Sig 


     extract_array( Monitor::I/F-Type )

     Sheet: Monitor found
            Column: Standard 
            Column: I/F-Type found
                     0 I/F-Type
                     1 axi_if
                     2 axi_if
                     3 axi_if
                     4 axi_if
                     5 axi_if
                     6 axi_if
                     7 axi_if
                     8 axi_if
                     9 axi_if
                    10 axi_if
                    11 axi_if
                    12 axi_if
                    13 axi_if
                    14 axi_if
                    15 axi_if
                    16 axi_if
                    17 axi_if
                    18 axi_if
                    19 axi_if
                    20 axi_if
                    21 axi_if
                    22 axi_if
                    23 axi_if
                    24 axi_if
                    25 axi_if
                    26 axi_if
                    27 axi_if
            Column: I/F-Name 
            Column: Hierachy 
            Column: Wrap-Type 
            Column: Wrap-Name 
            Column: Switch 
            Column: GATE_SIM 
            Column: Directive 
            Column: Device 
            Column: Dwidth 
            Column: Idwidth 
            Column: Clock 
            Column: Reset 
            Column: LogRoot 
            Column: TRANSNAME 
            Column: PHASENAME 
            Column: CHECKERNAME 
     Sheet: Signal 
     Sheet: XBAR 
     Sheet: Header 
     Sheet: Protocoll 
     Sheet: Cratch Space 
     Sheet: Cratch Sig 


     extract_array( Monitor::I/F-Name )

     Sheet: Monitor found
            Column: Standard 
            Column: I/F-Type 
            Column: I/F-Name found
                     0 I/F-Name
                     1 mc_mstr0_axiMonIf
                     2 mc_mstr1_axiMonIf
                     3 mc_mstr2_axiMonIf
                     4 mc_mstr3_axiMonIf
                     5 mc_mstr4_axiMonIf
                     6 axbar_m0_axiMonIf
                     7 axbar_m1_axiMonIf
                     8 axbar_m2_axiMonIf
                     9 ixbar_m0_axiMonIf
                    10 ixbar_m1_axiMonIf
                    11 ixbar_m2_axiMonIf
                    12 ixbar_m3_axiMonIf
                    13 vxbar_m0_axiMonIf
                    14 vxbar_m1_axiMonIf
                    15 vxbar_m2_axiMonIf
                    16 gxbar_m0_axiMonIf
                    17 gxbar_m1_axiMonIf
                    18 gxbar_m2_axiMonIf
                    19 pxbar_m0_axiMonIf
                    20 pxbar_m1_axiMonIf
                    21 pxbar_m2_axiMonIf
                    22 pxbar_m4_axiMonIf
                    23 pxbar_m5_axiMonIf
                    24 pxbar_m6_axiMonIf
                    25 txbar_m0_axiMonIf
                    26 txbar_m3_axiMonIf
                    27 txbar_m4_axiMonIf
            Column: Hierachy 
            Column: Wrap-Type 
            Column: Wrap-Name 
            Column: Switch 
            Column: GATE_SIM 
            Column: Directive 
            Column: Device 
            Column: Dwidth 
            Column: Idwidth 
            Column: Clock 
            Column: Reset 
            Column: LogRoot 
            Column: TRANSNAME 
            Column: PHASENAME 
            Column: CHECKERNAME 
     Sheet: Signal 
     Sheet: XBAR 
     Sheet: Header 
     Sheet: Protocoll 
     Sheet: Cratch Space 
     Sheet: Cratch Sig 


     extract_array( Monitor::Dwidth )

     Sheet: Monitor found
            Column: Standard 
            Column: I/F-Type 
            Column: I/F-Name 
            Column: Hierachy 
            Column: Wrap-Type 
            Column: Wrap-Name 
            Column: Switch 
            Column: GATE_SIM 
            Column: Directive 
            Column: Device 
            Column: Dwidth found
                     0 Dwidth
                     1 255+1
                     2 127+1
                     3 255+1
                     4 255+1
                     5 127+1
                     6 63+1
                     7 127+1
                     8 31+1
                     9 127+1
                    10 127+1
                    11 127+1
                    12 127+1
                    13 63+1
                    14 127+1
                    15 63+1
                    16 127+1
                    17 127+1
                    18 127+1
                    19 31+1
                    20 31+1
                    21 31+1
                    22 63+1
                    23 31+1
                    24 63+1
                    25 63+1
                    26 63+1
                    27 63+1
            Column: Idwidth 
            Column: Clock 
            Column: Reset 
            Column: LogRoot 
            Column: TRANSNAME 
            Column: PHASENAME 
            Column: CHECKERNAME 
     Sheet: Signal 
     Sheet: XBAR 
     Sheet: Header 
     Sheet: Protocoll 
     Sheet: Cratch Space 
     Sheet: Cratch Sig 


     extract_array( Monitor::Idwidth )

     Sheet: Monitor found
            Column: Standard 
            Column: I/F-Type 
            Column: I/F-Name 
            Column: Hierachy 
            Column: Wrap-Type 
            Column: Wrap-Name 
            Column: Switch 
            Column: GATE_SIM 
            Column: Directive 
            Column: Device 
            Column: Dwidth 
            Column: Idwidth found
                     0 Idwidth
                     1 10+1
                     2 5+1
                     3 9+1
                     4 7+1
                     5 8+1
                     6 1
                     7 3+1
                     8 3+1
                     9 3+1
                    10 3+1
                    11 3+1
                    12 3+1
                    13 2+1
                    14 5+1
                    15 7+1
                    16 5+1
                    17 5+1
                    18 3+1
                    19 1
                    20 3+1
                    21 3+1
                    22 3+1
                    23 3+1
                    24 2+1
                    25 3+1
                    26 0
                    27 3+1
            Column: Clock 
            Column: Reset 
            Column: LogRoot 
            Column: TRANSNAME 
            Column: PHASENAME 
            Column: CHECKERNAME 
     Sheet: Signal 
     Sheet: XBAR 
     Sheet: Header 
     Sheet: Protocoll 
     Sheet: Cratch Space 
     Sheet: Cratch Sig 


     extract_array( Monitor::Switch )

     Sheet: Monitor found
            Column: Standard 
            Column: I/F-Type 
            Column: I/F-Name 
            Column: Hierachy 
            Column: Wrap-Type 
            Column: Wrap-Name 
            Column: Switch found
                     0 Switch
                     1 CPXBAR_MC_MONITOR_ON
                     2 AXBAR_MC_MONITOR_ON
                     3 VXBAR_MC_MONITOR_ON
                     4 GXBAR_MC_MONITOR_ON
                     5 IXBAR_MC_MONITOR_ON
                     6 DHUB64_AXBAR_MONITOR_ON
                     7 DHUB128_AXBAR_MONITOR_ON
                     8 HDCP_AXBAR_MONITOR_ON
                     9 ISP0_IXBAR_MONITOR_ON
                    10 ISP1_IXBAR_MONITOR_ON
                    11 DHUB0_IXBAR_MONITOR_ON
                    12 DHUB1_IXBAR_MONITOR_ON 
                    13 OVP_VXBAR_MONITOR_ON
                    14 V4G_VXBAR_MONITOR_ON
                    15 H1_VXBAR_MONITOR_ON
                    16 GFX0_GXBAR_MONITOR_ON
                    17 GFX1_GXBAR_MONITOR_ON
                    18 NPU_GXBAR_MONITOR_ON
                    19 GE_PXBAR_MONITOR_ON
                    20 EMMC_PXBAR_MONITOR_ON
                    21 SDIO_PXBAR_MONITOR_ON
                    22 USB3_PXBAR_MONITOR_ON
                    23 PCIE_PXBAR_MONITOR_ON
                    24 PBRG_PXBAR_MONITOR_ON
                    25 BCMDMA_TXBAR_MONITOR_ON
                    26 TSP_TXBAR_MONITOR_ON
                    27 BC_TXBAR_MONITOR_ON
            Column: GATE_SIM 
            Column: Directive 
            Column: Device 
            Column: Dwidth 
            Column: Idwidth 
            Column: Clock 
            Column: Reset 
            Column: LogRoot 
            Column: TRANSNAME 
            Column: PHASENAME 
            Column: CHECKERNAME 
     Sheet: Signal 
     Sheet: XBAR 
     Sheet: Header 
     Sheet: Protocoll 
     Sheet: Cratch Space 
     Sheet: Cratch Sig 


     extract_array( Monitor::GATE_SIM )

     Sheet: Monitor found
            Column: Standard 
            Column: I/F-Type 
            Column: I/F-Name 
            Column: Hierachy 
            Column: Wrap-Type 
            Column: Wrap-Name 
            Column: Switch 
            Column: GATE_SIM found
                     0 GATE_SIM
                     1 OFF
                     2 OFF
                     3 OFF
                     4 OFF
                     5 OFF
                     6 OFF
                     7 OFF
                     8 OFF
                     9 OFF
                    10 OFF
                    11 OFF
                    12 OFF
                    13 OFF
                    14 OFF
                    15 OFF
                    16 OFF
                    17 OFF
                    18 OFF
                    19 OFF
                    20 OFF
                    21 OFF
                    22 OFF
                    23 OFF
                    24 OFF
                    25 OFF
                    26 OFF
                    27 OFF
            Column: Directive 
            Column: Device 
            Column: Dwidth 
            Column: Idwidth 
            Column: Clock 
            Column: Reset 
            Column: LogRoot 
            Column: TRANSNAME 
            Column: PHASENAME 
            Column: CHECKERNAME 
     Sheet: Signal 
     Sheet: XBAR 
     Sheet: Header 
     Sheet: Protocoll 
     Sheet: Cratch Space 
     Sheet: Cratch Sig 


     extract_array( Monitor::Directive )

     Sheet: Monitor found
            Column: Standard 
            Column: I/F-Type 
            Column: I/F-Name 
            Column: Hierachy 
            Column: Wrap-Type 
            Column: Wrap-Name 
            Column: Switch 
            Column: GATE_SIM 
            Column: Directive found
                     0 Directive
                     1 QUESTA_AXI4_MON
                     2 QUESTA_AXI4_MON
                     3 QUESTA_AXI4_MON
                     4 QUESTA_AXI4_MON
                     5 QUESTA_AXI4_MON
                     6 QUESTA_AXI4_MON
                     7 QUESTA_AXI4_MON
                     8 
                     9 QUESTA_AXI4_MON
                    10 QUESTA_AXI4_MON
                    11 QUESTA_AXI4_MON
                    12 QUESTA_AXI4_MON
                    13 
                    14 QUESTA_AXI4_MON
                    15 
                    16 
                    17 
                    18 
                    19 
                    20 
                    21 
                    22 
                    23 
                    24 
                    25 
                    26 
                    27 QUESTA_AXI4_MON
            Column: Device 
            Column: Dwidth 
            Column: Idwidth 
            Column: Clock 
            Column: Reset 
            Column: LogRoot 
            Column: TRANSNAME 
            Column: PHASENAME 
            Column: CHECKERNAME 
     Sheet: Signal 
     Sheet: XBAR 
     Sheet: Header 
     Sheet: Protocoll 
     Sheet: Cratch Space 
     Sheet: Cratch Sig 


     extract_array( Monitor::Device )

     Sheet: Monitor found
            Column: Standard 
            Column: I/F-Type 
            Column: I/F-Name 
            Column: Hierachy 
            Column: Wrap-Type 
            Column: Wrap-Name 
            Column: Switch 
            Column: GATE_SIM 
            Column: Directive 
            Column: Device found
                     0 Device
                     1 Master0
                     2 Master1
                     3 Master2
                     4 Master3
                     5 Master4
                     6 Master5
                     7 Master6
                     8 Master7
                     9 Master8
                    10 Master9
                    11 Master10
                    12 Master11
                    13 Master12
                    14 Master13
                    15 Master14
                    16 Master15
                    17 Master16
                    18 Master17
                    19 Master18
                    20 Master19
                    21 Master20
                    22 Master22
                    23 Master23
                    24 Master24
                    25 Master25
                    26 Master28
                    27 Master29
            Column: Dwidth 
            Column: Idwidth 
            Column: Clock 
            Column: Reset 
            Column: LogRoot 
            Column: TRANSNAME 
            Column: PHASENAME 
            Column: CHECKERNAME 
     Sheet: Signal 
     Sheet: XBAR 
     Sheet: Header 
     Sheet: Protocoll 
     Sheet: Cratch Space 
     Sheet: Cratch Sig 


     extract_array( Monitor::Clock )

     Sheet: Monitor found
            Column: Standard 
            Column: I/F-Type 
            Column: I/F-Name 
            Column: Hierachy 
            Column: Wrap-Type 
            Column: Wrap-Name 
            Column: Switch 
            Column: GATE_SIM 
            Column: Directive 
            Column: Device 
            Column: Dwidth 
            Column: Idwidth 
            Column: Clock found
                     0 Clock
                     1 mstr0_aclk
                     2 mstr1_aclk
                     3 mstr2_aclk
                     4 mstr3_aclk
                     5 mstr4_aclk
                     6 aviosysclk
                     7 aviosysclk
                     8 esmclk
                     9 isssysclk
                    10 isssysclk
                    11 isssysclk
                    12 isssysclk
                    13 ovpclk
                    14 v4gclk
                    15 h1clk
                    16 gfxsysclk
                    17 gfxsysclk
                    18 gfxsysclk
                    19 Sysclk
                    20 Sysclk
                    21 Sysclk
                    22 usb3Coreclk
                    23 Sysclk
                    24 Sysclk
                    25 sisssysclk
                    26 sisssysclk
                    27 sisssysclk
            Column: Reset 
            Column: LogRoot 
            Column: TRANSNAME 
            Column: PHASENAME 
            Column: CHECKERNAME 
     Sheet: Signal 
     Sheet: XBAR 
     Sheet: Header 
     Sheet: Protocoll 
     Sheet: Cratch Space 
     Sheet: Cratch Sig 


     extract_array( Monitor::Reset )

     Sheet: Monitor found
            Column: Standard 
            Column: I/F-Type 
            Column: I/F-Name 
            Column: Hierachy 
            Column: Wrap-Type 
            Column: Wrap-Name 
            Column: Switch 
            Column: GATE_SIM 
            Column: Directive 
            Column: Device 
            Column: Dwidth 
            Column: Idwidth 
            Column: Clock 
            Column: Reset found
                     0 Reset
                     1 mstr0_aresetn
                     2 mstr1_aresetn
                     3 mstr2_aresetn
                     4 mstr3_aresetn
                     5 mstr4_aresetn
                     6 aviosysresetn
                     7 aviosysresetn
                     8 esmresetn
                     9 isssysresetn
                    10 isssysresetn
                    11 isssysresetn
                    12 isssysresetn
                    13 ovpresetn
                    14 v4gresetn
                    15 h1resetn
                    16 gfxsysresetn
                    17 gfxsysresetn
                    18 gfxsysresetn
                    19 Sysresetn
                    20 Sysresetn
                    21 Sysresetn
                    22 usb3Coreresetn
                    23 Sysresetn
                    24 Sysresetn
                    25 sisssysresetn
                    26 sisssysresetn
                    27 sisssysresetn
            Column: LogRoot 
            Column: TRANSNAME 
            Column: PHASENAME 
            Column: CHECKERNAME 
     Sheet: Signal 
     Sheet: XBAR 
     Sheet: Header 
     Sheet: Protocoll 
     Sheet: Cratch Space 
     Sheet: Cratch Sig 


     extract_array( Monitor::Hierachy )

     Sheet: Monitor found
            Column: Standard 
            Column: I/F-Type 
            Column: I/F-Name 
            Column: Hierachy found
                     0 Hierachy
                     1 `MC_HIER
                     2 `MC_HIER
                     3 `MC_HIER
                     4 `MC_HIER
                     5 `MC_HIER
                     6 `AXBAR_HIER
                     7 `AXBAR_HIER
                     8 `AXBAR_HIER
                     9 `IXBAR_HIER
                    10 `IXBAR_HIER
                    11 `IXBAR_HIER
                    12 `IXBAR_HIER
                    13 `VXBAR_HIER
                    14 `VXBAR_HIER
                    15 `VXBAR_HIER
                    16 `GXBAR_HIER
                    17 `GXBAR_HIER
                    18 `GXBAR_HIER
                    19 `PXBAR_HIER
                    20 `PXBAR_HIER
                    21 `PXBAR_HIER
                    22 `PXBAR_HIER
                    23 `PXBAR_HIER
                    24 `PXBAR_HIER
                    25 `TXBAR_HIER
                    26 `TXBAR_HIER
                    27 `TXBAR_HIER
            Column: Wrap-Type 
            Column: Wrap-Name 
            Column: Switch 
            Column: GATE_SIM 
            Column: Directive 
            Column: Device 
            Column: Dwidth 
            Column: Idwidth 
            Column: Clock 
            Column: Reset 
            Column: LogRoot 
            Column: TRANSNAME 
            Column: PHASENAME 
            Column: CHECKERNAME 
     Sheet: Signal 
     Sheet: XBAR 
     Sheet: Header 
     Sheet: Protocoll 
     Sheet: Cratch Space 
     Sheet: Cratch Sig 


     extract_array( Monitor::Wrap-Type )

     Sheet: Monitor found
            Column: Standard 
            Column: I/F-Type 
            Column: I/F-Name 
            Column: Hierachy 
            Column: Wrap-Type found
                     0 Wrap-Type
                     1 axi4_mon_wrap
                     2 axi4_mon_wrap
                     3 axi4_mon_wrap
                     4 axi4_mon_wrap
                     5 axi4_mon_wrap
                     6 axi4_mon_wrap
                     7 axi4_mon_wrap
                     8 axi_mon_wrap
                     9 axi4_mon_wrap
                    10 axi4_mon_wrap
                    11 axi4_mon_wrap
                    12 axi4_mon_wrap
                    13 axi_mon_wrap
                    14 axi4_mon_wrap
                    15 axi_mon_wrap
                    16 axi_mon_wrap
                    17 axi_mon_wrap
                    18 axi_mon_wrap
                    19 axi_mon_wrap
                    20 axi_mon_wrap
                    21 axi_mon_wrap
                    22 axi_mon_wrap
                    23 axi_mon_wrap
                    24 axi_mon_wrap
                    25 axi_mon_wrap
                    26 axi_mon_wrap
                    27 axi4_mon_wrap
            Column: Wrap-Name 
            Column: Switch 
            Column: GATE_SIM 
            Column: Directive 
            Column: Device 
            Column: Dwidth 
            Column: Idwidth 
            Column: Clock 
            Column: Reset 
            Column: LogRoot 
            Column: TRANSNAME 
            Column: PHASENAME 
            Column: CHECKERNAME 
     Sheet: Signal 
     Sheet: XBAR 
     Sheet: Header 
     Sheet: Protocoll 
     Sheet: Cratch Space 
     Sheet: Cratch Sig 


     extract_array( Monitor::Wrap-Name )

     Sheet: Monitor found
            Column: Standard 
            Column: I/F-Type 
            Column: I/F-Name 
            Column: Hierachy 
            Column: Wrap-Type 
            Column: Wrap-Name found
                     0 Wrap-Name
                     1 mc_mstr0_wrapper
                     2 mc_mstr1_wrapper
                     3 mc_mstr2_wrapper
                     4 mc_mstr3_wrapper
                     5 mc_mstr4_wrapper
                     6 axbar_m0_wrapper
                     7 axbar_m1_wrapper
                     8 axbar_m2_wrapper
                     9 ixbar_m0_wrapper
                    10 ixbar_m1_wrapper
                    11 ixbar_m2_wrapper
                    12 ixbar_m3_wrapper
                    13 vxbar_m0_wrapper
                    14 vxbar_m1_wrapper
                    15 vxbar_m2_wrapper
                    16 gxbar_m0_wrapper
                    17 gxbar_m1_wrapper
                    18 gxbar_m2_wrapper
                    19 pxbar_m0_wrapper
                    20 pxbar_m1_wrapper
                    21 pxbar_m2_wrapper
                    22 pxbar_m4_wrapper
                    23 pxbar_m5_wrapper
                    24 pxbar_m6_wrapper
                    25 txbar_m0_wrapper
                    26 txbar_m3_wrapper
                    27 txbar_m4_wrapper
            Column: Switch 
            Column: GATE_SIM 
            Column: Directive 
            Column: Device 
            Column: Dwidth 
            Column: Idwidth 
            Column: Clock 
            Column: Reset 
            Column: LogRoot 
            Column: TRANSNAME 
            Column: PHASENAME 
            Column: CHECKERNAME 
     Sheet: Signal 
     Sheet: XBAR 
     Sheet: Header 
     Sheet: Protocoll 
     Sheet: Cratch Space 
     Sheet: Cratch Sig 


     extract_array( Monitor::LogRoot )

     Sheet: Monitor found
            Column: Standard 
            Column: I/F-Type 
            Column: I/F-Name 
            Column: Hierachy 
            Column: Wrap-Type 
            Column: Wrap-Name 
            Column: Switch 
            Column: GATE_SIM 
            Column: Directive 
            Column: Device 
            Column: Dwidth 
            Column: Idwidth 
            Column: Clock 
            Column: Reset 
            Column: LogRoot found
                     0 LogRoot
                     1 CPXBAR_MC
                     2 AXBAR_MC
                     3 VXBAR_MC
                     4 GXBAR_MC
                     5 IXBAR_MC
                     6 DHUB64_AXBAR
                     7 DHUB128_AXBAR
                     8 HDCP_AXBAR
                     9 ISP0_IXBAR
                    10 ISP1_IXBAR
                    11 DHUB0_IXBAR
                    12 DHUB1_IXBAR
                    13 OVP_VXBAR
                    14 V4G_VXBAR
                    15 H1_VXBAR
                    16 GFX0_GXBAR
                    17 GFX1_GXBAR
                    18 NPU_GXBAR
                    19 GE_PXBAR
                    20 EMMC_PXBAR
                    21 SDIO_PXBAR
                    22 USB3_PXBAR
                    23 PCIE_PXBAR
                    24 PBRG_PXBAR
                    25 BCMDMA_TXBAR
                    26 TSP_TXBAR
                    27 BC_TXBAR
            Column: TRANSNAME 
            Column: PHASENAME 
            Column: CHECKERNAME 
     Sheet: Signal 
     Sheet: XBAR 
     Sheet: Header 
     Sheet: Protocoll 
     Sheet: Cratch Space 
     Sheet: Cratch Sig 


     extract_array( Monitor::TRANSNAME )

     Sheet: Monitor found
            Column: Standard 
            Column: I/F-Type 
            Column: I/F-Name 
            Column: Hierachy 
            Column: Wrap-Type 
            Column: Wrap-Name 
            Column: Switch 
            Column: GATE_SIM 
            Column: Directive 
            Column: Device 
            Column: Dwidth 
            Column: Idwidth 
            Column: Clock 
            Column: Reset 
            Column: LogRoot 
            Column: TRANSNAME found
                     0 TRANSNAME
                     1 "logs/$_trk_trn.axi4.log"
                     2 "logs/$_trk_trn.axi4.log"
                     3 "logs/$_trk_trn.axi4.log"
                     4 "logs/$_trk_trn.axi3.log"
                     5 "logs/$_trk_trn.axi4.log"
                     6 "logs/$_trk_trn.axi4.log"
                     7 "logs/$_trk_trn.axi4.log"
                     8 "logs/$_trk_trn.axi3.log"
                     9 "logs/$_trk_trn.axi4.log"
                    10 "logs/$_trk_trn.axi4.log"
                    11 "logs/$_trk_trn.axi4.log"
                    12 "logs/$_trk_trn.axi4.log"
                    13 "logs/$_trk_trn.axi3.log"
                    14 "logs/$_trk_trn.axi4.log"
                    15 "logs/$_trk_trn.axi3.log"
                    16 "logs/$_trk_trn.axi3.log"
                    17 "logs/$_trk_trn.axi3.log"
                    18 "logs/$_trk_trn.axi3.log"
                    19 "logs/$_trk_trn.axi3.log"
                    20 "logs/$_trk_trn.axi3.log"
                    21 "logs/$_trk_trn.axi3.log"
                    22 "logs/$_trk_trn.axi3.log"
                    23 "logs/$_trk_trn.axi3.log"
                    24 "logs/$_trk_trn.axi3.log"
                    25 "logs/$_trk_trn.axi3.log"
                    26 "logs/$_trk_trn.axi3.log"
                    27 "logs/$_trk_trn.axi4.log"
            Column: PHASENAME 
            Column: CHECKERNAME 
     Sheet: Signal 
     Sheet: XBAR 
     Sheet: Header 
     Sheet: Protocoll 
     Sheet: Cratch Space 
     Sheet: Cratch Sig 


     extract_array( Monitor::PHASENAME )

     Sheet: Monitor found
            Column: Standard 
            Column: I/F-Type 
            Column: I/F-Name 
            Column: Hierachy 
            Column: Wrap-Type 
            Column: Wrap-Name 
            Column: Switch 
            Column: GATE_SIM 
            Column: Directive 
            Column: Device 
            Column: Dwidth 
            Column: Idwidth 
            Column: Clock 
            Column: Reset 
            Column: LogRoot 
            Column: TRANSNAME 
            Column: PHASENAME found
                     0 PHASENAME
                     1 "logs/$_trk.axi4.log"
                     2 "logs/$_trk.axi4.log"
                     3 "logs/$_trk.axi4.log"
                     4 "logs/$_trk.axi3.log"
                     5 "logs/$_trk.axi4.log"
                     6 "logs/$_trk.axi4.log"
                     7 "logs/$_trk.axi4.log"
                     8 "logs/$_trk.axi3.log"
                     9 "logs/$_trk.axi4.log"
                    10 "logs/$_trk.axi4.log"
                    11 "logs/$_trk.axi4.log"
                    12 "logs/$_trk.axi4.log"
                    13 "logs/$_trk.axi3.log"
                    14 "logs/$_trk.axi4.log"
                    15 "logs/$_trk.axi3.log"
                    16 "logs/$_trk.axi3.log"
                    17 "logs/$_trk.axi3.log"
                    18 "logs/$_trk.axi3.log"
                    19 "logs/$_trk.axi3.log"
                    20 "logs/$_trk.axi3.log"
                    21 "logs/$_trk.axi3.log"
                    22 "logs/$_trk.axi3.log"
                    23 "logs/$_trk.axi3.log"
                    24 "logs/$_trk.axi3.log"
                    25 "logs/$_trk.axi3.log"
                    26 "logs/$_trk.axi3.log"
                    27 "logs/$_trk.axi4.log"
            Column: CHECKERNAME 
     Sheet: Signal 
     Sheet: XBAR 
     Sheet: Header 
     Sheet: Protocoll 
     Sheet: Cratch Space 
     Sheet: Cratch Sig 


     extract_array( Monitor::CHECKERNAME )

     Sheet: Monitor found
            Column: Standard 
            Column: I/F-Type 
            Column: I/F-Name 
            Column: Hierachy 
            Column: Wrap-Type 
            Column: Wrap-Name 
            Column: Switch 
            Column: GATE_SIM 
            Column: Directive 
            Column: Device 
            Column: Dwidth 
            Column: Idwidth 
            Column: Clock 
            Column: Reset 
            Column: LogRoot 
            Column: TRANSNAME 
            Column: PHASENAME 
            Column: CHECKERNAME found
                     0 CHECKERNAME
                     1 "logs/$_chk.axi4.log"
                     2 "logs/$_chk.axi4.log"
                     3 "logs/$_chk.axi4.log"
                     4 "logs/$_chk.axi3.log"
                     5 "logs/$_chk.axi4.log"
                     6 "logs/$_chk.axi4.log"
                     7 "logs/$_chk.axi4.log"
                     8 "logs/$_chk.axi3.log"
                     9 "logs/$_chk.axi4.log"
                    10 "logs/$_chk.axi4.log"
                    11 "logs/$_chk.axi4.log"
                    12 "logs/$_chk.axi4.log"
                    13 "logs/$_chk.axi3.log"
                    14 "logs/$_chk.axi4.log"
                    15 "logs/$_chk.axi3.log"
                    16 "logs/$_chk.axi3.log"
                    17 "logs/$_chk.axi3.log"
                    18 "logs/$_chk.axi3.log"
                    19 "logs/$_chk.axi3.log"
                    20 "logs/$_chk.axi3.log"
                    21 "logs/$_chk.axi3.log"
                    22 "logs/$_chk.axi3.log"
                    23 "logs/$_chk.axi3.log"
                    24 "logs/$_chk.axi3.log"
                    25 "logs/$_chk.axi3.log"
                    26 "logs/$_chk.axi3.log"
                    27 "logs/$_chk.axi4.log"
     Sheet: Signal 
     Sheet: XBAR 
     Sheet: Header 
     Sheet: Protocoll 
     Sheet: Cratch Space 
     Sheet: Cratch Sig 


     extract_array( Signal::Monitor )

     Sheet: Monitor 
     Sheet: Signal found
            Column: Monitor found
                     0 Monitor
                     1 //aclk
                     2 aresetn
                     3 awvalid
                     4 awaddr
                     5 awlen
                     6 awsize
                     7 awburst
                     8 awlock
                     9 awcache
                    10 awprot
                    11 awid
                    12 awready
                    13 arvalid
                    14 araddr
                    15 arlen
                    16 arsize
                    17 arburst
                    18 arlock
                    19 arcache
                    20 arprot
                    21 arid
                    22 arready
                    23 wvalid
                    24 wlast
                    25 wdata
                    26 wstrb
                    27 //wid
                    28 wready
                    29 rvalid
                    30 rlast
                    31 rdata
                    32 rresp
                    33 rid
                    34 rready
                    35 bvalid
                    36 bresp
                    37 bid
                    38 bready
            Column:  
            Column: Master0 
            Column: Master1 
            Column: Master2 
            Column: Master3 
            Column: Master4 
            Column: Master5 
            Column: Master6 
            Column: Master7 
            Column: Master8 
            Column: Master9 
            Column: Master10 
            Column: Master11 
            Column: Master12 
            Column: Master13 
            Column: Master14 
            Column: Master15 
            Column: Master16 
            Column: Master17 
            Column: Master18 
            Column: Master19 
            Column: Master20 
            Column: Master22 
            Column: Master23 
            Column: Master24 
            Column: Master25 
            Column: Master28 
            Column: Master29 
     Sheet: XBAR 
     Sheet: Header 
     Sheet: Protocoll 
     Sheet: Cratch Space 
     Sheet: Cratch Sig 


     extract_array( Signal::Master0 )

     Sheet: Monitor 
     Sheet: Signal found
            Column: Monitor 
            Column:  
            Column: Master0 found
                     0 Master0
                     1 mstr0_
                     2 mstr0_
                     3 mstr0_
                     4 mstr0_
                     5 mstr0_
                     6 mstr0_
                     7 mstr0_
                     8 mstr0_
                     9 mstr0_
                    10 mstr0_
                    11 mstr0_
                    12 mstr0_
                    13 mstr0_
                    14 mstr0_
                    15 mstr0_
                    16 mstr0_
                    17 mstr0_
                    18 mstr0_
                    19 mstr0_
                    20 mstr0_
                    21 mstr0_
                    22 mstr0_
                    23 mstr0_
                    24 mstr0_
                    25 mstr0_
                    26 mstr0_
                    27 mstr0_
                    28 mstr0_
                    29 mstr0_
                    30 mstr0_
                    31 mstr0_
                    32 mstr0_
                    33 mstr0_
                    34 mstr0_
                    35 mstr0_
                    36 mstr0_
                    37 mstr0_
                    38 mstr0_
            Column: Master1 
            Column: Master2 
            Column: Master3 
            Column: Master4 
            Column: Master5 
            Column: Master6 
            Column: Master7 
            Column: Master8 
            Column: Master9 
            Column: Master10 
            Column: Master11 
            Column: Master12 
            Column: Master13 
            Column: Master14 
            Column: Master15 
            Column: Master16 
            Column: Master17 
            Column: Master18 
            Column: Master19 
            Column: Master20 
            Column: Master22 
            Column: Master23 
            Column: Master24 
            Column: Master25 
            Column: Master28 
            Column: Master29 
     Sheet: XBAR 
     Sheet: Header 
     Sheet: Protocoll 
     Sheet: Cratch Space 
     Sheet: Cratch Sig 


     extract_array( Signal::Master1 )

     Sheet: Monitor 
     Sheet: Signal found
            Column: Monitor 
            Column:  
            Column: Master0 
            Column: Master1 found
                     0 Master1
                     1 mstr1_
                     2 mstr1_
                     3 mstr1_
                     4 mstr1_
                     5 mstr1_
                     6 mstr1_
                     7 mstr1_
                     8 mstr1_
                     9 mstr1_
                    10 mstr1_
                    11 mstr1_
                    12 mstr1_
                    13 mstr1_
                    14 mstr1_
                    15 mstr1_
                    16 mstr1_
                    17 mstr1_
                    18 mstr1_
                    19 mstr1_
                    20 mstr1_
                    21 mstr1_
                    22 mstr1_
                    23 mstr1_
                    24 mstr1_
                    25 mstr1_
                    26 mstr1_
                    27 mstr1_
                    28 mstr1_
                    29 mstr1_
                    30 mstr1_
                    31 mstr1_
                    32 mstr1_
                    33 mstr1_
                    34 mstr1_
                    35 mstr1_
                    36 mstr1_
                    37 mstr1_
                    38 mstr1_
            Column: Master2 
            Column: Master3 
            Column: Master4 
            Column: Master5 
            Column: Master6 
            Column: Master7 
            Column: Master8 
            Column: Master9 
            Column: Master10 
            Column: Master11 
            Column: Master12 
            Column: Master13 
            Column: Master14 
            Column: Master15 
            Column: Master16 
            Column: Master17 
            Column: Master18 
            Column: Master19 
            Column: Master20 
            Column: Master22 
            Column: Master23 
            Column: Master24 
            Column: Master25 
            Column: Master28 
            Column: Master29 
     Sheet: XBAR 
     Sheet: Header 
     Sheet: Protocoll 
     Sheet: Cratch Space 
     Sheet: Cratch Sig 


     extract_array( Signal::Master2 )

     Sheet: Monitor 
     Sheet: Signal found
            Column: Monitor 
            Column:  
            Column: Master0 
            Column: Master1 
            Column: Master2 found
                     0 Master2
                     1 mstr2_
                     2 mstr2_
                     3 mstr2_
                     4 mstr2_
                     5 mstr2_
                     6 mstr2_
                     7 mstr2_
                     8 mstr2_
                     9 mstr2_
                    10 mstr2_
                    11 mstr2_
                    12 mstr2_
                    13 mstr2_
                    14 mstr2_
                    15 mstr2_
                    16 mstr2_
                    17 mstr2_
                    18 mstr2_
                    19 mstr2_
                    20 mstr2_
                    21 mstr2_
                    22 mstr2_
                    23 mstr2_
                    24 mstr2_
                    25 mstr2_
                    26 mstr2_
                    27 mstr2_
                    28 mstr2_
                    29 mstr2_
                    30 mstr2_
                    31 mstr2_
                    32 mstr2_
                    33 mstr2_
                    34 mstr2_
                    35 mstr2_
                    36 mstr2_
                    37 mstr2_
                    38 mstr2_
            Column: Master3 
            Column: Master4 
            Column: Master5 
            Column: Master6 
            Column: Master7 
            Column: Master8 
            Column: Master9 
            Column: Master10 
            Column: Master11 
            Column: Master12 
            Column: Master13 
            Column: Master14 
            Column: Master15 
            Column: Master16 
            Column: Master17 
            Column: Master18 
            Column: Master19 
            Column: Master20 
            Column: Master22 
            Column: Master23 
            Column: Master24 
            Column: Master25 
            Column: Master28 
            Column: Master29 
     Sheet: XBAR 
     Sheet: Header 
     Sheet: Protocoll 
     Sheet: Cratch Space 
     Sheet: Cratch Sig 


     extract_array( Signal::Master3 )

     Sheet: Monitor 
     Sheet: Signal found
            Column: Monitor 
            Column:  
            Column: Master0 
            Column: Master1 
            Column: Master2 
            Column: Master3 found
                     0 Master3
                     1 mstr3_
                     2 mstr3_
                     3 mstr3_
                     4 mstr3_
                     5 mstr3_
                     6 mstr3_
                     7 mstr3_
                     8 mstr3_
                     9 mstr3_
                    10 mstr3_
                    11 mstr3_
                    12 mstr3_
                    13 mstr3_
                    14 mstr3_
                    15 mstr3_
                    16 mstr3_
                    17 mstr3_
                    18 mstr3_
                    19 mstr3_
                    20 mstr3_
                    21 mstr3_
                    22 mstr3_
                    23 mstr3_
                    24 mstr3_
                    25 mstr3_
                    26 mstr3_
                    27 mstr3_
                    28 mstr3_
                    29 mstr3_
                    30 mstr3_
                    31 mstr3_
                    32 mstr3_
                    33 mstr3_
                    34 mstr3_
                    35 mstr3_
                    36 mstr3_
                    37 mstr3_
                    38 mstr3_
            Column: Master4 
            Column: Master5 
            Column: Master6 
            Column: Master7 
            Column: Master8 
            Column: Master9 
            Column: Master10 
            Column: Master11 
            Column: Master12 
            Column: Master13 
            Column: Master14 
            Column: Master15 
            Column: Master16 
            Column: Master17 
            Column: Master18 
            Column: Master19 
            Column: Master20 
            Column: Master22 
            Column: Master23 
            Column: Master24 
            Column: Master25 
            Column: Master28 
            Column: Master29 
     Sheet: XBAR 
     Sheet: Header 
     Sheet: Protocoll 
     Sheet: Cratch Space 
     Sheet: Cratch Sig 


     extract_array( Signal::Master4 )

     Sheet: Monitor 
     Sheet: Signal found
            Column: Monitor 
            Column:  
            Column: Master0 
            Column: Master1 
            Column: Master2 
            Column: Master3 
            Column: Master4 found
                     0 Master4
                     1 mstr4_
                     2 mstr4_
                     3 mstr4_
                     4 mstr4_
                     5 mstr4_
                     6 mstr4_
                     7 mstr4_
                     8 mstr4_
                     9 mstr4_
                    10 mstr4_
                    11 mstr4_
                    12 mstr4_
                    13 mstr4_
                    14 mstr4_
                    15 mstr4_
                    16 mstr4_
                    17 mstr4_
                    18 mstr4_
                    19 mstr4_
                    20 mstr4_
                    21 mstr4_
                    22 mstr4_
                    23 mstr4_
                    24 mstr4_
                    25 mstr4_
                    26 mstr4_
                    27 mstr4_
                    28 mstr4_
                    29 mstr4_
                    30 mstr4_
                    31 mstr4_
                    32 mstr4_
                    33 mstr4_
                    34 mstr4_
                    35 mstr4_
                    36 mstr4_
                    37 mstr4_
                    38 mstr4_
            Column: Master5 
            Column: Master6 
            Column: Master7 
            Column: Master8 
            Column: Master9 
            Column: Master10 
            Column: Master11 
            Column: Master12 
            Column: Master13 
            Column: Master14 
            Column: Master15 
            Column: Master16 
            Column: Master17 
            Column: Master18 
            Column: Master19 
            Column: Master20 
            Column: Master22 
            Column: Master23 
            Column: Master24 
            Column: Master25 
            Column: Master28 
            Column: Master29 
     Sheet: XBAR 
     Sheet: Header 
     Sheet: Protocoll 
     Sheet: Cratch Space 
     Sheet: Cratch Sig 


     extract_array( Signal::Master5 )

     Sheet: Monitor 
     Sheet: Signal found
            Column: Monitor 
            Column:  
            Column: Master0 
            Column: Master1 
            Column: Master2 
            Column: Master3 
            Column: Master4 
            Column: Master5 found
                     0 Master5
                     1 excpt
                     2 excpt
                     3 _dhub64_m0_s0_s1
                     4 _dhub64_m0_s0_s1
                     5 _dhub64_m0_s0_s1
                     6 _dhub64_m0_s0_s1
                     7 _dhub64_m0_s0_s1
                     8 _dhub64_m0_s0_s1
                     9 _dhub64_m0_s0_s1
                    10 _dhub64_m0_s0_s1
                    11 _dhub64_m0_s0_s1
                    12 _dhub64_m0_s0_s1
                    13 _dhub64_m0_s0_s1
                    14 _dhub64_m0_s0_s1
                    15 _dhub64_m0_s0_s1
                    16 _dhub64_m0_s0_s1
                    17 _dhub64_m0_s0_s1
                    18 _dhub64_m0_s0_s1
                    19 _dhub64_m0_s0_s1
                    20 _dhub64_m0_s0_s1
                    21 _dhub64_m0_s0_s1
                    22 _dhub64_m0_s0_s1
                    23 _dhub64_m0_s0_s1
                    24 _dhub64_m0_s0_s1
                    25 _dhub64_m0_s0_s1
                    26 _dhub64_m0_s0_s1
                    27 _dhub64_m0_s0_s1
                    28 _dhub64_m0_s0_s1
                    29 _dhub64_m0_s0_s1
                    30 _dhub64_m0_s0_s1
                    31 _dhub64_m0_s0_s1
                    32 _dhub64_m0_s0_s1
                    33 _dhub64_m0_s0_s1
                    34 _dhub64_m0_s0_s1
                    35 _dhub64_m0_s0_s1
                    36 _dhub64_m0_s0_s1
                    37 _dhub64_m0_s0_s1
                    38 _dhub64_m0_s0_s1
            Column: Master6 
            Column: Master7 
            Column: Master8 
            Column: Master9 
            Column: Master10 
            Column: Master11 
            Column: Master12 
            Column: Master13 
            Column: Master14 
            Column: Master15 
            Column: Master16 
            Column: Master17 
            Column: Master18 
            Column: Master19 
            Column: Master20 
            Column: Master22 
            Column: Master23 
            Column: Master24 
            Column: Master25 
            Column: Master28 
            Column: Master29 
     Sheet: XBAR 
     Sheet: Header 
     Sheet: Protocoll 
     Sheet: Cratch Space 
     Sheet: Cratch Sig 


     extract_array( Signal::Master6 )

     Sheet: Monitor 
     Sheet: Signal found
            Column: Monitor 
            Column:  
            Column: Master0 
            Column: Master1 
            Column: Master2 
            Column: Master3 
            Column: Master4 
            Column: Master5 
            Column: Master6 found
                     0 Master6
                     1 excpt
                     2 excpt
                     3 _dhub128_m1_s0_s1
                     4 _dhub128_m1_s0_s1
                     5 _dhub128_m1_s0_s1
                     6 _dhub128_m1_s0_s1
                     7 _dhub128_m1_s0_s1
                     8 _dhub128_m1_s0_s1
                     9 _dhub128_m1_s0_s1
                    10 _dhub128_m1_s0_s1
                    11 _dhub128_m1_s0_s1
                    12 _dhub128_m1_s0_s1
                    13 _dhub128_m1_s0_s1
                    14 _dhub128_m1_s0_s1
                    15 _dhub128_m1_s0_s1
                    16 _dhub128_m1_s0_s1
                    17 _dhub128_m1_s0_s1
                    18 _dhub128_m1_s0_s1
                    19 _dhub128_m1_s0_s1
                    20 _dhub128_m1_s0_s1
                    21 _dhub128_m1_s0_s1
                    22 _dhub128_m1_s0_s1
                    23 _dhub128_m1_s0_s1
                    24 _dhub128_m1_s0_s1
                    25 _dhub128_m1_s0_s1
                    26 _dhub128_m1_s0_s1
                    27 _dhub128_m1_s0_s1
                    28 _dhub128_m1_s0_s1
                    29 _dhub128_m1_s0_s1
                    30 _dhub128_m1_s0_s1
                    31 _dhub128_m1_s0_s1
                    32 _dhub128_m1_s0_s1
                    33 _dhub128_m1_s0_s1
                    34 _dhub128_m1_s0_s1
                    35 _dhub128_m1_s0_s1
                    36 _dhub128_m1_s0_s1
                    37 _dhub128_m1_s0_s1
                    38 _dhub128_m1_s0_s1
            Column: Master7 
            Column: Master8 
            Column: Master9 
            Column: Master10 
            Column: Master11 
            Column: Master12 
            Column: Master13 
            Column: Master14 
            Column: Master15 
            Column: Master16 
            Column: Master17 
            Column: Master18 
            Column: Master19 
            Column: Master20 
            Column: Master22 
            Column: Master23 
            Column: Master24 
            Column: Master25 
            Column: Master28 
            Column: Master29 
     Sheet: XBAR 
     Sheet: Header 
     Sheet: Protocoll 
     Sheet: Cratch Space 
     Sheet: Cratch Sig 


     extract_array( Signal::Master7 )

     Sheet: Monitor 
     Sheet: Signal found
            Column: Monitor 
            Column:  
            Column: Master0 
            Column: Master1 
            Column: Master2 
            Column: Master3 
            Column: Master4 
            Column: Master5 
            Column: Master6 
            Column: Master7 found
                     0 Master7
                     1 excpt
                     2 excpt
                     3 _hdcp_m2_s0_s1
                     4 _hdcp_m2_s0_s1
                     5 _hdcp_m2_s0_s1
                     6 _hdcp_m2_s0_s1
                     7 _hdcp_m2_s0_s1
                     8 _hdcp_m2_s0_s1
                     9 _hdcp_m2_s0_s1
                    10 _hdcp_m2_s0_s1
                    11 _hdcp_m2_s0_s1
                    12 _hdcp_m2_s0_s1
                    13 _hdcp_m2_s0_s1
                    14 _hdcp_m2_s0_s1
                    15 _hdcp_m2_s0_s1
                    16 _hdcp_m2_s0_s1
                    17 _hdcp_m2_s0_s1
                    18 _hdcp_m2_s0_s1
                    19 _hdcp_m2_s0_s1
                    20 _hdcp_m2_s0_s1
                    21 _hdcp_m2_s0_s1
                    22 _hdcp_m2_s0_s1
                    23 _hdcp_m2_s0_s1
                    24 _hdcp_m2_s0_s1
                    25 _hdcp_m2_s0_s1
                    26 _hdcp_m2_s0_s1
                    27 _hdcp_m2_s0_s1
                    28 _hdcp_m2_s0_s1
                    29 _hdcp_m2_s0_s1
                    30 _hdcp_m2_s0_s1
                    31 _hdcp_m2_s0_s1
                    32 _hdcp_m2_s0_s1
                    33 _hdcp_m2_s0_s1
                    34 _hdcp_m2_s0_s1
                    35 _hdcp_m2_s0_s1
                    36 _hdcp_m2_s0_s1
                    37 _hdcp_m2_s0_s1
                    38 _hdcp_m2_s0_s1
            Column: Master8 
            Column: Master9 
            Column: Master10 
            Column: Master11 
            Column: Master12 
            Column: Master13 
            Column: Master14 
            Column: Master15 
            Column: Master16 
            Column: Master17 
            Column: Master18 
            Column: Master19 
            Column: Master20 
            Column: Master22 
            Column: Master23 
            Column: Master24 
            Column: Master25 
            Column: Master28 
            Column: Master29 
     Sheet: XBAR 
     Sheet: Header 
     Sheet: Protocoll 
     Sheet: Cratch Space 
     Sheet: Cratch Sig 


     extract_array( Signal::Master8 )

     Sheet: Monitor 
     Sheet: Signal found
            Column: Monitor 
            Column:  
            Column: Master0 
            Column: Master1 
            Column: Master2 
            Column: Master3 
            Column: Master4 
            Column: Master5 
            Column: Master6 
            Column: Master7 
            Column: Master8 found
                     0 Master8
                     1 excpt
                     2 excpt
                     3 _isp_m0_s0_s1
                     4 _isp_m0_s0_s1
                     5 _isp_m0_s0_s1
                     6 _isp_m0_s0_s1
                     7 _isp_m0_s0_s1
                     8 _isp_m0_s0_s1
                     9 _isp_m0_s0_s1
                    10 _isp_m0_s0_s1
                    11 _isp_m0_s0_s1
                    12 _isp_m0_s0_s1
                    13 _isp_m0_s0_s1
                    14 _isp_m0_s0_s1
                    15 _isp_m0_s0_s1
                    16 _isp_m0_s0_s1
                    17 _isp_m0_s0_s1
                    18 _isp_m0_s0_s1
                    19 _isp_m0_s0_s1
                    20 _isp_m0_s0_s1
                    21 _isp_m0_s0_s1
                    22 _isp_m0_s0_s1
                    23 _isp_m0_s0_s1
                    24 _isp_m0_s0_s1
                    25 _isp_m0_s0_s1
                    26 _isp_m0_s0_s1
                    27 _isp_m0_s0_s1
                    28 _isp_m0_s0_s1
                    29 _isp_m0_s0_s1
                    30 _isp_m0_s0_s1
                    31 _isp_m0_s0_s1
                    32 _isp_m0_s0_s1
                    33 _isp_m0_s0_s1
                    34 _isp_m0_s0_s1
                    35 _isp_m0_s0_s1
                    36 _isp_m0_s0_s1
                    37 _isp_m0_s0_s1
                    38 _isp_m0_s0_s1
            Column: Master9 
            Column: Master10 
            Column: Master11 
            Column: Master12 
            Column: Master13 
            Column: Master14 
            Column: Master15 
            Column: Master16 
            Column: Master17 
            Column: Master18 
            Column: Master19 
            Column: Master20 
            Column: Master22 
            Column: Master23 
            Column: Master24 
            Column: Master25 
            Column: Master28 
            Column: Master29 
     Sheet: XBAR 
     Sheet: Header 
     Sheet: Protocoll 
     Sheet: Cratch Space 
     Sheet: Cratch Sig 


     extract_array( Signal::Master9 )

     Sheet: Monitor 
     Sheet: Signal found
            Column: Monitor 
            Column:  
            Column: Master0 
            Column: Master1 
            Column: Master2 
            Column: Master3 
            Column: Master4 
            Column: Master5 
            Column: Master6 
            Column: Master7 
            Column: Master8 
            Column: Master9 found
                     0 Master9
                     1 excpt
                     2 excpt
                     3 _isp_m1_s0_s1
                     4 _isp_m1_s0_s1
                     5 _isp_m1_s0_s1
                     6 _isp_m1_s0_s1
                     7 _isp_m1_s0_s1
                     8 _isp_m1_s0_s1
                     9 _isp_m1_s0_s1
                    10 _isp_m1_s0_s1
                    11 _isp_m1_s0_s1
                    12 _isp_m1_s0_s1
                    13 _isp_m1_s0_s1
                    14 _isp_m1_s0_s1
                    15 _isp_m1_s0_s1
                    16 _isp_m1_s0_s1
                    17 _isp_m1_s0_s1
                    18 _isp_m1_s0_s1
                    19 _isp_m1_s0_s1
                    20 _isp_m1_s0_s1
                    21 _isp_m1_s0_s1
                    22 _isp_m1_s0_s1
                    23 _isp_m1_s0_s1
                    24 _isp_m1_s0_s1
                    25 _isp_m1_s0_s1
                    26 _isp_m1_s0_s1
                    27 _isp_m1_s0_s1
                    28 _isp_m1_s0_s1
                    29 _isp_m1_s0_s1
                    30 _isp_m1_s0_s1
                    31 _isp_m1_s0_s1
                    32 _isp_m1_s0_s1
                    33 _isp_m1_s0_s1
                    34 _isp_m1_s0_s1
                    35 _isp_m1_s0_s1
                    36 _isp_m1_s0_s1
                    37 _isp_m1_s0_s1
                    38 _isp_m1_s0_s1
            Column: Master10 
            Column: Master11 
            Column: Master12 
            Column: Master13 
            Column: Master14 
            Column: Master15 
            Column: Master16 
            Column: Master17 
            Column: Master18 
            Column: Master19 
            Column: Master20 
            Column: Master22 
            Column: Master23 
            Column: Master24 
            Column: Master25 
            Column: Master28 
            Column: Master29 
     Sheet: XBAR 
     Sheet: Header 
     Sheet: Protocoll 
     Sheet: Cratch Space 
     Sheet: Cratch Sig 


     extract_array( Signal::Master10 )

     Sheet: Monitor 
     Sheet: Signal found
            Column: Monitor 
            Column:  
            Column: Master0 
            Column: Master1 
            Column: Master2 
            Column: Master3 
            Column: Master4 
            Column: Master5 
            Column: Master6 
            Column: Master7 
            Column: Master8 
            Column: Master9 
            Column: Master10 found
                     0 Master10
                     1 excpt
                     2 excpt
                     3 _dhub0_m2_s0_s1
                     4 _dhub0_m2_s0_s1
                     5 _dhub0_m2_s0_s1
                     6 _dhub0_m2_s0_s1
                     7 _dhub0_m2_s0_s1
                     8 _dhub0_m2_s0_s1
                     9 _dhub0_m2_s0_s1
                    10 _dhub0_m2_s0_s1
                    11 _dhub0_m2_s0_s1
                    12 _dhub0_m2_s0_s1
                    13 _dhub0_m2_s0_s1
                    14 _dhub0_m2_s0_s1
                    15 _dhub0_m2_s0_s1
                    16 _dhub0_m2_s0_s1
                    17 _dhub0_m2_s0_s1
                    18 _dhub0_m2_s0_s1
                    19 _dhub0_m2_s0_s1
                    20 _dhub0_m2_s0_s1
                    21 _dhub0_m2_s0_s1
                    22 _dhub0_m2_s0_s1
                    23 _dhub0_m2_s0_s1
                    24 _dhub0_m2_s0_s1
                    25 _dhub0_m2_s0_s1
                    26 _dhub0_m2_s0_s1
                    27 _dhub0_m2_s0_s1
                    28 _dhub0_m2_s0_s1
                    29 _dhub0_m2_s0_s1
                    30 _dhub0_m2_s0_s1
                    31 _dhub0_m2_s0_s1
                    32 _dhub0_m2_s0_s1
                    33 _dhub0_m2_s0_s1
                    34 _dhub0_m2_s0_s1
                    35 _dhub0_m2_s0_s1
                    36 _dhub0_m2_s0_s1
                    37 _dhub0_m2_s0_s1
                    38 _dhub0_m2_s0_s1
            Column: Master11 
            Column: Master12 
            Column: Master13 
            Column: Master14 
            Column: Master15 
            Column: Master16 
            Column: Master17 
            Column: Master18 
            Column: Master19 
            Column: Master20 
            Column: Master22 
            Column: Master23 
            Column: Master24 
            Column: Master25 
            Column: Master28 
            Column: Master29 
     Sheet: XBAR 
     Sheet: Header 
     Sheet: Protocoll 
     Sheet: Cratch Space 
     Sheet: Cratch Sig 


     extract_array( Signal::Master11 )

     Sheet: Monitor 
     Sheet: Signal found
            Column: Monitor 
            Column:  
            Column: Master0 
            Column: Master1 
            Column: Master2 
            Column: Master3 
            Column: Master4 
            Column: Master5 
            Column: Master6 
            Column: Master7 
            Column: Master8 
            Column: Master9 
            Column: Master10 
            Column: Master11 found
                     0 Master11
                     1 excpt
                     2 excpt
                     3 _dhub0_m3_s0_s1
                     4 _dhub0_m3_s0_s1
                     5 _dhub0_m3_s0_s1
                     6 _dhub0_m3_s0_s1
                     7 _dhub0_m3_s0_s1
                     8 _dhub0_m3_s0_s1
                     9 _dhub0_m3_s0_s1
                    10 _dhub0_m3_s0_s1
                    11 _dhub0_m3_s0_s1
                    12 _dhub0_m3_s0_s1
                    13 _dhub0_m3_s0_s1
                    14 _dhub0_m3_s0_s1
                    15 _dhub0_m3_s0_s1
                    16 _dhub0_m3_s0_s1
                    17 _dhub0_m3_s0_s1
                    18 _dhub0_m3_s0_s1
                    19 _dhub0_m3_s0_s1
                    20 _dhub0_m3_s0_s1
                    21 _dhub0_m3_s0_s1
                    22 _dhub0_m3_s0_s1
                    23 _dhub0_m3_s0_s1
                    24 _dhub0_m3_s0_s1
                    25 _dhub0_m3_s0_s1
                    26 _dhub0_m3_s0_s1
                    27 _dhub0_m3_s0_s1
                    28 _dhub0_m3_s0_s1
                    29 _dhub0_m3_s0_s1
                    30 _dhub0_m3_s0_s1
                    31 _dhub0_m3_s0_s1
                    32 _dhub0_m3_s0_s1
                    33 _dhub0_m3_s0_s1
                    34 _dhub0_m3_s0_s1
                    35 _dhub0_m3_s0_s1
                    36 _dhub0_m3_s0_s1
                    37 _dhub0_m3_s0_s1
                    38 _dhub0_m3_s0_s1
            Column: Master12 
            Column: Master13 
            Column: Master14 
            Column: Master15 
            Column: Master16 
            Column: Master17 
            Column: Master18 
            Column: Master19 
            Column: Master20 
            Column: Master22 
            Column: Master23 
            Column: Master24 
            Column: Master25 
            Column: Master28 
            Column: Master29 
     Sheet: XBAR 
     Sheet: Header 
     Sheet: Protocoll 
     Sheet: Cratch Space 
     Sheet: Cratch Sig 


     extract_array( Signal::Master12 )

     Sheet: Monitor 
     Sheet: Signal found
            Column: Monitor 
            Column:  
            Column: Master0 
            Column: Master1 
            Column: Master2 
            Column: Master3 
            Column: Master4 
            Column: Master5 
            Column: Master6 
            Column: Master7 
            Column: Master8 
            Column: Master9 
            Column: Master10 
            Column: Master11 
            Column: Master12 found
                     0 Master12
                     1 excpt
                     2 excpt
                     3 _ovp_m0_s0
                     4 _ovp_m0_s0
                     5 _ovp_m0_s0
                     6 _ovp_m0_s0
                     7 _ovp_m0_s0
                     8 _ovp_m0_s0
                     9 _ovp_m0_s0
                    10 _ovp_m0_s0
                    11 _ovp_m0_s0
                    12 _ovp_m0_s0
                    13 _ovp_m0_s0
                    14 _ovp_m0_s0
                    15 _ovp_m0_s0
                    16 _ovp_m0_s0
                    17 _ovp_m0_s0
                    18 _ovp_m0_s0
                    19 _ovp_m0_s0
                    20 _ovp_m0_s0
                    21 _ovp_m0_s0
                    22 _ovp_m0_s0
                    23 _ovp_m0_s0
                    24 _ovp_m0_s0
                    25 _ovp_m0_s0
                    26 _ovp_m0_s0
                    27 _ovp_m0_s0
                    28 _ovp_m0_s0
                    29 _ovp_m0_s0
                    30 _ovp_m0_s0
                    31 _ovp_m0_s0
                    32 _ovp_m0_s0
                    33 _ovp_m0_s0
                    34 _ovp_m0_s0
                    35 _ovp_m0_s0
                    36 _ovp_m0_s0
                    37 _ovp_m0_s0
                    38 _ovp_m0_s0
            Column: Master13 
            Column: Master14 
            Column: Master15 
            Column: Master16 
            Column: Master17 
            Column: Master18 
            Column: Master19 
            Column: Master20 
            Column: Master22 
            Column: Master23 
            Column: Master24 
            Column: Master25 
            Column: Master28 
            Column: Master29 
     Sheet: XBAR 
     Sheet: Header 
     Sheet: Protocoll 
     Sheet: Cratch Space 
     Sheet: Cratch Sig 


     extract_array( Signal::Master13 )

     Sheet: Monitor 
     Sheet: Signal found
            Column: Monitor 
            Column:  
            Column: Master0 
            Column: Master1 
            Column: Master2 
            Column: Master3 
            Column: Master4 
            Column: Master5 
            Column: Master6 
            Column: Master7 
            Column: Master8 
            Column: Master9 
            Column: Master10 
            Column: Master11 
            Column: Master12 
            Column: Master13 found
                     0 Master13
                     1 excpt
                     2 excpt
                     3 _v4g_m1_s0
                     4 _v4g_m1_s0
                     5 _v4g_m1_s0
                     6 _v4g_m1_s0
                     7 _v4g_m1_s0
                     8 _v4g_m1_s0
                     9 _v4g_m1_s0
                    10 _v4g_m1_s0
                    11 _v4g_m1_s0
                    12 _v4g_m1_s0
                    13 _v4g_m1_s0
                    14 _v4g_m1_s0
                    15 _v4g_m1_s0
                    16 _v4g_m1_s0
                    17 _v4g_m1_s0
                    18 _v4g_m1_s0
                    19 _v4g_m1_s0
                    20 _v4g_m1_s0
                    21 _v4g_m1_s0
                    22 _v4g_m1_s0
                    23 _v4g_m1_s0
                    24 _v4g_m1_s0
                    25 _v4g_m1_s0
                    26 _v4g_m1_s0
                    27 _v4g_m1_s0
                    28 _v4g_m1_s0
                    29 _v4g_m1_s0
                    30 _v4g_m1_s0
                    31 _v4g_m1_s0
                    32 _v4g_m1_s0
                    33 _v4g_m1_s0
                    34 _v4g_m1_s0
                    35 _v4g_m1_s0
                    36 _v4g_m1_s0
                    37 _v4g_m1_s0
                    38 _v4g_m1_s0
            Column: Master14 
            Column: Master15 
            Column: Master16 
            Column: Master17 
            Column: Master18 
            Column: Master19 
            Column: Master20 
            Column: Master22 
            Column: Master23 
            Column: Master24 
            Column: Master25 
            Column: Master28 
            Column: Master29 
     Sheet: XBAR 
     Sheet: Header 
     Sheet: Protocoll 
     Sheet: Cratch Space 
     Sheet: Cratch Sig 


     extract_array( Signal::Master14 )

     Sheet: Monitor 
     Sheet: Signal found
            Column: Monitor 
            Column:  
            Column: Master0 
            Column: Master1 
            Column: Master2 
            Column: Master3 
            Column: Master4 
            Column: Master5 
            Column: Master6 
            Column: Master7 
            Column: Master8 
            Column: Master9 
            Column: Master10 
            Column: Master11 
            Column: Master12 
            Column: Master13 
            Column: Master14 found
                     0 Master14
                     1 excpt
                     2 excpt
                     3 _h1_m2_s0
                     4 _h1_m2_s0
                     5 _h1_m2_s0
                     6 _h1_m2_s0
                     7 _h1_m2_s0
                     8 _h1_m2_s0
                     9 _h1_m2_s0
                    10 _h1_m2_s0
                    11 _h1_m2_s0
                    12 _h1_m2_s0
                    13 _h1_m2_s0
                    14 _h1_m2_s0
                    15 _h1_m2_s0
                    16 _h1_m2_s0
                    17 _h1_m2_s0
                    18 _h1_m2_s0
                    19 _h1_m2_s0
                    20 _h1_m2_s0
                    21 _h1_m2_s0
                    22 _h1_m2_s0
                    23 _h1_m2_s0
                    24 _h1_m2_s0
                    25 _h1_m2_s0
                    26 _h1_m2_s0
                    27 _h1_m2_s0
                    28 _h1_m2_s0
                    29 _h1_m2_s0
                    30 _h1_m2_s0
                    31 _h1_m2_s0
                    32 _h1_m2_s0
                    33 _h1_m2_s0
                    34 _h1_m2_s0
                    35 _h1_m2_s0
                    36 _h1_m2_s0
                    37 _h1_m2_s0
                    38 _h1_m2_s0
            Column: Master15 
            Column: Master16 
            Column: Master17 
            Column: Master18 
            Column: Master19 
            Column: Master20 
            Column: Master22 
            Column: Master23 
            Column: Master24 
            Column: Master25 
            Column: Master28 
            Column: Master29 
     Sheet: XBAR 
     Sheet: Header 
     Sheet: Protocoll 
     Sheet: Cratch Space 
     Sheet: Cratch Sig 


     extract_array( Signal::Master15 )

     Sheet: Monitor 
     Sheet: Signal found
            Column: Monitor 
            Column:  
            Column: Master0 
            Column: Master1 
            Column: Master2 
            Column: Master3 
            Column: Master4 
            Column: Master5 
            Column: Master6 
            Column: Master7 
            Column: Master8 
            Column: Master9 
            Column: Master10 
            Column: Master11 
            Column: Master12 
            Column: Master13 
            Column: Master14 
            Column: Master15 found
                     0 Master15
                     1 excpt
                     2 excpt
                     3 _gfx_m0_s0
                     4 _gfx_m0_s0
                     5 _gfx_m0_s0
                     6 _gfx_m0_s0
                     7 _gfx_m0_s0
                     8 _gfx_m0_s0
                     9 _gfx_m0_s0
                    10 _gfx_m0_s0
                    11 _gfx_m0_s0
                    12 _gfx_m0_s0
                    13 _gfx_m0_s0
                    14 _gfx_m0_s0
                    15 _gfx_m0_s0
                    16 _gfx_m0_s0
                    17 _gfx_m0_s0
                    18 _gfx_m0_s0
                    19 _gfx_m0_s0
                    20 _gfx_m0_s0
                    21 _gfx_m0_s0
                    22 _gfx_m0_s0
                    23 _gfx_m0_s0
                    24 _gfx_m0_s0
                    25 _gfx_m0_s0
                    26 _gfx_m0_s0
                    27 _gfx_m0_s0
                    28 _gfx_m0_s0
                    29 _gfx_m0_s0
                    30 _gfx_m0_s0
                    31 _gfx_m0_s0
                    32 _gfx_m0_s0
                    33 _gfx_m0_s0
                    34 _gfx_m0_s0
                    35 _gfx_m0_s0
                    36 _gfx_m0_s0
                    37 _gfx_m0_s0
                    38 _gfx_m0_s0
            Column: Master16 
            Column: Master17 
            Column: Master18 
            Column: Master19 
            Column: Master20 
            Column: Master22 
            Column: Master23 
            Column: Master24 
            Column: Master25 
            Column: Master28 
            Column: Master29 
     Sheet: XBAR 
     Sheet: Header 
     Sheet: Protocoll 
     Sheet: Cratch Space 
     Sheet: Cratch Sig 


     extract_array( Signal::Master16 )

     Sheet: Monitor 
     Sheet: Signal found
            Column: Monitor 
            Column:  
            Column: Master0 
            Column: Master1 
            Column: Master2 
            Column: Master3 
            Column: Master4 
            Column: Master5 
            Column: Master6 
            Column: Master7 
            Column: Master8 
            Column: Master9 
            Column: Master10 
            Column: Master11 
            Column: Master12 
            Column: Master13 
            Column: Master14 
            Column: Master15 
            Column: Master16 found
                     0 Master16
                     1 excpt
                     2 excpt
                     3 _gfx_m1_s0
                     4 _gfx_m1_s0
                     5 _gfx_m1_s0
                     6 _gfx_m1_s0
                     7 _gfx_m1_s0
                     8 _gfx_m1_s0
                     9 _gfx_m1_s0
                    10 _gfx_m1_s0
                    11 _gfx_m1_s0
                    12 _gfx_m1_s0
                    13 _gfx_m1_s0
                    14 _gfx_m1_s0
                    15 _gfx_m1_s0
                    16 _gfx_m1_s0
                    17 _gfx_m1_s0
                    18 _gfx_m1_s0
                    19 _gfx_m1_s0
                    20 _gfx_m1_s0
                    21 _gfx_m1_s0
                    22 _gfx_m1_s0
                    23 _gfx_m1_s0
                    24 _gfx_m1_s0
                    25 _gfx_m1_s0
                    26 _gfx_m1_s0
                    27 _gfx_m1_s0
                    28 _gfx_m1_s0
                    29 _gfx_m1_s0
                    30 _gfx_m1_s0
                    31 _gfx_m1_s0
                    32 _gfx_m1_s0
                    33 _gfx_m1_s0
                    34 _gfx_m1_s0
                    35 _gfx_m1_s0
                    36 _gfx_m1_s0
                    37 _gfx_m1_s0
                    38 _gfx_m1_s0
            Column: Master17 
            Column: Master18 
            Column: Master19 
            Column: Master20 
            Column: Master22 
            Column: Master23 
            Column: Master24 
            Column: Master25 
            Column: Master28 
            Column: Master29 
     Sheet: XBAR 
     Sheet: Header 
     Sheet: Protocoll 
     Sheet: Cratch Space 
     Sheet: Cratch Sig 


     extract_array( Signal::Master17 )

     Sheet: Monitor 
     Sheet: Signal found
            Column: Monitor 
            Column:  
            Column: Master0 
            Column: Master1 
            Column: Master2 
            Column: Master3 
            Column: Master4 
            Column: Master5 
            Column: Master6 
            Column: Master7 
            Column: Master8 
            Column: Master9 
            Column: Master10 
            Column: Master11 
            Column: Master12 
            Column: Master13 
            Column: Master14 
            Column: Master15 
            Column: Master16 
            Column: Master17 found
                     0 Master17
                     1 excpt
                     2 excpt
                     3 _npu_m2_s0
                     4 _npu_m2_s0
                     5 _npu_m2_s0
                     6 _npu_m2_s0
                     7 _npu_m2_s0
                     8 _npu_m2_s0
                     9 _npu_m2_s0
                    10 _npu_m2_s0
                    11 _npu_m2_s0
                    12 _npu_m2_s0
                    13 _npu_m2_s0
                    14 _npu_m2_s0
                    15 _npu_m2_s0
                    16 _npu_m2_s0
                    17 _npu_m2_s0
                    18 _npu_m2_s0
                    19 _npu_m2_s0
                    20 _npu_m2_s0
                    21 _npu_m2_s0
                    22 _npu_m2_s0
                    23 _npu_m2_s0
                    24 _npu_m2_s0
                    25 _npu_m2_s0
                    26 _npu_m2_s0
                    27 _npu_m2_s0
                    28 _npu_m2_s0
                    29 _npu_m2_s0
                    30 _npu_m2_s0
                    31 _npu_m2_s0
                    32 _npu_m2_s0
                    33 _npu_m2_s0
                    34 _npu_m2_s0
                    35 _npu_m2_s0
                    36 _npu_m2_s0
                    37 _npu_m2_s0
                    38 _npu_m2_s0
            Column: Master18 
            Column: Master19 
            Column: Master20 
            Column: Master22 
            Column: Master23 
            Column: Master24 
            Column: Master25 
            Column: Master28 
            Column: Master29 
     Sheet: XBAR 
     Sheet: Header 
     Sheet: Protocoll 
     Sheet: Cratch Space 
     Sheet: Cratch Sig 


     extract_array( Signal::Master18 )

     Sheet: Monitor 
     Sheet: Signal found
            Column: Monitor 
            Column:  
            Column: Master0 
            Column: Master1 
            Column: Master2 
            Column: Master3 
            Column: Master4 
            Column: Master5 
            Column: Master6 
            Column: Master7 
            Column: Master8 
            Column: Master9 
            Column: Master10 
            Column: Master11 
            Column: Master12 
            Column: Master13 
            Column: Master14 
            Column: Master15 
            Column: Master16 
            Column: Master17 
            Column: Master18 found
                     0 Master18
                     1 excpt
                     2 excpt
                     3 _ge_m0_s0
                     4 _ge_m0_s0
                     5 _ge_m0_s0
                     6 _ge_m0_s0
                     7 _ge_m0_s0
                     8 _ge_m0_s0
                     9 _ge_m0_s0
                    10 _ge_m0_s0
                    11 _ge_m0_s0
                    12 _ge_m0_s0
                    13 _ge_m0_s0
                    14 _ge_m0_s0
                    15 _ge_m0_s0
                    16 _ge_m0_s0
                    17 _ge_m0_s0
                    18 _ge_m0_s0
                    19 _ge_m0_s0
                    20 _ge_m0_s0
                    21 _ge_m0_s0
                    22 _ge_m0_s0
                    23 _ge_m0_s0
                    24 _ge_m0_s0
                    25 _ge_m0_s0
                    26 _ge_m0_s0
                    27 _ge_m0_s0
                    28 _ge_m0_s0
                    29 _ge_m0_s0
                    30 _ge_m0_s0
                    31 _ge_m0_s0
                    32 _ge_m0_s0
                    33 _ge_m0_s0
                    34 _ge_m0_s0
                    35 _ge_m0_s0
                    36 _ge_m0_s0
                    37 _ge_m0_s0
                    38 _ge_m0_s0
            Column: Master19 
            Column: Master20 
            Column: Master22 
            Column: Master23 
            Column: Master24 
            Column: Master25 
            Column: Master28 
            Column: Master29 
     Sheet: XBAR 
     Sheet: Header 
     Sheet: Protocoll 
     Sheet: Cratch Space 
     Sheet: Cratch Sig 


     extract_array( Signal::Master19 )

     Sheet: Monitor 
     Sheet: Signal found
            Column: Monitor 
            Column:  
            Column: Master0 
            Column: Master1 
            Column: Master2 
            Column: Master3 
            Column: Master4 
            Column: Master5 
            Column: Master6 
            Column: Master7 
            Column: Master8 
            Column: Master9 
            Column: Master10 
            Column: Master11 
            Column: Master12 
            Column: Master13 
            Column: Master14 
            Column: Master15 
            Column: Master16 
            Column: Master17 
            Column: Master18 
            Column: Master19 found
                     0 Master19
                     1 excpt
                     2 excpt
                     3 _emmc_m1_s0
                     4 _emmc_m1_s0
                     5 _emmc_m1_s0
                     6 _emmc_m1_s0
                     7 _emmc_m1_s0
                     8 _emmc_m1_s0
                     9 _emmc_m1_s0
                    10 _emmc_m1_s0
                    11 _emmc_m1_s0
                    12 _emmc_m1_s0
                    13 _emmc_m1_s0
                    14 _emmc_m1_s0
                    15 _emmc_m1_s0
                    16 _emmc_m1_s0
                    17 _emmc_m1_s0
                    18 _emmc_m1_s0
                    19 _emmc_m1_s0
                    20 _emmc_m1_s0
                    21 _emmc_m1_s0
                    22 _emmc_m1_s0
                    23 _emmc_m1_s0
                    24 _emmc_m1_s0
                    25 _emmc_m1_s0
                    26 _emmc_m1_s0
                    27 _emmc_m1_s0
                    28 _emmc_m1_s0
                    29 _emmc_m1_s0
                    30 _emmc_m1_s0
                    31 _emmc_m1_s0
                    32 _emmc_m1_s0
                    33 _emmc_m1_s0
                    34 _emmc_m1_s0
                    35 _emmc_m1_s0
                    36 _emmc_m1_s0
                    37 _emmc_m1_s0
                    38 _emmc_m1_s0
            Column: Master20 
            Column: Master22 
            Column: Master23 
            Column: Master24 
            Column: Master25 
            Column: Master28 
            Column: Master29 
     Sheet: XBAR 
     Sheet: Header 
     Sheet: Protocoll 
     Sheet: Cratch Space 
     Sheet: Cratch Sig 


     extract_array( Signal::Master20 )

     Sheet: Monitor 
     Sheet: Signal found
            Column: Monitor 
            Column:  
            Column: Master0 
            Column: Master1 
            Column: Master2 
            Column: Master3 
            Column: Master4 
            Column: Master5 
            Column: Master6 
            Column: Master7 
            Column: Master8 
            Column: Master9 
            Column: Master10 
            Column: Master11 
            Column: Master12 
            Column: Master13 
            Column: Master14 
            Column: Master15 
            Column: Master16 
            Column: Master17 
            Column: Master18 
            Column: Master19 
            Column: Master20 found
                     0 Master20
                     1 excpt
                     2 excpt
                     3 _sdio_m2_s0
                     4 _sdio_m2_s0
                     5 _sdio_m2_s0
                     6 _sdio_m2_s0
                     7 _sdio_m2_s0
                     8 _sdio_m2_s0
                     9 _sdio_m2_s0
                    10 _sdio_m2_s0
                    11 _sdio_m2_s0
                    12 _sdio_m2_s0
                    13 _sdio_m2_s0
                    14 _sdio_m2_s0
                    15 _sdio_m2_s0
                    16 _sdio_m2_s0
                    17 _sdio_m2_s0
                    18 _sdio_m2_s0
                    19 _sdio_m2_s0
                    20 _sdio_m2_s0
                    21 _sdio_m2_s0
                    22 _sdio_m2_s0
                    23 _sdio_m2_s0
                    24 _sdio_m2_s0
                    25 _sdio_m2_s0
                    26 _sdio_m2_s0
                    27 _sdio_m2_s0
                    28 _sdio_m2_s0
                    29 _sdio_m2_s0
                    30 _sdio_m2_s0
                    31 _sdio_m2_s0
                    32 _sdio_m2_s0
                    33 _sdio_m2_s0
                    34 _sdio_m2_s0
                    35 _sdio_m2_s0
                    36 _sdio_m2_s0
                    37 _sdio_m2_s0
                    38 _sdio_m2_s0
            Column: Master22 
            Column: Master23 
            Column: Master24 
            Column: Master25 
            Column: Master28 
            Column: Master29 
     Sheet: XBAR 
     Sheet: Header 
     Sheet: Protocoll 
     Sheet: Cratch Space 
     Sheet: Cratch Sig 


     extract_array( Signal::Master22 )

     Sheet: Monitor 
     Sheet: Signal found
            Column: Monitor 
            Column:  
            Column: Master0 
            Column: Master1 
            Column: Master2 
            Column: Master3 
            Column: Master4 
            Column: Master5 
            Column: Master6 
            Column: Master7 
            Column: Master8 
            Column: Master9 
            Column: Master10 
            Column: Master11 
            Column: Master12 
            Column: Master13 
            Column: Master14 
            Column: Master15 
            Column: Master16 
            Column: Master17 
            Column: Master18 
            Column: Master19 
            Column: Master20 
            Column: Master22 found
                     0 Master22
                     1 excpt
                     2 excpt
                     3 _usb3_m4_s0
                     4 _usb3_m4_s0
                     5 _usb3_m4_s0
                     6 _usb3_m4_s0
                     7 _usb3_m4_s0
                     8 _usb3_m4_s0
                     9 _usb3_m4_s0
                    10 _usb3_m4_s0
                    11 _usb3_m4_s0
                    12 _usb3_m4_s0
                    13 _usb3_m4_s0
                    14 _usb3_m4_s0
                    15 _usb3_m4_s0
                    16 _usb3_m4_s0
                    17 _usb3_m4_s0
                    18 _usb3_m4_s0
                    19 _usb3_m4_s0
                    20 _usb3_m4_s0
                    21 _usb3_m4_s0
                    22 _usb3_m4_s0
                    23 _usb3_m4_s0
                    24 _usb3_m4_s0
                    25 _usb3_m4_s0
                    26 _usb3_m4_s0
                    27 _usb3_m4_s0
                    28 _usb3_m4_s0
                    29 _usb3_m4_s0
                    30 _usb3_m4_s0
                    31 _usb3_m4_s0
                    32 _usb3_m4_s0
                    33 _usb3_m4_s0
                    34 _usb3_m4_s0
                    35 _usb3_m4_s0
                    36 _usb3_m4_s0
                    37 _usb3_m4_s0
                    38 _usb3_m4_s0
            Column: Master23 
            Column: Master24 
            Column: Master25 
            Column: Master28 
            Column: Master29 
     Sheet: XBAR 
     Sheet: Header 
     Sheet: Protocoll 
     Sheet: Cratch Space 
     Sheet: Cratch Sig 


     extract_array( Signal::Master23 )

     Sheet: Monitor 
     Sheet: Signal found
            Column: Monitor 
            Column:  
            Column: Master0 
            Column: Master1 
            Column: Master2 
            Column: Master3 
            Column: Master4 
            Column: Master5 
            Column: Master6 
            Column: Master7 
            Column: Master8 
            Column: Master9 
            Column: Master10 
            Column: Master11 
            Column: Master12 
            Column: Master13 
            Column: Master14 
            Column: Master15 
            Column: Master16 
            Column: Master17 
            Column: Master18 
            Column: Master19 
            Column: Master20 
            Column: Master22 
            Column: Master23 found
                     0 Master23
                     1 excpt
                     2 excpt
                     3 _pcie_m5_s0
                     4 _pcie_m5_s0
                     5 _pcie_m5_s0
                     6 _pcie_m5_s0
                     7 _pcie_m5_s0
                     8 _pcie_m5_s0
                     9 _pcie_m5_s0
                    10 _pcie_m5_s0
                    11 _pcie_m5_s0
                    12 _pcie_m5_s0
                    13 _pcie_m5_s0
                    14 _pcie_m5_s0
                    15 _pcie_m5_s0
                    16 _pcie_m5_s0
                    17 _pcie_m5_s0
                    18 _pcie_m5_s0
                    19 _pcie_m5_s0
                    20 _pcie_m5_s0
                    21 _pcie_m5_s0
                    22 _pcie_m5_s0
                    23 _pcie_m5_s0
                    24 _pcie_m5_s0
                    25 _pcie_m5_s0
                    26 _pcie_m5_s0
                    27 _pcie_m5_s0
                    28 _pcie_m5_s0
                    29 _pcie_m5_s0
                    30 _pcie_m5_s0
                    31 _pcie_m5_s0
                    32 _pcie_m5_s0
                    33 _pcie_m5_s0
                    34 _pcie_m5_s0
                    35 _pcie_m5_s0
                    36 _pcie_m5_s0
                    37 _pcie_m5_s0
                    38 _pcie_m5_s0
            Column: Master24 
            Column: Master25 
            Column: Master28 
            Column: Master29 
     Sheet: XBAR 
     Sheet: Header 
     Sheet: Protocoll 
     Sheet: Cratch Space 
     Sheet: Cratch Sig 


     extract_array( Signal::Master24 )

     Sheet: Monitor 
     Sheet: Signal found
            Column: Monitor 
            Column:  
            Column: Master0 
            Column: Master1 
            Column: Master2 
            Column: Master3 
            Column: Master4 
            Column: Master5 
            Column: Master6 
            Column: Master7 
            Column: Master8 
            Column: Master9 
            Column: Master10 
            Column: Master11 
            Column: Master12 
            Column: Master13 
            Column: Master14 
            Column: Master15 
            Column: Master16 
            Column: Master17 
            Column: Master18 
            Column: Master19 
            Column: Master20 
            Column: Master22 
            Column: Master23 
            Column: Master24 found
                     0 Master24
                     1 excpt
                     2 excpt
                     3 _pbrg_m6_s0
                     4 _pbrg_m6_s0
                     5 _pbrg_m6_s0
                     6 _pbrg_m6_s0
                     7 _pbrg_m6_s0
                     8 _pbrg_m6_s0
                     9 _pbrg_m6_s0
                    10 _pbrg_m6_s0
                    11 _pbrg_m6_s0
                    12 _pbrg_m6_s0
                    13 _pbrg_m6_s0
                    14 _pbrg_m6_s0
                    15 _pbrg_m6_s0
                    16 _pbrg_m6_s0
                    17 _pbrg_m6_s0
                    18 _pbrg_m6_s0
                    19 _pbrg_m6_s0
                    20 _pbrg_m6_s0
                    21 _pbrg_m6_s0
                    22 _pbrg_m6_s0
                    23 _pbrg_m6_s0
                    24 _pbrg_m6_s0
                    25 _pbrg_m6_s0
                    26 _pbrg_m6_s0
                    27 _pbrg_m6_s0
                    28 _pbrg_m6_s0
                    29 _pbrg_m6_s0
                    30 _pbrg_m6_s0
                    31 _pbrg_m6_s0
                    32 _pbrg_m6_s0
                    33 _pbrg_m6_s0
                    34 _pbrg_m6_s0
                    35 _pbrg_m6_s0
                    36 _pbrg_m6_s0
                    37 _pbrg_m6_s0
                    38 _pbrg_m6_s0
            Column: Master25 
            Column: Master28 
            Column: Master29 
     Sheet: XBAR 
     Sheet: Header 
     Sheet: Protocoll 
     Sheet: Cratch Space 
     Sheet: Cratch Sig 


     extract_array( Signal::Master25 )

     Sheet: Monitor 
     Sheet: Signal found
            Column: Monitor 
            Column:  
            Column: Master0 
            Column: Master1 
            Column: Master2 
            Column: Master3 
            Column: Master4 
            Column: Master5 
            Column: Master6 
            Column: Master7 
            Column: Master8 
            Column: Master9 
            Column: Master10 
            Column: Master11 
            Column: Master12 
            Column: Master13 
            Column: Master14 
            Column: Master15 
            Column: Master16 
            Column: Master17 
            Column: Master18 
            Column: Master19 
            Column: Master20 
            Column: Master22 
            Column: Master23 
            Column: Master24 
            Column: Master25 found
                     0 Master25
                     1 excpt
                     2 excpt
                     3 _bcmdma_m0_s0_s1
                     4 _bcmdma_m0_s0_s1
                     5 _bcmdma_m0_s0_s1
                     6 _bcmdma_m0_s0_s1
                     7 _bcmdma_m0_s0_s1
                     8 _bcmdma_m0_s0_s1
                     9 _bcmdma_m0_s0_s1
                    10 _bcmdma_m0_s0_s1
                    11 _bcmdma_m0_s0_s1
                    12 _bcmdma_m0_s0_s1
                    13 _bcmdma_m0_s0_s1
                    14 _bcmdma_m0_s0_s1
                    15 _bcmdma_m0_s0_s1
                    16 _bcmdma_m0_s0_s1
                    17 _bcmdma_m0_s0_s1
                    18 _bcmdma_m0_s0_s1
                    19 _bcmdma_m0_s0_s1
                    20 _bcmdma_m0_s0_s1
                    21 _bcmdma_m0_s0_s1
                    22 _bcmdma_m0_s0_s1
                    23 _bcmdma_m0_s0_s1
                    24 _bcmdma_m0_s0_s1
                    25 _bcmdma_m0_s0_s1
                    26 _bcmdma_m0_s0_s1
                    27 _bcmdma_m0_s0_s1
                    28 _bcmdma_m0_s0_s1
                    29 _bcmdma_m0_s0_s1
                    30 _bcmdma_m0_s0_s1
                    31 _bcmdma_m0_s0_s1
                    32 _bcmdma_m0_s0_s1
                    33 _bcmdma_m0_s0_s1
                    34 _bcmdma_m0_s0_s1
                    35 _bcmdma_m0_s0_s1
                    36 _bcmdma_m0_s0_s1
                    37 _bcmdma_m0_s0_s1
                    38 _bcmdma_m0_s0_s1
            Column: Master28 
            Column: Master29 
     Sheet: XBAR 
     Sheet: Header 
     Sheet: Protocoll 
     Sheet: Cratch Space 
     Sheet: Cratch Sig 


     extract_array( Signal::Master28 )

     Sheet: Monitor 
     Sheet: Signal found
            Column: Monitor 
            Column:  
            Column: Master0 
            Column: Master1 
            Column: Master2 
            Column: Master3 
            Column: Master4 
            Column: Master5 
            Column: Master6 
            Column: Master7 
            Column: Master8 
            Column: Master9 
            Column: Master10 
            Column: Master11 
            Column: Master12 
            Column: Master13 
            Column: Master14 
            Column: Master15 
            Column: Master16 
            Column: Master17 
            Column: Master18 
            Column: Master19 
            Column: Master20 
            Column: Master22 
            Column: Master23 
            Column: Master24 
            Column: Master25 
            Column: Master28 found
                     0 Master28
                     1 excpt
                     2 excpt
                     3 _tsp_m3_s0
                     4 _tsp_m3_s0
                     5 _tsp_m3_s0
                     6 _tsp_m3_s0
                     7 _tsp_m3_s0
                     8 _tsp_m3_s0
                     9 _tsp_m3_s0
                    10 _tsp_m3_s0
                    11 //_tsp_m3_s0
                    12 _tsp_m3_s0
                    13 _tsp_m3_s0
                    14 _tsp_m3_s0
                    15 _tsp_m3_s0
                    16 _tsp_m3_s0
                    17 _tsp_m3_s0
                    18 _tsp_m3_s0
                    19 _tsp_m3_s0
                    20 _tsp_m3_s0
                    21 //_tsp_m3_s0
                    22 _tsp_m3_s0
                    23 _tsp_m3_s0
                    24 _tsp_m3_s0
                    25 _tsp_m3_s0
                    26 _tsp_m3_s0
                    27 //_tsp_m3_s0
                    28 _tsp_m3_s0
                    29 _tsp_m3_s0
                    30 _tsp_m3_s0
                    31 _tsp_m3_s0
                    32 _tsp_m3_s0
                    33 //_tsp_m3_s0
                    34 _tsp_m3_s0
                    35 _tsp_m3_s0
                    36 _tsp_m3_s0
                    37 //_tsp_m3_s0
                    38 _tsp_m3_s0
            Column: Master29 
     Sheet: XBAR 
     Sheet: Header 
     Sheet: Protocoll 
     Sheet: Cratch Space 
     Sheet: Cratch Sig 


     extract_array( Signal::Master29 )

     Sheet: Monitor 
     Sheet: Signal found
            Column: Monitor 
            Column:  
            Column: Master0 
            Column: Master1 
            Column: Master2 
            Column: Master3 
            Column: Master4 
            Column: Master5 
            Column: Master6 
            Column: Master7 
            Column: Master8 
            Column: Master9 
            Column: Master10 
            Column: Master11 
            Column: Master12 
            Column: Master13 
            Column: Master14 
            Column: Master15 
            Column: Master16 
            Column: Master17 
            Column: Master18 
            Column: Master19 
            Column: Master20 
            Column: Master22 
            Column: Master23 
            Column: Master24 
            Column: Master25 
            Column: Master28 
            Column: Master29 found
                     0 Master29
                     1 excpt
                     2 excpt
                     3 _bc_m4_s0
                     4 _bc_m4_s0
                     5 _bc_m4_s0
                     6 _bc_m4_s0
                     7 _bc_m4_s0
                     8 _bc_m4_s0
                     9 _bc_m4_s0
                    10 _bc_m4_s0
                    11 _bc_m4_s0
                    12 _bc_m4_s0
                    13 _bc_m4_s0
                    14 _bc_m4_s0
                    15 _bc_m4_s0
                    16 _bc_m4_s0
                    17 _bc_m4_s0
                    18 _bc_m4_s0
                    19 _bc_m4_s0
                    20 _bc_m4_s0
                    21 _bc_m4_s0
                    22 _bc_m4_s0
                    23 _bc_m4_s0
                    24 _bc_m4_s0
                    25 _bc_m4_s0
                    26 _bc_m4_s0
                    27 _bc_m4_s0
                    28 _bc_m4_s0
                    29 _bc_m4_s0
                    30 _bc_m4_s0
                    31 _bc_m4_s0
                    32 _bc_m4_s0
                    33 _bc_m4_s0
                    34 _bc_m4_s0
                    35 _bc_m4_s0
                    36 _bc_m4_s0
                    37 _bc_m4_s0
                    38 _bc_m4_s0
     Sheet: XBAR 
     Sheet: Header 
     Sheet: Protocoll 
     Sheet: Cratch Space 
     Sheet: Cratch Sig 
