 ================================================================================
 Tracefile : uvm_test_top.top_env_i.ahbfab_env_i.mvc_ahb_mon_6_env_i.logger_handle_ahb
 Logfile   : reports/ahbfab_cov.m33i_ram0/mvc_ahb_mon_6/payload.log
 Script    : parse_ahb_tracker.pl 1.03.04
 Date      : 2018-09-12
 Time      :   16:22:44
 Cycle     :         40 ns
 Frequency :      25.00 MHz
 ================================================================================
             Transaction   :          1
             Direction     :  RD-NONSEQ
             Burst Type    :     SINGLE
                               transfer    1 of  1 :: RD-DATA :: beat      1/ 1
             Burst Size    :          4 byte/beat
             Burst Length  :          1 beat
             Burst Payload :          4 byte

             Transaction   :          2
             Direction     :  WR-NONSEQ
             Burst Type    :       INCR
                               transfer    1 of  1 :: WR-DATA :: beat      1/ ?
             Burst Size    :          4 byte/beat
             Burst Length  :          1 beat
             Burst Payload :          4 byte

             Transaction   :          3
             Direction     :  RD-NONSEQ
             Burst Type    :     SINGLE
                               transfer    1 of  1 :: RD-DATA :: beat      1/ 1
             Burst Size    :          4 byte/beat
             Burst Length  :          1 beat
             Burst Payload :          4 byte

             Transaction   :          4
             Direction     :  WR-NONSEQ
             Burst Type    :       INCR
                               transfer    1 of  1 :: WR-DATA :: beat      1/ ?
             Burst Size    :          4 byte/beat
             Burst Length  :          1 beat
             Burst Payload :          4 byte

             Transaction   :          5
             Direction     :  RD-NONSEQ
             Burst Type    :     SINGLE
                               transfer    1 of  1 :: RD-DATA :: beat      1/ 1
             Burst Size    :          4 byte/beat
             Burst Length  :          1 beat
             Burst Payload :          4 byte

             Transaction   :          6
             Direction     :  WR-NONSEQ
             Burst Type    :       INCR
                               transfer    1 of  1 :: WR-DATA :: beat      1/ ?
             Burst Size    :          4 byte/beat
             Burst Length  :          1 beat
             Burst Payload :          4 byte

             Transaction   :          7
             Direction     :  RD-NONSEQ
             Burst Type    :     SINGLE
                               transfer    1 of  1 :: RD-DATA :: beat      1/ 1
             Burst Size    :          4 byte/beat
             Burst Length  :          1 beat
             Burst Payload :          4 byte

             Transaction   :          8
             Direction     :  WR-NONSEQ
             Burst Type    :       INCR
                               transfer    1 of  1 :: WR-DATA :: beat      1/ ?
             Burst Size    :          4 byte/beat
             Burst Length  :          1 beat
             Burst Payload :          4 byte

             Transaction   :          9
             Direction     :  RD-NONSEQ
             Burst Type    :     SINGLE
                               transfer    1 of  1 :: RD-DATA :: beat      1/ 1
             Burst Size    :          4 byte/beat
             Burst Length  :          1 beat
             Burst Payload :          4 byte

             Transaction   :         10
             Direction     :  WR-NONSEQ
             Burst Type    :       INCR
                               transfer    1 of  1 :: WR-DATA :: beat      1/ ?
             Burst Size    :          4 byte/beat
             Burst Length  :          1 beat
             Burst Payload :          4 byte

             Transaction   :         11
             Direction     :  RD-NONSEQ
             Burst Type    :     SINGLE
                               transfer    1 of  1 :: RD-DATA :: beat      1/ 1
             Burst Size    :          4 byte/beat
             Burst Length  :          1 beat
             Burst Payload :          4 byte

             Transaction   :         12
             Direction     :  WR-NONSEQ
             Burst Type    :       INCR
                               transfer    1 of  1 :: WR-DATA :: beat      1/ ?
             Burst Size    :          4 byte/beat
             Burst Length  :          1 beat
             Burst Payload :          4 byte

             Transaction   :         13
             Direction     :  WR-NONSEQ
             Burst Type    :       INCR
                               transfer    1 of  1 :: WR-DATA :: beat      1/ ?
             Burst Size    :          4 byte/beat
             Burst Length  :          1 beat
             Burst Payload :          4 byte

             Transaction   :         14
             Direction     :  RD-NONSEQ
             Burst Type    :     SINGLE
                               transfer    1 of  1 :: RD-DATA :: beat      1/ 1
             Burst Size    :          4 byte/beat
             Burst Length  :          1 beat
             Burst Payload :          4 byte

             Transaction   :         15
             Direction     :  WR-NONSEQ
             Burst Type    :       INCR
                               transfer    1 of  1 :: WR-DATA :: beat      1/ ?
             Burst Size    :          4 byte/beat
             Burst Length  :          1 beat
             Burst Payload :          4 byte

             Transaction   :         16
             Direction     :  RD-NONSEQ
             Burst Type    :     SINGLE
                               transfer    1 of  1 :: RD-DATA :: beat      1/ 1
             Burst Size    :          4 byte/beat
             Burst Length  :          1 beat
             Burst Payload :          4 byte

             Transaction   :         17
             Direction     :  WR-NONSEQ
             Burst Type    :       INCR
                               transfer    1 of  1 :: WR-DATA :: beat      1/ ?
             Burst Size    :          4 byte/beat
             Burst Length  :          1 beat
             Burst Payload :          4 byte

             Transaction   :         18
             Direction     :  RD-NONSEQ
             Burst Type    :     SINGLE
                               transfer    1 of  1 :: RD-DATA :: beat      1/ 1
             Burst Size    :          4 byte/beat
             Burst Length  :          1 beat
             Burst Payload :          4 byte

             Transaction   :         19
             Direction     :  WR-NONSEQ
             Burst Type    :       INCR
                               transfer    1 of  1 :: WR-DATA :: beat      1/ ?
             Burst Size    :          4 byte/beat
             Burst Length  :          1 beat
             Burst Payload :          4 byte

             Transaction   :         20
             Direction     :  RD-NONSEQ
             Burst Type    :     SINGLE
                               transfer    1 of  1 :: RD-DATA :: beat      1/ 1
             Burst Size    :          4 byte/beat
             Burst Length  :          1 beat
             Burst Payload :          4 byte

             Transaction   :         21
             Direction     :  WR-NONSEQ
             Burst Type    :       INCR
                               transfer    1 of  1 :: WR-DATA :: beat      1/ ?
             Burst Size    :          4 byte/beat
             Burst Length  :          1 beat
             Burst Payload :          4 byte

             Transaction   :         22
             Direction     :  RD-NONSEQ
             Burst Type    :     SINGLE
                               transfer    1 of  1 :: RD-DATA :: beat      1/ 1
             Burst Size    :          4 byte/beat
             Burst Length  :          1 beat
             Burst Payload :          4 byte

             Transaction   :         23
             Direction     :  WR-NONSEQ
             Burst Type    :       INCR
                               transfer    1 of  1 :: WR-DATA :: beat      1/ ?
             Burst Size    :          4 byte/beat
             Burst Length  :          1 beat
             Burst Payload :          4 byte

             Transaction   :         24
             Direction     :  RD-NONSEQ
             Burst Type    :     SINGLE
                               transfer    1 of  1 :: RD-DATA :: beat      1/ 1
             Burst Size    :          4 byte/beat
             Burst Length  :          1 beat
             Burst Payload :          4 byte

             Transaction   :         25
             Direction     :  WR-NONSEQ
             Burst Type    :       INCR
                               transfer    1 of  1 :: WR-DATA :: beat      1/ ?
             Burst Size    :          4 byte/beat
             Burst Length  :          1 beat
             Burst Payload :          4 byte

             Transaction   :         26
             Direction     :  RD-NONSEQ
             Burst Type    :     SINGLE
                               transfer    1 of  1 :: RD-DATA :: beat      1/ 1
             Burst Size    :          4 byte/beat
             Burst Length  :          1 beat
             Burst Payload :          4 byte

             Transaction   :         27
             Direction     :  WR-NONSEQ
             Burst Type    :       INCR
                               transfer    1 of  1 :: WR-DATA :: beat      1/ ?
             Burst Size    :          4 byte/beat
             Burst Length  :          1 beat
             Burst Payload :          4 byte

             Transaction   :         28
             Direction     :  RD-NONSEQ
             Burst Type    :     SINGLE
                               transfer    1 of  1 :: RD-DATA :: beat      1/ 1
             Burst Size    :          4 byte/beat
             Burst Length  :          1 beat
             Burst Payload :          4 byte

             Transaction   :         29
             Direction     :  WR-NONSEQ
             Burst Type    :       INCR
                               transfer    1 of  1 :: WR-DATA :: beat      1/ ?
             Burst Size    :          4 byte/beat
             Burst Length  :          1 beat
             Burst Payload :          4 byte

             Transaction   :         30
             Direction     :  RD-NONSEQ
             Burst Type    :     SINGLE
                               transfer    1 of  1 :: RD-DATA :: beat      1/ 1
             Burst Size    :          4 byte/beat
             Burst Length  :          1 beat
             Burst Payload :          4 byte

             Transaction   :         31
             Direction     :  WR-NONSEQ
             Burst Type    :       INCR
                               transfer    1 of  1 :: WR-DATA :: beat      1/ ?
             Burst Size    :          4 byte/beat
             Burst Length  :          1 beat
             Burst Payload :          4 byte

             Transaction   :         32
             Direction     :  RD-NONSEQ
             Burst Type    :     SINGLE
                               transfer    1 of  1 :: RD-DATA :: beat      1/ 1
             Burst Size    :          4 byte/beat
             Burst Length  :          1 beat
             Burst Payload :          4 byte

             Transaction   :         33
             Direction     :  WR-NONSEQ
             Burst Type    :       INCR
                               transfer    1 of  1 :: WR-DATA :: beat      1/ ?
             Burst Size    :          4 byte/beat
             Burst Length  :          1 beat
             Burst Payload :          4 byte

             Transaction   :         34
             Direction     :  RD-NONSEQ
             Burst Type    :     SINGLE
                               transfer    1 of  1 :: RD-DATA :: beat      1/ 1
             Burst Size    :          4 byte/beat
             Burst Length  :          1 beat
             Burst Payload :          4 byte

             Transaction   :         35
             Direction     :  WR-NONSEQ
             Burst Type    :       INCR
                               transfer    1 of  1 :: WR-DATA :: beat      1/ ?
             Burst Size    :          4 byte/beat
             Burst Length  :          1 beat
             Burst Payload :          4 byte

             Transaction   :         36
             Direction     :  RD-NONSEQ
             Burst Type    :     SINGLE
                               transfer    1 of  1 :: RD-DATA :: beat      1/ 1
             Burst Size    :          4 byte/beat
             Burst Length  :          1 beat
             Burst Payload :          4 byte

             Transaction   :         37
             Direction     :  WR-NONSEQ
             Burst Type    :       INCR
                               transfer    1 of  1 :: WR-DATA :: beat      1/ ?
             Burst Size    :          4 byte/beat
             Burst Length  :          1 beat
             Burst Payload :          4 byte

             Transaction   :         38
             Direction     :  RD-NONSEQ
             Burst Type    :     SINGLE
                               transfer    1 of  1 :: RD-DATA :: beat      1/ 1
             Burst Size    :          4 byte/beat
             Burst Length  :          1 beat
             Burst Payload :          4 byte

             Transaction   :         39
             Direction     :  WR-NONSEQ
             Burst Type    :       INCR
                               transfer    1 of  1 :: WR-DATA :: beat      1/ ?
             Burst Size    :          4 byte/beat
             Burst Length  :          1 beat
             Burst Payload :          4 byte

             Transaction   :         40
             Direction     :  RD-NONSEQ
             Burst Type    :     SINGLE
                               transfer    1 of  1 :: RD-DATA :: beat      1/ 1
             Burst Size    :          4 byte/beat
             Burst Length  :          1 beat
             Burst Payload :          4 byte

             Transaction   :         41
             Direction     :  WR-NONSEQ
             Burst Type    :       INCR
                               transfer    1 of  1 :: WR-DATA :: beat      1/ ?
             Burst Size    :          4 byte/beat
             Burst Length  :          1 beat
             Burst Payload :          4 byte

             Transaction   :         42
             Direction     :  RD-NONSEQ
             Burst Type    :     SINGLE
                               transfer    1 of  1 :: RD-DATA :: beat      1/ 1
             Burst Size    :          4 byte/beat
             Burst Length  :          1 beat
             Burst Payload :          4 byte

             Transaction   :         43
             Direction     :  WR-NONSEQ
             Burst Type    :       INCR
                               transfer    1 of  1 :: WR-DATA :: beat      1/ ?
             Burst Size    :          4 byte/beat
             Burst Length  :          1 beat
             Burst Payload :          4 byte

             Transaction   :         44
             Direction     :  RD-NONSEQ
             Burst Type    :     SINGLE
                               transfer    1 of  1 :: RD-DATA :: beat      1/ 1
             Burst Size    :          4 byte/beat
             Burst Length  :          1 beat
             Burst Payload :          4 byte

             Transaction   :         45
             Direction     :  WR-NONSEQ
             Burst Type    :       INCR
                               transfer    1 of  1 :: WR-DATA :: beat      1/ ?
             Burst Size    :          4 byte/beat
             Burst Length  :          1 beat
             Burst Payload :          4 byte

             Transaction   :         46
             Direction     :  RD-NONSEQ
             Burst Type    :     SINGLE
                               transfer    1 of  1 :: RD-DATA :: beat      1/ 1
             Burst Size    :          4 byte/beat
             Burst Length  :          1 beat
             Burst Payload :          4 byte

             Transaction   :         47
             Direction     :  WR-NONSEQ
             Burst Type    :       INCR
                               transfer    1 of  1 :: WR-DATA :: beat      1/ ?
             Burst Size    :          4 byte/beat
             Burst Length  :          1 beat
             Burst Payload :          4 byte

             Transaction   :         48
             Direction     :  RD-NONSEQ
             Burst Type    :     SINGLE
                               transfer    1 of  1 :: RD-DATA :: beat      1/ 1
             Burst Size    :          4 byte/beat
             Burst Length  :          1 beat
             Burst Payload :          4 byte

             Transaction   :         49
             Direction     :  WR-NONSEQ
             Burst Type    :       INCR
                               transfer    1 of  1 :: WR-DATA :: beat      1/ ?
             Burst Size    :          4 byte/beat
             Burst Length  :          1 beat
             Burst Payload :          4 byte

             Transaction   :         50
             Direction     :  RD-NONSEQ
             Burst Type    :     SINGLE
                               transfer    1 of  1 :: RD-DATA :: beat      1/ 1
             Burst Size    :          4 byte/beat
             Burst Length  :          1 beat
             Burst Payload :          4 byte

             Transaction   :         51
             Direction     :  WR-NONSEQ
             Burst Type    :       INCR
                               transfer    1 of  1 :: WR-DATA :: beat      1/ ?
             Burst Size    :          4 byte/beat
             Burst Length  :          1 beat
             Burst Payload :          4 byte

             Transaction   :         52
             Direction     :  RD-NONSEQ
             Burst Type    :     SINGLE
                               transfer    1 of  1 :: RD-DATA :: beat      1/ 1
             Burst Size    :          4 byte/beat
             Burst Length  :          1 beat
             Burst Payload :          4 byte

             Transaction   :         53
             Direction     :  WR-NONSEQ
             Burst Type    :       INCR
                               transfer    1 of  1 :: WR-DATA :: beat      1/ ?
             Burst Size    :          4 byte/beat
             Burst Length  :          1 beat
             Burst Payload :          4 byte

             Transaction   :         54
             Direction     :  RD-NONSEQ
             Burst Type    :     SINGLE
                               transfer    1 of  1 :: RD-DATA :: beat      1/ 1
             Burst Size    :          4 byte/beat
             Burst Length  :          1 beat
             Burst Payload :          4 byte

             Transaction   :         55
             Direction     :  WR-NONSEQ
             Burst Type    :       INCR
                               transfer    1 of  1 :: WR-DATA :: beat      1/ ?
             Burst Size    :          4 byte/beat
             Burst Length  :          1 beat
             Burst Payload :          4 byte

             Transaction   :         56
             Direction     :  RD-NONSEQ
             Burst Type    :     SINGLE
                               transfer    1 of  1 :: RD-DATA :: beat      1/ 1
             Burst Size    :          4 byte/beat
             Burst Length  :          1 beat
             Burst Payload :          4 byte

             Transaction   :         57
             Direction     :  WR-NONSEQ
             Burst Type    :       INCR
                               transfer    1 of  1 :: WR-DATA :: beat      1/ ?
             Burst Size    :          4 byte/beat
             Burst Length  :          1 beat
             Burst Payload :          4 byte

             Transaction   :         58
             Direction     :  RD-NONSEQ
             Burst Type    :     SINGLE
                               transfer    1 of  1 :: RD-DATA :: beat      1/ 1
             Burst Size    :          4 byte/beat
             Burst Length  :          1 beat
             Burst Payload :          4 byte

             Transaction   :         59
             Direction     :  WR-NONSEQ
             Burst Type    :       INCR
                               transfer    1 of  1 :: WR-DATA :: beat      1/ ?
             Burst Size    :          4 byte/beat
             Burst Length  :          1 beat
             Burst Payload :          4 byte

             Transaction   :         60
             Direction     :  RD-NONSEQ
             Burst Type    :     SINGLE
                               transfer    1 of  1 :: RD-DATA :: beat      1/ 1
             Burst Size    :          4 byte/beat
             Burst Length  :          1 beat
             Burst Payload :          4 byte

             Transaction   :         61
             Direction     :  WR-NONSEQ
             Burst Type    :       INCR
                               transfer    1 of  1 :: WR-DATA :: beat      1/ ?
             Burst Size    :          4 byte/beat
             Burst Length  :          1 beat
             Burst Payload :          4 byte

             Transaction   :         62
             Direction     :  RD-NONSEQ
             Burst Type    :     SINGLE
                               transfer    1 of  1 :: RD-DATA :: beat      1/ 1
             Burst Size    :          4 byte/beat
             Burst Length  :          1 beat
             Burst Payload :          4 byte

             Transaction   :         63
             Direction     :  WR-NONSEQ
             Burst Type    :       INCR
                               transfer    1 of  1 :: WR-DATA :: beat      1/ ?
             Burst Size    :          4 byte/beat
             Burst Length  :          1 beat
             Burst Payload :          4 byte

             Transaction   :         64
             Direction     :  RD-NONSEQ
             Burst Type    :     SINGLE
                               transfer    1 of  1 :: RD-DATA :: beat      1/ 1
             Burst Size    :          4 byte/beat
             Burst Length  :          1 beat
             Burst Payload :          4 byte

             Transaction   :         65
             Direction     :  WR-NONSEQ
             Burst Type    :       INCR
                               transfer    1 of  1 :: WR-DATA :: beat      1/ ?
             Burst Size    :          4 byte/beat
             Burst Length  :          1 beat
             Burst Payload :          4 byte

             Transaction   :         66
             Direction     :  RD-NONSEQ
             Burst Type    :     SINGLE
                               transfer    1 of  1 :: RD-DATA :: beat      1/ 1
             Burst Size    :          4 byte/beat
             Burst Length  :          1 beat
             Burst Payload :          4 byte

             Transaction   :         67
             Direction     :  WR-NONSEQ
             Burst Type    :       INCR
                               transfer    1 of  1 :: WR-DATA :: beat      1/ ?
             Burst Size    :          4 byte/beat
             Burst Length  :          1 beat
             Burst Payload :          4 byte

             Transaction   :         68
             Direction     :  RD-NONSEQ
             Burst Type    :     SINGLE
                               transfer    1 of  1 :: RD-DATA :: beat      1/ 1
             Burst Size    :          4 byte/beat
             Burst Length  :          1 beat
             Burst Payload :          4 byte

             Transaction   :         69
             Direction     :  WR-NONSEQ
             Burst Type    :       INCR
                               transfer    1 of  1 :: WR-DATA :: beat      1/ ?
             Burst Size    :          4 byte/beat
             Burst Length  :          1 beat
             Burst Payload :          4 byte

             Transaction   :         70
             Direction     :  RD-NONSEQ
             Burst Type    :     SINGLE
                               transfer    1 of  1 :: RD-DATA :: beat      1/ 1
             Burst Size    :          4 byte/beat
             Burst Length  :          1 beat
             Burst Payload :          4 byte

             Transaction   :         71
             Direction     :  WR-NONSEQ
             Burst Type    :       INCR
                               transfer    1 of  1 :: WR-DATA :: beat      1/ ?
             Burst Size    :          4 byte/beat
             Burst Length  :          1 beat
             Burst Payload :          4 byte

             Transaction   :         72
             Direction     :  RD-NONSEQ
             Burst Type    :     SINGLE
                               transfer    1 of  1 :: RD-DATA :: beat      1/ 1
             Burst Size    :          4 byte/beat
             Burst Length  :          1 beat
             Burst Payload :          4 byte

             Transaction   :         73
             Direction     :  RD-NONSEQ
             Burst Type    :     SINGLE
                               transfer    1 of  1 :: RD-DATA :: beat      1/ 1
             Burst Size    :          4 byte/beat
             Burst Length  :          1 beat
             Burst Payload :          4 byte

             Transaction   :         74
             Direction     :  RD-NONSEQ
             Burst Type    :     SINGLE
                               transfer    1 of  1 :: RD-DATA :: beat      1/ 1
             Burst Size    :          4 byte/beat
             Burst Length  :          1 beat
             Burst Payload :          4 byte

             Transaction   :         75
             Direction     :  RD-NONSEQ
             Burst Type    :     SINGLE
                               transfer    1 of  1 :: RD-DATA :: beat      1/ 1
             Burst Size    :          4 byte/beat
             Burst Length  :          1 beat
             Burst Payload :          4 byte

             Transaction   :         76
             Direction     :  RD-NONSEQ
             Burst Type    :     SINGLE
                               transfer    1 of  1 :: RD-DATA :: beat      1/ 1
             Burst Size    :          4 byte/beat
             Burst Length  :          1 beat
             Burst Payload :          4 byte

             Transaction   :         77
             Direction     :  RD-NONSEQ
             Burst Type    :     SINGLE
                               transfer    1 of  1 :: RD-DATA :: beat      1/ 1
             Burst Size    :          4 byte/beat
             Burst Length  :          1 beat
             Burst Payload :          4 byte

             Transaction   :         78
             Direction     :  RD-NONSEQ
             Burst Type    :     SINGLE
                               transfer    1 of  1 :: RD-DATA :: beat      1/ 1
             Burst Size    :          4 byte/beat
             Burst Length  :          1 beat
             Burst Payload :          4 byte

             Transaction   :         79
             Direction     :  RD-NONSEQ
             Burst Type    :     SINGLE
                               transfer    1 of  1 :: RD-DATA :: beat      1/ 1
             Burst Size    :          4 byte/beat
             Burst Length  :          1 beat
             Burst Payload :          4 byte

             Transaction   :         80
             Direction     :  RD-NONSEQ
             Burst Type    :     SINGLE
                               transfer    1 of  1 :: RD-DATA :: beat      1/ 1
             Burst Size    :          4 byte/beat
             Burst Length  :          1 beat
             Burst Payload :          4 byte

             Transaction   :         81
             Direction     :  RD-NONSEQ
             Burst Type    :     SINGLE
                               transfer    1 of  1 :: RD-DATA :: beat      1/ 1
             Burst Size    :          4 byte/beat
             Burst Length  :          1 beat
             Burst Payload :          4 byte

             Transaction   :         82
             Direction     :  RD-NONSEQ
             Burst Type    :     SINGLE
                               transfer    1 of  1 :: RD-DATA :: beat      1/ 1
             Burst Size    :          4 byte/beat
             Burst Length  :          1 beat
             Burst Payload :          4 byte

             Transaction   :         83
             Direction     :  RD-NONSEQ
             Burst Type    :     SINGLE
                               transfer    1 of  1 :: RD-DATA :: beat      1/ 1
             Burst Size    :          4 byte/beat
             Burst Length  :          1 beat
             Burst Payload :          4 byte

             Transaction   :         84
             Direction     :  RD-NONSEQ
             Burst Type    :     SINGLE
                               transfer    1 of  1 :: RD-DATA :: beat      1/ 1
             Burst Size    :          4 byte/beat
             Burst Length  :          1 beat
             Burst Payload :          4 byte

             Transaction   :         85
             Direction     :  RD-NONSEQ
             Burst Type    :     SINGLE
                               transfer    1 of  1 :: RD-DATA :: beat      1/ 1
             Burst Size    :          4 byte/beat
             Burst Length  :          1 beat
             Burst Payload :          4 byte

             Transaction   :         86
             Direction     :  RD-NONSEQ
             Burst Type    :     SINGLE
                               transfer    1 of  1 :: RD-DATA :: beat      1/ 1
             Burst Size    :          4 byte/beat
             Burst Length  :          1 beat
             Burst Payload :          4 byte

             Transaction   :         87
             Direction     :  RD-NONSEQ
             Burst Type    :     SINGLE
                               transfer    1 of  1 :: RD-DATA :: beat      1/ 1
             Burst Size    :          4 byte/beat
             Burst Length  :          1 beat
             Burst Payload :          4 byte

             Transaction   :         88
             Direction     :  RD-NONSEQ
             Burst Type    :     SINGLE
                               transfer    1 of  1 :: RD-DATA :: beat      1/ 1
             Burst Size    :          4 byte/beat
             Burst Length  :          1 beat
             Burst Payload :          4 byte

             Transaction   :         89
             Direction     :  RD-NONSEQ
             Burst Type    :     SINGLE
                               transfer    1 of  1 :: RD-DATA :: beat      1/ 1
             Burst Size    :          4 byte/beat
             Burst Length  :          1 beat
             Burst Payload :          4 byte

             Transaction   :         90
             Direction     :  RD-NONSEQ
             Burst Type    :     SINGLE
                               transfer    1 of  1 :: RD-DATA :: beat      1/ 1
             Burst Size    :          4 byte/beat
             Burst Length  :          1 beat
             Burst Payload :          4 byte

             Transaction   :         91
             Direction     :  RD-NONSEQ
             Burst Type    :     SINGLE
                               transfer    1 of  1 :: RD-DATA :: beat      1/ 1
             Burst Size    :          4 byte/beat
             Burst Length  :          1 beat
             Burst Payload :          4 byte

             Transaction   :         92
             Direction     :  RD-NONSEQ
             Burst Type    :     SINGLE
                               transfer    1 of  1 :: RD-DATA :: beat      1/ 1
             Burst Size    :          4 byte/beat
             Burst Length  :          1 beat
             Burst Payload :          4 byte

             Transaction   :         93
             Direction     :  RD-NONSEQ
             Burst Type    :     SINGLE
                               transfer    1 of  1 :: RD-DATA :: beat      1/ 1
             Burst Size    :          4 byte/beat
             Burst Length  :          1 beat
             Burst Payload :          4 byte

             Transaction   :         94
             Direction     :  RD-NONSEQ
             Burst Type    :     SINGLE
                               transfer    1 of  1 :: RD-DATA :: beat      1/ 1
             Burst Size    :          4 byte/beat
             Burst Length  :          1 beat
             Burst Payload :          4 byte

             Transaction   :         95
             Direction     :  RD-NONSEQ
             Burst Type    :     SINGLE
                               transfer    1 of  1 :: RD-DATA :: beat      1/ 1
             Burst Size    :          4 byte/beat
             Burst Length  :          1 beat
             Burst Payload :          4 byte

             Transaction   :         96
             Direction     :  RD-NONSEQ
             Burst Type    :     SINGLE
                               transfer    1 of  1 :: RD-DATA :: beat      1/ 1
             Burst Size    :          4 byte/beat
             Burst Length  :          1 beat
             Burst Payload :          4 byte

             Transaction   :         97
             Direction     :  RD-NONSEQ
             Burst Type    :     SINGLE
                               transfer    1 of  1 :: RD-DATA :: beat      1/ 1
             Burst Size    :          4 byte/beat
             Burst Length  :          1 beat
             Burst Payload :          4 byte

             Transaction   :         98
             Direction     :  RD-NONSEQ
             Burst Type    :     SINGLE
                               transfer    1 of  1 :: RD-DATA :: beat      1/ 1
             Burst Size    :          4 byte/beat
             Burst Length  :          1 beat
             Burst Payload :          4 byte

             Transaction   :         99
             Direction     :  RD-NONSEQ
             Burst Type    :     SINGLE
                               transfer    1 of  1 :: RD-DATA :: beat      1/ 1
             Burst Size    :          4 byte/beat
             Burst Length  :          1 beat
             Burst Payload :          4 byte

             Transaction   :        100
             Direction     :  RD-NONSEQ
             Burst Type    :     SINGLE
                               transfer    1 of  1 :: RD-DATA :: beat      1/ 1
             Burst Size    :          4 byte/beat
             Burst Length  :          1 beat
             Burst Payload :          4 byte

             Transaction   :        101
             Direction     :  RD-NONSEQ
             Burst Type    :     SINGLE
                               transfer    1 of  1 :: RD-DATA :: beat      1/ 1
             Burst Size    :          4 byte/beat
             Burst Length  :          1 beat
             Burst Payload :          4 byte

             Transaction   :        102
             Direction     :  RD-NONSEQ
             Burst Type    :     SINGLE
                               transfer    1 of  1 :: RD-DATA :: beat      1/ 1
             Burst Size    :          4 byte/beat
             Burst Length  :          1 beat
             Burst Payload :          4 byte

             Transaction   :        103
             Direction     :  RD-NONSEQ
             Burst Type    :     SINGLE
                               transfer    1 of  1 :: RD-DATA :: beat      1/ 1
             Burst Size    :          4 byte/beat
             Burst Length  :          1 beat
             Burst Payload :          4 byte

             Transaction   :        104
             Direction     :  RD-NONSEQ
             Burst Type    :     SINGLE
                               transfer    1 of  1 :: RD-DATA :: beat      1/ 1
             Burst Size    :          4 byte/beat
             Burst Length  :          1 beat
             Burst Payload :          4 byte

             Transaction   :        105
             Direction     :  RD-NONSEQ
             Burst Type    :     SINGLE
                               transfer    1 of  1 :: RD-DATA :: beat      1/ 1
             Burst Size    :          4 byte/beat
             Burst Length  :          1 beat
             Burst Payload :          4 byte

             Transaction   :        106
             Direction     :  RD-NONSEQ
             Burst Type    :     SINGLE
                               transfer    1 of  1 :: RD-DATA :: beat      1/ 1
             Burst Size    :          4 byte/beat
             Burst Length  :          1 beat
             Burst Payload :          4 byte

             Transaction   :        107
             Direction     :  RD-NONSEQ
             Burst Type    :     SINGLE
                               transfer    1 of  1 :: RD-DATA :: beat      1/ 1
             Burst Size    :          4 byte/beat
             Burst Length  :          1 beat
             Burst Payload :          4 byte

             Transaction   :        108
             Direction     :  RD-NONSEQ
             Burst Type    :     SINGLE
                               transfer    1 of  1 :: RD-DATA :: beat      1/ 1
             Burst Size    :          4 byte/beat
             Burst Length  :          1 beat
             Burst Payload :          4 byte

             Transaction   :        109
             Direction     :  RD-NONSEQ
             Burst Type    :     SINGLE
                               transfer    1 of  1 :: RD-DATA :: beat      1/ 1
             Burst Size    :          4 byte/beat
             Burst Length  :          1 beat
             Burst Payload :          4 byte

             Transaction   :        110
             Direction     :  RD-NONSEQ
             Burst Type    :     SINGLE
                               transfer    1 of  1 :: RD-DATA :: beat      1/ 1
             Burst Size    :          4 byte/beat
             Burst Length  :          1 beat
             Burst Payload :          4 byte

             Transaction   :        111
             Direction     :  RD-NONSEQ
             Burst Type    :     SINGLE
                               transfer    1 of  1 :: RD-DATA :: beat      1/ 1
             Burst Size    :          4 byte/beat
             Burst Length  :          1 beat
             Burst Payload :          4 byte

             Transaction   :        112
             Direction     :  RD-NONSEQ
             Burst Type    :     SINGLE
                               transfer    1 of  1 :: RD-DATA :: beat      1/ 1
             Burst Size    :          4 byte/beat
             Burst Length  :          1 beat
             Burst Payload :          4 byte

             Transaction   :        113
             Direction     :  RD-NONSEQ
             Burst Type    :     SINGLE
                               transfer    1 of  1 :: RD-DATA :: beat      1/ 1
             Burst Size    :          4 byte/beat
             Burst Length  :          1 beat
             Burst Payload :          4 byte

             Transaction   :        114
             Direction     :  RD-NONSEQ
             Burst Type    :     SINGLE
                               transfer    1 of  1 :: RD-DATA :: beat      1/ 1
             Burst Size    :          4 byte/beat
             Burst Length  :          1 beat
             Burst Payload :          4 byte

             Transaction   :        115
             Direction     :  RD-NONSEQ
             Burst Type    :     SINGLE
                               transfer    1 of  1 :: RD-DATA :: beat      1/ 1
             Burst Size    :          4 byte/beat
             Burst Length  :          1 beat
             Burst Payload :          4 byte

             Transaction   :        116
             Direction     :  RD-NONSEQ
             Burst Type    :     SINGLE
                               transfer    1 of  1 :: RD-DATA :: beat      1/ 1
             Burst Size    :          4 byte/beat
             Burst Length  :          1 beat
             Burst Payload :          4 byte

             Transaction   :        117
             Direction     :  RD-NONSEQ
             Burst Type    :     SINGLE
                               transfer    1 of  1 :: RD-DATA :: beat      1/ 1
             Burst Size    :          4 byte/beat
             Burst Length  :          1 beat
             Burst Payload :          4 byte

             Transaction   :        118
             Direction     :  RD-NONSEQ
             Burst Type    :     SINGLE
                               transfer    1 of  1 :: RD-DATA :: beat      1/ 1
             Burst Size    :          4 byte/beat
             Burst Length  :          1 beat
             Burst Payload :          4 byte

             Transaction   :        119
             Direction     :  RD-NONSEQ
             Burst Type    :     SINGLE
                               transfer    1 of  1 :: RD-DATA :: beat      1/ 1
             Burst Size    :          4 byte/beat
             Burst Length  :          1 beat
             Burst Payload :          4 byte

             Transaction   :        120
             Direction     :  RD-NONSEQ
             Burst Type    :     SINGLE
                               transfer    1 of  1 :: RD-DATA :: beat      1/ 1
             Burst Size    :          4 byte/beat
             Burst Length  :          1 beat
             Burst Payload :          4 byte

             Transaction   :        121
             Direction     :  RD-NONSEQ
             Burst Type    :     SINGLE
                               transfer    1 of  1 :: RD-DATA :: beat      1/ 1
             Burst Size    :          4 byte/beat
             Burst Length  :          1 beat
             Burst Payload :          4 byte

             Transaction   :        122
             Direction     :  RD-NONSEQ
             Burst Type    :     SINGLE
                               transfer    1 of  1 :: RD-DATA :: beat      1/ 1
             Burst Size    :          4 byte/beat
             Burst Length  :          1 beat
             Burst Payload :          4 byte

             Transaction   :        123
             Direction     :  RD-NONSEQ
             Burst Type    :     SINGLE
                               transfer    1 of  1 :: RD-DATA :: beat      1/ 1
             Burst Size    :          4 byte/beat
             Burst Length  :          1 beat
             Burst Payload :          4 byte

             Transaction   :        124
             Direction     :  RD-NONSEQ
             Burst Type    :     SINGLE
                               transfer    1 of  1 :: RD-DATA :: beat      1/ 1
             Burst Size    :          4 byte/beat
             Burst Length  :          1 beat
             Burst Payload :          4 byte


             Payload Total:        496 byte
             Payload Write:        144 byte
             Payload Read :        352 byte
