 ================================================================================
 Tracefile : uvm_test_top.top_env_i.ahbfab_env_i.mvc_ahb_mon_8_env_i.logger_handle_ahb
           : /mnt/ussjf-asic2/workarea1/lkamired/niue1z1_tmp/lkamired/wa_performance/SIM/top/ahbfab_cov.m33i_ram0/uvm_test_top.top_env_i.ahbfab_env_i.mvc_ahb_mon_8_env_i_ahb_beat.log
 Logfile   : reports/ahbfab_cov.m33i_ram0/mvc_ahb_mon_8/window.log
 Script    : parse_ahb_tracker.pl 1.04.01
 Date      : 2018-09-22
 Time      :   17:23:56
 Cycle     :         40 ns
 Frequency :      25.00 MHz
 ================================================================================
 Starting time point out of bound to the upper side of trace window
 Ending   time point out of bound to the upper side of trace window
         Transaction                 1
         TransferTime           213940
         Pointer       HASH(0x43c6368)
         Transaction                 2
         TransferTime           215220
         Pointer       HASH(0x438abb8)
         Transaction                 3
         TransferTime           216700
         Pointer       HASH(0x438adf8)
         Transaction                 4
         TransferTime           217940
         Pointer       HASH(0x438b038)
         Transaction                 5
         TransferTime           219220
         Pointer       HASH(0x438b278)
         Transaction                 6
         TransferTime           220340
         Pointer       HASH(0x43ceee0)
         Transaction                 7
         TransferTime           221420
         Pointer       HASH(0x43cf120)
         Transaction                 8
         TransferTime           222660
         Pointer       HASH(0x43cf360)
         Transaction                 9
         TransferTime           223820
         Pointer       HASH(0x43cf5a0)
         Transaction                10
         TransferTime           225060
         Pointer       HASH(0x43cf7e0)
         Transaction                11
         TransferTime           226140
         Pointer       HASH(0x43cfa20)
         Transaction                12
         TransferTime           227380
         Pointer       HASH(0x43cfc60)
         Transaction                13
         TransferTime           238460
         Pointer       HASH(0x43cfec8)
         Transaction                14
         TransferTime           239700
         Pointer       HASH(0x43d0108)
         Transaction                15
         TransferTime           290860
         Pointer       HASH(0x43d0348)
         Transaction                16
         TransferTime           292100
         Pointer       HASH(0x43d0588)
         Transaction                17
         TransferTime           293380
         Pointer       HASH(0x43d07c8)
         Transaction                18
         TransferTime           294580
         Pointer       HASH(0x43d0a08)
         Transaction                19
         TransferTime           295860
         Pointer       HASH(0x43d0c48)
         Transaction                20
         TransferTime           297060
         Pointer       HASH(0x43d0eb0)
         Transaction                21
         TransferTime           297916
         Pointer       HASH(0x43d10f0)
         Transaction                22
         TransferTime           298191
         Pointer       HASH(0x43d1330)
         Transaction                23
         TransferTime           298511
         Pointer       HASH(0x43d1570)
         Transaction                24
         TransferTime           298796
         Pointer       HASH(0x43d17b0)
         Transaction                25
         TransferTime           299086
         Pointer       HASH(0x43d19f0)
         Transaction                26
         TransferTime           299396
         Pointer       HASH(0x43d1c30)
         Transaction                27
         TransferTime           300401
         Pointer       HASH(0x43d1e98)
         Transaction                28
         TransferTime           301326
         Pointer       HASH(0x43d20d8)
         Transaction                29
         TransferTime           302681
         Pointer       HASH(0x43d2318)
         Transaction                30
         TransferTime           303606
         Pointer       HASH(0x43d2558)
         Transaction                31
         TransferTime           304761
         Pointer       HASH(0x43d2798)
         Transaction                32
         TransferTime           305686
         Pointer       HASH(0x43d29d8)
         Transaction                33
         TransferTime           307186
         Pointer       HASH(0x43d2c18)
         Transaction                34
         TransferTime           308166
         Pointer       HASH(0x43d2e80)
         Transaction                35
         TransferTime           309166
         Pointer       HASH(0x43d30c0)
         Transaction                36
         TransferTime           320126
         Pointer       HASH(0x43d3300)
         Transaction                37
         TransferTime           321581
         Pointer       HASH(0x43d3540)
         Transaction                38
         TransferTime           323061
         Pointer       HASH(0x43d8bb8)
         Transaction                39
         TransferTime           324501
         Pointer       HASH(0x43d8e20)
         Transaction                40
         TransferTime           325981
         Pointer       HASH(0x43d9060)
         Transaction                41
         TransferTime           327461
         Pointer       HASH(0x43d92a0)
         Transaction                42
         TransferTime           328901
         Pointer       HASH(0x43d94e0)
         Transaction                43
         TransferTime           330341
         Pointer       HASH(0x43d9720)
         Transaction                44
         TransferTime           331781
         Pointer       HASH(0x43d9960)
         Transaction                45
         TransferTime           333221
         Pointer       HASH(0x43d9ba0)
         Transaction                46
         TransferTime           334701
         Pointer       HASH(0x43d9e08)
         Transaction                47
         TransferTime           335641
         Pointer       HASH(0x43da048)
         Transaction                48
         TransferTime           336606
         Pointer       HASH(0x43da288)
         Transaction                49
         TransferTime           337641
         Pointer       HASH(0x43da4c8)
         Transaction                50
         TransferTime           338566
         Pointer       HASH(0x43da708)
         Transaction                51
         TransferTime           339726
         Pointer       HASH(0x43da948)
         Transaction                52
         TransferTime           341121
         Pointer       HASH(0x43dab88)
         Transaction                53
         TransferTime           342046
         Pointer       HASH(0x43dadf0)
         Transaction                54
         TransferTime           342886
         Pointer       HASH(0x43db030)
         Transaction                55
         TransferTime           343651
         Pointer       HASH(0x43db270)
         Transaction                56
         TransferTime           344226
         Pointer       HASH(0x43db4b0)
         Transaction                57
         TransferTime           344626
         Pointer       HASH(0x43db6f0)
         Transaction                58
         TransferTime           345031
         Pointer       HASH(0x43db930)
         Transaction                59
         TransferTime           345391
         Pointer       HASH(0x43dbb70)
         Transaction                60
         TransferTime           345786
         Pointer       HASH(0x43dbdd8)
         Transaction                61
         TransferTime           346186
         Pointer       HASH(0x43dc018)
         Transaction                62
         TransferTime           346551
         Pointer       HASH(0x43dc258)
         Transaction                63
         TransferTime           346911
         Pointer       HASH(0x43dc498)
         Transaction                64
         TransferTime           347306
         Pointer       HASH(0x43dc6d8)
         Transaction                65
         TransferTime           347706
         Pointer       HASH(0x43dc918)
         Transaction                66
         TransferTime           348111
         Pointer       HASH(0x43dcb58)
         Transaction                67
         TransferTime           348511
         Pointer       HASH(0x43dcd98)
         Transaction                68
         TransferTime           349011
         Pointer       HASH(0x43dd000)
         Transaction                69
         TransferTime           349431
         Pointer       HASH(0x43dd240)
         Transaction                70
         TransferTime           349801
         Pointer       HASH(0x43dd480)
         Transaction                71
         TransferTime           350191
         Pointer       HASH(0x43dd6c0)
         Transaction                72
         TransferTime           350591
         Pointer       HASH(0x43dd900)
         Transaction                73
         TransferTime           350991
         Pointer       HASH(0x43ddb40)
         Transaction                74
         TransferTime           360991
         Pointer       HASH(0x43ddd80)
         Transaction                75
         TransferTime           361351
         Pointer       HASH(0x4422bf8)
         Transaction                76
         TransferTime           361846
         Pointer       HASH(0x4422e38)
         Transaction                77
         TransferTime           362226
         Pointer       HASH(0x4423078)
         Transaction                78
         TransferTime           362726
         Pointer       HASH(0x44232b8)
         Transaction                79
         TransferTime           363126
         Pointer       HASH(0x44234f8)
         Transaction                80
         TransferTime           363606
         Pointer       HASH(0x4423738)
         Transaction                81
         TransferTime           364016
         Pointer       HASH(0x4423978)
         Transaction                82
         TransferTime           364496
         Pointer       HASH(0x4428670)
         Transaction                83
         TransferTime           364906
         Pointer       HASH(0x44288b0)
         Transaction                84
         TransferTime           365406
         Pointer       HASH(0x4428af0)
         Transaction                85
         TransferTime           365826
         Pointer       HASH(0x4428d30)
         Transaction                86
         TransferTime           366326
         Pointer       HASH(0x4428f70)
         Transaction                87
         TransferTime           366716
         Pointer       HASH(0x44291b0)
         Transaction                88
         TransferTime           367216
         Pointer       HASH(0x44293f0)
         Transaction                89
         TransferTime           367586
         Pointer       HASH(0x442de18)
         Transaction                90
         TransferTime           368086
         Pointer       HASH(0x442e058)
         Transaction                91
         TransferTime           368466
         Pointer       HASH(0x442e298)
         Transaction                92
         TransferTime           368966
         Pointer       HASH(0x442e4d8)
         Transaction                93
         TransferTime           369346
         Pointer       HASH(0x442e718)
         Transaction                94
         TransferTime           369846
         Pointer       HASH(0x442e958)
         Transaction                95
         TransferTime           370236
         Pointer       HASH(0x442eb98)
         Transaction                96
         TransferTime           370736
         Pointer       HASH(0x4432520)
         Transaction                97
         TransferTime           371106
         Pointer       HASH(0x4432760)
         Transaction                98
         TransferTime           371606
         Pointer       HASH(0x44329a0)
         Transaction                99
         TransferTime           371986
         Pointer       HASH(0x4432be0)
         Transaction               100
         TransferTime           372486
         Pointer       HASH(0x4432e20)
         Transaction               101
         TransferTime           372866
         Pointer       HASH(0x4433060)
         Transaction               102
         TransferTime           373366
         Pointer       HASH(0x44332a0)
         Transaction               103
         TransferTime           373746
         Pointer       HASH(0x4436b18)
         Transaction               104
         TransferTime           374246
         Pointer       HASH(0x4436d58)
         Transaction               105
         TransferTime           374626
         Pointer       HASH(0x4436f98)
         Transaction               106
         TransferTime           375126
         Pointer       HASH(0x44371d8)
         Transaction               107
         TransferTime           375506
         Pointer       HASH(0x4437418)
         Transaction               108
         TransferTime           375866
         Pointer       HASH(0x4437658)
         Transaction               109
         TransferTime           376226
         Pointer       HASH(0x4437898)
         Transaction               110
         TransferTime           376591
         Pointer       HASH(0x443ae50)
         Transaction               111
         TransferTime           376951
         Pointer       HASH(0x443b090)
         Transaction               112
         TransferTime           377306
         Pointer       HASH(0x443b2d0)
         Transaction               113
         TransferTime           377666
         Pointer       HASH(0x443b510)
         Transaction               114
         TransferTime           378041
         Pointer       HASH(0x443b750)
         Transaction               115
         TransferTime           378441
         Pointer       HASH(0x443b990)
         Transaction               116
         TransferTime           378831
         Pointer       HASH(0x443bbd0)
         Transaction               117
         TransferTime           379231
         Pointer       HASH(0x443f5c8)
         Transaction               118
         TransferTime           379986
         Pointer       HASH(0x443f808)
         Transaction               119
         TransferTime           380401
         Pointer       HASH(0x443fa48)
         Transaction               120
         TransferTime           380801
         Pointer       HASH(0x443fc88)
         Transaction               121
         TransferTime           381191
         Pointer       HASH(0x443fec8)
         Transaction               122
         TransferTime           381546
         Pointer       HASH(0x4440108)
         Transaction               123
         TransferTime           381921
         Pointer       HASH(0x4440348)
         Transaction               124
         TransferTime           382311
         Pointer       HASH(0x4443c30)
         Transaction               125
         TransferTime           382666
         Pointer       HASH(0x4443e70)
         Transaction               126
         TransferTime           383116
         Pointer       HASH(0x44440b0)
         Transaction               127
         TransferTime           383511
         Pointer       HASH(0x44442f0)
         Transaction               128
         TransferTime           383871
         Pointer       HASH(0x4444530)
         Transaction               129
         TransferTime           384236
         Pointer       HASH(0x4444770)
         Transaction               130
         TransferTime           384636
         Pointer       HASH(0x44449b0)
         Transaction               131
         TransferTime           384991
         Pointer       HASH(0x4448c08)
         Transaction               132
         TransferTime           385361
         Pointer       HASH(0x4448e48)
         Transaction               133
         TransferTime           385756
         Pointer       HASH(0x4449088)
         Transaction               134
         TransferTime           386156
         Pointer       HASH(0x44492c8)
         Transaction               135
         TransferTime           386511
         Pointer       HASH(0x4449508)
         Transaction               136
         TransferTime           386871
         Pointer       HASH(0x4449748)
         Transaction               137
         TransferTime           387236
         Pointer       HASH(0x4449988)
         Transaction               138
         TransferTime           387636
         Pointer       HASH(0x444d5b0)
         Transaction               139
         TransferTime           387926
         Pointer       HASH(0x444d7f0)
         Transaction               140
         TransferTime           388631
         Pointer       HASH(0x444da30)
         Transaction               141
         TransferTime           388966
         Pointer       HASH(0x444dc70)
         Transaction               142
         TransferTime           389481
         Pointer       HASH(0x444deb0)
         Transaction               143
         TransferTime           389796
         Pointer       HASH(0x444e0f0)
         Transaction               144
         TransferTime           390081
         Pointer       HASH(0x444e330)
         Transaction               145
         TransferTime           390396
         Pointer       HASH(0x4453368)
         Transaction               146
         TransferTime           390721
         Pointer       HASH(0x44535a8)
         Transaction               147
         TransferTime           391036
         Pointer       HASH(0x44537e8)
         Transaction               148
         TransferTime           391351
         Pointer       HASH(0x4453a28)
         Transaction               149
         TransferTime           391636
         Pointer       HASH(0x4453c68)
         Transaction               150
         TransferTime           401911
         Pointer       HASH(0x4453ea8)
         Transaction               151
         TransferTime           402206
         Pointer       HASH(0x44540e8)
         Transaction               152
         TransferTime           452551
         Pointer       HASH(0x44579d0)
         Transaction               153
         TransferTime           452876
         Pointer       HASH(0x4457c10)
         Transaction               154
         TransferTime           453391
         Pointer       HASH(0x4457e50)
         Transaction               155
         TransferTime           453716
         Pointer       HASH(0x4458090)
         Transaction               156
         TransferTime           454191
         Pointer       HASH(0x44582d0)
         Transaction               157
         TransferTime           454486
         Pointer       HASH(0x4458510)
         Transaction               158
         TransferTime           455196
         Pointer       HASH(0x4458750)
         Transaction               159
         TransferTime           455591
         Pointer       HASH(0x445bfc8)
         Transaction               160
         TransferTime           455961
         Pointer       HASH(0x445c208)
         Transaction               161
         TransferTime           456271
         Pointer       HASH(0x445c448)
         Transaction               162
         TransferTime           456566
         Pointer       HASH(0x445c688)
         Transaction               163
         TransferTime           457871
         Pointer       HASH(0x445c8c8)
         Transaction               164
         TransferTime           458201
         Pointer       HASH(0x445cb08)
         Transaction               165
         TransferTime           458526
         Pointer       HASH(0x445cd48)
         Transaction               166
         TransferTime           459831
         Pointer       HASH(0x44606a0)
         Transaction               167
         TransferTime           460161
         Pointer       HASH(0x44608e0)
         Transaction               168
         TransferTime           460476
         Pointer       HASH(0x4460b20)
         Transaction               169
         TransferTime           461761
         Pointer       HASH(0x4460d60)
         Transaction               170
         TransferTime           462131
         Pointer       HASH(0x4460fa0)
         Transaction               171
         TransferTime           462486
         Pointer       HASH(0x44611e0)
         Transaction               172
         TransferTime           463791
         Pointer       HASH(0x4461420)
         Transaction               173
         TransferTime           464131
         Pointer       HASH(0x4465d78)
         Transaction               174
         TransferTime           464446
         Pointer       HASH(0x4465fb8)
         Transaction               175
         TransferTime           465791
         Pointer       HASH(0x44661f8)
         Transaction               176
         TransferTime           466121
         Pointer       HASH(0x4466438)
         Transaction               177
         TransferTime           466476
         Pointer       HASH(0x4466678)
         Transaction               178
         TransferTime           467801
         Pointer       HASH(0x44668b8)
         Transaction               179
         TransferTime           468211
         Pointer       HASH(0x4466af8)
         Transaction               180
         TransferTime           468516
         Pointer       HASH(0x446b5e0)
         Transaction               181
         TransferTime           468831
         Pointer       HASH(0x446b820)
         Transaction               182
         TransferTime           469211
         Pointer       HASH(0x446ba60)
         Transaction               183
         TransferTime           469516
         Pointer       HASH(0x446bca0)
         Transaction               184
         TransferTime           469791
         Pointer       HASH(0x446bee0)
         Transaction               185
         TransferTime           470121
         Pointer       HASH(0x446c120)
         Transaction               186
         TransferTime           470436
         Pointer       HASH(0x446c360)
         Transaction               187
         TransferTime           470711
         Pointer       HASH(0x446ff58)
         Transaction               188
         TransferTime           471081
         Pointer       HASH(0x4470198)
         Transaction               189
         TransferTime           471446
         Pointer       HASH(0x44703d8)
         Transaction               190
         TransferTime           471791
         Pointer       HASH(0x4470618)
         Transaction               191
         TransferTime           472121
         Pointer       HASH(0x4470858)
         Transaction               192
         TransferTime           472436
         Pointer       HASH(0x4470a98)
         Transaction               193
         TransferTime           472711
         Pointer       HASH(0x4470cd8)
         Transaction               194
         TransferTime           473041
         Pointer       HASH(0x4473b80)
         Transaction               195
         TransferTime           473356
         Pointer       HASH(0x4473dc0)
         Transaction               196
         TransferTime           473641
         Pointer       HASH(0x4474000)
         Transaction               197
         TransferTime           474001
         Pointer       HASH(0x4474240)
         Transaction               198
         TransferTime           474356
         Pointer       HASH(0x4474480)
         Transaction               199
         TransferTime           474681
         Pointer       HASH(0x44746c0)
         Transaction               200
         TransferTime           475081
         Pointer       HASH(0x4474900)
         Transaction               201
         TransferTime           475511
         Pointer       HASH(0x4479058)
         Transaction               202
         TransferTime           475881
         Pointer       HASH(0x4479298)
         Transaction               203
         TransferTime           476266
         Pointer       HASH(0x44794d8)
         Transaction               204
         TransferTime           476726
         Pointer       HASH(0x4479718)
         Transaction               205
         TransferTime           477036
         Pointer       HASH(0x4479958)
         Transaction               206
         TransferTime           487316
         Pointer       HASH(0x4479b98)
         Transaction               207
         TransferTime           497596
         Pointer       HASH(0x4479dd8)
         Transaction               208
         TransferTime           497871
         Pointer       HASH(0x447e040)
         Transaction               209
         TransferTime           498166
         Pointer       HASH(0x447e280)
         Transaction               210
         TransferTime           498486
         Pointer       HASH(0x447e4c0)
         Transaction               211
         TransferTime           498791
         Pointer       HASH(0x447e700)
         Transaction               212
         TransferTime           499151
         Pointer       HASH(0x447e940)
         Transaction               213
         TransferTime           499511
         Pointer       HASH(0x447eb80)
         Transaction               214
         TransferTime           499916
         Pointer       HASH(0x447edc0)
         Transaction               215
         TransferTime           500316
         Pointer       HASH(0x44826b8)
         Transaction               216
         TransferTime           500671
         Pointer       HASH(0x44828f8)
         Transaction               217
         TransferTime           501031
         Pointer       HASH(0x4482b38)
         Transaction               218
         TransferTime           501386
         Pointer       HASH(0x4482d78)
         Transaction               219
         TransferTime           501796
         Pointer       HASH(0x4482fb8)
         Transaction               220
         TransferTime           502151
         Pointer       HASH(0x44831f8)
         Transaction               221
         TransferTime           502511
         Pointer       HASH(0x4483438)
         Transaction               222
         TransferTime           502866
         Pointer       HASH(0x4486d70)
         Transaction               223
         TransferTime           503276
         Pointer       HASH(0x4486fb0)
         Transaction               224
         TransferTime           503596
         Pointer       HASH(0x44871f0)
         Transaction               225
         TransferTime           503911
         Pointer       HASH(0x4487430)
         Transaction               226
         TransferTime           504241
         Pointer       HASH(0x4487670)
         Transaction               227
         TransferTime           504556
         Pointer       HASH(0x44878b0)
         Transaction               228
         TransferTime           504831
         Pointer       HASH(0x4487af0)
         Transaction               229
         TransferTime           505211
         Pointer       HASH(0x448bd28)
         Transaction               230
         TransferTime           505516
         Pointer       HASH(0x448bf68)
         Transaction               231
         TransferTime           506291
         Pointer       HASH(0x448c1a8)
         Transaction               232
         TransferTime           506606
         Pointer       HASH(0x448c3e8)
         Transaction               233
         TransferTime           516911
         Pointer       HASH(0x448c628)
         Transaction               234
         TransferTime           517236
         Pointer       HASH(0x448c868)
         Transaction               235
         TransferTime           518051
         Pointer       HASH(0x448caa8)
         Transaction               236
         TransferTime           518356
         Pointer       HASH(0x448cce8)
         Transaction               237
         TransferTime           528631
         Pointer       HASH(0x44910d0)
         Transaction               238
         TransferTime           528916
         Pointer       HASH(0x4491310)
         Transaction               239
         TransferTime           529231
         Pointer       HASH(0x4491550)
         Transaction               240
         TransferTime           529561
         Pointer       HASH(0x4491790)
         Transaction               241
         TransferTime           529916
         Pointer       HASH(0x44919d0)
         Transaction               242
         TransferTime           530241
         Pointer       HASH(0x4491c10)
         Transaction               243
         TransferTime           530651
         Pointer       HASH(0x4491e50)
         Transaction               244
         TransferTime           530966
         Pointer       HASH(0x4495a68)
         Transaction               245
         TransferTime           531271
         Pointer       HASH(0x4495ca8)
         Transaction               246
         TransferTime           531641
         Pointer       HASH(0x4495ee8)
         Transaction               247
         TransferTime           531956
         Pointer       HASH(0x4496128)
         Transaction               248
         TransferTime           532276
         Pointer       HASH(0x4496368)
         Transaction               249
         TransferTime           532551
         Pointer       HASH(0x44965a8)
         Transaction               250
         TransferTime           532881
         Pointer       HASH(0x44967e8)
         Transaction               251
         TransferTime           533196
         Pointer       HASH(0x4499d80)
         Transaction               252
         TransferTime           533476
         Pointer       HASH(0x4499fc0)
         Transaction               253
         TransferTime           533801
         Pointer       HASH(0x449a200)
         Transaction               254
         TransferTime           534161
         Pointer       HASH(0x449a440)
         Transaction               255
         TransferTime           534526
         Pointer       HASH(0x449a680)
         Transaction               256
         TransferTime           534836
         Pointer       HASH(0x449a8c0)
         Transaction               257
         TransferTime           535151
         Pointer       HASH(0x449ab00)
         Transaction               258
         TransferTime           535521
         Pointer       HASH(0x449e1f8)
         Transaction               259
         TransferTime           535846
         Pointer       HASH(0x449e438)
         Transaction               260
         TransferTime           536156
         Pointer       HASH(0x449e678)
         Transaction               261
         TransferTime           536431
         Pointer       HASH(0x449e8b8)
         Transaction               262
         TransferTime           536726
         Pointer       HASH(0x449eaf8)
         Transaction               263
         TransferTime           537036
         Pointer       HASH(0x449ed38)
         Transaction               264
         TransferTime           537311
         Pointer       HASH(0x449ef78)
         Transaction               265
         TransferTime           537596
         Pointer       HASH(0x44a38e0)
         Transaction               266
         TransferTime           537876
         Pointer       HASH(0x44a3b20)
         Transaction               267
         TransferTime           538151
         Pointer       HASH(0x44a3d60)
         Transaction               268
         TransferTime           538436
         Pointer       HASH(0x44a3fa0)
         Transaction               269
         TransferTime           539726
         Pointer       HASH(0x44a41e0)
         Transaction               270
         TransferTime           541031
         Pointer       HASH(0x44a4420)
         Transaction               271
         TransferTime           541361
         Pointer       HASH(0x44a4660)
         Transaction               272
         TransferTime           541686
         Pointer       HASH(0x44a7f78)
         Transaction               273
         TransferTime           541996
         Pointer       HASH(0x44a81b8)
         Transaction               274
         TransferTime           542271
         Pointer       HASH(0x44a83f8)
         Transaction               275
         TransferTime           542556
         Pointer       HASH(0x44a8638)
         Transaction               276
         TransferTime           542836
         Pointer       HASH(0x44a8878)
         Transaction               277
         TransferTime           543111
         Pointer       HASH(0x44a8ab8)
         Transaction               278
         TransferTime           543396
         Pointer       HASH(0x44a8cf8)
         Transaction               279
         TransferTime           543676
         Pointer       HASH(0x44acea0)
         Transaction               280
         TransferTime           543951
         Pointer       HASH(0x44ad0e0)
         Transaction               281
         TransferTime           544236
         Pointer       HASH(0x44ad320)
         Transaction               282
         TransferTime           545516
         Pointer       HASH(0x44ad560)
         Transaction               283
         TransferTime           546801
         Pointer       HASH(0x44ad7a0)
         Transaction               284
         TransferTime           547171
         Pointer       HASH(0x44ad9e0)
         Transaction               285
         TransferTime           547486
         Pointer       HASH(0x44adc20)
         Transaction               286
         TransferTime           547806
         Pointer       HASH(0x44b1a98)
         Transaction               287
         TransferTime           548151
         Pointer       HASH(0x44b1cd8)
         Transaction               288
         TransferTime           548436
         Pointer       HASH(0x44b1f18)
         Transaction               289
         TransferTime           548726
         Pointer       HASH(0x44b2158)
         Transaction               290
         TransferTime           549031
         Pointer       HASH(0x44b2398)
         Transaction               291
         TransferTime           549326
         Pointer       HASH(0x44b25d8)
         Transaction               292
         TransferTime           549636
         Pointer       HASH(0x44b2818)
         Transaction               293
         TransferTime           549911
         Pointer       HASH(0x44b6e70)
         Transaction               294
         TransferTime           550236
         Pointer       HASH(0x44b70b0)
         Transaction               295
         TransferTime           551516
         Pointer       HASH(0x44b72f0)
         Transaction               296
         TransferTime           552841
         Pointer       HASH(0x44b7530)
         Transaction               297
         TransferTime           553201
         Pointer       HASH(0x44b7770)
         Transaction               298
         TransferTime           553566
         Pointer       HASH(0x44b79b0)
         Transaction               299
         TransferTime           553876
         Pointer       HASH(0x44b7bf0)
         Transaction               300
         TransferTime           554151
         Pointer       HASH(0x44bad28)
         Transaction               301
         TransferTime           554476
         Pointer       HASH(0x44baf68)
         Transaction               302
         TransferTime           554756
         Pointer       HASH(0x44bb1a8)
         Transaction               303
         TransferTime           555031
         Pointer       HASH(0x44bb3e8)
         Transaction               304
         TransferTime           555316
         Pointer       HASH(0x44bb628)
         Transaction               305
         TransferTime           555606
         Pointer       HASH(0x44bb868)
         Transaction               306
         TransferTime           555911
         Pointer       HASH(0x44bbaa8)
         Transaction               307
         TransferTime           556206
         Pointer       HASH(0x44bf400)
         Transaction               308
         TransferTime           557526
         Pointer       HASH(0x44bf640)
         Transaction               309
         TransferTime           558841
         Pointer       HASH(0x44bf880)
         Transaction               310
         TransferTime           559241
         Pointer       HASH(0x44bfac0)
         Transaction               311
         TransferTime           559556
         Pointer       HASH(0x44bfd00)
         Transaction               312
         TransferTime           559836
         Pointer       HASH(0x44bff40)
         Transaction               313
         TransferTime           560111
         Pointer       HASH(0x44c0180)
         Transaction               314
         TransferTime           560406
         Pointer       HASH(0x44c3ab8)
         Transaction               315
         TransferTime           560726
         Pointer       HASH(0x44c3cf8)
         Transaction               316
         TransferTime           561031
         Pointer       HASH(0x44c3f38)
         Transaction               317
         TransferTime           561316
         Pointer       HASH(0x44c4178)
         Transaction               318
         TransferTime           561596
         Pointer       HASH(0x44c43b8)
         Transaction               319
         TransferTime           561881
         Pointer       HASH(0x44c45f8)
         Transaction               320
         TransferTime           562246
         Pointer       HASH(0x44c4838)
         Transaction               321
         TransferTime           563556
         Pointer       HASH(0x44c91f0)
         Transaction               322
         TransferTime           564831
         Pointer       HASH(0x44c9430)
         Transaction               323
         TransferTime           565201
         Pointer       HASH(0x44c9670)
         Transaction               324
         TransferTime           565556
         Pointer       HASH(0x44c98b0)
         Transaction               325
         TransferTime           565886
         Pointer       HASH(0x44c9af0)
         Transaction               326
         TransferTime           566201
         Pointer       HASH(0x44c9d30)
         Transaction               327
         TransferTime           566556
         Pointer       HASH(0x44c9f70)
         Transaction               328
         TransferTime           566836
         Pointer       HASH(0x44cdb68)
         Transaction               329
         TransferTime           567111
         Pointer       HASH(0x44cdda8)
         Transaction               330
         TransferTime           567436
         Pointer       HASH(0x44cdfe8)
         Transaction               331
         TransferTime           567756
         Pointer       HASH(0x44ce228)
         Transaction               332
         TransferTime           568031
         Pointer       HASH(0x44ce468)
         Transaction               333
         TransferTime           568356
         Pointer       HASH(0x44ce6a8)
         Transaction               334
         TransferTime           569646
         Pointer       HASH(0x44ce8e8)
         Transaction               335
         TransferTime           570991
         Pointer       HASH(0x44d3100)
         Transaction               336
         TransferTime           571321
         Pointer       HASH(0x44d3340)
         Transaction               337
         TransferTime           571676
         Pointer       HASH(0x44d3580)
         Transaction               338
         TransferTime           571961
         Pointer       HASH(0x44d37c0)
         Transaction               339
         TransferTime           572321
         Pointer       HASH(0x44d3a00)
         Transaction               340
         TransferTime           572636
         Pointer       HASH(0x44d3c40)
         Transaction               341
         TransferTime           572916
         Pointer       HASH(0x44d3e80)
         Transaction               342
         TransferTime           573191
         Pointer       HASH(0x44d7c28)
         Transaction               343
         TransferTime           573531
         Pointer       HASH(0x44d7e68)
         Transaction               344
         TransferTime           573876
         Pointer       HASH(0x44d80a8)
         Transaction               345
         TransferTime           574151
         Pointer       HASH(0x44d82e8)
         Transaction               346
         TransferTime           574521
         Pointer       HASH(0x44d8528)
         Transaction               347
         TransferTime           574836
         Pointer       HASH(0x44d8768)
         Transaction               348
         TransferTime           575116
         Pointer       HASH(0x44d89a8)
         Transaction               349
         TransferTime           575391
         Pointer       HASH(0x44dd0b0)
         Transaction               350
         TransferTime           575721
         Pointer       HASH(0x44dd2f0)
         Transaction               351
         TransferTime           576076
         Pointer       HASH(0x44dd530)
         Transaction               352
         TransferTime           576361
         Pointer       HASH(0x44dd770)
         Transaction               353
         TransferTime           576731
         Pointer       HASH(0x44dd9b0)
         Transaction               354
         TransferTime           577086
         Pointer       HASH(0x44ddbf0)
         Transaction               355
         TransferTime           577396
         Pointer       HASH(0x44dde30)
         Transaction               356
         TransferTime           577681
         Pointer       HASH(0x44e0368)
         Transaction               357
         TransferTime           578041
         Pointer       HASH(0x44e05a8)
         Transaction               358
         TransferTime           578356
         Pointer       HASH(0x44e07e8)
         Transaction               359
         TransferTime           578676
         Pointer       HASH(0x44e0a28)
         Transaction               360
         TransferTime           578951
         Pointer       HASH(0x44e0c68)
         Transaction               361
         TransferTime           579281
         Pointer       HASH(0x44e0ea8)
         Transaction               362
         TransferTime           579596
         Pointer       HASH(0x44e10e8)
         Transaction               363
         TransferTime           579876
         Pointer       HASH(0x44e4a40)
         Transaction               364
         TransferTime           580161
         Pointer       HASH(0x44e4c80)
         Transaction               365
         TransferTime           580571
         Pointer       HASH(0x44e4ec0)
         Transaction               366
         TransferTime           580886
         Pointer       HASH(0x44e5100)
         Transaction               367
         TransferTime           581206
         Pointer       HASH(0x44e5340)
         Transaction               368
         TransferTime           581511
         Pointer       HASH(0x44e5580)
         Transaction               369
         TransferTime           581881
         Pointer       HASH(0x44e57c0)
         Transaction               370
         TransferTime           582236
         Pointer       HASH(0x44e9118)
         Transaction               371
         TransferTime           582511
         Pointer       HASH(0x44e9358)
         Transaction               372
         TransferTime           582841
         Pointer       HASH(0x44e9598)
         Transaction               373
         TransferTime           583206
         Pointer       HASH(0x44e97d8)
         Transaction               374
         TransferTime           583516
         Pointer       HASH(0x44e9a18)
         Transaction               375
         TransferTime           583841
         Pointer       HASH(0x44e9c58)
         Transaction               376
         TransferTime           584251
         Pointer       HASH(0x44e9e98)
         Transaction               377
         TransferTime           584556
         Pointer       HASH(0x44ef1d0)
         Transaction               378
         TransferTime           584831
         Pointer       HASH(0x44ef410)
         Transaction               379
         TransferTime           585161
         Pointer       HASH(0x44ef650)
         Transaction               380
         TransferTime           585476
         Pointer       HASH(0x44ef890)
         Transaction               381
         TransferTime           585756
         Pointer       HASH(0x44efad0)
         Transaction               382
         TransferTime           586071
         Pointer       HASH(0x44efd10)
         Transaction               383
         TransferTime           586441
         Pointer       HASH(0x44eff50)
         Transaction               384
         TransferTime           586796
         Pointer       HASH(0x44f3368)
         Transaction               385
         TransferTime           587076
         Pointer       HASH(0x44f35a8)
         Transaction               386
         TransferTime           587391
         Pointer       HASH(0x44f37e8)
         Transaction               387
         TransferTime           587721
         Pointer       HASH(0x44f3a28)
         Transaction               388
         TransferTime           588036
         Pointer       HASH(0x44f3c68)
         Transaction               389
         TransferTime           588356
         Pointer       HASH(0x44f3ea8)
         Transaction               390
         TransferTime           588671
         Pointer       HASH(0x44f40e8)
         Transaction               391
         TransferTime           589001
         Pointer       HASH(0x44f7ea0)
         Transaction               392
         TransferTime           589326
         Pointer       HASH(0x44f80e0)
         Transaction               393
         TransferTime           589676
         Pointer       HASH(0x44f8320)
         Transaction               394
         TransferTime           589951
         Pointer       HASH(0x44f8560)
         Transaction               395
         TransferTime           590291
         Pointer       HASH(0x44f87a0)
         Transaction               396
         TransferTime           590636
         Pointer       HASH(0x44f89e0)
         Transaction               397
         TransferTime           590926
         Pointer       HASH(0x44f8c20)
         Transaction               398
         TransferTime           591281
         Pointer       HASH(0x44fcf38)
         Transaction               399
         TransferTime           591641
         Pointer       HASH(0x44fd178)
         Transaction               400
         TransferTime           591956
         Pointer       HASH(0x44fd3b8)
         Transaction               401
         TransferTime           592236
         Pointer       HASH(0x44fd5f8)
         Transaction               402
         TransferTime           592521
         Pointer       HASH(0x44fd838)
         Transaction               403
         TransferTime           592891
         Pointer       HASH(0x44fda78)
         Transaction               404
         TransferTime           593206
         Pointer       HASH(0x44fdcb8)
         Transaction               405
         TransferTime           593516
         Pointer       HASH(0x44fdef8)
         Transaction               406
         TransferTime           593831
         Pointer       HASH(0x45025d0)
         Transaction               407
         TransferTime           594171
         Pointer       HASH(0x4502810)
         Transaction               408
         TransferTime           594476
         Pointer       HASH(0x4502a50)
         Transaction               409
         TransferTime           594766
         Pointer       HASH(0x4502c90)
         Transaction               410
         TransferTime           595081
         Pointer       HASH(0x4502ed0)
         Transaction               411
         TransferTime           595441
         Pointer       HASH(0x4503110)
         Transaction               412
         TransferTime           595756
         Pointer       HASH(0x4503350)
         Transaction               413
         TransferTime           596046
         Pointer       HASH(0x4506cb8)
         Transaction               414
         TransferTime           596361
         Pointer       HASH(0x4506ef8)
         Transaction               415
         TransferTime           596721
         Pointer       HASH(0x4507138)
         Transaction               416
         TransferTime           597076
         Pointer       HASH(0x4507378)
         Transaction               417
         TransferTime           597356
         Pointer       HASH(0x45075b8)
         Transaction               418
         TransferTime           597631
         Pointer       HASH(0x45077f8)
         Transaction               419
         TransferTime           597971
         Pointer       HASH(0x4507a38)
         Transaction               420
         TransferTime           598276
         Pointer       HASH(0x450b390)
         Transaction               421
         TransferTime           598556
         Pointer       HASH(0x450b5d0)
         Transaction               422
         TransferTime           598871
         Pointer       HASH(0x450b810)
         Transaction               423
         TransferTime           599241
         Pointer       HASH(0x450ba50)
         Transaction               424
         TransferTime           599566
         Pointer       HASH(0x450bc90)
         Transaction               425
         TransferTime           599876
         Pointer       HASH(0x450bed0)
         Transaction               426
         TransferTime           600151
         Pointer       HASH(0x450c110)
         Transaction               427
         TransferTime           600481
         Pointer       HASH(0x4510218)
         Transaction               428
         TransferTime           600796
         Pointer       HASH(0x4510458)
         Transaction               429
         TransferTime           601076
         Pointer       HASH(0x4510698)
         Transaction               430
         TransferTime           601351
         Pointer       HASH(0x45108d8)
         Transaction               431
         TransferTime           601681
         Pointer       HASH(0x4510b18)
         Transaction               432
         TransferTime           602036
         Pointer       HASH(0x4510d58)
         Transaction               433
         TransferTime           602316
         Pointer       HASH(0x4510f98)
         Transaction               434
         TransferTime           602641
         Pointer       HASH(0x4514d20)
         Transaction               435
         TransferTime           603361
         Pointer       HASH(0x4514f60)
         Transaction               436
         TransferTime           603751
         Pointer       HASH(0x45151a0)
         Transaction               437
         TransferTime           604076
         Pointer       HASH(0x45153e0)
         Transaction               438
         TransferTime           604356
         Pointer       HASH(0x4515620)
         Transaction               439
         TransferTime           604761
         Pointer       HASH(0x4515860)
         Transaction               440
         TransferTime           604936
         Pointer       HASH(0x4515aa0)

 TraceStart:     213940 ns
 TraceEnd  :     604936 ns
 Starting  :     609046 ns
 Ending    :    1323961 ns

 START pointer HASH(0x32a7c00)
 STOP  pointer HASH(0x435f140)
