 ================================================================================
 Tracefile : uvm_test_top.top_env_i.ahbfab_env_i.mvc_ahb_mon_4_env_i.logger_handle_ahb
 Logfile   : analysis.rpt
 Script    : parse_ahb_tracker.pl 1.03.03
 Date      : 2018-09-10
 Time      :   16:58:21
 Cycle     :          5 ns
 Frequency :     200.00 MHz
 ================================================================================
     1 #       608761
     2 #       608856
     3 #       608951
     4 #       609046
     5 #       609136
     6 #       609231
     7 #       609326
     8 #       609421
     9 #       609511
    10 #       609601
    11 #       609691
    12 #       609786
    13 #       609876
    14 #       609971
    15 #       610066
    16 #       610381
    17 #       610951
    18 #       611521
    19 #       612061
    20 #       612601
    21 #       613171
    22 #       613711
    23 #       614251
    24 #       614791
    25 #       615331
    26 #       615901
    27 #       616441
    28 #       617011
    29 #       617581
    30 #       618151
    31 #       618721
    32 #       619261
    33 #       619831
    34 #       620371
    35 #       620586
    36 #       620681
    37 #       620776
    38 #       620871
    39 #       620966
    40 #       621061
    41 #       621151
    42 #       621236
    43 #       621326
    44 #       621371
    45 #       621416
    46 #       621466
    47 #       621496
    48 #       621561
    49 #       621606
    50 #       621731
    51 #       621906
    52 #       621946
    53 #       622191
    54 #       622271
    55 #       622351
    56 #       622516
    57 #       622646
    58 #       622741
    59 #       622836
    60 #       622926
    61 #       623031
    62 #       623226
    63 #       623301
    64 #       623471
    65 #       623601
    66 #       623791
    67 #       623996
    68 #       624161
    69 #       624381
    70 #       624586
    71 #       624736
    72 #       624841
    73 #       625001
    74 #       625091
    75 #       625231
    76 #       625346
    77 #       625581
    78 #       625741
    79 #       625821
    80 #       625981
    81 #       626036
    82 #       626126
    83 #       626336
    84 #       626551
    85 #       626701
    86 #       626886
    87 #       627026
    88 #       627131
    89 #       627146
    90 #       627256
    91 #       627361
    92 #       627501
    93 #       627561
    94 #       627701
    95 #       627746
    96 #       627936
    97 #       627986
    98 #       628081
    99 #       628171
   100 #       628221
   101 #       628236
   102 #       628251
   103 #       628271
   104 #       628321
   105 #       628366
   106 #       628381
   107 #       628411
   108 #       628441
   109 #       628471
   110 #       628501
   111 #       628591
   112 #       628921
   113 #       629041
   114 #       629611
   115 #       630151
   116 #       630241
   117 #       630301
   118 #       630361
   119 #       630421
   120 #       630511
   121 #       630721
   122 #       630931
   123 #       631051
   124 #       631141
   125 #       631231
   126 #       631321
   127 #       631861
   128 #       632401
   129 #       632941
   130 #       633511
   131 #       633841
   132 #       634141
   133 #       634261
   134 #       634831
   135 #       635401
   136 #       635491
   137 #       636031
   138 #       636571
   139 #       637111
   140 #       637681
   141 #       637891
   142 #       638101
   143 #       638221
   144 #       638971
   145 #       639721
   146 #       639811
   147 #       640351
   148 #       640891
   149 #       641431
   150 #       641971
   151 #       642031
   152 #       642091
   153 #       642211
   154 #       642421
   155 #       642631
   156 #       642721
   157 #       642871
   158 #       643021
   159 #       643171
   160 #       643321
   161 #       643381
   162 #       643441
   163 #       643531
   164 #       644071
   165 #       644611
   166 #       644701
   167 #       645241
   168 #       645781
   169 #       646321
   170 #       646861
   171 #       647461
   172 #       648061
   173 #       648151
   174 #       648691
   175 #       649231
   176 #       649351
   177 #       650281
   178 #       651211
   179 #       652141
   180 #       653071
   181 #       653281
   182 #       653491
   183 #       653581
   184 #       654121
   185 #       654691
   186 #       654781
   187 #       654841
   188 #       654901
   189 #       654961
   190 #       655021
   191 #       655561
   192 #       656101
   193 #       656191
   194 #       656341
   195 #       656521
   196 #       656611
   197 #       656761
   198 #       656911
   199 #       657061
   200 #       657211
   201 #       657361
   202 #       657511
   203 #       657631
   204 #       658141
   205 #       658621
   206 #       658741
   207 #       659311
   208 #       659881
   209 #       660451
   210 #       660991
   211 #       661291
   212 #       661591
   213 #       661681
   214 #       661741
   215 #       661801
   216 #       661921
   217 #       662971
   218 #       664021
   219 #       665071
   220 #       666121
   221 #       666211
   222 #       666301
   223 #       666421
   224 #       667261
   225 #       668071
   226 #       668191
   227 #       668281
   228 #       668371
   229 #       668461
   230 #       668551
   231 #       668881
   232 #       669181
   233 #       669301
   234 #       669631
   235 #       669931
   236 #       670021
   237 #       670891
   238 #       671761
   239 #       672631
   240 #       673531
   241 #       673861
   242 #       674161
   243 #       674281
   244 #       674611
   245 #       674911
   246 #       675001
   247 #       675181
   248 #       675361
   249 #       675541
   250 #       675721
   251 #       675871
   252 #       676021
   253 #       676141
   254 #       676711
   255 #       677281
   256 #       677401
   257 #       677971
   258 #       678541
   259 #       679111
   260 #       679651
   261 #       679711
   262 #       679771
   263 #       679891
   264 #       680461
   265 #       681031
   266 #       681151
   267 #       681241
   268 #       681331
   269 #       681421
   270 #       681511
   271 #       681691
   272 #       681841
   273 #       681961
   274 #       682291
   275 #       682591
   276 #       682681
   277 #       682861
   278 #       683041
   279 #       683221
   280 #       683431
   281 #       683641
   282 #       683851
   283 #       683971
   284 #       684181
   285 #       684361
   286 #       684451
   287 #       684991
   288 #       685531
   289 #       686071
   290 #       686641
   291 #       686851
   292 #       687061
   293 #       687151
   294 #       688171
   295 #       689191
   296 #       689311
   297 #       689671
   298 #       690031
   299 #       690391
   300 #       690751
   301 #       691081
   302 #       691381
   303 #       691501
   304 #       691831
   305 #       692131
   306 #       692251
   307 #       692431
   308 #       692611
   309 #       692791
   310 #       692941
   311 #       693121
   312 #       693331
   313 #       693451
   314 #       693661
   315 #       693841
   316 #       693931
   317 #       694441
   318 #       694951
   319 #       695461
   320 #       696001
   321 #       696181
   322 #       696361
   323 #       696481
   324 #       696811
   325 #       697141
   326 #       697231
   327 #       697771
   328 #       698311
   329 #       698851
   330 #       699391
   331 #       699931
   332 #       700471
   333 #       700561
   334 #       700621
   335 #       700681
   336 #       700801
   337 #       701131
   338 #       701461
   339 #       701791
   340 #       702121
   341 #       702211
   342 #       702271
   343 #       702391
   344 #       702721
   345 #       703021
   346 #       703141
   347 #       703471
   348 #       703801
   349 #       704131
   350 #       704461
   351 #       704671
   352 #       704851
   353 #       704941
   354 #       705001
   355 #       705091
   356 #       705181
   357 #       705991
   358 #       706801
   359 #       707611
   360 #       708451
   361 #       708541
   362 #       708601
   363 #       708691
   364 #       708991
   365 #       709291
   366 #       709411
   367 #       709621
   368 #       709831
   369 #       710041
   370 #       710221
   371 #       710401
   372 #       710581
   373 #       710701
   374 #       711271
   375 #       711811
   376 #       711901
   377 #       712081
   378 #       712261
   379 #       712441
   380 #       712651
   381 #       712861
   382 #       713041
   383 #       713131
   384 #       713191
   385 #       713251
   386 #       713341
   387 #       713881
   388 #       714421
   389 #       714961
   390 #       715531
   391 #       716101
   392 #       716641
   393 #       716731
   394 #       716911
   395 #       717091
   396 #       717211
   397 #       717391
   398 #       717571
   399 #       717751
   400 #       717931
   401 #       718111
   402 #       718291
   403 #       718381
   404 #       718741
   405 #       719101
   406 #       719221
   407 #       719791
   408 #       720361
   409 #       720931
   410 #       721501
   411 #       721741
   412 #       721951
   413 #       722041
   414 #       722341
   415 #       722671
   416 #       722791
   417 #       722971
   418 #       723151
   419 #       723331
   420 #       723481
   421 #       723781
   422 #       724081
   423 #       724171
   424 #       724711
   425 #       725281
   426 #       725371
   427 #       726241
   428 #       727111
   429 #       727981
   430 #       728851
   431 #       729391
   432 #       729961
   433 #       730081
   434 #       730411
   435 #       730711
   436 #       730831
   437 #       731401
   438 #       731971
   439 #       732541
   440 #       733111
   441 #       733441
   442 #       733741
   443 #       733831
   444 #       734131
   445 #       734431
   446 #       734521
   447 #       734701
   448 #       734881
   449 #       735061
   450 #       735241
   451 #       735301
   452 #       735361
   453 #       735481
   454 #       735691
   455 #       735901
   456 #       736021
   457 #       736231
   458 #       736441
   459 #       736651
   460 #       736861
   461 #       737431
   462 #       737971
   463 #       738061
   464 #       738241
   465 #       738451
   466 #       738541
   467 #       738841
   468 #       739141
   469 #       739441
   470 #       739771
   471 #       740071
   472 #       740341
   473 #       740431
   474 #       741301
   475 #       742201
   476 #       742321
   477 #       742531
   478 #       742741
   479 #       742951
   480 #       743161
   481 #       743371
   482 #       743581
   483 #       743701
   484 #       744271
   485 #       744841
   486 #       744961
   487 #       745051
   488 #       745141
   489 #       745231
   490 #       745291
   491 #       745951
   492 #       746611
   493 #       746701
   494 #       746881
   495 #       747061
   496 #       747181
   497 #       747361
   498 #       747541
   499 #       747721
   500 #       747901
   501 #       748441
   502 #       748951
   503 #       749071
   504 #       749401
   505 #       749731
   506 #       749851
   507 #       749941
   508 #       750031
   509 #       750121
   510 #       750181
   511 #       750721
   512 #       751291
   513 #       751381
   514 #       751681
   515 #       752011
   516 #       752131
   517 #       752341
   518 #       752551
   519 #       752761
   520 #       752971
   521 #       753541
   522 #       754081
   523 #       754171
   524 #       754711
   525 #       755251
   526 #       755341
   527 #       755881
   528 #       756421
   529 #       756961
   530 #       757501
   531 #       757561
   532 #       757621
   533 #       757741
   534 #       757831
   535 #       757891
   536 #       757981
   537 #       758521
   538 #       759061
   539 #       759601
   540 #       760141
   541 #       760441
   542 #       760771
   543 #       760891
   544 #       761101
   545 #       761311
   546 #       761431
   547 #       761761
   548 #       762091
   549 #       762421
   550 #       762721
   551 #       763021
   552 #       763351
   553 #       763441
   554 #       763621
   555 #       763801
   556 #       763921
   557 #       764221
   558 #       764521
   559 #       764821
   560 #       765091
   561 #       765391
   562 #       765721
   563 #       765841
   564 #       766171
   565 #       766471
   566 #       766561
   567 #       766741
   568 #       766921
   569 #       767101
   570 #       767281
   571 #       767341
   572 #       767401
   573 #       767521
   574 #       767851
   575 #       768181
   576 #       768271
   577 #       768571
   578 #       768871
   579 #       769171
   580 #       769501
   581 #       769861
   582 #       770191
   583 #       770281
   584 #       770581
   585 #       770911
   586 #       771031
   587 #       771421
   588 #       771811
   589 #       772201
   590 #       772561
   591 #       773101
   592 #       773671
   593 #       773761
   594 #       774301
   595 #       774871
   596 #       774991
   597 #       775171
   598 #       775351
   599 #       775531
   600 #       775681
   601 #       776221
   602 #       776791
   603 #       776911
   604 #       777001
   605 #       777061
   606 #       777151
   607 #       777451
   608 #       777751
   609 #       778051
   610 #       778351
   611 #       778891
   612 #       779431
   613 #       779551
   614 #       779641
   615 #       779701
   616 #       779791
   617 #       779941
   618 #       780091
   619 #       780241
   620 #       780421
   621 #       780511
   622 #       780571
   623 #       780691
   624 #       781261
   625 #       781801
   626 #       781891
   627 #       781951
   628 #       782011
   629 #       782071
   630 #       782131
   631 #       782221
   632 #       782341
   633 #       782461
   634 #       782791
   635 #       783121
   636 #       783211
   637 #       783511
   638 #       783811
   639 #       784111
   640 #       784441
   641 #       784531
   642 #       784591
   643 #       784681
   644 #       785221
   645 #       785791
   646 #       785881
   647 #       786421
   648 #       786961
   649 #       787501
   650 #       788041
   651 #       788221
   652 #       788401
   653 #       788491
   654 #       789031
   655 #       789601
   656 #       789691
   657 #       789991
   658 #       790291
   659 #       790591
   660 #       790921
   661 #       791131
   662 #       791341
   663 #       791431
   664 #       791731
   665 #       792031
   666 #       792151
   667 #       792901
   668 #       793651
   669 #       794401
   670 #       795121
   671 #       795301
   672 #       795481
   673 #       795571
   674 #       795871
   675 #       796201
   676 #       796291
   677 #       797281
   678 #       798271
   679 #       799261
   680 #       800251
   681 #       800311
   682 #       800401
   683 #       800491
   684 #       800641
   685 #       800791
   686 #       800911
   687 #       801241
   688 #       801571
   689 #       801901
   690 #       802201
   691 #       802261
   692 #       802321
   693 #       802441
   694 #       802771
   695 #       803101
   696 #       803191
   697 #       803491
   698 #       803791
   699 #       804091
   700 #       804421
   701 #       804631
   702 #       804841
   703 #       804931
   704 #       804991
   705 #       805081
   706 #       805171
   707 #       805711
   708 #       806251
   709 #       806791
   710 #       807331
   711 #       807511
   712 #       807721
   713 #       807841
   714 #       808411
   715 #       808951
   716 #       809071
   717 #       809161
   718 #       809251
   719 #       809341
   720 #       809401
   721 #       809941
   722 #       810511
   723 #       810631
   724 #       810841
   725 #       811051
   726 #       811171
   727 #       811501
   728 #       811831
   729 #       812161
   730 #       812461
   731 #       812761
   732 #       813061
   733 #       813181
   734 #       813751
   735 #       814291
   736 #       814381
   737 #       814561
   738 #       814741
   739 #       814921
   740 #       815101
   741 #       815161
   742 #       815251
   743 #       815341
   744 #       815881
   745 #       816421
   746 #       816541
   747 #       816631
   748 #       816721
   749 #       816811
   750 #       816901
   751 #       817411
   752 #       817891
   753 #       817981
   754 #       818041
   755 #       818101
   756 #       818191
   757 #       818341
   758 #       818491
   759 #       818641
   760 #       818821
   761 #       819151
   762 #       819451
   763 #       819541
   764 #       819721
   765 #       819901
   766 #       819991
   767 #       820171
   768 #       820351
   769 #       820531
   770 #       820741
   771 #       821071
   772 #       821371
   773 #       821491
   774 #       821701
   775 #       821881
   776 #       821971
   777 #       822931
   778 #       823891
   779 #       824851
   780 #       825841
   781 #       826171
   782 #       826471
   783 #       826591
   784 #       826921
   785 #       827221
   786 #       827311
   787 #       827851
   788 #       828391
   789 #       828931
   790 #       829471
   791 #       830401
   792 #       831361
   793 #       831481
   794 #       831661
   795 #       831811
   796 #       831901
   797 #       832201
   798 #       832501
   799 #       832801
   800 #       833101
   801 #       833641
   802 #       834211
   803 #       834331
   804 #       834901
   805 #       835471
   806 #       835561
   807 #       835771
   808 #       835981
   809 #       836191
   810 #       836401
   811 #       836551
   812 #       836701
   813 #       836821
   814 #       837391
   815 #       837931
   816 #       838051
   817 #       838381
   818 #       838711
   819 #       839041
   820 #       839341
   821 #       839401
   822 #       839461
   823 #       839581
   824 #       839791
   825 #       840001
   826 #       840091
   827 #       840391
   828 #       840691
   829 #       840991
   830 #       841291
   831 #       841351
   832 #       841441
   833 #       841561
   834 #       841651
   835 #       841711
   836 #       841831
   837 #       842401
   838 #       842971
   839 #       843541
   840 #       844111
   841 #       844681
   842 #       845221
   843 #       845341
   844 #       845551
   845 #       845731
   846 #       845821
   847 #       845881
   848 #       845941
   849 #       846001
   850 #       846061
   851 #       846361
   852 #       846661
   853 #       846751
   854 #       847351
   855 #       847951
   856 #       848041
   857 #       848101
   858 #       848161
   859 #       848221
   860 #       848281
   861 #       848551
   862 #       848851
   863 #       848971
   864 #       849241
   865 #       849511
   866 #       849601
   867 #       849871
   868 #       850141
   869 #       850411
   870 #       850711
   871 #       851281
   872 #       851851
   873 #       851971
   874 #       852181
   875 #       852391
   876 #       852511
   877 #       852601
   878 #       852691
   879 #       852781
   880 #       852841
   881 #       853021
   882 #       853231
   883 #       853321
   884 #       853861
   885 #       854431
   886 #       854521
   887 #       854701
   888 #       854881
   889 #       855061
   890 #       855271
   891 #       855841
   892 #       856381
   893 #       856501
   894 #       857191
   895 #       857851
   896 #       857971
   897 #       858781
   898 #       859591
   899 #       860401
   900 #       861211
   901 #       861391
   902 #       861541
   903 #       861631
   904 #       862171
   905 #       862711
   906 #       862801
   907 #       863311
   908 #       863821
   909 #       864331
   910 #       864871
   911 #       865201
   912 #       865531
   913 #       865621
   914 #       865801
   915 #       866011
   916 #       866101
   917 #       866401
   918 #       866701
   919 #       867001
   920 #       867331
   921 #       868351
   922 #       869371
   923 #       869491
   924 #       869581
   925 #       869671
   926 #       869761
   927 #       869821
   928 #       869881
   929 #       869941
   930 #       870031
   931 #       870211
   932 #       870361
   933 #       870481
   934 #       870571
   935 #       870661
   936 #       870781
   937 #       871771
   938 #       872761
   939 #       873751
   940 #       874741
   941 #       875311
   942 #       875851
   943 #       875941
   944 #       876481
   945 #       877051
   946 #       877171
   947 #       877471
   948 #       877771
   949 #       878071
   950 #       878341
   951 #       878641
   952 #       878971
   953 #       879061
   954 #       879361
   955 #       879661
   956 #       879781
   957 #       880831
   958 #       881881
   959 #       882931
   960 #       883981
   961 #       884551
   962 #       885091
   963 #       885211
   964 #       885391
   965 #       885541
   966 #       885631
   967 #       886141
   968 #       886651
   969 #       887161
   970 #       887671
   971 #       888211
   972 #       888751
   973 #       888871
   974 #       888961
   975 #       889021
   976 #       889141
   977 #       889711
   978 #       890281
   979 #       890851
   980 #       891391
   981 #       891691
   982 #       891991
   983 #       892081
   984 #       892141
   985 #       892201
   986 #       892291
   987 #       892351
   988 #       892411
   989 #       892471
   990 #       892561
   991 #       892861
   992 #       893131
   993 #       893221
   994 #       893521
   995 #       893851
   996 #       893971
   997 #       894541
   998 #       895111
   999 #       895681
  1000 #       896251
  1001 #       896581
  1002 #       896911
  1003 #       897031
  1004 #       897601
  1005 #       898141
  1006 #       898231
  1007 #       898381
  1008 #       898531
  1009 #       898681
  1010 #       898861
  1011 #       899041
  1012 #       899221
  1013 #       899311
  1014 #       899581
  1015 #       899851
  1016 #       899971
  1017 #       900301
  1018 #       900631
  1019 #       900961
  1020 #       901261
  1021 #       901561
  1022 #       901861
  1023 #       901981
  1024 #       902551
  1025 #       903121
  1026 #       903241
  1027 #       903331
  1028 #       903421
  1029 #       903511
  1030 #       903571
  1031 #       903871
  1032 #       904171
  1033 #       904261
  1034 #       904561
  1035 #       904861
  1036 #       904951
  1037 #       905491
  1038 #       906031
  1039 #       906571
  1040 #       907111
  1041 #       907291
  1042 #       907471
  1043 #       907591
  1044 #       908161
  1045 #       908701
  1046 #       908791
  1047 #       909241
  1048 #       909691
  1049 #       910141
  1050 #       910621
  1051 #       910951
  1052 #       911251
  1053 #       911341
  1054 #       911401
  1055 #       911491
  1056 #       911581
  1057 #       911641
  1058 #       911701
  1059 #       911761
  1060 #       911851
  1061 #       912181
  1062 #       912511
  1063 #       912601
  1064 #       913141
  1065 #       913681
  1066 #       913771
  1067 #       913831
  1068 #       913891
  1069 #       913951
  1070 #       914011
  1071 #       914281
  1072 #       914581
  1073 #       914701
  1074 #       914911
  1075 #       915121
  1076 #       915211
  1077 #       915391
  1078 #       915571
  1079 #       915751
  1080 #       915961
  1081 #       916861
  1082 #       917731
  1083 #       917851
  1084 #       918421
  1085 #       918991
  1086 #       919081
  1087 #       919951
  1088 #       920821
  1089 #       921691
  1090 #       922561
  1091 #       923101
  1092 #       923641
  1093 #       923761
  1094 #       924061
  1095 #       924361
  1096 #       924451
  1097 #       924631
  1098 #       924811
  1099 #       924991
  1100 #       925201
  1101 #       925561
  1102 #       925891
  1103 #       925981
  1104 #       926161
  1105 #       926371
  1106 #       926461
  1107 #       927001
  1108 #       927541
  1109 #       928081
  1110 #       928621
  1111 #       928891
  1112 #       929191
  1113 #       929311
  1114 #       929641
  1115 #       929941
  1116 #       930031
  1117 #       930571
  1118 #       931111
  1119 #       931651
  1120 #       932221
  1121 #       932311
  1122 #       932401
  1123 #       932521
  1124 #       932851
  1125 #       933181
  1126 #       933301
  1127 #       933391
  1128 #       933481
  1129 #       933571
  1130 #       933631
  1131 #       933931
  1132 #       934261
  1133 #       934351
  1134 #       934651
  1135 #       934951
  1136 #       935041
  1137 #       935101
  1138 #       935161
  1139 #       935221
  1140 #       935311
  1141 #       935641
  1142 #       935971
  1143 #       936091
  1144 #       936301
  1145 #       936511
  1146 #       936631
  1147 #       937201
  1148 #       937771
  1149 #       938341
  1150 #       938881
  1151 #       939001
  1152 #       939151
  1153 #       939241
  1154 #       939421
  1155 #       939601
  1156 #       939691
  1157 #       939841
  1158 #       939991
  1159 #       940141
  1160 #       940321
  1161 #       940531
  1162 #       940711
  1163 #       940831
  1164 #       940921
  1165 #       941011
  1166 #       941101
  1167 #       941401
  1168 #       941701
  1169 #       942001
  1170 #       942331
  1171 #       942541
  1172 #       942721
  1173 #       942841
  1174 #       943051
  1175 #       943231
  1176 #       943351
  1177 #       943681
  1178 #       944011
  1179 #       944341
  1180 #       944641
  1181 #       945181
  1182 #       945721
  1183 #       945811
  1184 #       946111
  1185 #       946441
  1186 #       946531
  1187 #       947371
  1188 #       948211
  1189 #       949051
  1190 #       949891
  1191 #       950191
  1192 #       950491
  1193 #       950611
  1194 #       950821
  1195 #       951001
  1196 #       951091
  1197 #       951631
  1198 #       952171
  1199 #       952711
  1200 #       953251
  1201 #       953581
  1202 #       953911
  1203 #       954031
  1204 #       954451
  1205 #       954871
  1206 #       954991
  1207 #       955561
  1208 #       956131
  1209 #       956701
  1210 #       957271
  1211 #       957841
  1212 #       958381
  1213 #       958501
  1214 #       958831
  1215 #       959161
  1216 #       959251
  1217 #       959311
  1218 #       959371
  1219 #       959431
  1220 #       959491
  1221 #       960031
  1222 #       960601
  1223 #       960691
  1224 #       960991
  1225 #       961291
  1226 #       961411
  1227 #       961981
  1228 #       962551
  1229 #       963121
  1230 #       963691
  1231 #       963781
  1232 #       963871
  1233 #       963961
  1234 #       964141
  1235 #       964351
  1236 #       964471
  1237 #       964681
  1238 #       964891
  1239 #       965101
  1240 #       965281
  1241 #       965461
  1242 #       965641
  1243 #       965731
  1244 #       965851
  1245 #       966001
  1246 #       966121
  1247 #       966451
  1248 #       966781
  1249 #       967111
  1250 #       967411
  1251 #       967471
  1252 #       967531
  1253 #       967651
  1254 #       967861
  1255 #       968041
  1256 #       968131
  1257 #       968431
  1258 #       968731
  1259 #       969031
  1260 #       969331
  1261 #       969811
  1262 #       970291
  1263 #       970381
  1264 #       970681
  1265 #       971011
  1266 #       971131
  1267 #       971701
  1268 #       972271
  1269 #       972841
  1270 #       973411
  1271 #       973621
  1272 #       973801
  1273 #       973891
  1274 #       974191
  1275 #       974521
  1276 #       974641
  1277 #       974971
  1278 #       975301
  1279 #       975631
  1280 #       975931
  1281 #       976231
  1282 #       976561
  1283 #       976651
  1284 #       976921
  1285 #       977221
  1286 #       977341
  1287 #       977551
  1288 #       977761
  1289 #       977971
  1290 #       978181
  1291 #       978391
  1292 #       978571
  1293 #       978661
  1294 #       978721
  1295 #       978811
  1296 #       978931
  1297 #       979261
  1298 #       979591
  1299 #       979921
  1300 #       980221
  1301 #       980761
  1302 #       981301
  1303 #       981421
  1304 #       981991
  1305 #       982561
  1306 #       982681
  1307 #       982891
  1308 #       983101
  1309 #       983311
  1310 #       983521
  1311 #       983731
  1312 #       983911
  1313 #       984001
  1314 #       984181
  1315 #       984391
  1316 #       984481
  1317 #       984781
  1318 #       985081
  1319 #       985381
  1320 #       985711
  1321 #       986041
  1322 #       986341
  1323 #       986461
  1324 #       986551
  1325 #       986641
  1326 #       986761
  1327 #       987331
  1328 #       987901
  1329 #       988471
  1330 #       989041
  1331 #       989221
  1332 #       989371
  1333 #       989491
  1334 #       989701
  1335 #       989911
  1336 #       990001
  1337 #       990181
  1338 #       990361
  1339 #       990541
  1340 #       990751
  1341 #       990961
  1342 #       991141
  1343 #       991231
  1344 #       992131
  1345 #       993061
  1346 #       993151
  1347 #       993451
  1348 #       993751
  1349 #       994051
  1350 #       994381
  1351 #       994891
  1352 #       995401
  1353 #       995521
  1354 #       995731
  1355 #       995911
  1356 #       996001
  1357 #       996301
  1358 #       996601
  1359 #       996901
  1360 #       997231
  1361 #       997531
  1362 #       997801
  1363 #       997921
  1364 #       998491
  1365 #       999061
  1366 #       999151
  1367 #       999451
  1368 #       999751
  1369 #      1000051
  1370 #      1000351
  1371 #      1000471
  1372 #      1000621
  1373 #      1000741
  1374 #      1001251
  1375 #      1001731
  1376 #      1001851
  1377 #      1002421
  1378 #      1002991
  1379 #      1003561
  1380 #      1004101
  1381 #      1004371
  1382 #      1004641
  1383 #      1004731
  1384 #      1004881
  1385 #      1005061
  1386 #      1005151
  1387 #      1005451
  1388 #      1005751
  1389 #      1006051
  1390 #      1006351
  1391 #      1006891
  1392 #      1007431
  1393 #      1007551
  1394 #      1008061
  1395 #      1008571
  1396 #      1008691
  1397 #      1008871
  1398 #      1009051
  1399 #      1009231
  1400 #      1009381
  1401 #      1009531
  1402 #      1009681
  1403 #      1009801
  1404 #      1010641
  1405 #      1011451
  1406 #      1011571
  1407 #      1011781
  1408 #      1011991
  1409 #      1012201
  1410 #      1012411
  1411 #      1012501
  1412 #      1012591
  1413 #      1012711
  1414 #      1012921
  1415 #      1013131
  1416 #      1013221
  1417 #      1013371
  1418 #      1013521
  1419 #      1013671
  1420 #      1013821
  1421 #      1014121
  1422 #      1014421
  1423 #      1014541
  1424 #      1014721
  1425 #      1014901
  1426 #      1015021
  1427 #      1016071
  1428 #      1017121
  1429 #      1018171
  1430 #      1019191
  1431 #      1019251
  1432 #      1019341
  1433 #      1019431
  1434 #      1019971
  1435 #      1020541
  1436 #      1020661
  1437 #      1020751
  1438 #      1020841
  1439 #      1020931
  1440 #      1020991
  1441 #      1021531
  1442 #      1022071
  1443 #      1022161
  1444 #      1022461
  1445 #      1022761
  1446 #      1022851
  1447 #      1023151
  1448 #      1023451
  1449 #      1023751
  1450 #      1024081
  1451 #      1024171
  1452 #      1024231
  1453 #      1024321
  1454 #      1024621
  1455 #      1024921
  1456 #      1025041
  1457 #      1025611
  1458 #      1026181
  1459 #      1026751
  1460 #      1027321
  1461 #      1027921
  1462 #      1028491
  1463 #      1028611
  1464 #      1029451
  1465 #      1030291
  1466 #      1030381
  1467 #      1030921
  1468 #      1031461
  1469 #      1032001
  1470 #      1032541
  1471 #      1032601
  1472 #      1032661
  1473 #      1032751
  1474 #      1032901
  1475 #      1033081
  1476 #      1033201
  1477 #      1033591
  1478 #      1033981
  1479 #      1034371
  1480 #      1034761
  1481 #      1035601
  1482 #      1036411
  1483 #      1036501
  1484 #      1036561
  1485 #      1036651
  1486 #      1036771
  1487 #      1037101
  1488 #      1037431
  1489 #      1037761
  1490 #      1038061
  1491 #      1038361
  1492 #      1038661
  1493 #      1038781
  1494 #      1039351
  1495 #      1039921
  1496 #      1040041
  1497 #      1040611
  1498 #      1041181
  1499 #      1041751
  1500 #      1042291
  1501 #      1042831
  1502 #      1043371
  1503 #      1043491
  1504 #      1043671
  1505 #      1043851
  1506 #      1043941
  1507 #      1044241
  1508 #      1044541
  1509 #      1044841
  1510 #      1045141
  1511 #      1045681
  1512 #      1046251
  1513 #      1046341
  1514 #      1046491
  1515 #      1046671
  1516 #      1046761
  1517 #      1047751
  1518 #      1048741
  1519 #      1049731
  1520 #      1050721
  1521 #      1051261
  1522 #      1051831
  1523 #      1051921
  1524 #      1052461
  1525 #      1053001
  1526 #      1053121
  1527 #      1053211
  1528 #      1053301
  1529 #      1053391
  1530 #      1053481
  1531 #      1053811
  1532 #      1054111
  1533 #      1054201
  1534 #      1054351
  1535 #      1054501
  1536 #      1054621
  1537 #      1054831
  1538 #      1055041
  1539 #      1055251
  1540 #      1055461
  1541 #      1055671
  1542 #      1055851
  1543 #      1055941
  1544 #      1056001
  1545 #      1056091
  1546 #      1056181
  1547 #      1056721
  1548 #      1057261
  1549 #      1057801
  1550 #      1058341
  1551 #      1058641
  1552 #      1058971
  1553 #      1059061
  1554 #      1059361
  1555 #      1059691
  1556 #      1059781
  1557 #      1060621
  1558 #      1061461
  1559 #      1062301
  1560 #      1063171
  1561 #      1063381
  1562 #      1063591
  1563 #      1063711
  1564 #      1064701
  1565 #      1065691
  1566 #      1065811
  1567 #      1066021
  1568 #      1066231
  1569 #      1066441
  1570 #      1066651
  1571 #      1066741
  1572 #      1066801
  1573 #      1066891
  1574 #      1067041
  1575 #      1067221
  1576 #      1067341
  1577 #      1067671
  1578 #      1068001
  1579 #      1068331
  1580 #      1068661
  1581 #      1069231
  1582 #      1069771
  1583 #      1069861
  1584 #      1070041
  1585 #      1070221
  1586 #      1070341
  1587 #      1070551
  1588 #      1070761
  1589 #      1070971
  1590 #      1071151
  1591 #      1071211
  1592 #      1071271
  1593 #      1071361
  1594 #      1071541
  1595 #      1071751
  1596 #      1071871
  1597 #      1072201
  1598 #      1072531
  1599 #      1072861
  1600 #      1073161
  1601 #      1073221
  1602 #      1073281
  1603 #      1073371
  1604 #      1073521
  1605 #      1073671
  1606 #      1073791
  1607 #      1074361
  1608 #      1074931
  1609 #      1075501
  1610 #      1076041
  1611 #      1076341
  1612 #      1076671
  1613 #      1076761
  1614 #      1077301
  1615 #      1077871
  1616 #      1077961
  1617 #      1078861
  1618 #      1079761
  1619 #      1080661
  1620 #      1081591
  1621 #      1081921
  1622 #      1082221
  1623 #      1082311
  1624 #      1082851
  1625 #      1083421
  1626 #      1083541
  1627 #      1084111
  1628 #      1084681
  1629 #      1085251
  1630 #      1085791
  1631 #      1086331
  1632 #      1086901
  1633 #      1086991
  1634 #      1087291
  1635 #      1087621
  1636 #      1087741
  1637 #      1088311
  1638 #      1088881
  1639 #      1089451
  1640 #      1090021
  1641 #      1090591
  1642 #      1091161
  1643 #      1091251
  1644 #      1092091
  1645 #      1092931
  1646 #      1093021
  1647 #      1093201
  1648 #      1093381
  1649 #      1093561
  1650 #      1093771
  1651 #      1094311
  1652 #      1094821
  1653 #      1094911
  1654 #      1095091
  1655 #      1095271
  1656 #      1095391
  1657 #      1095721
  1658 #      1096051
  1659 #      1096381
  1660 #      1096711
  1661 #      1097731
  1662 #      1098721
  1663 #      1098811
  1664 #      1099351
  1665 #      1099891
  1666 #      1099981
  1667 #      1100491
  1668 #      1101001
  1669 #      1101511
  1670 #      1102021
  1671 #      1102561
  1672 #      1103101
  1673 #      1103221
  1674 #      1104121
  1675 #      1105021
  1676 #      1105141
  1677 #      1105711
  1678 #      1106281
  1679 #      1106851
  1680 #      1107391
  1681 #      1107571
  1682 #      1107781
  1683 #      1107871
  1684 #      1108141
  1685 #      1108411
  1686 #      1108501
  1687 #      1108681
  1688 #      1108861
  1689 #      1109041
  1690 #      1109221
  1691 #      1109311
  1692 #      1109401
  1693 #      1109491
  1694 #      1109641
  1695 #      1109821
  1696 #      1109941
  1697 #      1110271
  1698 #      1110601
  1699 #      1110931
  1700 #      1111261
  1701 #      1111471
  1702 #      1111681
  1703 #      1111801
  1704 #      1112131
  1705 #      1112461
  1706 #      1112581
  1707 #      1112671
  1708 #      1112761
  1709 #      1112851
  1710 #      1112911
  1711 #      1113061
  1712 #      1113241
  1713 #      1113331
  1714 #      1113601
  1715 #      1113871
  1716 #      1113991
  1717 #      1114201
  1718 #      1114411
  1719 #      1114621
  1720 #      1114801
  1721 #      1115101
  1722 #      1115401
  1723 #      1115521
  1724 #      1115611
  1725 #      1115701
  1726 #      1115821
  1727 #      1116151
  1728 #      1116481
  1729 #      1116811
  1730 #      1117111
  1731 #      1117261
  1732 #      1117441
  1733 #      1117561
  1734 #      1118131
  1735 #      1118671
  1736 #      1118761
  1737 #      1118821
  1738 #      1118881
  1739 #      1118941
  1740 #      1119001
  1741 #      1119541
  1742 #      1120111
  1743 #      1120231
  1744 #      1120561
  1745 #      1120861
  1746 #      1120981
  1747 #      1121071
  1748 #      1121161
  1749 #      1121251
  1750 #      1121341
  1751 #      1121671
  1752 #      1121971
  1753 #      1122061
  1754 #      1122301
  1755 #      1122571
  1756 #      1122691
  1757 #      1123021
  1758 #      1123351
  1759 #      1123681
  1760 #      1123981
  1761 #      1124281
  1762 #      1124611
  1763 #      1124701
  1764 #      1124881
  1765 #      1125061
  1766 #      1125181
  1767 #      1125571
  1768 #      1125961
  1769 #      1126351
  1770 #      1126711
  1771 #      1126981
  1772 #      1127281
  1773 #      1127371
  1774 #      1127431
  1775 #      1127521
  1776 #      1127611
  1777 #      1127911
  1778 #      1128211
  1779 #      1128511
  1780 #      1128841
  1781 #      1129171
  1782 #      1129471
  1783 #      1129561
  1784 #      1129621
  1785 #      1129711
  1786 #      1129801
  1787 #      1129861
  1788 #      1129921
  1789 #      1129981
  1790 #      1130071
  1791 #      1130161
  1792 #      1130221
  1793 #      1130341
  1794 #      1130671
  1795 #      1130971
  1796 #      1131061
  1797 #      1131241
  1798 #      1131421
  1799 #      1131601
  1800 #      1131781
  1801 #      1132081
  1802 #      1132381
  1803 #      1132501
  1804 #      1132681
  1805 #      1132831
  1806 #      1132951
  1807 #      1133041
  1808 #      1133131
  1809 #      1133221
  1810 #      1133281
  1811 #      1133821
  1812 #      1134391
  1813 #      1134481
  1814 #      1135081
  1815 #      1135681
  1816 #      1135801
  1817 #      1136131
  1818 #      1136461
  1819 #      1136791
  1820 #      1137121
  1821 #      1137541
  1822 #      1137961
  1823 #      1138051
  1824 #      1138591
  1825 #      1139161
  1826 #      1139281
  1827 #      1139491
  1828 #      1139701
  1829 #      1139911
  1830 #      1140091
  1831 #      1140961
  1832 #      1141861
  1833 #      1141981
  1834 #      1142431
  1835 #      1142851
  1836 #      1142971
  1837 #      1143301
  1838 #      1143631
  1839 #      1143961
  1840 #      1144291
  1841 #      1144621
  1842 #      1144921
  1843 #      1145041
  1844 #      1145371
  1845 #      1145701
  1846 #      1145791
  1847 #      1146331
  1848 #      1146871
  1849 #      1147411
  1850 #      1147951
  1851 #      1148101
  1852 #      1148281
  1853 #      1148401
  1854 #      1148701
  1855 #      1149001
  1856 #      1149121
  1857 #      1149331
  1858 #      1149541
  1859 #      1149751
  1860 #      1149961
  1861 #      1150171
  1862 #      1150351
  1863 #      1150471
  1864 #      1150681
  1865 #      1150861
  1866 #      1150981
  1867 #      1151311
  1868 #      1151641
  1869 #      1151971
  1870 #      1152271
  1871 #      1152811
  1872 #      1153381
  1873 #      1153501
  1874 #      1153591
  1875 #      1153651
  1876 #      1153771
  1877 #      1154101
  1878 #      1154431
  1879 #      1154761
  1880 #      1155061
  1881 #      1155601
  1882 #      1156171
  1883 #      1156291
  1884 #      1156501
  1885 #      1156681
  1886 #      1156801
  1887 #      1157011
  1888 #      1157221
  1889 #      1157431
  1890 #      1157641
  1891 #      1158211
  1892 #      1158751
  1893 #      1158871
  1894 #      1159081
  1895 #      1159261
  1896 #      1159381
  1897 #      1159711
  1898 #      1160041
  1899 #      1160371
  1900 #      1160671
  1901 #      1161211
  1902 #      1161751
  1903 #      1161871
  1904 #      1162201
  1905 #      1162501
  1906 #      1162621
  1907 #      1163161
  1908 #      1163701
  1909 #      1164241
  1910 #      1164781
  1911 #      1164961
  1912 #      1165111
  1913 #      1165231
  1914 #      1165411
  1915 #      1165591
  1916 #      1165711
  1917 #      1166041
  1918 #      1166371
  1919 #      1166701
  1920 #      1167001
  1921 #      1167541
  1922 #      1168111
  1923 #      1168231
  1924 #      1168411
  1925 #      1168561
  1926 #      1168651
  1927 #      1168711
  1928 #      1168771
  1929 #      1168831
  1930 #      1168891
  1931 #      1168951
  1932 #      1169041
  1933 #      1169161
  1934 #      1169371
  1935 #      1169581
  1936 #      1169701
  1937 #      1169911
  1938 #      1170121
  1939 #      1170331
  1940 #      1170541
  1941 #      1171111
  1942 #      1171681
  1943 #      1171801
  1944 #      1172371
  1945 #      1172941
  1946 #      1173061
  1947 #      1173151
  1948 #      1173241
  1949 #      1173331
  1950 #      1173391
  1951 #      1173691
  1952 #      1174021
  1953 #      1174141
  1954 #      1174681
  1955 #      1175221
  1956 #      1175341
  1957 #      1175911
  1958 #      1176481
  1959 #      1177051
  1960 #      1177621
  1961 #      1178611
  1962 #      1179571
  1963 #      1179661
  1964 #      1179961
  1965 #      1180261
  1966 #      1180351
  1967 #      1180861
  1968 #      1181371
  1969 #      1181881
  1970 #      1182391
  1971 #      1182541
  1972 #      1182721
  1973 #      1182811
  1974 #      1183111
  1975 #      1183441
  1976 #      1183531
  1977 #      1183591
  1978 #      1183651
  1979 #      1183711
  1980 #      1183771
  1981 #      1184281
  1982 #      1184821
  1983 #      1184911
  1984 #      1185211
  1985 #      1185541
  1986 #      1185631
  1987 #      1186261
  1988 #      1186891
  1989 #      1187521
  1990 #      1188181
  1991 #      1188391
  1992 #      1188601
  1993 #      1188691
  1994 #      1189231
  1995 #      1189771
  1996 #      1189861
  1997 #      1190041
  1998 #      1190221
  1999 #      1190401
  2000 #      1190581
  2001 #      1190731
  2002 #      1190911
  2003 #      1191031
  2004 #      1191121
  2005 #      1191181
  2006 #      1191271
  2007 #      1191451
  2008 #      1191631
  2009 #      1191811
  2010 #      1191991
  2011 #      1192171
  2012 #      1192381
  2013 #      1192501
  2014 #      1192831
  2015 #      1193161
  2016 #      1193251
  2017 #      1193791
  2018 #      1194331
  2019 #      1194871
  2020 #      1195441
  2021 #      1195531
  2022 #      1195621
  2023 #      1195711
  2024 #      1195861
  2025 #      1196041
  2026 #      1196131
  2027 #      1196431
  2028 #      1196731
  2029 #      1197031
  2030 #      1197361
  2031 #      1197451
  2032 #      1197541
  2033 #      1197661
  2034 #      1197991
  2035 #      1198291
  2036 #      1198381
  2037 #      1198681
  2038 #      1198981
  2039 #      1199281
  2040 #      1199581
  2041 #      1199641
  2042 #      1199701
  2043 #      1199821
  2044 #      1200331
  2045 #      1200841
  2046 #      1200931
  2047 #      1201111
  2048 #      1201291
  2049 #      1201471
  2050 #      1201651
  2051 #      1202191
  2052 #      1202761
  2053 #      1202851
  2054 #      1203031
  2055 #      1203241
  2056 #      1203331
  2057 #      1203871
  2058 #      1204411
  2059 #      1204951
  2060 #      1205491
  2061 #      1205791
  2062 #      1206091
  2063 #      1206211
  2064 #      1207201
  2065 #      1208161
  2066 #      1208281
  2067 #      1208491
  2068 #      1208701
  2069 #      1208911
  2070 #      1209091
  2071 #      1209631
  2072 #      1210171
  2073 #      1210261
  2074 #      1210411
  2075 #      1210591
  2076 #      1210681
  2077 #      1211221
  2078 #      1211761
  2079 #      1212301
  2080 #      1212871
  2081 #      1212961
  2082 #      1213051
  2083 #      1213141
  2084 #      1213441
  2085 #      1213741
  2086 #      1213831
  2087 #      1214011
  2088 #      1214191
  2089 #      1214371
  2090 #      1214551
  2091 #      1214611
  2092 #      1214701
  2093 #      1214791
  2094 #      1214971
  2095 #      1215151
  2096 #      1215271
  2097 #      1215601
  2098 #      1215931
  2099 #      1216261
  2100 #      1216561
  2101 #      1217431
  2102 #      1218301
  2103 #      1218391
  2104 #      1218931
  2105 #      1219471
  2106 #      1219591
  2107 #      1219801
  2108 #      1220011
  2109 #      1220221
  2110 #      1220401
  2111 #      1220461
  2112 #      1220551
  2113 #      1220671
  2114 #      1221241
  2115 #      1221781
  2116 #      1221871
  2117 #      1222051
  2118 #      1222231
  2119 #      1222411
  2120 #      1222591
  2121 #      1223101
  2122 #      1223641
  2123 #      1223761
  2124 #      1223971
  2125 #      1224151
  2126 #      1224271
  2127 #      1224361
  2128 #      1224451
  2129 #      1224541
  2130 #      1224631
  2131 #      1224961
  2132 #      1225261
  2133 #      1225381
  2134 #      1225951
  2135 #      1226521
  2136 #      1226641
  2137 #      1226971
  2138 #      1227301
  2139 #      1227631
  2140 #      1227961
  2141 #      1228171
  2142 #      1228381
  2143 #      1228471
  2144 #      1228771
  2145 #      1229071
  2146 #      1229161
  2147 #      1229461
  2148 #      1229761
  2149 #      1230061
  2150 #      1230391
  2151 #      1230481
  2152 #      1230571
  2153 #      1230691
  2154 #      1231321
  2155 #      1231951
  2156 #      1232071
  2157 #      1232281
  2158 #      1232491
  2159 #      1232701
  2160 #      1232911
  2161 #      1233841
  2162 #      1234771
  2163 #      1234861
  2164 #      1235041
  2165 #      1235221
  2166 #      1235341
  2167 #      1235521
  2168 #      1235701
  2169 #      1235881
  2170 #      1236031
  2171 #      1236121
  2172 #      1236211
  2173 #      1236301
  2174 #      1236361
  2175 #      1236421
  2176 #      1236511
  2177 #      1236661
  2178 #      1236811
  2179 #      1236961
  2180 #      1237141
  2181 #      1237711
  2182 #      1238281
  2183 #      1238371
  2184 #      1238911
  2185 #      1239451
  2186 #      1239571
  2187 #      1239781
  2188 #      1239991
  2189 #      1240201
  2190 #      1240411
  2191 #      1240981
  2192 #      1241551
  2193 #      1241671
  2194 #      1242121
  2195 #      1242571
  2196 #      1242691
  2197 #      1243261
  2198 #      1243831
  2199 #      1244401
  2200 #      1244941
  2201 #      1245241
  2202 #      1245571
  2203 #      1245691
  2204 #      1246261
  2205 #      1246831
  2206 #      1246921
  2207 #      1246981
  2208 #      1247041
  2209 #      1247101
  2210 #      1247161
  2211 #      1247701
  2212 #      1248241
  2213 #      1248331
  2214 #      1248631
  2215 #      1248961
  2216 #      1249051
  2217 #      1249321
  2218 #      1249591
  2219 #      1249861
  2220 #      1250161
  2221 #      1250341
  2222 #      1250521
  2223 #      1250641
  2224 #      1251211
  2225 #      1251781
  2226 #      1251901
  2227 #      1252111
  2228 #      1252321
  2229 #      1252531
  2230 #      1252711
  2231 #      1253251
  2232 #      1253791
  2233 #      1253881
  2234 #      1253941
  2235 #      1254001
  2236 #      1254091
  2237 #      1254631
  2238 #      1255171
  2239 #      1255711
  2240 #      1256281
  2241 #      1256491
  2242 #      1256671
  2243 #      1256761
  2244 #      1257361
  2245 #      1257961
  2246 #      1258051
  2247 #      1258351
  2248 #      1258651
  2249 #      1258951
  2250 #      1259281
  2251 #      1259611
  2252 #      1259911
  2253 #      1260001
  2254 #      1260301
  2255 #      1260601
  2256 #      1260691
  2257 #      1260751
  2258 #      1260811
  2259 #      1260871
  2260 #      1260931
  2261 #      1261111
  2262 #      1261291
  2263 #      1261411
  2264 #      1261741
  2265 #      1262071
  2266 #      1262161
  2267 #      1262671
  2268 #      1263181
  2269 #      1263691
  2270 #      1264201
  2271 #      1265251
  2272 #      1266331
  2273 #      1266451
  2274 #      1266541
  2275 #      1266631
  2276 #      1266751
  2277 #      1266961
  2278 #      1267171
  2279 #      1267381
  2280 #      1267561
  2281 #      1267711
  2282 #      1267891
  2283 #      1267981
  2284 #      1268581
  2285 #      1269181
  2286 #      1269301
  2287 #      1269871
  2288 #      1270441
  2289 #      1271011
  2290 #      1271551
  2291 #      1271611
  2292 #      1271701
  2293 #      1271791
  2294 #      1271941
  2295 #      1272091
  2296 #      1272181
  2297 #      1272721
  2298 #      1273261
  2299 #      1273801
  2300 #      1274371
  2301 #      1274701
  2302 #      1275031
  2303 #      1275151
  2304 #      1276201
  2305 #      1277221
  2306 #      1277341
  2307 #      1277671
  2308 #      1278001
  2309 #      1278331
  2310 #      1278661
  2311 #      1279201
  2312 #      1279711
  2313 #      1279801
  2314 #      1280341
  2315 #      1280881
  2316 #      1280971
  2317 #      1281511
  2318 #      1282051
  2319 #      1282591
  2320 #      1283131
  2321 #      1283191
  2322 #      1283281
  2323 #      1283401
  2324 #      1283731
  2325 #      1284061
  2326 #      1284181
  2327 #      1284751
  2328 #      1285321
  2329 #      1285891
  2330 #      1286431
  2331 #      1286611
  2332 #      1286791
  2333 #      1286911
  2334 #      1287211
  2335 #      1287481
  2336 #      1287601
  2337 #      1287691
  2338 #      1287781
  2339 #      1287871
  2340 #      1287931
  2341 #      1288471
  2342 #      1289011
  2343 #      1289131
  2344 #      1289701
  2345 #      1290271
  2346 #      1290391
  2347 #      1290961
  2348 #      1291531
  2349 #      1292101
  2350 #      1292671
  2351 #      1293451
  2352 #      1294201
  2353 #      1294321
  2354 #      1294411
  2355 #      1294471
  2356 #      1294561
  2357 #      1294861
  2358 #      1295161
  2359 #      1295461
  2360 #      1295761
  2361 #      1296301
  2362 #      1296871
  2363 #      1296961
  2364 #      1297261
  2365 #      1297591
  2366 #      1297711
  2367 #      1298041
  2368 #      1298371
  2369 #      1298701
  2370 #      1299001
  2371 #      1299391
  2372 #      1299811
  2373 #      1299931
  2374 #      1300021
  2375 #      1300081
  2376 #      1300171
  2377 #      1300621
  2378 #      1301071
  2379 #      1301521
  2380 #      1301971
  2381 #      1302511
  2382 #      1303081
  2383 #      1303201
  2384 #      1303501
  2385 #      1303801
  2386 #      1303921
  2387 #      1304251
  2388 #      1304581
  2389 #      1304911
  2390 #      1305211
  2391 #      1305391
  2392 #      1305601
  2393 #      1305691
  2394 #      1305991
  2395 #      1306321
  2396 #      1306411
  2397 #      1306711
  2398 #      1307011
  2399 #      1307311
  2400 #      1307641
  2401 #      1307731
  2402 #      1307791
  2403 #      1307911
  2404 #      1308091
  2405 #      1308271
  2406 #      1308361
  2407 #      1308901
  2408 #      1309441
  2409 #      1309981
  2410 #      1310551
  2411 #      1310731
  2412 #      1310911
  2413 #      1311031
  2414 #      1311361
  2415 #      1311661
  2416 #      1311751
  2417 #      1312291
  2418 #      1312831
  2419 #      1313371
  2420 #      1313941
  2421 #      1314121
  2422 #      1314301
  2423 #      1314391
  2424 #      1314931
  2425 #      1315501
  2426 #      1315591
  2427 #      1316131
  2428 #      1316671
  2429 #      1317211
  2430 #      1317781
  2431 #      1317991
  2432 #      1318201
  2433 #      1318291
  2434 #      1319341
  2435 #      1320391
  2436 #      1320511
  2437 #      1320721
  2438 #      1320931
  2439 #      1321141
  2440 #      1321321
  2441 #      1321831
  2442 #      1322341
  2443 #      1322431
  2444 #      1322731
  2445 #      1323031
  2446 #      1323121
  2447 #      1323181
  2448 #      1323241
  2449 #      1323301
  2450 #      1323391
  2451 #      1323961
  2452 #      1324531
===========================================================================================
 Transaction Overview
===========================================================================================

   TOTAL transactions :: (by type)
     SINGLE :  286 transactions
       INCR :  733 transactions
      INCR4 :  241 transactions
      INCR8 :  222 transactions
     INCR16 :  259 transactions
      WRAP4 :  225 transactions
      WRAP8 :  247 transactions
     WRAP16 :  239 transactions
      total : 2452 transactions
-------------------------------------------------------------------------------------------
   WRITE transactions :: (by type)
     SINGLE :  138 transactions
       INCR :  368 transactions
      INCR4 :  116 transactions
      INCR8 :  127 transactions
     INCR16 :  126 transactions
      WRAP4 :  120 transactions
      WRAP8 :  119 transactions
     WRAP16 :  117 transactions
      total : 1231 transactions
-------------------------------------------------------------------------------------------
   READ  transactions :: (by type)
     SINGLE :  148 transactions
       INCR :  365 transactions
      INCR4 :  125 transactions
      INCR8 :   95 transactions
     INCR16 :  133 transactions
      WRAP4 :  105 transactions
      WRAP8 :  128 transactions
     WRAP16 :  122 transactions
      total : 1221 transactions

===========================================================================================
   WRITE transactions :: (by size, type)
   1 byte wide burst
     SINGLE :   42 transactions
       INCR :  121 transactions
      INCR4 :   45 transactions
      INCR8 :   52 transactions
     INCR16 :   42 transactions
      WRAP4 :   38 transactions
      WRAP8 :   34 transactions
     WRAP16 :   35 transactions
      total :  409 transactions
-------------------------------------------------------------------------------------------
   2 byte wide burst
     SINGLE :   47 transactions
       INCR :  115 transactions
      INCR4 :   26 transactions
      INCR8 :   39 transactions
     INCR16 :   46 transactions
      WRAP4 :   47 transactions
      WRAP8 :   51 transactions
     WRAP16 :   43 transactions
      total :  414 transactions
-------------------------------------------------------------------------------------------
   4 byte wide burst
     SINGLE :   49 transactions
       INCR :  132 transactions
      INCR4 :   45 transactions
      INCR8 :   36 transactions
     INCR16 :   38 transactions
      WRAP4 :   35 transactions
      WRAP8 :   34 transactions
     WRAP16 :   39 transactions
      total :  408 transactions
-------------------------------------------------------------------------------------------
Total WRITE : 1231 transactions

===========================================================================================
   READ  transactions :: (by size, type)
   1 byte wide burst
     SINGLE :   39 transactions
       INCR :  116 transactions
      INCR4 :   38 transactions
      INCR8 :   34 transactions
     INCR16 :   36 transactions
      WRAP4 :   36 transactions
      WRAP8 :   49 transactions
     WRAP16 :   39 transactions
      total :  387 transactions
-------------------------------------------------------------------------------------------
   2 byte wide burst
     SINGLE :   46 transactions
       INCR :  106 transactions
      INCR4 :   46 transactions
      INCR8 :   32 transactions
     INCR16 :   37 transactions
      WRAP4 :   34 transactions
      WRAP8 :   45 transactions
     WRAP16 :   43 transactions
      total :  389 transactions
-------------------------------------------------------------------------------------------
   4 byte wide burst
     SINGLE :   63 transactions
       INCR :  143 transactions
      INCR4 :   41 transactions
      INCR8 :   29 transactions
     INCR16 :   60 transactions
      WRAP4 :   35 transactions
      WRAP8 :   34 transactions
     WRAP16 :   40 transactions
      total :  445 transactions
-------------------------------------------------------------------------------------------
Total READ  : 1221 transactions
===========================================================================================
