                    array2hash()
           compile_subroutines()
                         debug()
               display_Symbols()
                     elaborate()
                   elapsedtime()
                           get()
                       get_all()
           get_all_subroutines()
            get_FullModulePath()
                  get_lib_subs()
          get_ModuleSearchpath()
          get_ModulesInstalled()
                 get_Namespace()
               get_Subroutines()
                      get_subs()
                   get_Symbols()
               get_SymbolTable()
                   get_Version()
                        import()
                       inspect()
                   inspect_api()
                     intersect()
                 intersect_api()
                  list_modules()
                list_Namespace()
                      list_ref()
                  log2_hashref()
                  log_arrayref()
                   log_hashref()
                      maxwidth()
                           new()
                            qv()
                      run_time()
       sample_timingresolution()
                 set_postamble()
                       size_of()
                    subroutine()
                        t_info()
                     terminate()
                 unpack_string()
                        update()
                        import()
                            qv()
                      Readonly()
                         debug()
                        import()
                   ListModules()
                            qv()
                    subroutine()
                         debug()
            get_FullModulePath()
                 get_globtypes()
                 get_Namespace()
               get_Subroutines()
                   get_Symbols()
              get_typeglobslot()
                   get_Version()
          getListofSubroutines()
                   getSubNames()
            getSymbolTableHash()
             globslot_is_array()
              globslot_is_code()
              globslot_is_glob()
              globslot_is_hash()
            globslot_is_scalar()
                        import()
                    list_array()
                list_Namespace()
                   ListModules()
                       max_key()
                     max_value()
                      maxwidth()
                     Namespace()
                       padding()
                            qv()
                    subroutine()
                         debug()
               display_Symbols()
                       get_all()
          get_ModuleSearchpath()
          get_ModulesInstalled()
             get_ModuleVersion()
                 get_namespace()
               get_packagename()
                  get_Packages()
               get_SymbolTable()
            get_symboltableRef()
                        import()
                      list_ref()
          list_SymbolTableSlot()
       list_unifiedSymbolTable()
                   ListModules()
                      maxwidth()
                    on_defined()
                     on_exists()
                            qv()
                      Readonly()
                       size_of()
                    subroutine()
             unify_symboltable()
                 calc_run_time()
                         debug()
                   elapsedtime()
              evaluate_success()
                  gettimeofday()
                        import()
                          line()
                      list_ref()
                       message()
                    on_defined()
                     on_exists()
                            qv()
                      Readonly()
                      run_time()
                       runtime()
       sample_timingresolution()
                 set_postamble()
                     starttime()
                      stoptime()
                    subroutine()
                     terminate()
                    whitespace()
                        append()
                     bulldozer()
                    clone_file()
            create_environment()
                  create_files()
                  create_guard()
                         debug()
               debug_debugging()
                           get()
                 iterate_files()
                    list_array()
                     list_hash()
                     lowercase()
                      maxwidth()
                           new()
                       prepend()
                            qv()
                     read_utf8()
                    subroutine()
                       t_blank()
                        t_exit()
             t_function_header()
                        t_info()
                        t_list()
                        t_warn()
                     terminate()
                    write_utf8()
                   check_cline()
                       get_api()
                    get_config()
                    GetOptions()
                        import()
                     list_hash()
                    on_defined()
                     on_exists()
                   prune_cline()
                            qv()
                        t_list()
                        t_warn()
          checking_environment()
                  create_guard()
                         debug()
                     elaborate()
                           get()
                       get_api()
                    get_config()
                   get_options()
                      get_subs()
                        import()
                       inspect()
                   inspect_api()
                     list_hash()
                           new()
               prepare_cloning()
                            qv()
                    subroutine()
                       t_blank()
             t_function_header()
                        t_info()
                        t_list()
                        t_warn()
                     terminate()
                        update()
                         debug()
                  DebugControl()
                 DebugFeatures()
                        import()
                   ListModules()
                      maxwidth()
                            qv()
                    subroutine()
                _iterate_array()
                 _iterate_hash()
                 _peeking_glob()
                _printf_scalar()
                 _unknown_warn()
                         debug()
                        import()
             installed_modules()
                  list_modules()
                      list_ref()
                      maxwidth()
                    on_defined()
                     on_exists()
                            qv()
                      Readonly()
                       size_of()
                    subroutine()
                      aligning()
                        append()
                    clone_aref()
                   columnwidth()
                        import()
             installed_modules()
                     intersect()
                    list_array()
           list_module_version()
                  list_modules()
                    list_table()
                      maxwidth()
     modulename_from_namespace()
                  namespace_of()
                    on_defined()
                     on_exists()
                       prepend()
                    print_line()
                            qv()
                       size_of()
                     transpose()
                        unique()
                 unpack_string()
                    array2hash()
                         debug()
                determineWidth()
                        import()
                     list_hash()
           list_module_version()
                  list_modules()
                       max_key()
                     max_value()
                      maxwidth()
     modulename_from_namespace()
                  namespace_of()
                    on_defined()
                     on_exists()
                    prune_hash()
                            qv()
                       size_of()
                 SizeOfHashRef()
                    subroutine()
                        t_warn()
                    capitalize()
                         debug()
                        import()
                     lowercase()
                      maxwidth()
                    on_defined()
                     on_exists()
                            qv()
                       size_of()
                  sizeofstring()
                    subroutine()
                        t_warn()
                     uppercase()
              activity_message()
                      filename()
                        import()
                  log2_hashref()
                  log_activity()
                  log_arrayref()
                   log_hashref()
                      maxwidth()
                            qv()
                     read_utf8()
                        unique()
                    write_utf8()
                   append_utf8()
                        import()
                            qv()
                     read_utf8()
               read_utf8_slurp()
              read_utf8_string()
                    write_utf8()
                         BLINK()
                          BLUE()
                          BOLD()
                         GREEN()
                        import()
                       MAGENTA()
                      maxwidth()
                    on_defined()
                     on_exists()
                            qv()
                           RED()
                         RESET()
                       t_blank()
                      t_custom()
                        t_exit()
             t_function_header()
                        t_help()
                        t_info()
                        t_list()
                        t_note()
                        t_okay()
                       t_usage()
                        t_warn()
                        YELLOW()
