Revision history of the custom Perl namespace ~/ws/perl/lib/Application

# DATE          VERSION     Description
# ================================================================================================
# 05-24-2019                Created     perl/lib/Application/Constants.changes tracking said Namespace
#               v1.01.01    Add         perl/lib/Application/Constants.pm
# 05-31-2019    v1.01.02    Bugfix      Module not terminated propperly   
#                                       ----------------------------------------------------------------------------
#                                       End of module Application::Constances
#                                       1;
# 06-03-2019    v1.01.03    Bugfix      "Global"/shared constances must be declared with our NOT my
#                                       Readonly my  $FAIL  =>  1;      # Default setting, Success must be determinated
#                                       Readonly our $FAIL  =>  1;      # Default setting, Success must be determinated
# 2020-03-21    v2.01.01    Refactor    perl/lib/Application/Constants.changes
#                                       perl/lib/App/Const_change.log
#                           Refactor    perl/lib/Application/Constants.pm
#                                       perl/lib/App/Const.pm           # Shorten Namespace, manage hierachy 
#               v2.01.02    Refactor    use lib qw  (   ~/ws/perl/lib );    # Relative UserModulePath
#               v2.01.03    Add feature $TRUE
#                           Add feature $FALSE
# 2020-10-06    v2.01.04    Add feature $DONE   =>  1;
#                                       Readonly our $DONE  =>  1;      # Default setting, Success must be determinated

