 ================================================================================
 Tracefile : uvm_test_top.top_env_i.ahbfab_env_i.mvc_ahb_mon_8_env_i.logger_handle_ahb
 Script    : parse_ahb_tracker.pl 1.04.01
 Date      : 2018-09-22
 Time      :   17:23:56
 Cycle     :         40 ns
 Frequency :      25.00 MHz
 ================================================================================
             Transaction   :          1
             Burst Type    :     SINGLE

             Transaction   :          2
             Burst Type    :     SINGLE

             Transaction   :          3
             Burst Type    :     SINGLE

             Transaction   :          4
             Burst Type    :     SINGLE

             Transaction   :          5
             Burst Type    :     SINGLE

             Transaction   :          6
             Burst Type    :     SINGLE

             Transaction   :          7
             Burst Type    :     SINGLE

             Transaction   :          8
             Burst Type    :     SINGLE

             Transaction   :          9
             Burst Type    :     SINGLE

             Transaction   :         10
             Burst Type    :     SINGLE

             Transaction   :         11
             Burst Type    :     SINGLE

             Transaction   :         12
             Burst Type    :     SINGLE

             Transaction   :         13
             Burst Type    :     SINGLE

             Transaction   :         14
             Burst Type    :     SINGLE

             Transaction   :         15
             Burst Type    :     SINGLE

             Transaction   :         16
             Burst Type    :     SINGLE

             Transaction   :         17
             Burst Type    :     SINGLE

             Transaction   :         18
             Burst Type    :     SINGLE

             Transaction   :         19
             Burst Type    :     SINGLE

             Transaction   :         20
             Burst Type    :     SINGLE

             Transaction   :         21
             Burst Type    :     SINGLE

             Transaction   :         22
             Burst Type    :     SINGLE

             Transaction   :         23
             Burst Type    :     SINGLE

             Transaction   :         24
             Burst Type    :     SINGLE

             Transaction   :         25
             Burst Type    :     SINGLE

             Transaction   :         26
             Burst Type    :     SINGLE

             Transaction   :         27
             Burst Type    :     SINGLE

             Transaction   :         28
             Burst Type    :     SINGLE

             Transaction   :         29
             Burst Type    :     SINGLE

             Transaction   :         30
             Burst Type    :     SINGLE

             Transaction   :         31
             Burst Type    :     SINGLE

             Transaction   :         32
             Burst Type    :     SINGLE

             Transaction   :         33
             Burst Type    :     SINGLE

             Transaction   :         34
             Burst Type    :     SINGLE

             Transaction   :         35
             Burst Type    :     SINGLE

             Transaction   :         36
             Burst Type    :     SINGLE

             Transaction   :         37
             Burst Type    :     SINGLE

             Transaction   :         38
             Burst Type    :     SINGLE

             Transaction   :         39
             Burst Type    :     SINGLE

             Transaction   :         40
             Burst Type    :     SINGLE

             Transaction   :         41
             Burst Type    :     SINGLE

             Transaction   :         42
             Burst Type    :     SINGLE

             Transaction   :         43
             Burst Type    :     SINGLE

             Transaction   :         44
             Burst Type    :     SINGLE

             Transaction   :         45
             Burst Type    :     SINGLE

             Transaction   :         46
             Burst Type    :     SINGLE

             Transaction   :         47
             Burst Type    :     SINGLE

             Transaction   :         48
             Burst Type    :     SINGLE

             Transaction   :         49
             Burst Type    :     SINGLE

             Transaction   :         50
             Burst Type    :     SINGLE

             Transaction   :         51
             Burst Type    :     SINGLE

             Transaction   :         52
             Burst Type    :     SINGLE

             Transaction   :         53
             Burst Type    :     SINGLE

             Transaction   :         54
             Burst Type    :     SINGLE

             Transaction   :         55
             Burst Type    :     SINGLE

             Transaction   :         56
             Burst Type    :     SINGLE

             Transaction   :         57
             Burst Type    :     SINGLE

             Transaction   :         58
             Burst Type    :     SINGLE

             Transaction   :         59
             Burst Type    :     SINGLE

             Transaction   :         60
             Burst Type    :     SINGLE

             Transaction   :         61
             Burst Type    :     SINGLE

             Transaction   :         62
             Burst Type    :     SINGLE

             Transaction   :         63
             Burst Type    :     SINGLE

             Transaction   :         64
             Burst Type    :     SINGLE

             Transaction   :         65
             Burst Type    :     SINGLE

             Transaction   :         66
             Burst Type    :     SINGLE

             Transaction   :         67
             Burst Type    :     SINGLE

             Transaction   :         68
             Burst Type    :     SINGLE

             Transaction   :         69
             Burst Type    :     SINGLE

             Transaction   :         70
             Burst Type    :     SINGLE

             Transaction   :         71
             Burst Type    :     SINGLE

             Transaction   :         72
             Burst Type    :     SINGLE

             Transaction   :         73
             Burst Type    :     SINGLE

             Transaction   :         74
             Burst Type    :     SINGLE

             Transaction   :         75
             Burst Type    :     SINGLE

             Transaction   :         76
             Burst Type    :     SINGLE

             Transaction   :         77
             Burst Type    :     SINGLE

             Transaction   :         78
             Burst Type    :     SINGLE

             Transaction   :         79
             Burst Type    :     SINGLE

             Transaction   :         80
             Burst Type    :     SINGLE

             Transaction   :         81
             Burst Type    :     SINGLE

             Transaction   :         82
             Burst Type    :     SINGLE

             Transaction   :         83
             Burst Type    :     SINGLE

             Transaction   :         84
             Burst Type    :     SINGLE

             Transaction   :         85
             Burst Type    :     SINGLE

             Transaction   :         86
             Burst Type    :     SINGLE

             Transaction   :         87
             Burst Type    :     SINGLE

             Transaction   :         88
             Burst Type    :     SINGLE

             Transaction   :         89
             Burst Type    :     SINGLE

             Transaction   :         90
             Burst Type    :     SINGLE

             Transaction   :         91
             Burst Type    :     SINGLE

             Transaction   :         92
             Burst Type    :     SINGLE

             Transaction   :         93
             Burst Type    :     SINGLE

             Transaction   :         94
             Burst Type    :     SINGLE

             Transaction   :         95
             Burst Type    :     SINGLE

             Transaction   :         96
             Burst Type    :     SINGLE

             Transaction   :         97
             Burst Type    :     SINGLE

             Transaction   :         98
             Burst Type    :     SINGLE

             Transaction   :         99
             Burst Type    :     SINGLE

             Transaction   :        100
             Burst Type    :     SINGLE

             Transaction   :        101
             Burst Type    :     SINGLE

             Transaction   :        102
             Burst Type    :     SINGLE

             Transaction   :        103
             Burst Type    :     SINGLE

             Transaction   :        104
             Burst Type    :     SINGLE

             Transaction   :        105
             Burst Type    :     SINGLE

             Transaction   :        106
             Burst Type    :     SINGLE

             Transaction   :        107
             Burst Type    :     SINGLE

             Transaction   :        108
             Burst Type    :     SINGLE

             Transaction   :        109
             Burst Type    :     SINGLE

             Transaction   :        110
             Burst Type    :     SINGLE

             Transaction   :        111
             Burst Type    :     SINGLE

             Transaction   :        112
             Burst Type    :     SINGLE

             Transaction   :        113
             Burst Type    :     SINGLE

             Transaction   :        114
             Burst Type    :     SINGLE

             Transaction   :        115
             Burst Type    :     SINGLE

             Transaction   :        116
             Burst Type    :     SINGLE

             Transaction   :        117
             Burst Type    :     SINGLE

             Transaction   :        118
             Burst Type    :     SINGLE

             Transaction   :        119
             Burst Type    :     SINGLE

             Transaction   :        120
             Burst Type    :     SINGLE

             Transaction   :        121
             Burst Type    :     SINGLE

             Transaction   :        122
             Burst Type    :     SINGLE

             Transaction   :        123
             Burst Type    :     SINGLE

             Transaction   :        124
             Burst Type    :     SINGLE

             Transaction   :        125
             Burst Type    :     SINGLE

             Transaction   :        126
             Burst Type    :     SINGLE

             Transaction   :        127
             Burst Type    :     SINGLE

             Transaction   :        128
             Burst Type    :     SINGLE

             Transaction   :        129
             Burst Type    :     SINGLE

             Transaction   :        130
             Burst Type    :     SINGLE

             Transaction   :        131
             Burst Type    :     SINGLE

             Transaction   :        132
             Burst Type    :     SINGLE

             Transaction   :        133
             Burst Type    :     SINGLE

             Transaction   :        134
             Burst Type    :     SINGLE

             Transaction   :        135
             Burst Type    :     SINGLE

             Transaction   :        136
             Burst Type    :     SINGLE

             Transaction   :        137
             Burst Type    :     SINGLE

             Transaction   :        138
             Burst Type    :     SINGLE

             Transaction   :        139
             Burst Type    :     SINGLE

             Transaction   :        140
             Burst Type    :     SINGLE

             Transaction   :        141
             Burst Type    :     SINGLE

             Transaction   :        142
             Burst Type    :     SINGLE

             Transaction   :        143
             Burst Type    :     SINGLE

             Transaction   :        144
             Burst Type    :     SINGLE

             Transaction   :        145
             Burst Type    :     SINGLE

             Transaction   :        146
             Burst Type    :     SINGLE

             Transaction   :        147
             Burst Type    :     SINGLE

             Transaction   :        148
             Burst Type    :     SINGLE

             Transaction   :        149
             Burst Type    :     SINGLE

             Transaction   :        150
             Burst Type    :     SINGLE

             Transaction   :        151
             Burst Type    :     SINGLE

             Transaction   :        152
             Burst Type    :     SINGLE

             Transaction   :        153
             Burst Type    :     SINGLE

             Transaction   :        154
             Burst Type    :     SINGLE

             Transaction   :        155
             Burst Type    :     SINGLE

             Transaction   :        156
             Burst Type    :     SINGLE

             Transaction   :        157
             Burst Type    :     SINGLE

             Transaction   :        158
             Burst Type    :     SINGLE

             Transaction   :        159
             Burst Type    :     SINGLE

             Transaction   :        160
             Burst Type    :     SINGLE

             Transaction   :        161
             Burst Type    :     SINGLE

             Transaction   :        162
             Burst Type    :     SINGLE

             Transaction   :        163
             Burst Type    :     SINGLE

             Transaction   :        164
             Burst Type    :     SINGLE

             Transaction   :        165
             Burst Type    :     SINGLE

             Transaction   :        166
             Burst Type    :     SINGLE

             Transaction   :        167
             Burst Type    :     SINGLE

             Transaction   :        168
             Burst Type    :     SINGLE

             Transaction   :        169
             Burst Type    :     SINGLE

             Transaction   :        170
             Burst Type    :     SINGLE

             Transaction   :        171
             Burst Type    :     SINGLE

             Transaction   :        172
             Burst Type    :     SINGLE

             Transaction   :        173
             Burst Type    :     SINGLE

             Transaction   :        174
             Burst Type    :     SINGLE

             Transaction   :        175
             Burst Type    :     SINGLE

             Transaction   :        176
             Burst Type    :     SINGLE

             Transaction   :        177
             Burst Type    :     SINGLE

             Transaction   :        178
             Burst Type    :     SINGLE

             Transaction   :        179
             Burst Type    :     SINGLE

             Transaction   :        180
             Burst Type    :     SINGLE

             Transaction   :        181
             Burst Type    :     SINGLE

             Transaction   :        182
             Burst Type    :     SINGLE

             Transaction   :        183
             Burst Type    :     SINGLE

             Transaction   :        184
             Burst Type    :     SINGLE

             Transaction   :        185
             Burst Type    :     SINGLE

             Transaction   :        186
             Burst Type    :     SINGLE

             Transaction   :        187
             Burst Type    :     SINGLE

             Transaction   :        188
             Burst Type    :     SINGLE

             Transaction   :        189
             Burst Type    :     SINGLE

             Transaction   :        190
             Burst Type    :     SINGLE

             Transaction   :        191
             Burst Type    :     SINGLE

             Transaction   :        192
             Burst Type    :     SINGLE

             Transaction   :        193
             Burst Type    :     SINGLE

             Transaction   :        194
             Burst Type    :     SINGLE

             Transaction   :        195
             Burst Type    :     SINGLE

             Transaction   :        196
             Burst Type    :     SINGLE

             Transaction   :        197
             Burst Type    :     SINGLE

             Transaction   :        198
             Burst Type    :     SINGLE

             Transaction   :        199
             Burst Type    :     SINGLE

             Transaction   :        200
             Burst Type    :     SINGLE

             Transaction   :        201
             Burst Type    :     SINGLE

             Transaction   :        202
             Burst Type    :     SINGLE

             Transaction   :        203
             Burst Type    :     SINGLE

             Transaction   :        204
             Burst Type    :     SINGLE

             Transaction   :        205
             Burst Type    :     SINGLE

             Transaction   :        206
             Burst Type    :     SINGLE

             Transaction   :        207
             Burst Type    :     SINGLE

             Transaction   :        208
             Burst Type    :     SINGLE

             Transaction   :        209
             Burst Type    :     SINGLE

             Transaction   :        210
             Burst Type    :     SINGLE

             Transaction   :        211
             Burst Type    :     SINGLE

             Transaction   :        212
             Burst Type    :     SINGLE

             Transaction   :        213
             Burst Type    :     SINGLE

             Transaction   :        214
             Burst Type    :     SINGLE

             Transaction   :        215
             Burst Type    :     SINGLE

             Transaction   :        216
             Burst Type    :     SINGLE

             Transaction   :        217
             Burst Type    :     SINGLE

             Transaction   :        218
             Burst Type    :     SINGLE

             Transaction   :        219
             Burst Type    :     SINGLE

             Transaction   :        220
             Burst Type    :     SINGLE

             Transaction   :        221
             Burst Type    :     SINGLE

             Transaction   :        222
             Burst Type    :     SINGLE

             Transaction   :        223
             Burst Type    :     SINGLE

             Transaction   :        224
             Burst Type    :     SINGLE

             Transaction   :        225
             Burst Type    :     SINGLE

             Transaction   :        226
             Burst Type    :     SINGLE

             Transaction   :        227
             Burst Type    :     SINGLE

             Transaction   :        228
             Burst Type    :     SINGLE

             Transaction   :        229
             Burst Type    :     SINGLE

             Transaction   :        230
             Burst Type    :     SINGLE

             Transaction   :        231
             Burst Type    :     SINGLE

             Transaction   :        232
             Burst Type    :     SINGLE

             Transaction   :        233
             Burst Type    :     SINGLE

             Transaction   :        234
             Burst Type    :     SINGLE

             Transaction   :        235
             Burst Type    :     SINGLE

             Transaction   :        236
             Burst Type    :     SINGLE

             Transaction   :        237
             Burst Type    :     SINGLE

             Transaction   :        238
             Burst Type    :     SINGLE

             Transaction   :        239
             Burst Type    :     SINGLE

             Transaction   :        240
             Burst Type    :     SINGLE

             Transaction   :        241
             Burst Type    :     SINGLE

             Transaction   :        242
             Burst Type    :     SINGLE

             Transaction   :        243
             Burst Type    :     SINGLE

             Transaction   :        244
             Burst Type    :     SINGLE

             Transaction   :        245
             Burst Type    :     SINGLE

             Transaction   :        246
             Burst Type    :     SINGLE

             Transaction   :        247
             Burst Type    :     SINGLE

             Transaction   :        248
             Burst Type    :     SINGLE

             Transaction   :        249
             Burst Type    :     SINGLE

             Transaction   :        250
             Burst Type    :     SINGLE

             Transaction   :        251
             Burst Type    :     SINGLE

             Transaction   :        252
             Burst Type    :     SINGLE

             Transaction   :        253
             Burst Type    :     SINGLE

             Transaction   :        254
             Burst Type    :     SINGLE

             Transaction   :        255
             Burst Type    :     SINGLE

             Transaction   :        256
             Burst Type    :     SINGLE

             Transaction   :        257
             Burst Type    :     SINGLE

             Transaction   :        258
             Burst Type    :     SINGLE

             Transaction   :        259
             Burst Type    :     SINGLE

             Transaction   :        260
             Burst Type    :     SINGLE

             Transaction   :        261
             Burst Type    :     SINGLE

             Transaction   :        262
             Burst Type    :     SINGLE

             Transaction   :        263
             Burst Type    :     SINGLE

             Transaction   :        264
             Burst Type    :     SINGLE

             Transaction   :        265
             Burst Type    :     SINGLE

             Transaction   :        266
             Burst Type    :     SINGLE

             Transaction   :        267
             Burst Type    :     SINGLE

             Transaction   :        268
             Burst Type    :     SINGLE

             Transaction   :        269
             Burst Type    :     SINGLE

             Transaction   :        270
             Burst Type    :     SINGLE

             Transaction   :        271
             Burst Type    :     SINGLE

             Transaction   :        272
             Burst Type    :     SINGLE

             Transaction   :        273
             Burst Type    :     SINGLE

             Transaction   :        274
             Burst Type    :     SINGLE

             Transaction   :        275
             Burst Type    :     SINGLE

             Transaction   :        276
             Burst Type    :     SINGLE

             Transaction   :        277
             Burst Type    :     SINGLE

             Transaction   :        278
             Burst Type    :     SINGLE

             Transaction   :        279
             Burst Type    :     SINGLE

             Transaction   :        280
             Burst Type    :     SINGLE

             Transaction   :        281
             Burst Type    :     SINGLE

             Transaction   :        282
             Burst Type    :     SINGLE

             Transaction   :        283
             Burst Type    :     SINGLE

             Transaction   :        284
             Burst Type    :     SINGLE

             Transaction   :        285
             Burst Type    :     SINGLE

             Transaction   :        286
             Burst Type    :     SINGLE

             Transaction   :        287
             Burst Type    :     SINGLE

             Transaction   :        288
             Burst Type    :     SINGLE

             Transaction   :        289
             Burst Type    :     SINGLE

             Transaction   :        290
             Burst Type    :     SINGLE

             Transaction   :        291
             Burst Type    :     SINGLE

             Transaction   :        292
             Burst Type    :     SINGLE

             Transaction   :        293
             Burst Type    :     SINGLE

             Transaction   :        294
             Burst Type    :     SINGLE

             Transaction   :        295
             Burst Type    :     SINGLE

             Transaction   :        296
             Burst Type    :     SINGLE

             Transaction   :        297
             Burst Type    :     SINGLE

             Transaction   :        298
             Burst Type    :     SINGLE

             Transaction   :        299
             Burst Type    :     SINGLE

             Transaction   :        300
             Burst Type    :     SINGLE

             Transaction   :        301
             Burst Type    :     SINGLE

             Transaction   :        302
             Burst Type    :     SINGLE

             Transaction   :        303
             Burst Type    :     SINGLE

             Transaction   :        304
             Burst Type    :     SINGLE

             Transaction   :        305
             Burst Type    :     SINGLE

             Transaction   :        306
             Burst Type    :     SINGLE

             Transaction   :        307
             Burst Type    :     SINGLE

             Transaction   :        308
             Burst Type    :     SINGLE

             Transaction   :        309
             Burst Type    :     SINGLE

             Transaction   :        310
             Burst Type    :     SINGLE

             Transaction   :        311
             Burst Type    :     SINGLE

             Transaction   :        312
             Burst Type    :     SINGLE

             Transaction   :        313
             Burst Type    :     SINGLE

             Transaction   :        314
             Burst Type    :     SINGLE

             Transaction   :        315
             Burst Type    :     SINGLE

             Transaction   :        316
             Burst Type    :     SINGLE

             Transaction   :        317
             Burst Type    :     SINGLE

             Transaction   :        318
             Burst Type    :     SINGLE

             Transaction   :        319
             Burst Type    :     SINGLE

             Transaction   :        320
             Burst Type    :     SINGLE

             Transaction   :        321
             Burst Type    :     SINGLE

             Transaction   :        322
             Burst Type    :     SINGLE

             Transaction   :        323
             Burst Type    :     SINGLE

             Transaction   :        324
             Burst Type    :     SINGLE

             Transaction   :        325
             Burst Type    :     SINGLE

             Transaction   :        326
             Burst Type    :     SINGLE

             Transaction   :        327
             Burst Type    :     SINGLE

             Transaction   :        328
             Burst Type    :     SINGLE

             Transaction   :        329
             Burst Type    :     SINGLE

             Transaction   :        330
             Burst Type    :     SINGLE

             Transaction   :        331
             Burst Type    :     SINGLE

             Transaction   :        332
             Burst Type    :     SINGLE

             Transaction   :        333
             Burst Type    :     SINGLE

             Transaction   :        334
             Burst Type    :     SINGLE

             Transaction   :        335
             Burst Type    :     SINGLE

             Transaction   :        336
             Burst Type    :     SINGLE

             Transaction   :        337
             Burst Type    :     SINGLE

             Transaction   :        338
             Burst Type    :     SINGLE

             Transaction   :        339
             Burst Type    :     SINGLE

             Transaction   :        340
             Burst Type    :     SINGLE

             Transaction   :        341
             Burst Type    :     SINGLE

             Transaction   :        342
             Burst Type    :     SINGLE

             Transaction   :        343
             Burst Type    :     SINGLE

             Transaction   :        344
             Burst Type    :     SINGLE

             Transaction   :        345
             Burst Type    :     SINGLE

             Transaction   :        346
             Burst Type    :     SINGLE

             Transaction   :        347
             Burst Type    :     SINGLE

             Transaction   :        348
             Burst Type    :     SINGLE

             Transaction   :        349
             Burst Type    :     SINGLE

             Transaction   :        350
             Burst Type    :     SINGLE

             Transaction   :        351
             Burst Type    :     SINGLE

             Transaction   :        352
             Burst Type    :     SINGLE

             Transaction   :        353
             Burst Type    :     SINGLE

             Transaction   :        354
             Burst Type    :     SINGLE

             Transaction   :        355
             Burst Type    :     SINGLE

             Transaction   :        356
             Burst Type    :     SINGLE

             Transaction   :        357
             Burst Type    :     SINGLE

             Transaction   :        358
             Burst Type    :     SINGLE

             Transaction   :        359
             Burst Type    :     SINGLE

             Transaction   :        360
             Burst Type    :     SINGLE

             Transaction   :        361
             Burst Type    :     SINGLE

             Transaction   :        362
             Burst Type    :     SINGLE

             Transaction   :        363
             Burst Type    :     SINGLE

             Transaction   :        364
             Burst Type    :     SINGLE

             Transaction   :        365
             Burst Type    :     SINGLE

             Transaction   :        366
             Burst Type    :     SINGLE

             Transaction   :        367
             Burst Type    :     SINGLE

             Transaction   :        368
             Burst Type    :     SINGLE

             Transaction   :        369
             Burst Type    :     SINGLE

             Transaction   :        370
             Burst Type    :     SINGLE

             Transaction   :        371
             Burst Type    :     SINGLE

             Transaction   :        372
             Burst Type    :     SINGLE

             Transaction   :        373
             Burst Type    :     SINGLE

             Transaction   :        374
             Burst Type    :     SINGLE

             Transaction   :        375
             Burst Type    :     SINGLE

             Transaction   :        376
             Burst Type    :     SINGLE

             Transaction   :        377
             Burst Type    :     SINGLE

             Transaction   :        378
             Burst Type    :     SINGLE

             Transaction   :        379
             Burst Type    :     SINGLE

             Transaction   :        380
             Burst Type    :     SINGLE

             Transaction   :        381
             Burst Type    :     SINGLE

             Transaction   :        382
             Burst Type    :     SINGLE

             Transaction   :        383
             Burst Type    :     SINGLE

             Transaction   :        384
             Burst Type    :     SINGLE

             Transaction   :        385
             Burst Type    :     SINGLE

             Transaction   :        386
             Burst Type    :     SINGLE

             Transaction   :        387
             Burst Type    :     SINGLE

             Transaction   :        388
             Burst Type    :     SINGLE

             Transaction   :        389
             Burst Type    :     SINGLE

             Transaction   :        390
             Burst Type    :     SINGLE

             Transaction   :        391
             Burst Type    :     SINGLE

             Transaction   :        392
             Burst Type    :     SINGLE

             Transaction   :        393
             Burst Type    :     SINGLE

             Transaction   :        394
             Burst Type    :     SINGLE

             Transaction   :        395
             Burst Type    :     SINGLE

             Transaction   :        396
             Burst Type    :     SINGLE

             Transaction   :        397
             Burst Type    :     SINGLE

             Transaction   :        398
             Burst Type    :     SINGLE

             Transaction   :        399
             Burst Type    :     SINGLE

             Transaction   :        400
             Burst Type    :     SINGLE

             Transaction   :        401
             Burst Type    :     SINGLE

             Transaction   :        402
             Burst Type    :     SINGLE

             Transaction   :        403
             Burst Type    :     SINGLE

             Transaction   :        404
             Burst Type    :     SINGLE

             Transaction   :        405
             Burst Type    :     SINGLE

             Transaction   :        406
             Burst Type    :     SINGLE

             Transaction   :        407
             Burst Type    :     SINGLE

             Transaction   :        408
             Burst Type    :     SINGLE

             Transaction   :        409
             Burst Type    :     SINGLE

             Transaction   :        410
             Burst Type    :     SINGLE

             Transaction   :        411
             Burst Type    :     SINGLE

             Transaction   :        412
             Burst Type    :     SINGLE

             Transaction   :        413
             Burst Type    :     SINGLE

             Transaction   :        414
             Burst Type    :     SINGLE

             Transaction   :        415
             Burst Type    :     SINGLE

             Transaction   :        416
             Burst Type    :     SINGLE

             Transaction   :        417
             Burst Type    :     SINGLE

             Transaction   :        418
             Burst Type    :     SINGLE

             Transaction   :        419
             Burst Type    :     SINGLE

             Transaction   :        420
             Burst Type    :     SINGLE

             Transaction   :        421
             Burst Type    :     SINGLE

             Transaction   :        422
             Burst Type    :     SINGLE

             Transaction   :        423
             Burst Type    :     SINGLE

             Transaction   :        424
             Burst Type    :     SINGLE

             Transaction   :        425
             Burst Type    :     SINGLE

             Transaction   :        426
             Burst Type    :     SINGLE

             Transaction   :        427
             Burst Type    :     SINGLE

             Transaction   :        428
             Burst Type    :     SINGLE

             Transaction   :        429
             Burst Type    :     SINGLE

             Transaction   :        430
             Burst Type    :     SINGLE

             Transaction   :        431
             Burst Type    :     SINGLE

             Transaction   :        432
             Burst Type    :     SINGLE

             Transaction   :        433
             Burst Type    :     SINGLE

             Transaction   :        434
             Burst Type    :     SINGLE

             Transaction   :        435
             Burst Type    :     SINGLE

             Transaction   :        436
             Burst Type    :     SINGLE

             Transaction   :        437
             Burst Type    :     SINGLE

             Transaction   :        438
             Burst Type    :     SINGLE

             Transaction   :        439
             Burst Type    :     SINGLE

             Transaction   :        440
             Burst Type    :     SINGLE

